Change Component Designator: Old Designator=C41 New Designator=C40
Change Component Designator: Old Designator=C42 New Designator=C41
Change Component Designator: Old Designator=C43 New Designator=C44
Change Component Designator: Old Designator=C44 New Designator=C45
Change Component Designator: Old Designator=C45 New Designator=C46
Change Component Designator: Old Designator=C46 New Designator=C47
Change Component Designator: Old Designator=C47 New Designator=C48
Change Component Designator: Old Designator=C48 New Designator=C49
Change Component Designator: Old Designator=C49 New Designator=C50
Change Component Designator: Old Designator=C50 New Designator=C51
Change Component Designator: Old Designator=C51 New Designator=C52
Change Component Designator: Old Designator=C52 New Designator=C53
Change Component Designator: Old Designator=C53 New Designator=C54
Change Component Designator: Old Designator=C54 New Designator=C55
Change Component Designator: Old Designator=C55 New Designator=C56
Change Component Designator: Old Designator=C56 New Designator=C57
Change Component Designator: Old Designator=C57 New Designator=C58
Change Component Designator: Old Designator=C58 New Designator=C59
Change Component Designator: Old Designator=C59 New Designator=C60
Change Component Designator: Old Designator=C60 New Designator=C61
Change Component Designator: Old Designator=C61 New Designator=C62
Change Component Designator: Old Designator=C117 New Designator=C42
Change Component Designator: Old Designator=C118 New Designator=C43
Change Component Designator: Old Designator=D31 New Designator=D32
Change Component Designator: Old Designator=D32 New Designator=D33
Change Component Designator: Old Designator=D33 New Designator=D34
Change Component Designator: Old Designator=D34 New Designator=D35
Change Component Designator: Old Designator=D35 New Designator=D36
Change Component Designator: Old Designator=D36 New Designator=D37
Change Component Designator: Old Designator=D37 New Designator=D38
Change Component Designator: Old Designator=D38 New Designator=D39
Change Component Designator: Old Designator=D39 New Designator=D40
Change Component Designator: Old Designator=D40 New Designator=D41
Change Component Designator: Old Designator=D41 New Designator=D42
Change Component Designator: Old Designator=D42 New Designator=D43
Change Component Designator: Old Designator=D43 New Designator=D44
Change Component Designator: Old Designator=D44 New Designator=D45
Change Component Designator: Old Designator=L10 New Designator=L1
Change Component Designator: Old Designator=R33 New Designator=R31
Change Component Designator: Old Designator=R34 New Designator=R32
Change Component Designator: Old Designator=R35 New Designator=R33
Change Component Designator: Old Designator=R37 New Designator=R35
Change Component Designator: Old Designator=R38 New Designator=R36
Change Component Designator: Old Designator=R39 New Designator=R37
Change Component Designator: Old Designator=R40 New Designator=R38
Change Component Designator: Old Designator=R41 New Designator=R39
Change Component Designator: Old Designator=R42 New Designator=R40
Change Component Designator: Old Designator=R43 New Designator=R41
Change Component Designator: Old Designator=R45 New Designator=R42
Change Component Designator: Old Designator=R46 New Designator=R43
Change Component Designator: Old Designator=R47 New Designator=R44
Change Component Designator: Old Designator=R48 New Designator=R45
Change Component Designator: Old Designator=R49 New Designator=R46
Change Component Designator: Old Designator=R50 New Designator=R47
Change Component Designator: Old Designator=R51 New Designator=R48
Change Component Designator: Old Designator=R53 New Designator=R49
Change Component Designator: Old Designator=R54 New Designator=R50
Change Component Designator: Old Designator=R55 New Designator=R51
Change Component Designator: Old Designator=R56 New Designator=R52
Change Component Designator: Old Designator=U9 New Designator=U11
Change Component Designator: Old Designator=U10 New Designator=U12
Change Component Designator: Old Designator=U11 New Designator=U13
Change Component Designator: Old Designator=U12 New Designator=U14
Change Component Designator: Old Designator=U13 New Designator=U15
Change Component Designator: Old Designator=U14 New Designator=U16
