Change Component Designator: Old Designator=C51 New Designator=C42
Change Component Designator: Old Designator=C51 New Designator=C43
Change Component Designator: Old Designator=C51 New Designator=C44
Change Component Designator: Old Designator=C51 New Designator=C49
Change Component Designator: Old Designator=C51 New Designator=C50
Change Component Designator: Old Designator=C51 New Designator=C56
Change Component Designator: Old Designator=C51 New Designator=C57
Change Component Designator: Old Designator=C51 New Designator=C58
Change Component Designator: Old Designator=C59 New Designator=C41
Change Component Designator: Old Designator=C59 New Designator=C45
Change Component Designator: Old Designator=C59 New Designator=C46
Change Component Designator: Old Designator=C59 New Designator=C48
Change Component Designator: Old Designator=C59 New Designator=C52
Change Component Designator: Old Designator=C59 New Designator=C53
Change Component Designator: Old Designator=C59 New Designator=C55
Change Component Designator: Old Designator=C59 New Designator=C60
Change Component Designator: Old Designator=C? New Designator=C47
Change Component Designator: Old Designator=C? New Designator=C54
Change Component Designator: Old Designator=C? New Designator=C61
Change Component Designator: Old Designator=D1 New Designator=D27
Change Component Designator: Old Designator=D1 New Designator=D28
Change Component Designator: Old Designator=D1 New Designator=D31
Change Component Designator: Old Designator=D1 New Designator=D33
Change Component Designator: Old Designator=D1 New Designator=D34
Change Component Designator: Old Designator=D1 New Designator=D37
Change Component Designator: Old Designator=D1 New Designator=D39
Change Component Designator: Old Designator=D1 New Designator=D40
Change Component Designator: Old Designator=D1 New Designator=D43
Change Component Designator: Old Designator=D19 New Designator=D32
Change Component Designator: Old Designator=D19 New Designator=D38
Change Component Designator: Old Designator=D19 New Designator=D44
Change Component Designator: Old Designator=D? New Designator=D29
Change Component Designator: Old Designator=D? New Designator=D30
Change Component Designator: Old Designator=D? New Designator=D35
Change Component Designator: Old Designator=D? New Designator=D36
Change Component Designator: Old Designator=D? New Designator=D41
Change Component Designator: Old Designator=D? New Designator=D42
Change Component Designator: Old Designator=R11 New Designator=R33
Change Component Designator: Old Designator=R11 New Designator=R34
Change Component Designator: Old Designator=R11 New Designator=R36
Change Component Designator: Old Designator=R11 New Designator=R37
Change Component Designator: Old Designator=R11 New Designator=R39
Change Component Designator: Old Designator=R11 New Designator=R40
Change Component Designator: Old Designator=R11 New Designator=R41
Change Component Designator: Old Designator=R11 New Designator=R42
Change Component Designator: Old Designator=R11 New Designator=R44
Change Component Designator: Old Designator=R11 New Designator=R45
Change Component Designator: Old Designator=R11 New Designator=R47
Change Component Designator: Old Designator=R11 New Designator=R48
Change Component Designator: Old Designator=R11 New Designator=R49
Change Component Designator: Old Designator=R11 New Designator=R50
Change Component Designator: Old Designator=R11 New Designator=R52
Change Component Designator: Old Designator=R11 New Designator=R53
Change Component Designator: Old Designator=R11 New Designator=R55
Change Component Designator: Old Designator=R11 New Designator=R56
Change Component Designator: Old Designator=R? New Designator=R35
Change Component Designator: Old Designator=R? New Designator=R38
Change Component Designator: Old Designator=R? New Designator=R43
Change Component Designator: Old Designator=R? New Designator=R46
Change Component Designator: Old Designator=R? New Designator=R51
Change Component Designator: Old Designator=R? New Designator=R54
Change Component Designator: Old Designator=U1 New Designator=U9
Change Component Designator: Old Designator=U1 New Designator=U11
Change Component Designator: Old Designator=U1 New Designator=U13
Change Component Designator: Old Designator=U27 New Designator=U10
Change Component Designator: Old Designator=U27 New Designator=U12
Change Component Designator: Old Designator=U27 New Designator=U14
Change Component Designator: Old Designator=XS20 New Designator=XS1
