Change Component Designator: Old Designator=C2 New Designator=C6
Change Component Designator: Old Designator=C2 New Designator=C7
Change Component Designator: Old Designator=C2 New Designator=C9
Change Component Designator: Old Designator=C2 New Designator=C10
Change Component Designator: Old Designator=C2 New Designator=C17
Change Component Designator: Old Designator=C2 New Designator=C18
Change Component Designator: Old Designator=C5 New Designator=C3
Change Component Designator: Old Designator=C5 New Designator=C8
Change Component Designator: Old Designator=C5 New Designator=C15
Change Component Designator: Old Designator=C5 New Designator=C16
Change Component Designator: Old Designator=C7 New Designator=C4
Change Component Designator: Old Designator=C8 New Designator=C11
Change Component Designator: Old Designator=C9 New Designator=C12
Change Component Designator: Old Designator=C14 New Designator=C13
Change Component Designator: Old Designator=C15 New Designator=C14
Change Component Designator: Old Designator=C20 New Designator=C19
Change Component Designator: Old Designator=C21 New Designator=C20
Change Component Designator: Old Designator=C22 New Designator=C21
Change Component Designator: Old Designator=C23 New Designator=C22
Change Component Designator: Old Designator=C24 New Designator=C23
Change Component Designator: Old Designator=C25 New Designator=C24
Change Component Designator: Old Designator=C26 New Designator=C25
Change Component Designator: Old Designator=C27 New Designator=C26
Change Component Designator: Old Designator=C28 New Designator=C27
Change Component Designator: Old Designator=C29 New Designator=C28
Change Component Designator: Old Designator=C30 New Designator=C29
Change Component Designator: Old Designator=C31 New Designator=C30
Change Component Designator: Old Designator=C32 New Designator=C31
Change Component Designator: Old Designator=C33 New Designator=C32
Change Component Designator: Old Designator=C34 New Designator=C33
Change Component Designator: Old Designator=C35 New Designator=C34
Change Component Designator: Old Designator=C36 New Designator=C35
Change Component Designator: Old Designator=C37 New Designator=C36
Change Component Designator: Old Designator=C38 New Designator=C37
Change Component Designator: Old Designator=C39 New Designator=C38
Change Component Designator: Old Designator=C40 New Designator=C39
Change Component Designator: Old Designator=D5 New Designator=D6
Change Component Designator: Old Designator=D5 New Designator=D8
Change Component Designator: Old Designator=D6 New Designator=D7
Change Component Designator: Old Designator=D7 New Designator=D9
Change Component Designator: Old Designator=D8 New Designator=D10
Change Component Designator: Old Designator=D9 New Designator=D11
Change Component Designator: Old Designator=D10 New Designator=D12
Change Component Designator: Old Designator=D11 New Designator=D13
Change Component Designator: Old Designator=D12 New Designator=D14
Change Component Designator: Old Designator=D13 New Designator=D15
Change Component Designator: Old Designator=D14 New Designator=D16
Change Component Designator: Old Designator=D15 New Designator=D17
Change Component Designator: Old Designator=D16 New Designator=D18
Change Component Designator: Old Designator=D17 New Designator=D19
Change Component Designator: Old Designator=R3 New Designator=R4
Change Component Designator: Old Designator=R8 New Designator=R3
Change Component Designator: Old Designator=R8 New Designator=R9
Change Component Designator: Old Designator=R9 New Designator=R10
Change Component Designator: Old Designator=R10 New Designator=R11
Change Component Designator: Old Designator=R11 New Designator=R12
Change Component Designator: Old Designator=R22 New Designator=R21
Change Component Designator: Old Designator=R23 New Designator=R22
Change Component Designator: Old Designator=R24 New Designator=R23
Change Component Designator: Old Designator=R25 New Designator=R24
Change Component Designator: Old Designator=R26 New Designator=R25
Change Component Designator: Old Designator=R27 New Designator=R26
Change Component Designator: Old Designator=R29 New Designator=R27
Change Component Designator: Old Designator=R30 New Designator=R28
Change Component Designator: Old Designator=R31 New Designator=R29
Change Component Designator: Old Designator=R32 New Designator=R30
Change Component Designator: Old Designator=U2 New Designator=U3
Change Component Designator: Old Designator=U3 New Designator=U5
Change Component Designator: Old Designator=U4 New Designator=U6
Change Component Designator: Old Designator=U5 New Designator=U7
Change Component Designator: Old Designator=U6 New Designator=U8
Change Component Designator: Old Designator=U7 New Designator=U9
Change Component Designator: Old Designator=U8 New Designator=U10
Change Component Designator: Old Designator=U? New Designator=U2
Change Component Designator: Old Designator=U? New Designator=U4
