Change Component Designator: Old Designator=C51 New Designator=C2
Change Component Designator: Old Designator=C51 New Designator=C7
Change Component Designator: Old Designator=C51 New Designator=C8
Change Component Designator: Old Designator=C51 New Designator=C21
Change Component Designator: Old Designator=C51 New Designator=C22
Change Component Designator: Old Designator=C51 New Designator=C23
Change Component Designator: Old Designator=C51 New Designator=C27
Change Component Designator: Old Designator=C51 New Designator=C29
Change Component Designator: Old Designator=C51 New Designator=C30
Change Component Designator: Old Designator=C51 New Designator=C33
Change Component Designator: Old Designator=C51 New Designator=C36
Change Component Designator: Old Designator=C51 New Designator=C37
Change Component Designator: Old Designator=C59 New Designator=C1
Change Component Designator: Old Designator=C59 New Designator=C9
Change Component Designator: Old Designator=C59 New Designator=C14
Change Component Designator: Old Designator=C59 New Designator=C20
Change Component Designator: Old Designator=C59 New Designator=C24
Change Component Designator: Old Designator=C59 New Designator=C25
Change Component Designator: Old Designator=C59 New Designator=C26
Change Component Designator: Old Designator=C59 New Designator=C31
Change Component Designator: Old Designator=C59 New Designator=C32
Change Component Designator: Old Designator=C59 New Designator=C34
Change Component Designator: Old Designator=C59 New Designator=C38
Change Component Designator: Old Designator=C59 New Designator=C39
Change Component Designator: Old Designator=C102 New Designator=C3
Change Component Designator: Old Designator=C102 New Designator=C10
Change Component Designator: Old Designator=C102 New Designator=C16
Change Component Designator: Old Designator=C103 New Designator=C5
Change Component Designator: Old Designator=C103 New Designator=C12
Change Component Designator: Old Designator=C103 New Designator=C18
Change Component Designator: Old Designator=C104 New Designator=C4
Change Component Designator: Old Designator=C104 New Designator=C11
Change Component Designator: Old Designator=C104 New Designator=C17
Change Component Designator: Old Designator=C105 New Designator=C6
Change Component Designator: Old Designator=C105 New Designator=C13
Change Component Designator: Old Designator=C105 New Designator=C19
Change Component Designator: Old Designator=C? New Designator=C15
Change Component Designator: Old Designator=C? New Designator=C28
Change Component Designator: Old Designator=C? New Designator=C35
Change Component Designator: Old Designator=C? New Designator=C40
Change Component Designator: Old Designator=D1 New Designator=D2
Change Component Designator: Old Designator=D1 New Designator=D5
Change Component Designator: Old Designator=D1 New Designator=D7
Change Component Designator: Old Designator=D1 New Designator=D8
Change Component Designator: Old Designator=D1 New Designator=D11
Change Component Designator: Old Designator=D1 New Designator=D12
Change Component Designator: Old Designator=D1 New Designator=D13
Change Component Designator: Old Designator=D1 New Designator=D17
Change Component Designator: Old Designator=D1 New Designator=D20
Change Component Designator: Old Designator=D1 New Designator=D21
Change Component Designator: Old Designator=D1 New Designator=D25
Change Component Designator: Old Designator=D19 New Designator=D6
Change Component Designator: Old Designator=D19 New Designator=D14
Change Component Designator: Old Designator=D19 New Designator=D24
Change Component Designator: Old Designator=D19 New Designator=D26
Change Component Designator: Old Designator=D? New Designator=D3
Change Component Designator: Old Designator=D? New Designator=D4
Change Component Designator: Old Designator=D? New Designator=D9
Change Component Designator: Old Designator=D? New Designator=D10
Change Component Designator: Old Designator=D? New Designator=D15
Change Component Designator: Old Designator=D? New Designator=D16
Change Component Designator: Old Designator=D? New Designator=D22
Change Component Designator: Old Designator=D? New Designator=D23
Change Component Designator: Old Designator=L14 New Designator=L1
Change Component Designator: Old Designator=L14 New Designator=L2
Change Component Designator: Old Designator=L14 New Designator=L3
Change Component Designator: Old Designator=PS4 New Designator=PS1
Change Component Designator: Old Designator=PS4 New Designator=PS2
Change Component Designator: Old Designator=PS4 New Designator=PS3
Change Component Designator: Old Designator=R11 New Designator=R1
Change Component Designator: Old Designator=R11 New Designator=R2
Change Component Designator: Old Designator=R11 New Designator=R4
Change Component Designator: Old Designator=R11 New Designator=R5
Change Component Designator: Old Designator=R11 New Designator=R7
Change Component Designator: Old Designator=R11 New Designator=R8
Change Component Designator: Old Designator=R11 New Designator=R9
Change Component Designator: Old Designator=R11 New Designator=R10
Change Component Designator: Old Designator=R11 New Designator=R12
Change Component Designator: Old Designator=R11 New Designator=R13
Change Component Designator: Old Designator=R11 New Designator=R15
Change Component Designator: Old Designator=R11 New Designator=R16
Change Component Designator: Old Designator=R11 New Designator=R17
Change Component Designator: Old Designator=R11 New Designator=R18
Change Component Designator: Old Designator=R11 New Designator=R19
Change Component Designator: Old Designator=R11 New Designator=R21
Change Component Designator: Old Designator=R11 New Designator=R22
Change Component Designator: Old Designator=R11 New Designator=R24
Change Component Designator: Old Designator=R11 New Designator=R25
Change Component Designator: Old Designator=R11 New Designator=R26
Change Component Designator: Old Designator=R11 New Designator=R29
Change Component Designator: Old Designator=R11 New Designator=R31
Change Component Designator: Old Designator=R11 New Designator=R32
Change Component Designator: Old Designator=R? New Designator=R3
Change Component Designator: Old Designator=R? New Designator=R6
Change Component Designator: Old Designator=R? New Designator=R11
Change Component Designator: Old Designator=R? New Designator=R14
Change Component Designator: Old Designator=R? New Designator=R20
Change Component Designator: Old Designator=R? New Designator=R23
Change Component Designator: Old Designator=R? New Designator=R27
Change Component Designator: Old Designator=R? New Designator=R28
Change Component Designator: Old Designator=R? New Designator=R30
Change Component Designator: Old Designator=U1 New Designator=U3
Change Component Designator: Old Designator=U1 New Designator=U4
Change Component Designator: Old Designator=U1 New Designator=U6
Change Component Designator: Old Designator=U27 New Designator=U2
Change Component Designator: Old Designator=U27 New Designator=U5
Change Component Designator: Old Designator=U27 New Designator=U7
Change Component Designator: Old Designator=U27 New Designator=U8
