Removed Pin From Net: NetName=+15V Pin=U1-1
Removed Pin From Net: NetName=+15V Pin=U5-1
Removed Pin From Net: NetName=+15V Pin=U6-1
Removed Pin From Net: NetName=+15V Pin=U8-1
Removed Pin From Net: NetName=+15V Pin=U11-1
Removed Pin From Net: NetName=+15V Pin=U13-1
Removed Pin From Net: NetName=+15V Pin=U15-1
Change Component Comment : Designator=F1 Old Comment=Fuse 1　２Ａ New Comment=Fuse 1　4A
Added Component: Designator=F2(1206)
Added Component: Designator=F3(1206)
Added Component: Designator=F4(1206)
Added Component: Designator=F5(1206)
Added Component: Designator=F6(1206)
Added Component: Designator=F7(1206)
Added Component: Designator=F8(1206)
Added Pin To Net: NetName=+15V Pin=F2-1
Added Pin To Net: NetName=+15V Pin=F3-1
Added Pin To Net: NetName=+15V Pin=F4-1
Added Pin To Net: NetName=+15V Pin=F5-1
Added Pin To Net: NetName=+15V Pin=F6-1
Added Pin To Net: NetName=+15V Pin=F7-1
Added Pin To Net: NetName=+15V Pin=F8-1
Added Pin To Net: NetName=NetF2_2 Pin=F2-2
Added Pin To Net: NetName=NetF2_2 Pin=U11-1
Added Net: Name=NetF2_2
Added Pin To Net: NetName=NetF3_2 Pin=F3-2
Added Pin To Net: NetName=NetF3_2 Pin=U13-1
Added Net: Name=NetF3_2
Added Pin To Net: NetName=NetF4_2 Pin=F4-2
Added Pin To Net: NetName=NetF4_2 Pin=U15-1
Added Net: Name=NetF4_2
Added Pin To Net: NetName=NetF5_2 Pin=F5-2
Added Pin To Net: NetName=NetF5_2 Pin=U1-1
Added Net: Name=NetF5_2
Added Pin To Net: NetName=NetF6_2 Pin=F6-2
Added Pin To Net: NetName=NetF6_2 Pin=U5-1
Added Net: Name=NetF6_2
Added Pin To Net: NetName=NetF7_2 Pin=F7-2
Added Pin To Net: NetName=NetF7_2 Pin=U8-1
Added Net: Name=NetF7_2
Added Pin To Net: NetName=NetF8_2 Pin=F8-2
Added Pin To Net: NetName=NetF8_2 Pin=U6-1
Added Net: Name=NetF8_2
Added Member To Class: ClassName=driveIII Member=Component F2 Fuse 1　4A
Added Member To Class: ClassName=driveIII Member=Component F3 Fuse 1　4A
Added Member To Class: ClassName=driveIII Member=Component F4 Fuse 1　4A
Added Member To Class: ClassName=driveII Member=Component F5 Fuse 1　4A
Added Member To Class: ClassName=driveII Member=Component F6 Fuse 1　4A
Added Member To Class: ClassName=driveII Member=Component F7 Fuse 1　4A
Added Member To Class: ClassName=driveII Member=Component F8 Fuse 1　4A
