Removed Pin From Net: NetName=GND Pin=C25-1
Removed Pin From Net: NetName=+15V Pin=C25-2
Removed Pin From Net: NetName=+15V Pin=C26-1
Removed Pin From Net: NetName=GND Pin=C26-2
Removed Pin From Net: NetName=+5V Pin=C34-1
Removed Pin From Net: NetName=GND Pin=C34-2
Removed Pin From Net: NetName=NetCON1_28 Pin=D21-1
Removed Pin From Net: NetName=+5V Pin=D21-2
Removed Pin From Net: NetName=+15V Pin=F8-1
Removed Pin From Net: NetName=+5V Pin=R20-2
Removed Pin From Net: NetName=NetCON1_30 Pin=R25-1
Removed Pin From Net: NetName=+5V Pin=R25-2
Removed Pin From Net: NetName=GND Pin=U6-2
Removed Pin From Net: NetName=NetCON1_28 Pin=U6-4
Removed Pin From Net: NetName=GND Pin=U9-5
Removed Pin From Net: NetName=NetCON1_30 Pin=U9-6
Removed Pin From Net: NetName=+5V Pin=U9-8
Removed Member From Class: ClassName=driveII Member=C25
Removed Member From Class: ClassName=driveII Member=C26
Removed Member From Class: ClassName=driveII Member=C28
Removed Member From Class: ClassName=driveII Member=C29
Removed Member From Class: ClassName=driveII Member=C30
Removed Member From Class: ClassName=driveII Member=C33
Removed Member From Class: ClassName=driveII Member=C34
Removed Member From Class: ClassName=driveII Member=D13
Removed Member From Class: ClassName=driveII Member=D14
Removed Member From Class: ClassName=driveII Member=D17
Removed Member From Class: ClassName=driveII Member=D18
Removed Member From Class: ClassName=driveII Member=D21
Removed Member From Class: ClassName=driveII Member=D24
Removed Member From Class: ClassName=driveII Member=F8
Removed Member From Class: ClassName=driveII Member=P5
Removed Member From Class: ClassName=driveII Member=R15
Removed Member From Class: ClassName=driveII Member=R18
Removed Member From Class: ClassName=driveII Member=R20
Removed Member From Class: ClassName=driveII Member=R21
Removed Member From Class: ClassName=driveII Member=R22
Removed Member From Class: ClassName=driveII Member=R24
Removed Member From Class: ClassName=driveII Member=R25
Removed Member From Class: ClassName=driveII Member=U6
Removed Member From Class: ClassName=driveII Member=U9
