Removed Pin From Net: NetName=GND Pin=CON1-2
Removed Pin From Net: NetName=GND Pin=CON1-8
Removed Pin From Net: NetName=GND Pin=CON1-10
Removed Pin From Net: NetName=GND Pin=CON1-12
Removed Pin From Net: NetName=GND Pin=CON1-16
Removed Pin From Net: NetName=GND Pin=CON1-18
Removed Pin From Net: NetName=GND Pin=CON1-20
Removed Pin From Net: NetName=GND Pin=CON1-24
Removed Pin From Net: NetName=GND Pin=CON1-26
Removed Pin From Net: NetName=GND Pin=CON1-28
Removed Pin From Net: NetName=GND Pin=CON1-32
Removed Pin From Net: NetName=+5V Pin=CON1-33
Removed Pin From Net: NetName=+15V Pin=U3-1
Removed Pin From Net: NetName=GND Pin=U3-2
Removed Pin From Net: NetName=NetC22_2 Pin=U3-9
Removed Pin From Net: NetName=NetC23_2 Pin=U3-10
Removed Pin From Net: NetName=NetD7_1 Pin=U3-13
Removed Pin From Net: NetName=NetD14_2 Pin=U3-15
Removed Pin From Net: NetName=NetC24_2 Pin=U3-16
Removed Pin From Net: NetName=+15V Pin=U4-1
Removed Pin From Net: NetName=GND Pin=U4-2
Removed Pin From Net: NetName=NetR20_1 Pin=U4-3
Removed Pin From Net: NetName=NetC29_2 Pin=U4-9
Removed Pin From Net: NetName=NetC30_2 Pin=U4-10
Removed Pin From Net: NetName=NetR15_1 Pin=U4-11
Removed Pin From Net: NetName=NetD24_2 Pin=U4-15
Removed Pin From Net: NetName=NetC36_2 Pin=U6-9
Removed Pin From Net: NetName=NetC37_2 Pin=U6-10
Removed Pin From Net: NetName=NetC38_2 Pin=U6-16
Removed Pin From Net: NetName=+15V Pin=U9-1
Removed Pin From Net: NetName=GND Pin=U9-2
Removed Pin From Net: NetName=NetC44_2 Pin=U9-10
Removed Pin From Net: NetName=NetR33_1 Pin=U9-11
Removed Pin From Net: NetName=NetD27_1 Pin=U9-13
Removed Pin From Net: NetName=NetC46_2 Pin=U9-14
Removed Pin From Net: NetName=NetC45_2 Pin=U9-16
Removed Pin From Net: NetName=NetR43_1 Pin=U11-3
Removed Pin From Net: NetName=NetC51_2 Pin=U11-10
Removed Pin From Net: NetName=NetR41_1 Pin=U11-11
Removed Pin From Net: NetName=NetD33_1 Pin=U11-13
Removed Pin From Net: NetName=NetC53_2 Pin=U11-14
Removed Pin From Net: NetName=NetC52_2 Pin=U11-16
Removed Pin From Net: NetName=NetC58_2 Pin=U13-10
Removed Pin From Net: NetName=NetD39_1 Pin=U13-13
Removed Pin From Net: NetName=NetC60_2 Pin=U13-14
Removed Pin From Net: NetName=NetC59_2 Pin=U13-16
Change Component DesignItemId : Designator=U3 Old DesignItemId=QP12W05KS-37 New DesignItemId=HCPL4053
Change Component DesignItemId : Designator=U9 Old DesignItemId=QP12W05KS-37 New DesignItemId=HCPL4053
Change Component DesignItemId : Designator=U4 Old DesignItemId=QP12W05KS-37 New DesignItemId=L7815CV
Change Component Footprint: Designator=U3 Old Footprint=QP12W05KS37 New Footprint=DIP8
Change Component Footprint: Designator=U9 Old Footprint=QP12W05KS37 New Footprint=DIP8
Change Component Footprint: Designator=U4 Old Footprint=QP12W05KS37 New Footprint=TO220ABN
Change Component Comment : Designator=U4 Old Comment=QP12W05KS-37 New Comment=L7805CV
Change Component Comment : Designator=U3 Old Comment=QP12W05KS-37 New Comment=TLP550
Change Component Comment : Designator=U9 Old Comment=QP12W05KS-37 New Comment=TLP550
Change Component Designator: OldDesignator=U6 NewDesignator=U8
Change Component Designator: OldDesignator=U11 NewDesignator=U13
Change Component Designator: OldDesignator=U13 NewDesignator=U15
Change Component Library : Designator=CON1 Old Library=Miscellaneous Connectors.IntLib New Library=*
Added Component: Designator=C1(1206)
Added Component: Designator=C2(电解电容1000uF)
Added Component: Designator=C3(1206)
Added Component: Designator=C4(电解电容1000uF)
Added Component: Designator=C6(7343)
Added Component: Designator=C7(7343)
Added Component: Designator=C8(1206)
Added Component: Designator=C9(7343)
Added Component: Designator=C10(7343)
Added Component: Designator=C11(电解电容1000uF)
Added Component: Designator=C12(1206)
Added Component: Designator=C13(1206)
Added Component: Designator=C14(1206)
Added Component: Designator=C15(1206)
Added Component: Designator=C16(1206)
Added Component: Designator=C17(7343)
Added Component: Designator=C18(7343)
Added Component: Designator=C19(1206)
Added Component: Designator=C20(电解电容1000uF)
Added Component: Designator=C21(电解电容1000uF)
Added Component: Designator=C22(电解电容1000uF)
Added Component: Designator=C23(1206)
Added Component: Designator=C24(1206)
Added Component: Designator=C25(1206)
Added Component: Designator=C26(电解电容1000uF)
Added Component: Designator=C27(1206)
Added Component: Designator=C28(电解电容1000uF)
Added Component: Designator=C29(电解电容1000uF)
Added Component: Designator=C30(1206)
Added Component: Designator=C31(1206)
Added Component: Designator=C32(电解电容1000uF)
Added Component: Designator=C33(1206)
Added Component: Designator=C34(1206)
Added Component: Designator=C35(电解电容1000uF)
Added Component: Designator=C36(电解电容1000uF)
Added Component: Designator=C37(1206)
Added Component: Designator=C38(1206)
Added Component: Designator=C39(1206)
Added Component: Designator=C40(1206)
Added Component: Designator=C41(电解电容1000uF)
Added Component: Designator=C42(电解电容470uf)
Added Component: Designator=C43(1206)
Added Component: Designator=C44(电解电容1000uF)
Added Component: Designator=C45(电解电容1000uF)
Added Component: Designator=C46(1206)
Added Component: Designator=C47(1206)
Added Component: Designator=C48(1206)
Added Component: Designator=C49(1206)
Added Component: Designator=C50(电解电容1000uF)
Added Component: Designator=C51(电解电容1000uF)
Added Component: Designator=C52(电解电容1000uF)
Added Component: Designator=C53(1206)
Added Component: Designator=C54(1206)
Added Component: Designator=C55(1206)
Added Component: Designator=C56(1206)
Added Component: Designator=C57(电解电容1000uF)
Added Component: Designator=C58(电解电容1000uF)
Added Component: Designator=C59(电解电容1000uF)
Added Component: Designator=C60(1206)
Added Component: Designator=C61(1206)
Added Component: Designator=C62(1206)
Added Component: Designator=C66(7343)
Added Component: Designator=C67(1206)
Added Component: Designator=C84(电解电容1000uF)
Added Component: Designator=C85(1206)
Added Component: Designator=D1(DIODE-0.4)
Added Component: Designator=D2(DIODE-0.4)
Added Component: Designator=D3(AXIAL0.4)
Added Component: Designator=D4(DIODE0.4)
Added Component: Designator=D5(AXIAL0.4)
Added Component: Designator=D6(DIODE-0.4)
Added Component: Designator=D7(0805D)
Added Component: Designator=D8(AXIAL0.4)
Added Component: Designator=D9(DIODE-0.4)
Added Component: Designator=D10(DIODE-0.4)
Added Component: Designator=D11(AXIAL0.4)
Added Component: Designator=D12(DIODE0.4)
Added Component: Designator=D13(DIODE-0.4)
Added Component: Designator=D14(DIODE-0.4)
Added Component: Designator=D15(DIODE-0.4)
Added Component: Designator=D16(0805D)
Added Component: Designator=D17(AXIAL0.4)
Added Component: Designator=D18(DIODE0.4)
Added Component: Designator=D19(DIODE-0.4)
Added Component: Designator=D20(DIODE-0.4)
Added Component: Designator=D21(DIODE-0.4)
Added Component: Designator=D22(AXIAL0.4)
Added Component: Designator=D23(DIODE0.4)
Added Component: Designator=D24(0805D)
Added Component: Designator=D25(DIODE-0.4)
Added Component: Designator=D26(0805D)
Added Component: Designator=D27(DIODE-0.4)
Added Component: Designator=D28(DIODE-0.4)
Added Component: Designator=D29(AXIAL0.4)
Added Component: Designator=D30(DIODE0.4)
Added Component: Designator=D32(DIODE-0.4)
Added Component: Designator=D33(0805D)
Added Component: Designator=D34(DIODE-0.4)
Added Component: Designator=D35(DIODE-0.4)
Added Component: Designator=D36(AXIAL0.4)
Added Component: Designator=D37(DIODE0.4)
Added Component: Designator=D38(DIODE-0.4)
Added Component: Designator=D39(0805D)
Added Component: Designator=D40(DIODE-0.4)
Added Component: Designator=D41(DIODE-0.4)
Added Component: Designator=D42(AXIAL0.4)
Added Component: Designator=D43(DIODE0.4)
Added Component: Designator=D44(DIODE-0.4)
Added Component: Designator=D45(0805D)
Added Component: Designator=F1(1206)
Added Component: Designator=L1(0805)
Added Component: Designator=P2(PHENOX-3)
Added Component: Designator=P3(PHENOX-3)
Added Component: Designator=P4(PHENOX-3)
Added Component: Designator=P5(PHENOX-3)
Added Component: Designator=P6(PHENOX-3)
Added Component: Designator=P7(PHENOX-3)
Added Component: Designator=P8(PHENOX-3)
Added Component: Designator=R1(AXIAL0.6)
Added Component: Designator=R2(AXIAL0.4)
Added Component: Designator=R3(AXIAL0.4)
Added Component: Designator=R4(AXIAL-0.6)
Added Component: Designator=R5(1206)
Added Component: Designator=R6(1206)
Added Component: Designator=R7(1206)
Added Component: Designator=R8(1206)
Added Component: Designator=R9(AXIAL0.4)
Added Component: Designator=R10(AXIAL0.6)
Added Component: Designator=R11(AXIAL0.4)
Added Component: Designator=R12(AXIAL-0.6)
Added Component: Designator=R13(1206)
Added Component: Designator=R14(1206)
Added Component: Designator=R15(AXIAL0.6)
Added Component: Designator=R16(1206)
Added Component: Designator=R17(1206)
Added Component: Designator=R18(AXIAL0.4)
Added Component: Designator=R19(AXIAL0.6)
Added Component: Designator=R20(AXIAL-0.6)
Added Component: Designator=R21(1206)
Added Component: Designator=R22(1206)
Added Component: Designator=R23(AXIAL0.4)
Added Component: Designator=R24(1206)
Added Component: Designator=R25(1206)
Added Component: Designator=R26(AXIAL-0.6)
Added Component: Designator=R27(1206)
Added Component: Designator=R28(1206)
Added Component: Designator=R29(1206)
Added Component: Designator=R30(1206)
Added Component: Designator=R31(AXIAL0.6)
Added Component: Designator=R32(AXIAL0.4)
Added Component: Designator=R33(AXIAL-0.6)
Added Component: Designator=R35(1206)
Added Component: Designator=R36(1206)
Added Component: Designator=R37(1206)
Added Component: Designator=R38(1206)
Added Component: Designator=R39(AXIAL0.6)
Added Component: Designator=R40(AXIAL0.4)
Added Component: Designator=R41(AXIAL-0.6)
Added Component: Designator=R42(1206)
Added Component: Designator=R43(1206)
Added Component: Designator=R44(1206)
Added Component: Designator=R45(1206)
Added Component: Designator=R46(AXIAL0.6)
Added Component: Designator=R47(AXIAL0.4)
Added Component: Designator=R48(AXIAL-0.6)
Added Component: Designator=R49(1206)
Added Component: Designator=R50(1206)
Added Component: Designator=R51(1206)
Added Component: Designator=R52(1206)
Added Component: Designator=U2(TO220ABN)
Added Component: Designator=U5(QP12W05KS37)
Added Component: Designator=U6(QP12W05KS37)
Added Component: Designator=U7(DIP8)
Added Component: Designator=U10(DIP8)
Added Component: Designator=U11(QP12W05KS37)
Added Component: Designator=U12(DIP8)
Added Component: Designator=U14(DIP8)
Added Component: Designator=U16(DIP8)
Added Component: Designator=XS1(POWER4-1)
Added Pin To Net: NetName=GND Pin=C1-1
Added Pin To Net: NetName=+15V Pin=C1-2
Added Pin To Net: NetName=+15V Pin=C2-1
Added Pin To Net: NetName=GND Pin=C2-2
Added Pin To Net: NetName=GND Pin=C3-1
Added Pin To Net: NetName=+24V Pin=C3-2
Added Pin To Net: NetName=+24V Pin=C6-1
Added Pin To Net: NetName=GND Pin=C6-2
Added Pin To Net: NetName=+24V Pin=C7-1
Added Pin To Net: NetName=GND Pin=C7-2
Added Pin To Net: NetName=GND Pin=C8-1
Added Pin To Net: NetName=+15V Pin=C8-2
Added Pin To Net: NetName=+15V Pin=C9-1
Added Pin To Net: NetName=GND Pin=C9-2
Added Pin To Net: NetName=+15V Pin=C10-1
Added Pin To Net: NetName=GND Pin=C10-2
Added Pin To Net: NetName=+5V Pin=C14-1
Added Pin To Net: NetName=GND Pin=C14-2
Added Pin To Net: NetName=GND Pin=C15-1
Added Pin To Net: NetName=+5V Pin=C15-2
Added Pin To Net: NetName=GND Pin=C16-1
Added Pin To Net: NetName=+24V Pin=C16-2
Added Pin To Net: NetName=+24V Pin=C17-1
Added Pin To Net: NetName=GND Pin=C17-2
Added Pin To Net: NetName=+5V Pin=C18-1
Added Pin To Net: NetName=GND Pin=C18-2
Added Pin To Net: NetName=GND Pin=C19-1
Added Pin To Net: NetName=+15V Pin=C19-2
Added Pin To Net: NetName=+15V Pin=C20-1
Added Pin To Net: NetName=GND Pin=C20-2
Added Pin To Net: NetName=NetC22_2 Pin=C22-2
Added Pin To Net: NetName=NetC23_2 Pin=C23-2
Added Pin To Net: NetName=NetC22_2 Pin=C24-1
Added Pin To Net: NetName=NetC24_2 Pin=C24-2
Added Pin To Net: NetName=GND Pin=C25-1
Added Pin To Net: NetName=+15V Pin=C25-2
Added Pin To Net: NetName=+15V Pin=C26-1
Added Pin To Net: NetName=GND Pin=C26-2
Added Pin To Net: NetName=+5V Pin=C27-1
Added Pin To Net: NetName=GND Pin=C27-2
Added Pin To Net: NetName=NetC29_2 Pin=C29-2
Added Pin To Net: NetName=NetC30_2 Pin=C30-2
Added Pin To Net: NetName=GND Pin=C31-1
Added Pin To Net: NetName=+15V Pin=C31-2
Added Pin To Net: NetName=+15V Pin=C32-1
Added Pin To Net: NetName=GND Pin=C32-2
Added Pin To Net: NetName=NetC29_2 Pin=C33-1
Added Pin To Net: NetName=+5V Pin=C34-1
Added Pin To Net: NetName=GND Pin=C34-2
Added Pin To Net: NetName=NetC36_2 Pin=C36-2
Added Pin To Net: NetName=NetC37_2 Pin=C37-2
Added Pin To Net: NetName=NetC36_2 Pin=C38-1
Added Pin To Net: NetName=NetC38_2 Pin=C38-2
Added Pin To Net: NetName=+5V Pin=C39-1
Added Pin To Net: NetName=GND Pin=C39-2
Added Pin To Net: NetName=GND Pin=C40-1
Added Pin To Net: NetName=+15V Pin=C40-2
Added Pin To Net: NetName=+15V Pin=C41-1
Added Pin To Net: NetName=GND Pin=C41-2
Added Pin To Net: NetName=+24V Pin=C42-1
Added Pin To Net: NetName=GND Pin=C42-2
Added Pin To Net: NetName=GND Pin=C43-1
Added Pin To Net: NetName=+24V Pin=C43-2
Added Pin To Net: NetName=NetC44_2 Pin=C44-2
Added Pin To Net: NetName=NetC44_2 Pin=C45-1
Added Pin To Net: NetName=NetC45_2 Pin=C45-2
Added Pin To Net: NetName=NetC46_2 Pin=C46-2
Added Pin To Net: NetName=NetC45_2 Pin=C47-1
Added Pin To Net: NetName=+5V Pin=C48-1
Added Pin To Net: NetName=GND Pin=C48-2
Added Pin To Net: NetName=GND Pin=C49-1
Added Pin To Net: NetName=+15V Pin=C49-2
Added Pin To Net: NetName=+15V Pin=C50-1
Added Pin To Net: NetName=GND Pin=C50-2
Added Pin To Net: NetName=NetC51_2 Pin=C51-2
Added Pin To Net: NetName=NetC51_2 Pin=C52-1
Added Pin To Net: NetName=NetC52_2 Pin=C52-2
Added Pin To Net: NetName=NetC53_2 Pin=C53-2
Added Pin To Net: NetName=NetC52_2 Pin=C54-1
Added Pin To Net: NetName=+5V Pin=C55-1
Added Pin To Net: NetName=GND Pin=C55-2
Added Pin To Net: NetName=GND Pin=C56-1
Added Pin To Net: NetName=+15V Pin=C56-2
Added Pin To Net: NetName=+15V Pin=C57-1
Added Pin To Net: NetName=GND Pin=C57-2
Added Pin To Net: NetName=NetC58_2 Pin=C58-2
Added Pin To Net: NetName=NetC58_2 Pin=C59-1
Added Pin To Net: NetName=NetC59_2 Pin=C59-2
Added Pin To Net: NetName=NetC60_2 Pin=C60-2
Added Pin To Net: NetName=NetC59_2 Pin=C61-1
Added Pin To Net: NetName=+5V Pin=C62-1
Added Pin To Net: NetName=GND Pin=C62-2
Added Pin To Net: NetName=+5V Pin=C66-1
Added Pin To Net: NetName=GND Pin=C66-2
Added Pin To Net: NetName=GND Pin=C67-1
Added Pin To Net: NetName=+5V Pin=C67-2
Added Pin To Net: NetName=+24V Pin=C84-1
Added Pin To Net: NetName=GND Pin=C84-2
Added Pin To Net: NetName=GND Pin=C85-1
Added Pin To Net: NetName=+24V Pin=C85-2
Added Pin To Net: NetName=GND Pin=CON1-3
Added Pin To Net: NetName=GND Pin=CON1-7
Added Pin To Net: NetName=GND Pin=CON1-11
Added Pin To Net: NetName=GND Pin=CON1-15
Added Pin To Net: NetName=GND Pin=CON1-19
Added Pin To Net: NetName=GND Pin=CON1-23
Added Pin To Net: NetName=GND Pin=CON1-27
Added Pin To Net: NetName=+5V Pin=CON1-32
Added Pin To Net: NetName=GND Pin=CON1-33
Added Pin To Net: NetName=NetD1_1 Pin=D1-1
Added Pin To Net: NetName=NetD1_2 Pin=D1-2
Added Pin To Net: NetName=NetD1_2 Pin=D2-1
Added Pin To Net: NetName=GND Pin=D5-1
Added Pin To Net: NetName=+15V Pin=D5-2
Added Pin To Net: NetName=+5V Pin=D6-2
Added Pin To Net: NetName=GND Pin=D8-1
Added Pin To Net: NetName=+5V Pin=D8-2
Added Pin To Net: NetName=NetD14_2 Pin=D14-2
Added Pin To Net: NetName=+5V Pin=D15-2
Added Pin To Net: NetName=NetD20_2 Pin=D20-2
Added Pin To Net: NetName=+5V Pin=D21-2
Added Pin To Net: NetName=+5V Pin=D25-2
Added Pin To Net: NetName=NetD27_1 Pin=D27-1
Added Pin To Net: NetName=NetD27_2 Pin=D27-2
Added Pin To Net: NetName=NetD27_2 Pin=D28-1
Added Pin To Net: NetName=NetD28_2 Pin=D28-2
Added Pin To Net: NetName=+5V Pin=D32-2
Added Pin To Net: NetName=NetD34_2 Pin=D34-2
Added Pin To Net: NetName=NetD34_2 Pin=D35-1
Added Pin To Net: NetName=+5V Pin=D38-2
Added Pin To Net: NetName=NetD40_2 Pin=D40-2
Added Pin To Net: NetName=NetD40_2 Pin=D41-1
Added Pin To Net: NetName=+5V Pin=D44-2
Added Pin To Net: NetName=NetF1_1 Pin=F1-1
Added Pin To Net: NetName=+24V Pin=F1-2
Added Pin To Net: NetName=NetF1_1 Pin=L1-2
Added Pin To Net: NetName=NetD3_K Pin=P2-2
Added Pin To Net: NetName=NetD20_2 Pin=P4-1
Added Pin To Net: NetName=NetD22_K Pin=P4-2
Added Pin To Net: NetName=NetD14_2 Pin=P5-1
Added Pin To Net: NetName=NetD28_2 Pin=P6-1
Added Pin To Net: NetName=NetD29_K Pin=P6-2
Added Pin To Net: NetName=NetC44_2 Pin=P6-3
Added Pin To Net: NetName=NetC51_2 Pin=P7-3
Added Pin To Net: NetName=NetC58_2 Pin=P8-3
Added Pin To Net: NetName=NetR1_1 Pin=R1-1
Added Pin To Net: NetName=NetD3_K Pin=R1-2
Added Pin To Net: NetName=NetD3_K Pin=R2-2
Added Pin To Net: NetName=GND Pin=R3-1
Added Pin To Net: NetName=+15V Pin=R3-2
Added Pin To Net: NetName=+5V Pin=R4-2
Added Pin To Net: NetName=NetD7_1 Pin=R5-1
Added Pin To Net: NetName=NetR6_1 Pin=R6-1
Added Pin To Net: NetName=NetD7_2 Pin=R7-1
Added Pin To Net: NetName=NetCON1_6 Pin=R8-1
Added Pin To Net: NetName=+5V Pin=R8-2
Added Pin To Net: NetName=GND Pin=R9-1
Added Pin To Net: NetName=+5V Pin=R9-2
Added Pin To Net: NetName=+5V Pin=R12-2
Added Pin To Net: NetName=NetR14_1 Pin=R14-1
Added Pin To Net: NetName=NetR15_1 Pin=R15-1
Added Pin To Net: NetName=NetC24_2 Pin=R16-2
Added Pin To Net: NetName=+5V Pin=R17-2
Added Pin To Net: NetName=NetR19_1 Pin=R19-1
Added Pin To Net: NetName=NetD22_K Pin=R19-2
Added Pin To Net: NetName=NetR20_1 Pin=R20-1
Added Pin To Net: NetName=+5V Pin=R20-2
Added Pin To Net: NetName=NetD24_1 Pin=R21-1
Added Pin To Net: NetName=NetD22_K Pin=R23-2
Added Pin To Net: NetName=NetD24_2 Pin=R24-1
Added Pin To Net: NetName=NetCON1_30 Pin=R25-1
Added Pin To Net: NetName=+5V Pin=R25-2
Added Pin To Net: NetName=+5V Pin=R26-2
Added Pin To Net: NetName=NetD26_1 Pin=R27-1
Added Pin To Net: NetName=NetD26_2 Pin=R29-1
Added Pin To Net: NetName=NetC38_2 Pin=R29-2
Added Pin To Net: NetName=+5V Pin=R30-2
Added Pin To Net: NetName=NetD29_K Pin=R31-2
Added Pin To Net: NetName=NetC44_2 Pin=R32-1
Added Pin To Net: NetName=NetD29_K Pin=R32-2
Added Pin To Net: NetName=NetR33_1 Pin=R33-1
Added Pin To Net: NetName=+5V Pin=R33-2
Added Pin To Net: NetName=NetD33_1 Pin=R35-1
Added Pin To Net: NetName=NetD33_2 Pin=R37-1
Added Pin To Net: NetName=NetCON1_14 Pin=R38-1
Added Pin To Net: NetName=+5V Pin=R38-2
Added Pin To Net: NetName=NetC51_2 Pin=R40-1
Added Pin To Net: NetName=NetR41_1 Pin=R41-1
Added Pin To Net: NetName=+5V Pin=R41-2
Added Pin To Net: NetName=NetD39_1 Pin=R42-1
Added Pin To Net: NetName=NetR43_1 Pin=R43-1
Added Pin To Net: NetName=NetD39_2 Pin=R44-1
Added Pin To Net: NetName=+5V Pin=R45-2
Added Pin To Net: NetName=NetR46_1 Pin=R46-1
Added Pin To Net: NetName=NetC58_2 Pin=R47-1
Added Pin To Net: NetName=NetR48_1 Pin=R48-1
Added Pin To Net: NetName=+5V Pin=R48-2
Added Pin To Net: NetName=NetCON1_22 Pin=R52-1
Added Pin To Net: NetName=+5V Pin=R52-2
Added Pin To Net: NetName=NetD7_2 Pin=U1-15
Added Pin To Net: NetName=+24V Pin=U2-1
Added Pin To Net: NetName=+15V Pin=U2-2
Added Pin To Net: NetName=GND Pin=U2-3
Added Pin To Net: NetName=NetR6_1 Pin=U3-2
Added Pin To Net: NetName=NetD7_2 Pin=U3-3
Added Pin To Net: NetName=GND Pin=U3-5
Added Pin To Net: NetName=NetCON1_6 Pin=U3-6
Added Pin To Net: NetName=+5V Pin=U3-8
Added Pin To Net: NetName=+24V Pin=U4-1
Added Pin To Net: NetName=+5V Pin=U4-2
Added Pin To Net: NetName=GND Pin=U4-3
Added Pin To Net: NetName=+15V Pin=U5-1
Added Pin To Net: NetName=GND Pin=U5-2
Added Pin To Net: NetName=NetC22_2 Pin=U5-10
Added Pin To Net: NetName=NetC24_2 Pin=U5-14
Added Pin To Net: NetName=NetC23_2 Pin=U5-16
Added Pin To Net: NetName=+15V Pin=U6-1
Added Pin To Net: NetName=GND Pin=U6-2
Added Pin To Net: NetName=NetR20_1 Pin=U6-3
Added Pin To Net: NetName=NetC29_2 Pin=U6-10
Added Pin To Net: NetName=NetR15_1 Pin=U6-11
Added Pin To Net: NetName=NetD24_2 Pin=U6-15
Added Pin To Net: NetName=NetC30_2 Pin=U6-16
Added Pin To Net: NetName=NetR14_1 Pin=U7-2
Added Pin To Net: NetName=GND Pin=U7-5
Added Pin To Net: NetName=+5V Pin=U7-8
Added Pin To Net: NetName=NetC36_2 Pin=U8-10
Added Pin To Net: NetName=NetC38_2 Pin=U8-14
Added Pin To Net: NetName=NetC37_2 Pin=U8-16
Added Pin To Net: NetName=NetD24_2 Pin=U9-3
Added Pin To Net: NetName=GND Pin=U9-5
Added Pin To Net: NetName=NetCON1_30 Pin=U9-6
Added Pin To Net: NetName=+5V Pin=U9-8
Added Pin To Net: NetName=NetD26_2 Pin=U10-3
Added Pin To Net: NetName=GND Pin=U10-5
Added Pin To Net: NetName=+5V Pin=U10-8
Added Pin To Net: NetName=+15V Pin=U11-1
Added Pin To Net: NetName=GND Pin=U11-2
Added Pin To Net: NetName=NetR33_1 Pin=U11-3
Added Pin To Net: NetName=NetC44_2 Pin=U11-9
Added Pin To Net: NetName=NetC45_2 Pin=U11-10
Added Pin To Net: NetName=NetD27_1 Pin=U11-13
Added Pin To Net: NetName=NetD33_2 Pin=U11-15
Added Pin To Net: NetName=NetC46_2 Pin=U11-16
Added Pin To Net: NetName=NetD33_2 Pin=U12-3
Added Pin To Net: NetName=GND Pin=U12-5
Added Pin To Net: NetName=NetCON1_14 Pin=U12-6
Added Pin To Net: NetName=+5V Pin=U12-8
Added Pin To Net: NetName=NetR41_1 Pin=U13-3
Added Pin To Net: NetName=NetC51_2 Pin=U13-9
Added Pin To Net: NetName=NetC52_2 Pin=U13-10
Added Pin To Net: NetName=NetD39_2 Pin=U13-15
Added Pin To Net: NetName=NetC53_2 Pin=U13-16
Added Pin To Net: NetName=NetR43_1 Pin=U14-2
Added Pin To Net: NetName=NetD39_2 Pin=U14-3
Added Pin To Net: NetName=GND Pin=U14-5
Added Pin To Net: NetName=+5V Pin=U14-8
Added Pin To Net: NetName=NetR48_1 Pin=U15-3
Added Pin To Net: NetName=NetC58_2 Pin=U15-9
Added Pin To Net: NetName=NetC59_2 Pin=U15-10
Added Pin To Net: NetName=NetR46_1 Pin=U15-11
Added Pin To Net: NetName=NetC60_2 Pin=U15-16
Added Pin To Net: NetName=GND Pin=U16-5
Added Pin To Net: NetName=NetCON1_22 Pin=U16-6
Added Pin To Net: NetName=+5V Pin=U16-8
Added Pin To Net: NetName=GND Pin=XS1-1
Added Pin To Net: NetName=NetC4_1 Pin=C4-1
Added Pin To Net: NetName=NetC4_1 Pin=C12-1
Added Pin To Net: NetName=NetC4_1 Pin=R5-2
Added Pin To Net: NetName=NetC4_1 Pin=R6-2
Added Pin To Net: NetName=NetC4_1 Pin=U1-8
Added Pin To Net: NetName=NetC4_1 Pin=U1-12
Added Net: Name=NetC4_1
Added Pin To Net: NetName=NetC4_2 Pin=C4-2
Added Pin To Net: NetName=NetC4_2 Pin=C11-1
Added Pin To Net: NetName=NetC4_2 Pin=P2-3
Added Pin To Net: NetName=NetC4_2 Pin=R2-1
Added Pin To Net: NetName=NetC4_2 Pin=U1-9
Added Net: Name=NetC4_2
Added Pin To Net: NetName=NetC11_2 Pin=C11-2
Added Pin To Net: NetName=NetC11_2 Pin=C13-1
Added Pin To Net: NetName=NetC11_2 Pin=U1-10
Added Net: Name=NetC11_2
Added Pin To Net: NetName=NetC12_2 Pin=C12-2
Added Pin To Net: NetName=NetC12_2 Pin=U1-16
Added Net: Name=NetC12_2
Added Pin To Net: NetName=NetC13_2 Pin=C13-2
Added Pin To Net: NetName=NetC13_2 Pin=R7-2
Added Pin To Net: NetName=NetC13_2 Pin=U1-14
Added Net: Name=NetC13_2
Added Pin To Net: NetName=NetC21_1 Pin=C21-1
Added Pin To Net: NetName=NetC21_1 Pin=C23-1
Added Pin To Net: NetName=NetC21_1 Pin=R13-2
Added Pin To Net: NetName=NetC21_1 Pin=R14-2
Added Pin To Net: NetName=NetC21_1 Pin=U5-8
Added Pin To Net: NetName=NetC21_1 Pin=U5-12
Added Net: Name=NetC21_1
Added Pin To Net: NetName=NetC21_2 Pin=C21-2
Added Pin To Net: NetName=NetC21_2 Pin=C22-1
Added Pin To Net: NetName=NetC21_2 Pin=P3-3
Added Pin To Net: NetName=NetC21_2 Pin=R11-1
Added Pin To Net: NetName=NetC21_2 Pin=U5-9
Added Net: Name=NetC21_2
Added Pin To Net: NetName=NetC28_1 Pin=C28-1
Added Pin To Net: NetName=NetC28_1 Pin=C30-1
Added Pin To Net: NetName=NetC28_1 Pin=R21-2
Added Pin To Net: NetName=NetC28_1 Pin=R22-2
Added Pin To Net: NetName=NetC28_1 Pin=U6-8
Added Pin To Net: NetName=NetC28_1 Pin=U6-12
Added Net: Name=NetC28_1
Added Pin To Net: NetName=NetC28_2 Pin=C28-2
Added Pin To Net: NetName=NetC28_2 Pin=C29-1
Added Pin To Net: NetName=NetC28_2 Pin=P5-3
Added Pin To Net: NetName=NetC28_2 Pin=R18-1
Added Pin To Net: NetName=NetC28_2 Pin=U6-9
Added Net: Name=NetC28_2
Added Pin To Net: NetName=NetC33_2 Pin=C33-2
Added Pin To Net: NetName=NetC33_2 Pin=R24-2
Added Pin To Net: NetName=NetC33_2 Pin=U6-14
Added Net: Name=NetC33_2
Added Pin To Net: NetName=NetC35_1 Pin=C35-1
Added Pin To Net: NetName=NetC35_1 Pin=C37-1
Added Pin To Net: NetName=NetC35_1 Pin=R27-2
Added Pin To Net: NetName=NetC35_1 Pin=R28-2
Added Pin To Net: NetName=NetC35_1 Pin=U8-8
Added Pin To Net: NetName=NetC35_1 Pin=U8-12
Added Net: Name=NetC35_1
Added Pin To Net: NetName=NetC35_2 Pin=C35-2
Added Pin To Net: NetName=NetC35_2 Pin=C36-1
Added Pin To Net: NetName=NetC35_2 Pin=P4-3
Added Pin To Net: NetName=NetC35_2 Pin=R23-1
Added Pin To Net: NetName=NetC35_2 Pin=U8-9
Added Net: Name=NetC35_2
Added Pin To Net: NetName=NetC44_1 Pin=C44-1
Added Pin To Net: NetName=NetC44_1 Pin=C46-1
Added Pin To Net: NetName=NetC44_1 Pin=R35-2
Added Pin To Net: NetName=NetC44_1 Pin=R36-2
Added Pin To Net: NetName=NetC44_1 Pin=U11-8
Added Pin To Net: NetName=NetC44_1 Pin=U11-12
Added Net: Name=NetC44_1
Added Pin To Net: NetName=NetC47_2 Pin=C47-2
Added Pin To Net: NetName=NetC47_2 Pin=R37-2
Added Pin To Net: NetName=NetC47_2 Pin=U11-14
Added Net: Name=NetC47_2
Added Pin To Net: NetName=NetC51_1 Pin=C51-1
Added Pin To Net: NetName=NetC51_1 Pin=C53-1
Added Pin To Net: NetName=NetC51_1 Pin=R42-2
Added Pin To Net: NetName=NetC51_1 Pin=R43-2
Added Pin To Net: NetName=NetC51_1 Pin=U13-8
Added Pin To Net: NetName=NetC51_1 Pin=U13-12
Added Net: Name=NetC51_1
Added Pin To Net: NetName=NetC54_2 Pin=C54-2
Added Pin To Net: NetName=NetC54_2 Pin=R44-2
Added Pin To Net: NetName=NetC54_2 Pin=U13-14
Added Net: Name=NetC54_2
Added Pin To Net: NetName=NetC58_1 Pin=C58-1
Added Pin To Net: NetName=NetC58_1 Pin=C60-1
Added Pin To Net: NetName=NetC58_1 Pin=R49-2
Added Pin To Net: NetName=NetC58_1 Pin=R50-2
Added Pin To Net: NetName=NetC58_1 Pin=U15-8
Added Pin To Net: NetName=NetC58_1 Pin=U15-12
Added Net: Name=NetC58_1
Added Pin To Net: NetName=NetC61_2 Pin=C61-2
Added Pin To Net: NetName=NetC61_2 Pin=R51-2
Added Pin To Net: NetName=NetC61_2 Pin=U15-14
Added Net: Name=NetC61_2
Added Pin To Net: NetName=NetCON1_2 Pin=CON1-2
Added Pin To Net: NetName=NetCON1_2 Pin=D6-1
Added Net: Name=NetCON1_2
Added Pin To Net: NetName=NetCON1_8 Pin=CON1-8
Added Pin To Net: NetName=NetCON1_8 Pin=R17-1
Added Pin To Net: NetName=NetCON1_8 Pin=U7-6
Added Net: Name=NetCON1_8
Added Pin To Net: NetName=NetCON1_10 Pin=CON1-10
Added Pin To Net: NetName=NetCON1_10 Pin=D32-1
Added Net: Name=NetCON1_10
Added Pin To Net: NetName=NetCON1_12 Pin=CON1-12
Added Pin To Net: NetName=NetCON1_12 Pin=R30-1
Added Pin To Net: NetName=NetCON1_12 Pin=U10-6
Added Net: Name=NetCON1_12
Added Pin To Net: NetName=NetCON1_16 Pin=CON1-16
Added Pin To Net: NetName=NetCON1_16 Pin=D38-1
Added Net: Name=NetCON1_16
Added Pin To Net: NetName=NetCON1_18 Pin=CON1-18
Added Pin To Net: NetName=NetCON1_18 Pin=D15-1
Added Net: Name=NetCON1_18
Added Pin To Net: NetName=NetCON1_20 Pin=CON1-20
Added Pin To Net: NetName=NetCON1_20 Pin=R45-1
Added Pin To Net: NetName=NetCON1_20 Pin=U14-6
Added Net: Name=NetCON1_20
Added Pin To Net: NetName=NetCON1_24 Pin=CON1-24
Added Pin To Net: NetName=NetCON1_24 Pin=D44-1
Added Net: Name=NetCON1_24
Added Pin To Net: NetName=NetCON1_26 Pin=CON1-26
Added Pin To Net: NetName=NetCON1_26 Pin=D25-1
Added Net: Name=NetCON1_26
Added Pin To Net: NetName=NetCON1_28 Pin=CON1-28
Added Pin To Net: NetName=NetCON1_28 Pin=D21-1
Added Net: Name=NetCON1_28
Added Pin To Net: NetName=NetD2_2 Pin=D2-2
Added Pin To Net: NetName=NetD2_2 Pin=P2-1
Added Net: Name=NetD2_2
Added Pin To Net: NetName=NetD9_1 Pin=D9-1
Added Pin To Net: NetName=NetD9_1 Pin=U5-13
Added Net: Name=NetD9_1
Added Pin To Net: NetName=NetD9_2 Pin=D9-2
Added Pin To Net: NetName=NetD9_2 Pin=D10-1
Added Net: Name=NetD9_2
Added Pin To Net: NetName=NetD10_2 Pin=D10-2
Added Pin To Net: NetName=NetD10_2 Pin=P3-1
Added Net: Name=NetD10_2
Added Pin To Net: NetName=NetD11_K Pin=P3-2
Added Pin To Net: NetName=NetD11_K Pin=R10-2
Added Pin To Net: NetName=NetD11_K Pin=R11-2
Added Net: Name=NetD11_K
Added Pin To Net: NetName=NetD13_1 Pin=D13-1
Added Pin To Net: NetName=NetD13_1 Pin=U6-13
Added Net: Name=NetD13_1
Added Pin To Net: NetName=NetD13_2 Pin=D13-2
Added Pin To Net: NetName=NetD13_2 Pin=D14-1
Added Net: Name=NetD13_2
Added Pin To Net: NetName=NetD16_1 Pin=R13-1
Added Net: Name=NetD16_1
Added Pin To Net: NetName=NetD16_2 Pin=R16-1
Added Pin To Net: NetName=NetD16_2 Pin=U5-15
Added Pin To Net: NetName=NetD16_2 Pin=U7-3
Added Net: Name=NetD16_2
Added Pin To Net: NetName=NetD17_K Pin=P5-2
Added Pin To Net: NetName=NetD17_K Pin=R15-2
Added Pin To Net: NetName=NetD17_K Pin=R18-2
Added Net: Name=NetD17_K
Added Pin To Net: NetName=NetD19_1 Pin=D19-1
Added Pin To Net: NetName=NetD19_1 Pin=U8-13
Added Net: Name=NetD19_1
Added Pin To Net: NetName=NetD19_2 Pin=D19-2
Added Pin To Net: NetName=NetD19_2 Pin=D20-1
Added Net: Name=NetD19_2
Added Pin To Net: NetName=NetD34_1 Pin=D34-1
Added Pin To Net: NetName=NetD34_1 Pin=U13-13
Added Net: Name=NetD34_1
Added Pin To Net: NetName=NetD35_2 Pin=D35-2
Added Pin To Net: NetName=NetD35_2 Pin=P7-1
Added Net: Name=NetD35_2
Added Pin To Net: NetName=NetD36_K Pin=P7-2
Added Pin To Net: NetName=NetD36_K Pin=R39-2
Added Pin To Net: NetName=NetD36_K Pin=R40-2
Added Net: Name=NetD36_K
Added Pin To Net: NetName=NetD40_1 Pin=D40-1
Added Pin To Net: NetName=NetD40_1 Pin=U15-13
Added Net: Name=NetD40_1
Added Pin To Net: NetName=NetD41_2 Pin=D41-2
Added Pin To Net: NetName=NetD41_2 Pin=P8-1
Added Net: Name=NetD41_2
Added Pin To Net: NetName=NetD42_K Pin=P8-2
Added Pin To Net: NetName=NetD42_K Pin=R46-2
Added Pin To Net: NetName=NetD42_K Pin=R47-2
Added Net: Name=NetD42_K
Added Pin To Net: NetName=NetD45_1 Pin=R49-1
Added Net: Name=NetD45_1
Added Pin To Net: NetName=NetD45_2 Pin=R51-1
Added Pin To Net: NetName=NetD45_2 Pin=U15-15
Added Pin To Net: NetName=NetD45_2 Pin=U16-3
Added Net: Name=NetD45_2
Added Pin To Net: NetName=NetL1_1 Pin=L1-1
Added Pin To Net: NetName=NetL1_1 Pin=XS1-4
Added Net: Name=NetL1_1
Added Pin To Net: NetName=NetR4_1 Pin=R4-1
Added Pin To Net: NetName=NetR4_1 Pin=U1-3
Added Net: Name=NetR4_1
Added Pin To Net: NetName=NetR10_1 Pin=R10-1
Added Pin To Net: NetName=NetR10_1 Pin=U5-11
Added Net: Name=NetR10_1
Added Pin To Net: NetName=NetR12_1 Pin=R12-1
Added Pin To Net: NetName=NetR12_1 Pin=U5-3
Added Net: Name=NetR12_1
Added Pin To Net: NetName=NetR22_1 Pin=R22-1
Added Pin To Net: NetName=NetR22_1 Pin=U9-2
Added Net: Name=NetR22_1
Added Pin To Net: NetName=NetR26_1 Pin=R26-1
Added Pin To Net: NetName=NetR26_1 Pin=U8-3
Added Net: Name=NetR26_1
Added Pin To Net: NetName=NetR28_1 Pin=R28-1
Added Pin To Net: NetName=NetR28_1 Pin=U10-2
Added Net: Name=NetR28_1
Added Pin To Net: NetName=NetR31_1 Pin=R31-1
Added Pin To Net: NetName=NetR31_1 Pin=U11-11
Added Net: Name=NetR31_1
Added Pin To Net: NetName=NetR36_1 Pin=R36-1
Added Pin To Net: NetName=NetR36_1 Pin=U12-2
Added Net: Name=NetR36_1
Added Pin To Net: NetName=NetR39_1 Pin=R39-1
Added Pin To Net: NetName=NetR39_1 Pin=U13-11
Added Net: Name=NetR39_1
Added Pin To Net: NetName=NetR50_1 Pin=R50-1
Added Pin To Net: NetName=NetR50_1 Pin=U16-2
Added Net: Name=NetR50_1
Added Member To Class: ClassName=driveII Member=Component C1 Cap
Added Member To Class: ClassName=driveII Member=Component C2 Cap Pol1
Added Member To Class: ClassName=driveII Member=Component C3 Cap
Added Member To Class: ClassName=driveII Member=Component C4 Cap Pol1
Added Member To Class: ClassName=driveII Member=Component C6 Cap Pol1
Added Member To Class: ClassName=driveII Member=Component C7 Cap Pol1
Added Member To Class: ClassName=driveII Member=Component C8 Cap
Added Member To Class: ClassName=driveII Member=Component C9 Cap Pol1
Added Member To Class: ClassName=driveII Member=Component C10 Cap Pol1
Added Member To Class: ClassName=driveII Member=Component C11 Cap Pol1
Added Member To Class: ClassName=driveII Member=Component C12 预留
Added Member To Class: ClassName=driveII Member=Component C13 预留
Added Member To Class: ClassName=driveII Member=Component C14 Cap
Added Member To Class: ClassName=driveII Member=Component C15 Cap
Added Member To Class: ClassName=driveII Member=Component C16 Cap
Added Member To Class: ClassName=driveII Member=Component C17 Cap Pol1
Added Member To Class: ClassName=driveII Member=Component C18 Cap Pol1
Added Member To Class: ClassName=driveII Member=Component C19 Cap
Added Member To Class: ClassName=driveII Member=Component C20 Cap Pol1
Added Member To Class: ClassName=driveII Member=Component C21 Cap Pol1
Added Member To Class: ClassName=driveII Member=Component C22 Cap Pol1
Added Member To Class: ClassName=driveII Member=Component C23 预留
Added Member To Class: ClassName=driveII Member=Component C24 预留
Added Member To Class: ClassName=driveII Member=Component C25 Cap
Added Member To Class: ClassName=driveII Member=Component C26 Cap Pol1
Added Member To Class: ClassName=driveII Member=Component C27 Cap
Added Member To Class: ClassName=driveII Member=Component C28 Cap Pol1
Added Member To Class: ClassName=driveII Member=Component C29 Cap Pol1
Added Member To Class: ClassName=driveII Member=Component C30 预留
Added Member To Class: ClassName=driveII Member=Component C31 Cap
Added Member To Class: ClassName=driveII Member=Component C32 Cap Pol1
Added Member To Class: ClassName=driveII Member=Component C33 预留
Added Member To Class: ClassName=driveII Member=Component C34 Cap
Added Member To Class: ClassName=driveII Member=Component C35 Cap Pol1
Added Member To Class: ClassName=driveII Member=Component C36 Cap Pol1
Added Member To Class: ClassName=driveII Member=Component C37 预留
Added Member To Class: ClassName=driveII Member=Component C38 预留
Added Member To Class: ClassName=driveII Member=Component C39 Cap
Added Member To Class: ClassName=driveIII Member=Component C40 Cap
Added Member To Class: ClassName=driveIII Member=Component C41 Cap Pol1
Added Member To Class: ClassName=driveIII Member=Component C42 Cap Pol1
Added Member To Class: ClassName=driveIII Member=Component C43 Cap
Added Member To Class: ClassName=driveIII Member=Component C44 Cap Pol1
Added Member To Class: ClassName=driveIII Member=Component C45 Cap Pol1
Added Member To Class: ClassName=driveIII Member=Component C46 预留
Added Member To Class: ClassName=driveIII Member=Component C47 预留
Added Member To Class: ClassName=driveIII Member=Component C48 Cap
Added Member To Class: ClassName=driveIII Member=Component C49 Cap
Added Member To Class: ClassName=driveIII Member=Component C50 Cap Pol1
Added Member To Class: ClassName=driveIII Member=Component C51 Cap Pol1
Added Member To Class: ClassName=driveIII Member=Component C52 Cap Pol1
Added Member To Class: ClassName=driveIII Member=Component C53 预留
Added Member To Class: ClassName=driveIII Member=Component C54 预留
Added Member To Class: ClassName=driveIII Member=Component C55 Cap
Added Member To Class: ClassName=driveIII Member=Component C56 Cap
Added Member To Class: ClassName=driveIII Member=Component C57 Cap Pol1
Added Member To Class: ClassName=driveIII Member=Component C58 Cap Pol1
Added Member To Class: ClassName=driveIII Member=Component C59 Cap Pol1
Added Member To Class: ClassName=driveIII Member=Component C60 预留
Added Member To Class: ClassName=driveIII Member=Component C61 预留
Added Member To Class: ClassName=driveIII Member=Component C62 Cap
Added Member To Class: ClassName=driveIII Member=Component C66 Cap Pol1
Added Member To Class: ClassName=driveIII Member=Component C67 Cap
Added Member To Class: ClassName=driveIII Member=Component C84 Cap Pol1
Added Member To Class: ClassName=driveIII Member=Component C85 Cap
Added Member To Class: ClassName=driveII Member=Component D1 FR107
Added Member To Class: ClassName=driveII Member=Component D2 FR107
Added Member To Class: ClassName=driveII Member=Component D3 1.5KE18CA
Added Member To Class: ClassName=driveII Member=Component D4 1N4751
Added Member To Class: ClassName=driveII Member=Component D5 Diode 1N4007
Added Member To Class: ClassName=driveII Member=Component D6 Diode 1N4007
Added Member To Class: ClassName=driveII Member=Component D7 LED
Added Member To Class: ClassName=driveII Member=Component D8 Diode 1N4007
Added Member To Class: ClassName=driveII Member=Component D9 FR107
Added Member To Class: ClassName=driveII Member=Component D10 FR107
Added Member To Class: ClassName=driveII Member=Component D11 1.5KE18CA
Added Member To Class: ClassName=driveII Member=Component D12 1N4751
Added Member To Class: ClassName=driveII Member=Component D13 FR107
Added Member To Class: ClassName=driveII Member=Component D14 FR107
Added Member To Class: ClassName=driveII Member=Component D15 Diode 1N4007
Added Member To Class: ClassName=driveII Member=Component D16 LED
Added Member To Class: ClassName=driveII Member=Component D17 1.5KE18CA
Added Member To Class: ClassName=driveII Member=Component D18 1N4751
Added Member To Class: ClassName=driveII Member=Component D19 FR107
Added Member To Class: ClassName=driveII Member=Component D20 FR107
Added Member To Class: ClassName=driveII Member=Component D21 Diode 1N4007
Added Member To Class: ClassName=driveII Member=Component D22 1.5KE18CA
Added Member To Class: ClassName=driveII Member=Component D23 1N4751
Added Member To Class: ClassName=driveII Member=Component D24 LED
Added Member To Class: ClassName=driveII Member=Component D25 Diode 1N4007
Added Member To Class: ClassName=driveII Member=Component D26 LED
Added Member To Class: ClassName=driveIII Member=Component D27 FR107
Added Member To Class: ClassName=driveIII Member=Component D28 FR107
Added Member To Class: ClassName=driveIII Member=Component D29 1.5KE18CA
Added Member To Class: ClassName=driveIII Member=Component D30 1N4751
Added Member To Class: ClassName=driveIII Member=Component D32 Diode 1N4007
Added Member To Class: ClassName=driveIII Member=Component D33 LED
Added Member To Class: ClassName=driveIII Member=Component D34 FR107
Added Member To Class: ClassName=driveIII Member=Component D35 FR107
Added Member To Class: ClassName=driveIII Member=Component D36 1.5KE18CA
Added Member To Class: ClassName=driveIII Member=Component D37 1N4751
Added Member To Class: ClassName=driveIII Member=Component D38 Diode 1N4007
Added Member To Class: ClassName=driveIII Member=Component D39 LED
Added Member To Class: ClassName=driveIII Member=Component D40 FR107
Added Member To Class: ClassName=driveIII Member=Component D41 FR107
Added Member To Class: ClassName=driveIII Member=Component D42 1.5KE18CA
Added Member To Class: ClassName=driveIII Member=Component D43 1N4751
Added Member To Class: ClassName=driveIII Member=Component D44 Diode 1N4007
Added Member To Class: ClassName=driveIII Member=Component D45 LED
Added Member To Class: ClassName=driveIII Member=Component F1 Fuse 1　２Ａ？
Added Member To Class: ClassName=driveIII Member=Component L1 BLM21PG221SN
Added Member To Class: ClassName=driveII Member=Component P2 Header 3
Added Member To Class: ClassName=driveII Member=Component P3 Header 3
Added Member To Class: ClassName=driveII Member=Component P4 Header 3
Added Member To Class: ClassName=driveII Member=Component P5 Header 3
Added Member To Class: ClassName=driveIII Member=Component P6 Header 3
Added Member To Class: ClassName=driveIII Member=Component P7 Header 3
Added Member To Class: ClassName=driveIII Member=Component P8 Header 3
Added Member To Class: ClassName=driveII Member=Component R1 5R
Added Member To Class: ClassName=driveII Member=Component R2 10K
Added Member To Class: ClassName=driveII Member=Component R3 Res2
Added Member To Class: ClassName=driveII Member=Component R4 100R
Added Member To Class: ClassName=driveII Member=Component R5 Res2
Added Member To Class: ClassName=driveII Member=Component R6 Res2
Added Member To Class: ClassName=driveII Member=Component R7 预留
Added Member To Class: ClassName=driveII Member=Component R8 Res2
Added Member To Class: ClassName=driveII Member=Component R9 Res2
Added Member To Class: ClassName=driveII Member=Component R10 5R
Added Member To Class: ClassName=driveII Member=Component R11 10K or更大？33k？
Added Member To Class: ClassName=driveII Member=Component R12 Res2
Added Member To Class: ClassName=driveII Member=Component R13 Res2
Added Member To Class: ClassName=driveII Member=Component R14 Res2
Added Member To Class: ClassName=driveII Member=Component R15 5R
Added Member To Class: ClassName=driveII Member=Component R16 预留
Added Member To Class: ClassName=driveII Member=Component R17 Res2
Added Member To Class: ClassName=driveII Member=Component R18 10K or更大？33k？
Added Member To Class: ClassName=driveII Member=Component R19 5R
Added Member To Class: ClassName=driveII Member=Component R20 Res2
Added Member To Class: ClassName=driveII Member=Component R21 Res2
Added Member To Class: ClassName=driveII Member=Component R22 Res2
Added Member To Class: ClassName=driveII Member=Component R23 10K or更大？33k？
Added Member To Class: ClassName=driveII Member=Component R24 预留
Added Member To Class: ClassName=driveII Member=Component R25 Res2
Added Member To Class: ClassName=driveII Member=Component R26 Res2
Added Member To Class: ClassName=driveII Member=Component R27 Res2
Added Member To Class: ClassName=driveII Member=Component R28 Res2
Added Member To Class: ClassName=driveII Member=Component R29 预留
Added Member To Class: ClassName=driveII Member=Component R30 Res2
Added Member To Class: ClassName=driveIII Member=Component R31 5R
Added Member To Class: ClassName=driveIII Member=Component R32 10K or更大？33k？
Added Member To Class: ClassName=driveIII Member=Component R33 Res2
Added Member To Class: ClassName=driveIII Member=Component R35 Res2
Added Member To Class: ClassName=driveIII Member=Component R36 Res2
Added Member To Class: ClassName=driveIII Member=Component R37 预留
Added Member To Class: ClassName=driveIII Member=Component R38 Res2
Added Member To Class: ClassName=driveIII Member=Component R39 5R
Added Member To Class: ClassName=driveIII Member=Component R40 10K or更大？33k？
Added Member To Class: ClassName=driveIII Member=Component R41 Res2
Added Member To Class: ClassName=driveIII Member=Component R42 Res2
Added Member To Class: ClassName=driveIII Member=Component R43 Res2
Added Member To Class: ClassName=driveIII Member=Component R44 预留
Added Member To Class: ClassName=driveIII Member=Component R45 Res2
Added Member To Class: ClassName=driveIII Member=Component R46 5R
Added Member To Class: ClassName=driveIII Member=Component R47 10K or更大？33k？
Added Member To Class: ClassName=driveIII Member=Component R48 Res2
Added Member To Class: ClassName=driveIII Member=Component R49 Res2
Added Member To Class: ClassName=driveIII Member=Component R50 Res2
Added Member To Class: ClassName=driveIII Member=Component R51 预留
Added Member To Class: ClassName=driveIII Member=Component R52 Res2
Added Member To Class: ClassName=driveII Member=Component U2 L7815CV
Added Member To Class: ClassName=driveII Member=Component U5 QP12W05KS-37
Added Member To Class: ClassName=driveII Member=Component U7 TLP550
Added Member To Class: ClassName=driveII Member=Component U8 QP12W05KS-37
Added Member To Class: ClassName=driveII Member=Component U9 TLP550
Added Member To Class: ClassName=driveII Member=Component U10 TLP550
Added Member To Class: ClassName=driveIII Member=Component U12 TLP550
Added Member To Class: ClassName=driveIII Member=Component U14 TLP550
Added Member To Class: ClassName=driveIII Member=Component U16 TLP550
Added Member To Class: ClassName=driveIII Member=Component XS1 24V in
Change Room Name: Old Name=main New Name=driveIII
Change Room Scope: Old Scope=InComponentClass('main') New Scope=InComponentClass('driveIII')
Added Room: Name=driveII
