Removed Pin From Net: NetName=+15V Pin=U5-1
Removed Pin From Net: NetName=GND Pin=U5-2
Removed Pin From Net: NetName=NetR12_1 Pin=U5-3
Removed Pin From Net: NetName=NetC21_1 Pin=U5-8
Removed Pin From Net: NetName=NetC21_2 Pin=U5-9
Removed Pin From Net: NetName=NetC22_2 Pin=U5-10
Removed Pin From Net: NetName=NetR10_1 Pin=U5-11
Removed Pin From Net: NetName=NetC21_1 Pin=U5-12
Removed Pin From Net: NetName=NetD9_1 Pin=U5-13
Removed Pin From Net: NetName=NetC24_2 Pin=U5-14
Removed Pin From Net: NetName=NetD16_2 Pin=U5-15
Removed Pin From Net: NetName=NetC23_2 Pin=U5-16
Removed Pin From Net: NetName=+15V Pin=U6-1
Removed Pin From Net: NetName=GND Pin=U6-2
Removed Pin From Net: NetName=NetR20_1 Pin=U6-3
Removed Pin From Net: NetName=NetC28_1 Pin=U6-8
Removed Pin From Net: NetName=NetC28_2 Pin=U6-9
Removed Pin From Net: NetName=NetC29_2 Pin=U6-10
Removed Pin From Net: NetName=NetR15_1 Pin=U6-11
Removed Pin From Net: NetName=NetC28_1 Pin=U6-12
Removed Pin From Net: NetName=NetD13_1 Pin=U6-13
Removed Pin From Net: NetName=NetC33_2 Pin=U6-14
Removed Pin From Net: NetName=NetD24_2 Pin=U6-15
Removed Pin From Net: NetName=NetC30_2 Pin=U6-16
Removed Pin From Net: NetName=+15V Pin=U11-1
Removed Pin From Net: NetName=GND Pin=U11-2
Removed Pin From Net: NetName=NetR33_1 Pin=U11-3
Removed Pin From Net: NetName=NetC44_1 Pin=U11-8
Removed Pin From Net: NetName=NetC44_2 Pin=U11-9
Removed Pin From Net: NetName=NetC45_2 Pin=U11-10
Removed Pin From Net: NetName=NetR31_1 Pin=U11-11
Removed Pin From Net: NetName=NetC44_1 Pin=U11-12
Removed Pin From Net: NetName=NetD27_1 Pin=U11-13
Removed Pin From Net: NetName=NetC47_2 Pin=U11-14
Removed Pin From Net: NetName=NetD33_2 Pin=U11-15
Removed Pin From Net: NetName=NetC46_2 Pin=U11-16
Added Component: Designator=U5(QP12W05KS37)
Added Component: Designator=U6(QP12W05KS37)
Added Component: Designator=U11(QP12W05KS37)
Added Pin To Net: NetName=+15V Pin=U5-1
Added Pin To Net: NetName=GND Pin=U5-2
Added Pin To Net: NetName=NetR12_1 Pin=U5-3
Added Pin To Net: NetName=NetC21_1 Pin=U5-8
Added Pin To Net: NetName=NetC21_2 Pin=U5-9
Added Pin To Net: NetName=NetC22_2 Pin=U5-10
Added Pin To Net: NetName=NetR10_1 Pin=U5-11
Added Pin To Net: NetName=NetC21_1 Pin=U5-12
Added Pin To Net: NetName=NetD9_1 Pin=U5-13
Added Pin To Net: NetName=NetC24_2 Pin=U5-14
Added Pin To Net: NetName=NetD16_2 Pin=U5-15
Added Pin To Net: NetName=NetC23_2 Pin=U5-16
Added Pin To Net: NetName=+15V Pin=U6-1
Added Pin To Net: NetName=GND Pin=U6-2
Added Pin To Net: NetName=NetR20_1 Pin=U6-3
Added Pin To Net: NetName=NetC28_1 Pin=U6-8
Added Pin To Net: NetName=NetC28_2 Pin=U6-9
Added Pin To Net: NetName=NetC29_2 Pin=U6-10
Added Pin To Net: NetName=NetR15_1 Pin=U6-11
Added Pin To Net: NetName=NetC28_1 Pin=U6-12
Added Pin To Net: NetName=NetD13_1 Pin=U6-13
Added Pin To Net: NetName=NetC33_2 Pin=U6-14
Added Pin To Net: NetName=NetD24_2 Pin=U6-15
Added Pin To Net: NetName=NetC30_2 Pin=U6-16
Added Pin To Net: NetName=+15V Pin=U11-1
Added Pin To Net: NetName=GND Pin=U11-2
Added Pin To Net: NetName=NetR33_1 Pin=U11-3
Added Pin To Net: NetName=NetC44_1 Pin=U11-8
Added Pin To Net: NetName=NetC44_2 Pin=U11-9
Added Pin To Net: NetName=NetC45_2 Pin=U11-10
Added Pin To Net: NetName=NetR31_1 Pin=U11-11
Added Pin To Net: NetName=NetC44_1 Pin=U11-12
Added Pin To Net: NetName=NetD27_1 Pin=U11-13
Added Pin To Net: NetName=NetC47_2 Pin=U11-14
Added Pin To Net: NetName=NetD33_2 Pin=U11-15
Added Pin To Net: NetName=NetC46_2 Pin=U11-16
Added Member To Class: ClassName=driveII Member=Component U6 QP12W05KS-37
