Change Component Designator: Old Designator=C? New Designator=C121
Change Component Designator: Old Designator=C? New Designator=C122
Change Component Designator: Old Designator=C? New Designator=C123
Change Component Designator: Old Designator=C? New Designator=C124
Change Component Designator: Old Designator=C? New Designator=C125
Change Component Designator: Old Designator=C? New Designator=C126
Change Component Designator: Old Designator=C? New Designator=C127
Change Component Designator: Old Designator=C? New Designator=C128
Change Component Designator: Old Designator=C? New Designator=C129
Change Component Designator: Old Designator=C? New Designator=C130
Change Component Designator: Old Designator=C? New Designator=C131
Change Component Designator: Old Designator=C? New Designator=C132
Change Component Designator: Old Designator=C? New Designator=C133
Change Component Designator: Old Designator=C? New Designator=C134
Change Component Designator: Old Designator=C? New Designator=C135
Change Component Designator: Old Designator=C? New Designator=C136
Change Component Designator: Old Designator=C? New Designator=C137
Change Component Designator: Old Designator=C? New Designator=C138
Change Component Designator: Old Designator=C? New Designator=C139
Change Component Designator: Old Designator=C? New Designator=C140
Change Component Designator: Old Designator=C? New Designator=C141
Change Component Designator: Old Designator=C? New Designator=C142
Change Component Designator: Old Designator=C? New Designator=C143
Change Component Designator: Old Designator=C? New Designator=C144
Change Component Designator: Old Designator=C? New Designator=C145
Change Component Designator: Old Designator=C? New Designator=C146
Change Component Designator: Old Designator=C? New Designator=C147
Change Component Designator: Old Designator=C? New Designator=C148
Change Component Designator: Old Designator=C? New Designator=C149
Change Component Designator: Old Designator=C? New Designator=C150
Change Component Designator: Old Designator=C? New Designator=C151
Change Component Designator: Old Designator=C? New Designator=C152
Change Component Designator: Old Designator=C? New Designator=C153
Change Component Designator: Old Designator=C? New Designator=C154
Change Component Designator: Old Designator=C? New Designator=C155
Change Component Designator: Old Designator=C? New Designator=C156
Change Component Designator: Old Designator=P? New Designator=P9
Change Component Designator: Old Designator=R? New Designator=R128
Change Component Designator: Old Designator=R? New Designator=R129
Change Component Designator: Old Designator=R? New Designator=R130
Change Component Designator: Old Designator=U? New Designator=U56
Change Component Designator: Old Designator=u? New Designator=u57
Change Component Designator: Old Designator=U? New Designator=U58
Change Component Designator: Old Designator=U? New Designator=U59
Change Component Designator: Old Designator=U? New Designator=U60
Change Component Designator: Old Designator=U? New Designator=U61
Change Component Designator: Old Designator=U? New Designator=U62
Change Component Designator: Old Designator=Y? New Designator=Y1
