Added Component: Designator=C3(1206)
Added Component: Designator=C4(7343)
Added Component: Designator=C5(7343)
Added Component: Designator=C6(1206)
Added Component: Designator=C15(1206)
Added Component: Designator=C16(1206)
Added Component: Designator=C17(1206)
Added Component: Designator=C18(1206)
Added Component: Designator=C19(1206)
Added Component: Designator=C20(1206)
Added Component: Designator=C21(1206)
Added Component: Designator=C22(1206)
Added Component: Designator=C23(1206)
Added Component: Designator=C24(1206)
Added Component: Designator=C25(1206)
Added Component: Designator=C26(1206)
Added Component: Designator=C27(1206)
Added Component: Designator=C28(1206)
Added Component: Designator=C29(1206)
Added Component: Designator=C30(1206)
Added Component: Designator=C31(1206)
Added Component: Designator=C32(1206)
Added Component: Designator=C33(1206)
Added Component: Designator=C34(1206)
Added Component: Designator=C35(1206)
Added Component: Designator=C36(1206)
Added Component: Designator=C37(1206)
Added Component: Designator=C38(1206)
Added Component: Designator=C39(1206)
Added Component: Designator=C40(1206)
Added Component: Designator=C41(1206)
Added Component: Designator=C42(1206)
Added Component: Designator=C43(1206)
Added Component: Designator=C44(1206)
Added Component: Designator=C45(1206)
Added Component: Designator=C46(7343)
Added Component: Designator=C47(1206)
Added Component: Designator=C48(1206)
Added Component: Designator=C49(7343)
Added Component: Designator=C50(1206)
Added Component: Designator=C51(7343)
Added Component: Designator=C52(1206)
Added Component: Designator=C53(1206)
Added Component: Designator=C54(1206)
Added Component: Designator=C55(1206)
Added Component: Designator=C56(1206)
Added Component: Designator=C59(1206)
Added Component: Designator=C60(1206)
Added Component: Designator=C61(1206)
Added Component: Designator=C62(1206)
Added Component: Designator=C63(1206)
Added Component: Designator=C64(1206)
Added Component: Designator=C70(1206)
Added Component: Designator=C71(1206)
Added Component: Designator=C72(1206)
Added Component: Designator=C76(1206)
Added Component: Designator=C77(7343)
Added Component: Designator=C78(1206)
Added Component: Designator=C79(7343)
Added Component: Designator=C80(1206)
Added Component: Designator=C81(1206)
Added Component: Designator=C84(1206)
Added Component: Designator=C85(1206)
Added Component: Designator=C86(7343)
Added Component: Designator=C87(7343)
Added Component: Designator=C88(1206)
Added Component: Designator=C89(1206)
Added Component: Designator=C90(7343)
Added Component: Designator=C91(7343)
Added Component: Designator=C92(7343)
Added Component: Designator=C93(7343)
Added Component: Designator=C94(1206)
Added Component: Designator=C95(1206)
Added Component: Designator=C96(1206)
Added Component: Designator=C97(1206)
Added Component: Designator=C98(7343)
Added Component: Designator=C99(1206)
Added Component: Designator=C100(7343)
Added Component: Designator=C101(1206)
Added Component: Designator=C102(7343)
Added Component: Designator=C103(1206)
Added Component: Designator=C104(7343)
Added Component: Designator=C105(1206)
Added Component: Designator=C106(7343)
Added Component: Designator=C107(1206)
Added Component: Designator=C108(7343)
Added Component: Designator=C109(1206)
Added Component: Designator=C110(7343)
Added Component: Designator=C111(1206)
Added Component: Designator=C112(7343)
Added Component: Designator=C113(7343)
Added Component: Designator=C114(1206)
Added Component: Designator=C115(1206)
Added Component: Designator=C116(7343)
Added Component: Designator=C117(7343)
Added Component: Designator=C118(1206)
Added Component: Designator=C121(7343)
Added Component: Designator=C122(7343)
Added Component: Designator=C123(7343)
Added Component: Designator=C124(1206)
Added Component: Designator=C125(1206)
Added Component: Designator=C126(1206)
Added Component: Designator=C127(1206)
Added Component: Designator=C128(1206)
Added Component: Designator=C129(1206)
Added Component: Designator=C130(7343)
Added Component: Designator=C131(1206)
Added Component: Designator=C132(7343)
Added Component: Designator=C133(1206)
Added Component: Designator=C134(7343)
Added Component: Designator=C135(1206)
Added Component: Designator=C136(1206)
Added Component: Designator=C137(1206)
Added Component: Designator=C138(1206)
Added Component: Designator=C141(1206)
Added Component: Designator=C142(7343)
Added Component: Designator=C143(1206)
Added Component: Designator=C144(1206)
Added Component: Designator=C145(1206)
Added Component: Designator=C146(1206)
Added Component: Designator=C?(1206)
Added Component: Designator=CON4(HDR1X8)
Added Component: Designator=CON5(SIP4)
Added Component: Designator=CON7(SIP10)
Added Component: Designator=CON8(SIP5)
Added Component: Designator=CON9(SIP5)
Added Component: Designator=CON12(SIP4)
Added Component: Designator=CON13(SIP3)
Added Component: Designator=CON14(SIP3)
Added Component: Designator=CON15(SIP6)
Added Component: Designator=CON16(SIP8)
Added Component: Designator=CON18(SIP3)
Added Component: Designator=CON19A(SIP3)
Added Component: Designator=CON19B(SIP3)
Added Component: Designator=CON19C(SIP3)
Added Component: Designator=D1(SOD-80/MLL34)
Added Component: Designator=D2(SOD-80/MLL34)
Added Component: Designator=D3(SOD-80/MLL34)
Added Component: Designator=D4(SOD-80/MLL34)
Added Component: Designator=D5(SOD-80/MLL34)
Added Component: Designator=D6(SOD-80/MLL34)
Added Component: Designator=D7(SOD-80/MLL34)
Added Component: Designator=D8(SOD-80/MLL34)
Added Component: Designator=D15(SMA)
Added Component: Designator=D16(SMA)
Added Component: Designator=D17(SMA)
Added Component: Designator=D18(SMA)
Added Component: Designator=D21(SOD-80/MLL34)
Added Component: Designator=D22(SOD-80/MLL34)
Added Component: Designator=D23(SOD-80/MLL34)
Added Component: Designator=D24(SOD-80/MLL34)
Added Component: Designator=D25(SOD-80/MLL34)
Added Component: Designator=D26(SOD-80/MLL34)
Added Component: Designator=D27(SMA)
Added Component: Designator=D28(SMA)
Added Component: Designator=D32(SMA)
Added Component: Designator=D33(SMA)
Added Component: Designator=D34(SOD-80/MLL34)
Added Component: Designator=D35(SOD-80/MLL34)
Added Component: Designator=D36(SOD-80/MLL34)
Added Component: Designator=D37(SOD-80/MLL34)
Added Component: Designator=K1(DIP-P4)
Added Component: Designator=L1(2012)
Added Component: Designator=L3(2012)
Added Component: Designator=L4(2012)
Added Component: Designator=L5(2012)
Added Component: Designator=L6(2012)
Added Component: Designator=L7(2012)
Added Component: Designator=L8(2012)
Added Component: Designator=L9(2012)
Added Component: Designator=L10(2012)
Added Component: Designator=L11(2012)
Added Component: Designator=L12(2012)
Added Component: Designator=L13(2012)
Added Component: Designator=L14(2012)
Added Component: Designator=L15(2012)
Added Component: Designator=L16(2012)
Added Component: Designator=L17(2012)
Added Component: Designator=L18(2012)
Added Component: Designator=P?(SIP4)
Added Component: Designator=P?(SIP8)
Added Component: Designator=P?(SIP3)
Added Component: Designator=P?(SIP3)
Added Component: Designator=P?(SIP3)
Added Component: Designator=PS1(DIP24)
Added Component: Designator=PS4(DIP24)
Added Component: Designator=R1(1206)
Added Component: Designator=R2(1206)
Added Component: Designator=R3(1206)
Added Component: Designator=R4(1206)
Added Component: Designator=R5(1206)
Added Component: Designator=R6(1206)
Added Component: Designator=R7(1206)
Added Component: Designator=R8(1206)
Added Component: Designator=R9(1206)
Added Component: Designator=R10(1206)
Added Component: Designator=R11(1206)
Added Component: Designator=R12(1206)
Added Component: Designator=R13(1206)
Added Component: Designator=R14(1206)
Added Component: Designator=R15(1206)
Added Component: Designator=R16(1206)
Added Component: Designator=R17(1206)
Added Component: Designator=R18(1206)
Added Component: Designator=R19(1206)
Added Component: Designator=R20(1206)
Added Component: Designator=R21(1206)
Added Component: Designator=R22(1206)
Added Component: Designator=R23(1206)
Added Component: Designator=R24(1206)
Added Component: Designator=R25(1206)
Added Component: Designator=R26(1206)
Added Component: Designator=R27(1206)
Added Component: Designator=R28(1206)
Added Component: Designator=R29(1206)
Added Component: Designator=R30(1206)
Added Component: Designator=R31(1206)
Added Component: Designator=R32(1206)
Added Component: Designator=R33(1206)
Added Component: Designator=R34(1206)
Added Component: Designator=R37(1206)
Added Component: Designator=R38(1206)
Added Component: Designator=R41(1206)
Added Component: Designator=R42(1206)
Added Component: Designator=R43(1206)
Added Component: Designator=R44(1206)
Added Component: Designator=R45(1206)
Added Component: Designator=R46(1206)
Added Component: Designator=R47(1206)
Added Component: Designator=R48(1206)
Added Component: Designator=R49(1206)
Added Component: Designator=R50(1206)
Added Component: Designator=R51(1206)
Added Component: Designator=R52(1206)
Added Component: Designator=R53(1206)
Added Component: Designator=R54(1206)
Added Component: Designator=R59(1206)
Added Component: Designator=R60(1206)
Added Component: Designator=R61(1206)
Added Component: Designator=R62(1206)
Added Component: Designator=R63(1206)
Added Component: Designator=R64(1206)
Added Component: Designator=R65(1206)
Added Component: Designator=R66(1206)
Added Component: Designator=R67(1206)
Added Component: Designator=R84(1206)
Added Component: Designator=R85(1206)
Added Component: Designator=R86(1206)
Added Component: Designator=R87(1206)
Added Component: Designator=R88(1206)
Added Component: Designator=R89(1206)
Added Component: Designator=R90(1206)
Added Component: Designator=R91(1206)
Added Component: Designator=R92(1206)
Added Component: Designator=R93(1206)
Added Component: Designator=R94(1206)
Added Component: Designator=R95(1206)
Added Component: Designator=R96(1206)
Added Component: Designator=R97(1206)
Added Component: Designator=R98(1206)
Added Component: Designator=R99(1206)
Added Component: Designator=R100(1206)
Added Component: Designator=R101(1206)
Added Component: Designator=R102(1206)
Added Component: Designator=R103(1206)
Added Component: Designator=R104(1206)
Added Component: Designator=R105(1206)
Added Component: Designator=R106(1206)
Added Component: Designator=R107(1206)
Added Component: Designator=R108(1206)
Added Component: Designator=R109(1206)
Added Component: Designator=R110(1206)
Added Component: Designator=R111(1206)
Added Component: Designator=R114(1206)
Added Component: Designator=R115(1206)
Added Component: Designator=R116(1206)
Added Component: Designator=R117(1206)
Added Component: Designator=R118(1206)
Added Component: Designator=R119(1206)
Added Component: Designator=R120(1206)
Added Component: Designator=R121(1206)
Added Component: Designator=R122(1206)
Added Component: Designator=R123(1206)
Added Component: Designator=R124(1206)
Added Component: Designator=R125(1206)
Added Component: Designator=R126(1206)
Added Component: Designator=R127(1206)
Added Component: Designator=R128(1206)
Added Component: Designator=R129(1206)
Added Component: Designator=R130(1206)
Added Component: Designator=R131(1206)
Added Component: Designator=R132(1206)
Added Component: Designator=R133(1206)
Added Component: Designator=R134(1206)
Added Component: Designator=R135(1206)
Added Component: Designator=R136(1206)
Added Component: Designator=R137(1206)
Added Component: Designator=R138(1206)
Added Component: Designator=R139(1206)
Added Component: Designator=R140(1206)
Added Component: Designator=R141(1206)
Added Component: Designator=R142(1206)
Added Component: Designator=R143(1206)
Added Component: Designator=R150(1206)
Added Component: Designator=R151(1206)
Added Component: Designator=R152(1206)
Added Component: Designator=R153(1206)
Added Component: Designator=R154(1206)
Added Component: Designator=R155(1206)
Added Component: Designator=R156(1206)
Added Component: Designator=R157(1206)
Added Component: Designator=R158(1206)
Added Component: Designator=TVS1(SMA)
Added Component: Designator=TVS2(SMA)
Added Component: Designator=TVS3(SMA)
Added Component: Designator=TVS4(SMA)
Added Component: Designator=TVS5(SMA)
Added Component: Designator=TVS6(SMA)
Added Component: Designator=U1(SO-8)
Added Component: Designator=U2(SO-8)
Added Component: Designator=U3(SO-8)
Added Component: Designator=U4(SOP254P1230X400-8N)
Added Component: Designator=U5(SOP254P1230X400-8N)
Added Component: Designator=U6(SOP254P1230X400-8N)
Added Component: Designator=U7(SO-8)
Added Component: Designator=U8(SO-8)
Added Component: Designator=U9(SO-8)
Added Component: Designator=U10(SO-8)
Added Component: Designator=U11(SOP254P1230X400-8N)
Added Component: Designator=U12(SOP254P1230X400-8N)
Added Component: Designator=U13(SO-8)
Added Component: Designator=U14(DIP4)
Added Component: Designator=U15(DIP4)
Added Component: Designator=U18(DIP4)
Added Component: Designator=U19(DIP4)
Added Component: Designator=U20(DIP4)
Added Component: Designator=U21(DIP4)
Added Component: Designator=U24(DIP-8N)
Added Component: Designator=U25(DIP-8N)
Added Component: Designator=U26(DIP-8N)
Added Component: Designator=U27(DIP4)
Added Component: Designator=U28(DIP4)
Added Component: Designator=U30(DIP-8N)
Added Component: Designator=U31(DIP-8N)
Added Component: Designator=U32(DIP-8N)
Added Component: Designator=U33(SO-8)
Added Component: Designator=U34(DIP-8N)
Added Component: Designator=U35(DIP-8N)
Added Component: Designator=U36(SO-8)
Added Component: Designator=U37(DIP-8N)
Added Component: Designator=U38(DIP-8N)
Added Component: Designator=U39(DIP-8N)
Added Component: Designator=U40(DIP-8N)
Added Component: Designator=U41(SO20_M)
Added Component: Designator=U42(SO-8)
Added Component: Designator=U43(SO-8)
Added Component: Designator=U44(MP04A_N)
Added Component: Designator=U48(DIP-8N)
Added Component: Designator=U49(DIP-8N)
Added Component: Designator=U50(DIP-8N)
Added Component: Designator=U51(DIP-8N)
Added Component: Designator=U52(DIP-8N)
Added Component: Designator=U53(DIP-8N)
Added Component: Designator=U54(DIP-8N)
Added Component: Designator=U55(318E-04)
Added Component: Designator=U56(DIP-8N)
Added Component: Designator=U57(DIP-8N)
Added Component: Designator=U58(DIP-8N)
Added Component: Designator=U59(DIP-8N)
Added Component: Designator=VT1(SOT23)
Added Component: Designator=VT2(SOT23)
Added Pin To Net: NetName=+3.3V Pin=C142-1
Added Pin To Net: NetName=+3.3V Pin=C?-2
Added Pin To Net: NetName=+3.3V Pin=U44-2
Added Net: Name=+3.3V
Added Pin To Net: NetName=+5V_COM Pin=C76-2
Added Pin To Net: NetName=+5V_COM Pin=C81-2
Added Pin To Net: NetName=+5V_COM Pin=C89-2
Added Pin To Net: NetName=+5V_COM Pin=C100-1
Added Pin To Net: NetName=+5V_COM Pin=C101-2
Added Pin To Net: NetName=+5V_COM Pin=L6-1
Added Pin To Net: NetName=+5V_COM Pin=L12-2
Added Pin To Net: NetName=+5V_COM Pin=R98-2
Added Pin To Net: NetName=+5V_COM Pin=R99-2
Added Pin To Net: NetName=+5V_COM Pin=R100-2
Added Pin To Net: NetName=+5V_COM Pin=R101-1
Added Pin To Net: NetName=+5V_COM Pin=R106-1
Added Pin To Net: NetName=+5V_COM Pin=R107-2
Added Pin To Net: NetName=+5V_COM Pin=R124-2
Added Pin To Net: NetName=+5V_COM Pin=R125-1
Added Pin To Net: NetName=+5V_COM Pin=U30-6
Added Pin To Net: NetName=+5V_COM Pin=U30-8
Added Pin To Net: NetName=+5V_COM Pin=U32-8
Added Pin To Net: NetName=+5V_COM Pin=U33-8
Added Pin To Net: NetName=+5V_COM Pin=U35-8
Added Pin To Net: NetName=+5V_COM Pin=U36-3
Added Pin To Net: NetName=+5V_COM Pin=U37-8
Added Pin To Net: NetName=+5V_COM Pin=U38-8
Added Pin To Net: NetName=+5V_COM Pin=U39-8
Added Pin To Net: NetName=+5V_COM Pin=U41-1
Added Pin To Net: NetName=+5V_COM Pin=U41-20
Added Net: Name=+5V_COM
Added Pin To Net: NetName=+5V Pin=C93-1
Added Pin To Net: NetName=+5V Pin=C97-2
Added Pin To Net: NetName=+5V Pin=C98-1
Added Pin To Net: NetName=+5V Pin=C99-2
Added Pin To Net: NetName=+5V Pin=C141-2
Added Pin To Net: NetName=+5V Pin=L8-2
Added Pin To Net: NetName=+5V Pin=PS1-22
Added Pin To Net: NetName=+5V Pin=PS1-23
Added Pin To Net: NetName=+5V Pin=R87-1
Added Pin To Net: NetName=+5V Pin=R88-1
Added Pin To Net: NetName=+5V Pin=R89-1
Added Pin To Net: NetName=+5V Pin=R90-1
Added Pin To Net: NetName=+5V Pin=R91-1
Added Pin To Net: NetName=+5V Pin=R92-1
Added Pin To Net: NetName=+5V Pin=R93-1
Added Pin To Net: NetName=+5V Pin=U44-3
Added Net: Name=+5V
Added Pin To Net: NetName=+10V Pin=C5-1
Added Pin To Net: NetName=+10V Pin=C6-2
Added Pin To Net: NetName=+10V Pin=L17-2
Added Net: Name=+10V
Added Pin To Net: NetName=+12V_POS Pin=C108-1
Added Pin To Net: NetName=+12V_POS Pin=C109-2
Added Pin To Net: NetName=+12V_POS Pin=CON8-5
Added Pin To Net: NetName=+12V_POS Pin=D21-2
Added Pin To Net: NetName=+12V_POS Pin=D23-2
Added Pin To Net: NetName=+12V_POS Pin=D25-2
Added Pin To Net: NetName=+12V_POS Pin=L13-2
Added Pin To Net: NetName=+12V_POS Pin=U24-2
Added Pin To Net: NetName=+12V_POS Pin=U25-2
Added Pin To Net: NetName=+12V_POS Pin=U26-2
Added Net: Name=+12V_POS
Added Pin To Net: NetName=+15_AI Pin=D3-2
Added Net: Name=+15_AI
Added Pin To Net: NetName=+15V_AI Pin=C3-2
Added Pin To Net: NetName=+15V_AI Pin=C18-1
Added Pin To Net: NetName=+15V_AI Pin=C20-1
Added Pin To Net: NetName=+15V_AI Pin=C22-1
Added Pin To Net: NetName=+15V_AI Pin=C42-1
Added Pin To Net: NetName=+15V_AI Pin=C112-1
Added Pin To Net: NetName=+15V_AI Pin=C114-2
Added Pin To Net: NetName=+15V_AI Pin=C116-1
Added Pin To Net: NetName=+15V_AI Pin=D1-2
Added Pin To Net: NetName=+15V_AI Pin=D5-2
Added Pin To Net: NetName=+15V_AI Pin=D32-2
Added Pin To Net: NetName=+15V_AI Pin=L16-2
Added Pin To Net: NetName=+15V_AI Pin=U1-8
Added Pin To Net: NetName=+15V_AI Pin=U2-8
Added Pin To Net: NetName=+15V_AI Pin=U3-8
Added Pin To Net: NetName=+15V_AI Pin=U13-8
Added Pin To Net: NetName=+15V_AI Pin=U55-3
Added Net: Name=+15V_AI
Added Pin To Net: NetName=+15V_CORE_COM Pin=L3-1
Added Net: Name=+15V_CORE_COM
Added Pin To Net: NetName=+15V BR Pin=U54-8
Added Net: Name=+15V BR
Added Pin To Net: NetName=+15V PA Pin=U52-8
Added Pin To Net: NetName=+15V PA Pin=U53-8
Added Net: Name=+15V PA
Added Pin To Net: NetName=+15V PB Pin=U50-8
Added Pin To Net: NetName=+15V PB Pin=U51-8
Added Net: Name=+15V PB
Added Pin To Net: NetName=+15V PC Pin=U48-8
Added Pin To Net: NetName=+15V PC Pin=U49-8
Added Net: Name=+15V PC
Added Pin To Net: NetName=+15V Pin=C30-1
Added Pin To Net: NetName=+15V Pin=C32-1
Added Pin To Net: NetName=+15V Pin=C34-1
Added Pin To Net: NetName=+15V Pin=C36-1
Added Pin To Net: NetName=+15V Pin=C46-1
Added Pin To Net: NetName=+15V Pin=C47-2
Added Pin To Net: NetName=+15V Pin=C91-1
Added Pin To Net: NetName=+15V Pin=C95-2
Added Pin To Net: NetName=+15V Pin=C130-1
Added Pin To Net: NetName=+15V Pin=C131-2
Added Pin To Net: NetName=+15V Pin=C132-1
Added Pin To Net: NetName=+15V Pin=C133-2
Added Pin To Net: NetName=+15V Pin=C134-1
Added Pin To Net: NetName=+15V Pin=C135-2
Added Pin To Net: NetName=+15V Pin=C143-1
Added Pin To Net: NetName=+15V Pin=C145-1
Added Pin To Net: NetName=+15V Pin=CON18-3
Added Pin To Net: NetName=+15V Pin=L11-2
Added Pin To Net: NetName=+15V Pin=P?-3
Added Pin To Net: NetName=+15V Pin=P?-3
Added Pin To Net: NetName=+15V Pin=P?-3
Added Pin To Net: NetName=+15V Pin=U7-8
Added Pin To Net: NetName=+15V Pin=U8-8
Added Pin To Net: NetName=+15V Pin=U9-8
Added Pin To Net: NetName=+15V Pin=U10-8
Added Pin To Net: NetName=+15V Pin=U42-8
Added Pin To Net: NetName=+15V Pin=U43-8
Added Net: Name=+15V
Added Pin To Net: NetName=+24V_EX Pin=C49-1
Added Pin To Net: NetName=+24V_EX Pin=C50-2
Added Pin To Net: NetName=+24V_EX Pin=C104-1
Added Pin To Net: NetName=+24V_EX Pin=C105-2
Added Pin To Net: NetName=+24V_EX Pin=C110-1
Added Pin To Net: NetName=+24V_EX Pin=C111-2
Added Pin To Net: NetName=+24V_EX Pin=L14-2
Added Pin To Net: NetName=+24V_EX Pin=R45-1
Added Pin To Net: NetName=+24V_EX Pin=R46-1
Added Pin To Net: NetName=+24V_EX Pin=R114-2
Added Pin To Net: NetName=+24V_EX Pin=R117-2
Added Net: Name=+24V_EX
Added Pin To Net: NetName=+24V_F Pin=C51-1
Added Pin To Net: NetName=+24V_F Pin=C52-2
Added Pin To Net: NetName=+24V_F Pin=L1-2
Added Pin To Net: NetName=+24V_F Pin=R41-1
Added Pin To Net: NetName=+24V_F Pin=R42-1
Added Pin To Net: NetName=+24V_F Pin=R43-1
Added Pin To Net: NetName=+24V_F Pin=R44-1
Added Net: Name=+24V_F
Added Pin To Net: NetName=+24VA Pin=C117-1
Added Pin To Net: NetName=+24VA Pin=C118-2
Added Pin To Net: NetName=+24VA Pin=L18-2
Added Net: Name=+24VA
Added Pin To Net: NetName=+24V Pin=C90-1
Added Pin To Net: NetName=+24V Pin=C94-2
Added Pin To Net: NetName=+24V Pin=C102-1
Added Pin To Net: NetName=+24V Pin=C103-2
Added Pin To Net: NetName=+24V Pin=C106-1
Added Pin To Net: NetName=+24V Pin=C107-2
Added Pin To Net: NetName=+24V Pin=C121-1
Added Pin To Net: NetName=+24V Pin=C122-1
Added Pin To Net: NetName=+24V Pin=C123-1
Added Pin To Net: NetName=+24V Pin=C124-2
Added Pin To Net: NetName=+24V Pin=C125-2
Added Pin To Net: NetName=+24V Pin=C126-2
Added Pin To Net: NetName=+24V Pin=CON19A-3
Added Pin To Net: NetName=+24V Pin=CON19B-3
Added Pin To Net: NetName=+24V Pin=CON19C-3
Added Pin To Net: NetName=+24V Pin=L9-2
Added Pin To Net: NetName=+24V Pin=L18-1
Added Pin To Net: NetName=+24V Pin=PS4-22
Added Pin To Net: NetName=+24V Pin=PS4-23
Added Net: Name=+24V
Added Pin To Net: NetName=-15V_AI Pin=C19-1
Added Pin To Net: NetName=-15V_AI Pin=C21-1
Added Pin To Net: NetName=-15V_AI Pin=C23-1
Added Pin To Net: NetName=-15V_AI Pin=C43-1
Added Pin To Net: NetName=-15V_AI Pin=C113-2
Added Pin To Net: NetName=-15V_AI Pin=C115-1
Added Pin To Net: NetName=-15V_AI Pin=L15-2
Added Pin To Net: NetName=-15V_AI Pin=U1-4
Added Pin To Net: NetName=-15V_AI Pin=U2-4
Added Pin To Net: NetName=-15V_AI Pin=U3-4
Added Pin To Net: NetName=-15V_AI Pin=U13-4
Added Net: Name=-15V_AI
Added Pin To Net: NetName=-15V Pin=C31-1
Added Pin To Net: NetName=-15V Pin=C33-1
Added Pin To Net: NetName=-15V Pin=C35-1
Added Pin To Net: NetName=-15V Pin=C37-1
Added Pin To Net: NetName=-15V Pin=C92-2
Added Pin To Net: NetName=-15V Pin=C96-1
Added Pin To Net: NetName=-15V Pin=C144-1
Added Pin To Net: NetName=-15V Pin=C146-1
Added Pin To Net: NetName=-15V Pin=L10-2
Added Pin To Net: NetName=-15V Pin=U7-4
Added Pin To Net: NetName=-15V Pin=U8-4
Added Pin To Net: NetName=-15V Pin=U9-4
Added Pin To Net: NetName=-15V Pin=U10-4
Added Pin To Net: NetName=-15V Pin=U42-4
Added Pin To Net: NetName=-15V Pin=U43-4
Added Net: Name=-15V
Added Pin To Net: NetName=3.3V Pin=L7-1
Added Pin To Net: NetName=3.3V Pin=R33-1
Added Pin To Net: NetName=3.3V Pin=R34-1
Added Pin To Net: NetName=3.3V Pin=R47-2
Added Pin To Net: NetName=3.3V Pin=R49-2
Added Pin To Net: NetName=3.3V Pin=R51-2
Added Pin To Net: NetName=3.3V Pin=R53-2
Added Pin To Net: NetName=3.3V Pin=R62-2
Added Pin To Net: NetName=3.3V Pin=R63-2
Added Pin To Net: NetName=3.3V Pin=R64-2
Added Pin To Net: NetName=3.3V Pin=R94-1
Added Pin To Net: NetName=3.3V Pin=R95-1
Added Pin To Net: NetName=3.3V Pin=R96-1
Added Pin To Net: NetName=3.3V Pin=R97-2
Added Pin To Net: NetName=3.3V Pin=R102-2
Added Pin To Net: NetName=3.3V Pin=R103-2
Added Pin To Net: NetName=3.3V Pin=R104-1
Added Pin To Net: NetName=3.3V Pin=R105-2
Added Pin To Net: NetName=3.3V Pin=R115-2
Added Pin To Net: NetName=3.3V Pin=R118-2
Added Pin To Net: NetName=3.3V Pin=R120-1
Added Pin To Net: NetName=3.3V Pin=R121-1
Added Pin To Net: NetName=3.3V Pin=R122-2
Added Pin To Net: NetName=3.3V Pin=R136-2
Added Pin To Net: NetName=3.3V Pin=R137-2
Added Pin To Net: NetName=3.3V Pin=R138-2
Added Pin To Net: NetName=3.3V Pin=R139-2
Added Pin To Net: NetName=3.3V Pin=U24-8
Added Pin To Net: NetName=3.3V Pin=U25-8
Added Pin To Net: NetName=3.3V Pin=U26-8
Added Pin To Net: NetName=3.3V Pin=U31-8
Added Pin To Net: NetName=3.3V Pin=U34-8
Added Pin To Net: NetName=3.3V Pin=U40-8
Added Pin To Net: NetName=3.3V Pin=U56-8
Added Pin To Net: NetName=3.3V Pin=U57-8
Added Pin To Net: NetName=3.3V Pin=U58-8
Added Pin To Net: NetName=3.3V Pin=U59-8
Added Net: Name=3.3V
Added Pin To Net: NetName=AI0 Pin=C27-2
Added Pin To Net: NetName=AI0 Pin=R16-2
Added Pin To Net: NetName=AI0 Pin=U7-1
Added Net: Name=AI0
Added Pin To Net: NetName=AI1 Pin=C28-2
Added Pin To Net: NetName=AI1 Pin=R17-2
Added Pin To Net: NetName=AI1 Pin=U7-7
Added Net: Name=AI1
Added Pin To Net: NetName=AI2 Pin=C29-2
Added Pin To Net: NetName=AI2 Pin=R18-2
Added Pin To Net: NetName=AI2 Pin=U8-1
Added Net: Name=AI2
Added Pin To Net: NetName=BRAKE_CTL_EX Pin=U54-3
Added Net: Name=BRAKE_CTL_EX
Added Pin To Net: NetName=BRAKE_OC Pin=R140-2
Added Net: Name=BRAKE_OC
Added Pin To Net: NetName=CONTACT_AUX Pin=C84-2
Added Pin To Net: NetName=CONTACT_AUX Pin=R116-1
Added Net: Name=CONTACT_AUX
Added Pin To Net: NetName=CURRENT_SEN_A Pin=C129-2
Added Pin To Net: NetName=CURRENT_SEN_A Pin=R135-2
Added Net: Name=CURRENT_SEN_A
Added Pin To Net: NetName=CURRENT_SEN_B Pin=C128-2
Added Pin To Net: NetName=CURRENT_SEN_B Pin=R134-2
Added Net: Name=CURRENT_SEN_B
Added Pin To Net: NetName=CURRENT_SEN_C Pin=C127-2
Added Pin To Net: NetName=CURRENT_SEN_C Pin=R133-2
Added Net: Name=CURRENT_SEN_C
Added Pin To Net: NetName=D\I\S\P\_\S\P\I\_\C\S\ Pin=U39-3
Added Net: Name=D\I\S\P\_\S\P\I\_\C\S\
Added Pin To Net: NetName=D\I\S\P\L\A\Y\_\C\S\ Pin=CON15-5
Added Pin To Net: NetName=D\I\S\P\L\A\Y\_\C\S\ Pin=U41-16
Added Net: Name=D\I\S\P\L\A\Y\_\C\S\
Added Pin To Net: NetName=D\S\P\_\O\V\E\R\_\T\ Pin=C85-2
Added Pin To Net: NetName=D\S\P\_\O\V\E\R\_\T\ Pin=R119-1
Added Net: Name=D\S\P\_\O\V\E\R\_\T\
Added Pin To Net: NetName=DISP_SPI_SCLK Pin=CON16-2
Added Pin To Net: NetName=DISP_SPI_SCLK Pin=U37-3
Added Net: Name=DISP_SPI_SCLK
Added Pin To Net: NetName=DISP_SPI_SIMO Pin=CON16-3
Added Pin To Net: NetName=DISP_SPI_SIMO Pin=U38-3
Added Net: Name=DISP_SPI_SIMO
Added Pin To Net: NetName=DISP_SPI_SOMI Pin=CON16-4
Added Pin To Net: NetName=DISP_SPI_SOMI Pin=R97-1
Added Pin To Net: NetName=DISP_SPI_SOMI Pin=U40-6
Added Net: Name=DISP_SPI_SOMI
Added Pin To Net: NetName=DISPLAY_CLK Pin=CON15-2
Added Pin To Net: NetName=DISPLAY_CLK Pin=U41-18
Added Net: Name=DISPLAY_CLK
Added Pin To Net: NetName=DISPLAY_IN Pin=CON15-4
Added Pin To Net: NetName=DISPLAY_IN Pin=U41-5
Added Net: Name=DISPLAY_IN
Added Pin To Net: NetName=DISPLAY_OUT Pin=CON15-3
Added Pin To Net: NetName=DISPLAY_OUT Pin=U41-17
Added Net: Name=DISPLAY_OUT
Added Pin To Net: NetName=DPS_BRAKE_OC Pin=R136-1
Added Pin To Net: NetName=DPS_BRAKE_OC Pin=U56-6
Added Net: Name=DPS_BRAKE_OC
Added Pin To Net: NetName=DPS_PA_OC Pin=R137-1
Added Pin To Net: NetName=DPS_PA_OC Pin=U57-6
Added Net: Name=DPS_PA_OC
Added Pin To Net: NetName=DPS_PB_OC Pin=R138-1
Added Pin To Net: NetName=DPS_PB_OC Pin=U58-6
Added Net: Name=DPS_PB_OC
Added Pin To Net: NetName=DPS_PC_OC Pin=R139-1
Added Pin To Net: NetName=DPS_PC_OC Pin=U59-6
Added Net: Name=DPS_PC_OC
Added Pin To Net: NetName=DSP_DO0 Pin=U14-2
Added Net: Name=DSP_DO0
Added Pin To Net: NetName=DSP_DO1 Pin=U15-2
Added Net: Name=DSP_DO1
Added Pin To Net: NetName=E\X\_\I\O\_\C\S\1\ Pin=CON16-6
Added Pin To Net: NetName=E\X\_\I\O\_\C\S\1\ Pin=R102-1
Added Net: Name=E\X\_\I\O\_\C\S\1\
Added Pin To Net: NetName=E\X\_\I\O\_\C\S\2\ Pin=CON16-5
Added Pin To Net: NetName=E\X\_\I\O\_\C\S\2\ Pin=R103-1
Added Net: Name=E\X\_\I\O\_\C\S\2\
Added Pin To Net: NetName=GND_AI Pin=C3-1
Added Pin To Net: NetName=GND_AI Pin=C4-2
Added Pin To Net: NetName=GND_AI Pin=C5-2
Added Pin To Net: NetName=GND_AI Pin=C6-1
Added Pin To Net: NetName=GND_AI Pin=C15-1
Added Pin To Net: NetName=GND_AI Pin=C16-1
Added Pin To Net: NetName=GND_AI Pin=C17-1
Added Pin To Net: NetName=GND_AI Pin=C18-2
Added Pin To Net: NetName=GND_AI Pin=C19-2
Added Pin To Net: NetName=GND_AI Pin=C20-2
Added Pin To Net: NetName=GND_AI Pin=C21-2
Added Pin To Net: NetName=GND_AI Pin=C22-2
Added Pin To Net: NetName=GND_AI Pin=C23-2
Added Pin To Net: NetName=GND_AI Pin=C42-2
Added Pin To Net: NetName=GND_AI Pin=C43-2
Added Pin To Net: NetName=GND_AI Pin=C44-1
Added Pin To Net: NetName=GND_AI Pin=C45-1
Added Pin To Net: NetName=GND_AI Pin=C112-2
Added Pin To Net: NetName=GND_AI Pin=C113-1
Added Pin To Net: NetName=GND_AI Pin=C114-1
Added Pin To Net: NetName=GND_AI Pin=C115-2
Added Pin To Net: NetName=GND_AI Pin=C116-2
Added Pin To Net: NetName=GND_AI Pin=CON5-1
Added Pin To Net: NetName=GND_AI Pin=CON5-3
Added Pin To Net: NetName=GND_AI Pin=D2-1
Added Pin To Net: NetName=GND_AI Pin=D4-1
Added Pin To Net: NetName=GND_AI Pin=D6-1
Added Pin To Net: NetName=GND_AI Pin=P?-1
Added Pin To Net: NetName=GND_AI Pin=P?-3
Added Pin To Net: NetName=GND_AI Pin=R1-1
Added Pin To Net: NetName=GND_AI Pin=R2-1
Added Pin To Net: NetName=GND_AI Pin=R3-1
Added Pin To Net: NetName=GND_AI Pin=R5-1
Added Pin To Net: NetName=GND_AI Pin=R7-1
Added Pin To Net: NetName=GND_AI Pin=R9-1
Added Pin To Net: NetName=GND_AI Pin=R126-1
Added Pin To Net: NetName=GND_AI Pin=R127-1
Added Pin To Net: NetName=GND_AI Pin=U1-5
Added Pin To Net: NetName=GND_AI Pin=U2-5
Added Pin To Net: NetName=GND_AI Pin=U3-5
Added Pin To Net: NetName=GND_AI Pin=U5-1
Added Pin To Net: NetName=GND_AI Pin=U6-1
Added Pin To Net: NetName=GND_AI Pin=U11-1
Added Pin To Net: NetName=GND_AI Pin=U12-1
Added Pin To Net: NetName=GND_AI Pin=U13-3
Added Pin To Net: NetName=GND_AI Pin=U13-5
Added Net: Name=GND_AI
Added Pin To Net: NetName=GND_BR Pin=D34-1
Added Pin To Net: NetName=GND_BR Pin=U54-5
Added Pin To Net: NetName=GND_BR Pin=U56-3
Added Net: Name=GND_BR
Added Pin To Net: NetName=GND_COM Pin=C76-1
Added Pin To Net: NetName=GND_COM Pin=C77-2
Added Pin To Net: NetName=GND_COM Pin=C78-1
Added Pin To Net: NetName=GND_COM Pin=C81-1
Added Pin To Net: NetName=GND_COM Pin=C89-1
Added Pin To Net: NetName=GND_COM Pin=C100-2
Added Pin To Net: NetName=GND_COM Pin=C101-1
Added Pin To Net: NetName=GND_COM Pin=CON14-1
Added Pin To Net: NetName=GND_COM Pin=CON14-3
Added Pin To Net: NetName=GND_COM Pin=CON15-1
Added Pin To Net: NetName=GND_COM Pin=PS1-16
Added Pin To Net: NetName=GND_COM Pin=R108-2
Added Pin To Net: NetName=GND_COM Pin=R123-2
Added Pin To Net: NetName=GND_COM Pin=TVS3-1
Added Pin To Net: NetName=GND_COM Pin=TVS4-2
Added Pin To Net: NetName=GND_COM Pin=TVS5-2
Added Pin To Net: NetName=GND_COM Pin=TVS6-1
Added Pin To Net: NetName=GND_COM Pin=U32-5
Added Pin To Net: NetName=GND_COM Pin=U33-5
Added Pin To Net: NetName=GND_COM Pin=U35-5
Added Pin To Net: NetName=GND_COM Pin=U36-2
Added Pin To Net: NetName=GND_COM Pin=U37-5
Added Pin To Net: NetName=GND_COM Pin=U38-5
Added Pin To Net: NetName=GND_COM Pin=U39-5
Added Pin To Net: NetName=GND_COM Pin=U41-6
Added Pin To Net: NetName=GND_COM Pin=U41-7
Added Pin To Net: NetName=GND_COM Pin=U41-8
Added Pin To Net: NetName=GND_COM Pin=U41-9
Added Pin To Net: NetName=GND_COM Pin=U41-10
Added Pin To Net: NetName=GND_COM Pin=U41-19
Added Net: Name=GND_COM
Added Pin To Net: NetName=GND_CORE_COM Pin=CON12-1
Added Pin To Net: NetName=GND_CORE_COM Pin=TVS1-2
Added Pin To Net: NetName=GND_CORE_COM Pin=TVS2-2
Added Net: Name=GND_CORE_COM
Added Pin To Net: NetName=GND_EX Pin=C49-2
Added Pin To Net: NetName=GND_EX Pin=C50-1
Added Pin To Net: NetName=GND_EX Pin=C104-2
Added Pin To Net: NetName=GND_EX Pin=C105-1
Added Pin To Net: NetName=GND_EX Pin=C110-2
Added Pin To Net: NetName=GND_EX Pin=C111-1
Added Pin To Net: NetName=GND_EX Pin=CON9-1
Added Pin To Net: NetName=GND_EX Pin=CON9-4
Added Pin To Net: NetName=GND_EX Pin=P?-2
Added Pin To Net: NetName=GND_EX Pin=PS4-16
Added Pin To Net: NetName=GND_EX Pin=U14-3
Added Pin To Net: NetName=GND_EX Pin=U15-3
Added Net: Name=GND_EX
Added Pin To Net: NetName=GND_F Pin=C51-2
Added Pin To Net: NetName=GND_F Pin=C52-1
Added Pin To Net: NetName=GND_F Pin=CON7-1
Added Pin To Net: NetName=GND_F Pin=CON7-3
Added Pin To Net: NetName=GND_F Pin=CON7-5
Added Pin To Net: NetName=GND_F Pin=CON7-7
Added Pin To Net: NetName=GND_F Pin=CON7-9
Added Net: Name=GND_F
Added Pin To Net: NetName=GND_PA Pin=D35-1
Added Pin To Net: NetName=GND_PA Pin=U52-5
Added Pin To Net: NetName=GND_PA Pin=U53-5
Added Pin To Net: NetName=GND_PA Pin=U57-3
Added Net: Name=GND_PA
Added Pin To Net: NetName=GND_PB Pin=D36-1
Added Pin To Net: NetName=GND_PB Pin=U50-5
Added Pin To Net: NetName=GND_PB Pin=U51-5
Added Pin To Net: NetName=GND_PB Pin=U58-3
Added Net: Name=GND_PB
Added Pin To Net: NetName=GND_PC Pin=D37-1
Added Pin To Net: NetName=GND_PC Pin=U48-5
Added Pin To Net: NetName=GND_PC Pin=U49-5
Added Pin To Net: NetName=GND_PC Pin=U59-3
Added Net: Name=GND_PC
Added Pin To Net: NetName=GND_POS Pin=C59-1
Added Pin To Net: NetName=GND_POS Pin=C60-1
Added Pin To Net: NetName=GND_POS Pin=C61-1
Added Pin To Net: NetName=GND_POS Pin=C108-2
Added Pin To Net: NetName=GND_POS Pin=C109-1
Added Pin To Net: NetName=GND_POS Pin=CON8-1
Added Pin To Net: NetName=GND_POS Pin=D22-1
Added Pin To Net: NetName=GND_POS Pin=D24-1
Added Pin To Net: NetName=GND_POS Pin=D26-1
Added Net: Name=GND_POS
Added Pin To Net: NetName=GND Pin=C30-2
Added Pin To Net: NetName=GND Pin=C31-2
Added Pin To Net: NetName=GND Pin=C32-2
Added Pin To Net: NetName=GND Pin=C33-2
Added Pin To Net: NetName=GND Pin=C34-2
Added Pin To Net: NetName=GND Pin=C35-2
Added Pin To Net: NetName=GND Pin=C36-2
Added Pin To Net: NetName=GND Pin=C37-2
Added Pin To Net: NetName=GND Pin=C46-2
Added Pin To Net: NetName=GND Pin=C47-1
Added Pin To Net: NetName=GND Pin=C48-1
Added Pin To Net: NetName=GND Pin=C53-1
Added Pin To Net: NetName=GND Pin=C54-1
Added Pin To Net: NetName=GND Pin=C55-1
Added Pin To Net: NetName=GND Pin=C56-1
Added Pin To Net: NetName=GND Pin=C62-1
Added Pin To Net: NetName=GND Pin=C63-1
Added Pin To Net: NetName=GND Pin=C64-1
Added Pin To Net: NetName=GND Pin=C70-1
Added Pin To Net: NetName=GND Pin=C71-1
Added Pin To Net: NetName=GND Pin=C72-1
Added Pin To Net: NetName=GND Pin=C79-2
Added Pin To Net: NetName=GND Pin=C80-1
Added Pin To Net: NetName=GND Pin=C84-1
Added Pin To Net: NetName=GND Pin=C85-1
Added Pin To Net: NetName=GND Pin=C93-2
Added Pin To Net: NetName=GND Pin=C97-1
Added Pin To Net: NetName=GND Pin=C98-2
Added Pin To Net: NetName=GND Pin=C99-1
Added Pin To Net: NetName=GND Pin=C102-2
Added Pin To Net: NetName=GND Pin=C103-1
Added Pin To Net: NetName=GND Pin=C106-2
Added Pin To Net: NetName=GND Pin=C107-1
Added Pin To Net: NetName=GND Pin=C121-2
Added Pin To Net: NetName=GND Pin=C122-2
Added Pin To Net: NetName=GND Pin=C123-2
Added Pin To Net: NetName=GND Pin=C124-1
Added Pin To Net: NetName=GND Pin=C125-1
Added Pin To Net: NetName=GND Pin=C126-1
Added Pin To Net: NetName=GND Pin=C127-1
Added Pin To Net: NetName=GND Pin=C128-1
Added Pin To Net: NetName=GND Pin=C129-1
Added Pin To Net: NetName=GND Pin=C130-2
Added Pin To Net: NetName=GND Pin=C131-1
Added Pin To Net: NetName=GND Pin=C132-2
Added Pin To Net: NetName=GND Pin=C133-1
Added Pin To Net: NetName=GND Pin=C134-2
Added Pin To Net: NetName=GND Pin=C135-1
Added Pin To Net: NetName=GND Pin=C136-1
Added Pin To Net: NetName=GND Pin=C137-1
Added Pin To Net: NetName=GND Pin=C138-1
Added Pin To Net: NetName=GND Pin=C141-1
Added Pin To Net: NetName=GND Pin=C142-2
Added Pin To Net: NetName=GND Pin=C143-2
Added Pin To Net: NetName=GND Pin=C144-2
Added Pin To Net: NetName=GND Pin=C145-2
Added Pin To Net: NetName=GND Pin=C146-2
Added Pin To Net: NetName=GND Pin=C?-1
Added Pin To Net: NetName=GND Pin=CON4-1
Added Pin To Net: NetName=GND Pin=CON4-4
Added Pin To Net: NetName=GND Pin=CON4-7
Added Pin To Net: NetName=GND Pin=CON16-1
Added Pin To Net: NetName=GND Pin=CON16-8
Added Pin To Net: NetName=GND Pin=CON18-1
Added Pin To Net: NetName=GND Pin=CON19A-1
Added Pin To Net: NetName=GND Pin=CON19B-1
Added Pin To Net: NetName=GND Pin=CON19C-1
Added Pin To Net: NetName=GND Pin=P?-1
Added Pin To Net: NetName=GND Pin=P?-1
Added Pin To Net: NetName=GND Pin=P?-1
Added Pin To Net: NetName=GND Pin=PS1-2
Added Pin To Net: NetName=GND Pin=PS1-3
Added Pin To Net: NetName=GND Pin=PS4-2
Added Pin To Net: NetName=GND Pin=PS4-3
Added Pin To Net: NetName=GND Pin=R19-1
Added Pin To Net: NetName=GND Pin=R20-1
Added Pin To Net: NetName=GND Pin=R31-1
Added Pin To Net: NetName=GND Pin=R130-1
Added Pin To Net: NetName=GND Pin=R131-1
Added Pin To Net: NetName=GND Pin=R132-1
Added Pin To Net: NetName=GND Pin=R150-1
Added Pin To Net: NetName=GND Pin=R152-1
Added Pin To Net: NetName=GND Pin=R153-1
Added Pin To Net: NetName=GND Pin=R155-1
Added Pin To Net: NetName=GND Pin=R156-1
Added Pin To Net: NetName=GND Pin=R158-1
Added Pin To Net: NetName=GND Pin=U5-1
Added Pin To Net: NetName=GND Pin=U6-1
Added Pin To Net: NetName=GND Pin=U7-3
Added Pin To Net: NetName=GND Pin=U7-5
Added Pin To Net: NetName=GND Pin=U8-3
Added Pin To Net: NetName=GND Pin=U9-5
Added Pin To Net: NetName=GND Pin=U10-5
Added Pin To Net: NetName=GND Pin=U11-1
Added Pin To Net: NetName=GND Pin=U12-1
Added Pin To Net: NetName=GND Pin=U18-3
Added Pin To Net: NetName=GND Pin=U19-3
Added Pin To Net: NetName=GND Pin=U20-3
Added Pin To Net: NetName=GND Pin=U21-3
Added Pin To Net: NetName=GND Pin=U24-5
Added Pin To Net: NetName=GND Pin=U25-5
Added Pin To Net: NetName=GND Pin=U26-5
Added Pin To Net: NetName=GND Pin=U27-3
Added Pin To Net: NetName=GND Pin=U28-3
Added Pin To Net: NetName=GND Pin=U31-5
Added Pin To Net: NetName=GND Pin=U34-5
Added Pin To Net: NetName=GND Pin=U40-5
Added Pin To Net: NetName=GND Pin=U44-1
Added Pin To Net: NetName=GND Pin=U56-5
Added Pin To Net: NetName=GND Pin=U57-5
Added Pin To Net: NetName=GND Pin=U58-5
Added Pin To Net: NetName=GND Pin=U59-5
Added Net: Name=GND
Added Pin To Net: NetName=NetC4_1 Pin=C4-1
Added Pin To Net: NetName=NetC4_1 Pin=D33-1
Added Pin To Net: NetName=NetC4_1 Pin=R126-2
Added Pin To Net: NetName=NetC4_1 Pin=R127-2
Added Pin To Net: NetName=NetC4_1 Pin=R128-1
Added Pin To Net: NetName=NetC4_1 Pin=U55-1
Added Net: Name=NetC4_1
Added Pin To Net: NetName=NetC15_2 Pin=C15-2
Added Pin To Net: NetName=NetC15_2 Pin=R4-2
Added Pin To Net: NetName=NetC15_2 Pin=R5-2
Added Pin To Net: NetName=NetC15_2 Pin=U1-3
Added Net: Name=NetC15_2
Added Pin To Net: NetName=NetC16_2 Pin=C16-2
Added Pin To Net: NetName=NetC16_2 Pin=R6-2
Added Pin To Net: NetName=NetC16_2 Pin=R7-2
Added Pin To Net: NetName=NetC16_2 Pin=U2-3
Added Net: Name=NetC16_2
Added Pin To Net: NetName=NetC17_2 Pin=C17-2
Added Pin To Net: NetName=NetC17_2 Pin=R8-2
Added Pin To Net: NetName=NetC17_2 Pin=R9-2
Added Pin To Net: NetName=NetC17_2 Pin=U3-3
Added Net: Name=NetC17_2
Added Pin To Net: NetName=NetC24_1 Pin=C24-1
Added Pin To Net: NetName=NetC24_1 Pin=R10-2
Added Pin To Net: NetName=NetC24_1 Pin=U1-6
Added Net: Name=NetC24_1
Added Pin To Net: NetName=NetC24_2 Pin=C24-2
Added Pin To Net: NetName=NetC24_2 Pin=R13-1
Added Pin To Net: NetName=NetC24_2 Pin=U1-7
Added Net: Name=NetC24_2
Added Pin To Net: NetName=NetC25_1 Pin=C25-1
Added Pin To Net: NetName=NetC25_1 Pin=R11-2
Added Pin To Net: NetName=NetC25_1 Pin=U2-6
Added Pin To Net: NetName=NetC25_1 Pin=U5-2
Added Net: Name=NetC25_1
Added Pin To Net: NetName=NetC25_2 Pin=C25-2
Added Pin To Net: NetName=NetC25_2 Pin=R14-1
Added Pin To Net: NetName=NetC25_2 Pin=U2-7
Added Net: Name=NetC25_2
Added Pin To Net: NetName=NetC26_1 Pin=C26-1
Added Pin To Net: NetName=NetC26_1 Pin=R12-2
Added Pin To Net: NetName=NetC26_1 Pin=U3-6
Added Pin To Net: NetName=NetC26_1 Pin=U6-2
Added Net: Name=NetC26_1
Added Pin To Net: NetName=NetC26_2 Pin=C26-2
Added Pin To Net: NetName=NetC26_2 Pin=R15-1
Added Pin To Net: NetName=NetC26_2 Pin=U3-7
Added Net: Name=NetC26_2
Added Pin To Net: NetName=NetC27_1 Pin=C27-1
Added Pin To Net: NetName=NetC27_1 Pin=R16-1
Added Pin To Net: NetName=NetC27_1 Pin=U7-2
Added Net: Name=NetC27_1
Added Pin To Net: NetName=NetC28_1 Pin=C28-1
Added Pin To Net: NetName=NetC28_1 Pin=R17-1
Added Pin To Net: NetName=NetC28_1 Pin=U5-2
Added Pin To Net: NetName=NetC28_1 Pin=U7-6
Added Net: Name=NetC28_1
Added Pin To Net: NetName=NetC29_1 Pin=C29-1
Added Pin To Net: NetName=NetC29_1 Pin=R18-1
Added Pin To Net: NetName=NetC29_1 Pin=U6-2
Added Pin To Net: NetName=NetC29_1 Pin=U8-2
Added Net: Name=NetC29_1
Added Pin To Net: NetName=NetC38_1 Pin=C38-1
Added Pin To Net: NetName=NetC38_1 Pin=R23-2
Added Pin To Net: NetName=NetC38_1 Pin=U9-6
Added Pin To Net: NetName=NetC38_1 Pin=U11-2
Added Net: Name=NetC38_1
Added Pin To Net: NetName=NetC38_2 Pin=C38-2
Added Pin To Net: NetName=NetC38_2 Pin=R25-1
Added Pin To Net: NetName=NetC38_2 Pin=U9-7
Added Net: Name=NetC38_2
Added Pin To Net: NetName=NetC39_1 Pin=C39-1
Added Pin To Net: NetName=NetC39_1 Pin=R24-2
Added Pin To Net: NetName=NetC39_1 Pin=U10-6
Added Pin To Net: NetName=NetC39_1 Pin=U12-2
Added Net: Name=NetC39_1
Added Pin To Net: NetName=NetC39_2 Pin=C39-2
Added Pin To Net: NetName=NetC39_2 Pin=R26-1
Added Pin To Net: NetName=NetC39_2 Pin=U10-7
Added Net: Name=NetC39_2
Added Pin To Net: NetName=NetC40_1 Pin=C40-1
Added Pin To Net: NetName=NetC40_1 Pin=R27-1
Added Pin To Net: NetName=NetC40_1 Pin=U11-2
Added Pin To Net: NetName=NetC40_1 Pin=U13-2
Added Net: Name=NetC40_1
Added Pin To Net: NetName=NetC40_2 Pin=C40-2
Added Pin To Net: NetName=NetC40_2 Pin=R27-2
Added Pin To Net: NetName=NetC40_2 Pin=R29-1
Added Pin To Net: NetName=NetC40_2 Pin=U13-1
Added Net: Name=NetC40_2
Added Pin To Net: NetName=NetC41_1 Pin=C41-1
Added Pin To Net: NetName=NetC41_1 Pin=R28-1
Added Pin To Net: NetName=NetC41_1 Pin=U12-2
Added Pin To Net: NetName=NetC41_1 Pin=U13-6
Added Net: Name=NetC41_1
Added Pin To Net: NetName=NetC41_2 Pin=C41-2
Added Pin To Net: NetName=NetC41_2 Pin=R28-2
Added Pin To Net: NetName=NetC41_2 Pin=R30-1
Added Pin To Net: NetName=NetC41_2 Pin=U13-7
Added Net: Name=NetC41_2
Added Pin To Net: NetName=NetC44_2 Pin=C44-2
Added Pin To Net: NetName=NetC44_2 Pin=CON5-4
Added Pin To Net: NetName=NetC44_2 Pin=R29-2
Added Net: Name=NetC44_2
Added Pin To Net: NetName=NetC45_2 Pin=C45-2
Added Pin To Net: NetName=NetC45_2 Pin=CON5-2
Added Pin To Net: NetName=NetC45_2 Pin=R30-2
Added Net: Name=NetC45_2
Added Pin To Net: NetName=NetC48_2 Pin=C48-2
Added Pin To Net: NetName=NetC48_2 Pin=R32-2
Added Pin To Net: NetName=NetC48_2 Pin=U8-5
Added Net: Name=NetC48_2
Added Pin To Net: NetName=NetC53_2 Pin=C53-2
Added Pin To Net: NetName=NetC53_2 Pin=R48-2
Added Net: Name=NetC53_2
Added Pin To Net: NetName=NetC54_2 Pin=C54-2
Added Pin To Net: NetName=NetC54_2 Pin=R50-2
Added Net: Name=NetC54_2
Added Pin To Net: NetName=NetC55_2 Pin=C55-2
Added Pin To Net: NetName=NetC55_2 Pin=R52-2
Added Net: Name=NetC55_2
Added Pin To Net: NetName=NetC56_2 Pin=C56-2
Added Pin To Net: NetName=NetC56_2 Pin=R54-2
Added Net: Name=NetC56_2
Added Pin To Net: NetName=NetC59_2 Pin=C59-2
Added Pin To Net: NetName=NetC59_2 Pin=D21-1
Added Pin To Net: NetName=NetC59_2 Pin=D22-2
Added Pin To Net: NetName=NetC59_2 Pin=R59-2
Added Pin To Net: NetName=NetC59_2 Pin=U24-3
Added Net: Name=NetC59_2
Added Pin To Net: NetName=NetC60_2 Pin=C60-2
Added Pin To Net: NetName=NetC60_2 Pin=D23-1
Added Pin To Net: NetName=NetC60_2 Pin=D24-2
Added Pin To Net: NetName=NetC60_2 Pin=R60-2
Added Pin To Net: NetName=NetC60_2 Pin=U25-3
Added Net: Name=NetC60_2
Added Pin To Net: NetName=NetC61_2 Pin=C61-2
Added Pin To Net: NetName=NetC61_2 Pin=D25-1
Added Pin To Net: NetName=NetC61_2 Pin=D26-2
Added Pin To Net: NetName=NetC61_2 Pin=R61-2
Added Pin To Net: NetName=NetC61_2 Pin=U26-3
Added Net: Name=NetC61_2
Added Pin To Net: NetName=NetC70_2 Pin=C70-2
Added Pin To Net: NetName=NetC70_2 Pin=R84-2
Added Pin To Net: NetName=NetC70_2 Pin=U49-3
Added Net: Name=NetC70_2
Added Pin To Net: NetName=NetC71_2 Pin=C71-2
Added Pin To Net: NetName=NetC71_2 Pin=R85-2
Added Pin To Net: NetName=NetC71_2 Pin=U51-3
Added Net: Name=NetC71_2
Added Pin To Net: NetName=NetC72_2 Pin=C72-2
Added Pin To Net: NetName=NetC72_2 Pin=R86-2
Added Pin To Net: NetName=NetC72_2 Pin=U53-3
Added Net: Name=NetC72_2
Added Pin To Net: NetName=NetC77_1 Pin=C77-1
Added Pin To Net: NetName=NetC77_1 Pin=C78-2
Added Pin To Net: NetName=NetC77_1 Pin=CON15-6
Added Pin To Net: NetName=NetC77_1 Pin=L6-2
Added Net: Name=NetC77_1
Added Pin To Net: NetName=NetC79_1 Pin=C79-1
Added Pin To Net: NetName=NetC79_1 Pin=C80-2
Added Pin To Net: NetName=NetC79_1 Pin=CON16-7
Added Pin To Net: NetName=NetC79_1 Pin=L7-2
Added Net: Name=NetC79_1
Added Pin To Net: NetName=NetC86_1 Pin=C86-1
Added Pin To Net: NetName=NetC86_1 Pin=C87-1
Added Pin To Net: NetName=NetC86_1 Pin=C88-2
Added Pin To Net: NetName=NetC86_1 Pin=CON12-4
Added Pin To Net: NetName=NetC86_1 Pin=L3-2
Added Net: Name=NetC86_1
Added Pin To Net: NetName=NetC86_2 Pin=C86-2
Added Pin To Net: NetName=NetC86_2 Pin=C87-2
Added Pin To Net: NetName=NetC86_2 Pin=C88-1
Added Net: Name=NetC86_2
Added Pin To Net: NetName=NetC136_2 Pin=C136-2
Added Pin To Net: NetName=NetC136_2 Pin=R151-2
Added Pin To Net: NetName=NetC136_2 Pin=R152-2
Added Pin To Net: NetName=NetC136_2 Pin=U42-3
Added Net: Name=NetC136_2
Added Pin To Net: NetName=NetC137_2 Pin=C137-2
Added Pin To Net: NetName=NetC137_2 Pin=R154-2
Added Pin To Net: NetName=NetC137_2 Pin=R155-2
Added Pin To Net: NetName=NetC137_2 Pin=U42-5
Added Net: Name=NetC137_2
Added Pin To Net: NetName=NetC138_2 Pin=C138-2
Added Pin To Net: NetName=NetC138_2 Pin=R157-2
Added Pin To Net: NetName=NetC138_2 Pin=R158-2
Added Pin To Net: NetName=NetC138_2 Pin=U43-3
Added Net: Name=NetC138_2
Added Pin To Net: NetName=NetCON4_2 Pin=CON4-2
Added Pin To Net: NetName=NetCON4_2 Pin=L8-1
Added Net: Name=NetCON4_2
Added Pin To Net: NetName=NetCON4_5 Pin=CON4-5
Added Pin To Net: NetName=NetCON4_5 Pin=L9-1
Added Net: Name=NetCON4_5
Added Pin To Net: NetName=NetCON4_6 Pin=CON4-6
Added Pin To Net: NetName=NetCON4_6 Pin=L11-1
Added Net: Name=NetCON4_6
Added Pin To Net: NetName=NetCON4_8 Pin=CON4-8
Added Pin To Net: NetName=NetCON4_8 Pin=L10-1
Added Net: Name=NetCON4_8
Added Pin To Net: NetName=NetCON7_2 Pin=CON7-2
Added Pin To Net: NetName=NetCON7_2 Pin=D15-1
Added Pin To Net: NetName=NetCON7_2 Pin=U18-2
Added Net: Name=NetCON7_2
Added Pin To Net: NetName=NetCON7_4 Pin=CON7-4
Added Pin To Net: NetName=NetCON7_4 Pin=D16-1
Added Pin To Net: NetName=NetCON7_4 Pin=U19-2
Added Net: Name=NetCON7_4
Added Pin To Net: NetName=NetCON7_6 Pin=CON7-6
Added Pin To Net: NetName=NetCON7_6 Pin=D17-1
Added Pin To Net: NetName=NetCON7_6 Pin=U20-2
Added Net: Name=NetCON7_6
Added Pin To Net: NetName=NetCON7_8 Pin=CON7-8
Added Pin To Net: NetName=NetCON7_8 Pin=D18-1
Added Pin To Net: NetName=NetCON7_8 Pin=U21-2
Added Net: Name=NetCON7_8
Added Pin To Net: NetName=NetCON7_10 Pin=CON7-10
Added Pin To Net: NetName=NetCON7_10 Pin=L1-1
Added Net: Name=NetCON7_10
Added Pin To Net: NetName=NetCON8_2 Pin=CON8-2
Added Pin To Net: NetName=NetCON8_2 Pin=R61-1
Added Net: Name=NetCON8_2
Added Pin To Net: NetName=NetCON8_3 Pin=CON8-3
Added Pin To Net: NetName=NetCON8_3 Pin=R60-1
Added Net: Name=NetCON8_3
Added Pin To Net: NetName=NetCON8_4 Pin=CON8-4
Added Pin To Net: NetName=NetCON8_4 Pin=R59-1
Added Net: Name=NetCON8_4
Added Pin To Net: NetName=NetCON9_2 Pin=CON9-2
Added Pin To Net: NetName=NetCON9_2 Pin=D27-1
Added Pin To Net: NetName=NetCON9_2 Pin=U27-2
Added Net: Name=NetCON9_2
Added Pin To Net: NetName=NetCON9_5 Pin=CON9-5
Added Pin To Net: NetName=NetCON9_5 Pin=D28-1
Added Pin To Net: NetName=NetCON9_5 Pin=U28-2
Added Net: Name=NetCON9_5
Added Pin To Net: NetName=NetCON13_1 Pin=CON13-1
Added Pin To Net: NetName=NetCON13_1 Pin=L4-2
Added Pin To Net: NetName=NetCON13_1 Pin=R129-2
Added Pin To Net: NetName=NetCON13_1 Pin=TVS3-2
Added Net: Name=NetCON13_1
Added Pin To Net: NetName=NetCON13_3 Pin=CON13-3
Added Pin To Net: NetName=NetCON13_3 Pin=L5-2
Added Pin To Net: NetName=NetCON13_3 Pin=R129-1
Added Pin To Net: NetName=NetCON13_3 Pin=TVS4-1
Added Net: Name=NetCON13_3
Added Pin To Net: NetName=NetCON18_2 Pin=CON18-2
Added Pin To Net: NetName=NetCON18_2 Pin=R31-2
Added Pin To Net: NetName=NetCON18_2 Pin=R32-1
Added Net: Name=NetCON18_2
Added Pin To Net: NetName=NetCON19A_2 Pin=CON19A-2
Added Pin To Net: NetName=NetCON19A_2 Pin=R130-2
Added Pin To Net: NetName=NetCON19A_2 Pin=R133-1
Added Net: Name=NetCON19A_2
Added Pin To Net: NetName=NetCON19B_2 Pin=CON19B-2
Added Pin To Net: NetName=NetCON19B_2 Pin=R131-2
Added Pin To Net: NetName=NetCON19B_2 Pin=R134-1
Added Net: Name=NetCON19B_2
Added Pin To Net: NetName=NetCON19C_2 Pin=CON19C-2
Added Pin To Net: NetName=NetCON19C_2 Pin=R132-2
Added Pin To Net: NetName=NetCON19C_2 Pin=R135-1
Added Net: Name=NetCON19C_2
Added Pin To Net: NetName=NetD1_1 Pin=D1-1
Added Pin To Net: NetName=NetD1_1 Pin=D2-2
Added Pin To Net: NetName=NetD1_1 Pin=R1-2
Added Pin To Net: NetName=NetD1_1 Pin=R4-1
Added Net: Name=NetD1_1
Added Pin To Net: NetName=NetD3_1 Pin=D3-1
Added Pin To Net: NetName=NetD3_1 Pin=D4-2
Added Pin To Net: NetName=NetD3_1 Pin=R2-2
Added Pin To Net: NetName=NetD3_1 Pin=R6-1
Added Net: Name=NetD3_1
Added Pin To Net: NetName=NetD5_1 Pin=D5-1
Added Pin To Net: NetName=NetD5_1 Pin=D6-2
Added Pin To Net: NetName=NetD5_1 Pin=P?-2
Added Pin To Net: NetName=NetD5_1 Pin=R3-2
Added Pin To Net: NetName=NetD5_1 Pin=R8-1
Added Net: Name=NetD5_1
Added Pin To Net: NetName=NetD7_1 Pin=D7-1
Added Net: Name=NetD7_1
Added Pin To Net: NetName=NetD7_2 Pin=D7-2
Added Pin To Net: NetName=NetD7_2 Pin=R37-2
Added Net: Name=NetD7_2
Added Pin To Net: NetName=NetD8_1 Pin=D8-1
Added Net: Name=NetD8_1
Added Pin To Net: NetName=NetD8_2 Pin=D8-2
Added Pin To Net: NetName=NetD8_2 Pin=R38-2
Added Net: Name=NetD8_2
Added Pin To Net: NetName=NetD15_2 Pin=D15-2
Added Pin To Net: NetName=NetD15_2 Pin=R41-2
Added Pin To Net: NetName=NetD15_2 Pin=U18-1
Added Net: Name=NetD15_2
Added Pin To Net: NetName=NetD16_2 Pin=D16-2
Added Pin To Net: NetName=NetD16_2 Pin=R42-2
Added Pin To Net: NetName=NetD16_2 Pin=U19-1
Added Net: Name=NetD16_2
Added Pin To Net: NetName=NetD17_2 Pin=D17-2
Added Pin To Net: NetName=NetD17_2 Pin=R43-2
Added Pin To Net: NetName=NetD17_2 Pin=U20-1
Added Net: Name=NetD17_2
Added Pin To Net: NetName=NetD18_2 Pin=D18-2
Added Pin To Net: NetName=NetD18_2 Pin=R44-2
Added Pin To Net: NetName=NetD18_2 Pin=U21-1
Added Net: Name=NetD18_2
Added Pin To Net: NetName=NetD27_2 Pin=D27-2
Added Pin To Net: NetName=NetD27_2 Pin=R117-1
Added Pin To Net: NetName=NetD27_2 Pin=U27-1
Added Net: Name=NetD27_2
Added Pin To Net: NetName=NetD28_2 Pin=D28-2
Added Pin To Net: NetName=NetD28_2 Pin=R114-1
Added Pin To Net: NetName=NetD28_2 Pin=U28-1
Added Net: Name=NetD28_2
Added Pin To Net: NetName=NetD32_1 Pin=D32-1
Added Pin To Net: NetName=NetD32_1 Pin=D33-2
Added Pin To Net: NetName=NetD32_1 Pin=L17-1
Added Pin To Net: NetName=NetD32_1 Pin=R128-2
Added Pin To Net: NetName=NetD32_1 Pin=U55-2
Added Pin To Net: NetName=NetD32_1 Pin=U55-4
Added Net: Name=NetD32_1
Added Pin To Net: NetName=NetD34_2 Pin=D34-2
Added Pin To Net: NetName=NetD34_2 Pin=R140-1
Added Pin To Net: NetName=NetD34_2 Pin=U56-2
Added Net: Name=NetD34_2
Added Pin To Net: NetName=NetD35_2 Pin=D35-2
Added Pin To Net: NetName=NetD35_2 Pin=R141-1
Added Pin To Net: NetName=NetD35_2 Pin=U57-2
Added Net: Name=NetD35_2
Added Pin To Net: NetName=NetD36_2 Pin=D36-2
Added Pin To Net: NetName=NetD36_2 Pin=R142-1
Added Pin To Net: NetName=NetD36_2 Pin=U58-2
Added Net: Name=NetD36_2
Added Pin To Net: NetName=NetD37_2 Pin=D37-2
Added Pin To Net: NetName=NetD37_2 Pin=R143-1
Added Pin To Net: NetName=NetD37_2 Pin=U59-2
Added Net: Name=NetD37_2
Added Pin To Net: NetName=NetL4_1 Pin=L4-1
Added Pin To Net: NetName=NetL4_1 Pin=U33-6
Added Net: Name=NetL4_1
Added Pin To Net: NetName=NetL5_1 Pin=L5-1
Added Pin To Net: NetName=NetL5_1 Pin=U33-7
Added Net: Name=NetL5_1
Added Pin To Net: NetName=NetL12_1 Pin=L12-1
Added Pin To Net: NetName=NetL12_1 Pin=PS1-14
Added Net: Name=NetL12_1
Added Pin To Net: NetName=NetL13_1 Pin=L13-1
Added Net: Name=NetL13_1
Added Pin To Net: NetName=NetL14_1 Pin=L14-1
Added Pin To Net: NetName=NetL14_1 Pin=PS4-14
Added Net: Name=NetL14_1
Added Pin To Net: NetName=NetL15_1 Pin=L15-1
Added Net: Name=NetL15_1
Added Pin To Net: NetName=NetL16_1 Pin=L16-1
Added Net: Name=NetL16_1
Added Pin To Net: NetName=NetP?_1 Pin=P?-1
Added Pin To Net: NetName=NetP?_1 Pin=R45-2
Added Net: Name=NetP?_1
Added Pin To Net: NetName=NetP?_2 Pin=P?-2
Added Pin To Net: NetName=NetP?_2 Pin=R156-2
Added Pin To Net: NetName=NetP?_2 Pin=R157-1
Added Net: Name=NetP?_2
Added Pin To Net: NetName=NetP?_3 Pin=P?-3
Added Pin To Net: NetName=NetP?_3 Pin=R46-2
Added Net: Name=NetP?_3
Added Pin To Net: NetName=NetR10_1 Pin=R10-1
Added Pin To Net: NetName=NetR10_1 Pin=U1-1
Added Pin To Net: NetName=NetR10_1 Pin=U1-2
Added Net: Name=NetR10_1
Added Pin To Net: NetName=NetR11_1 Pin=R11-1
Added Pin To Net: NetName=NetR11_1 Pin=U2-1
Added Pin To Net: NetName=NetR11_1 Pin=U2-2
Added Net: Name=NetR11_1
Added Pin To Net: NetName=NetR12_1 Pin=R12-1
Added Pin To Net: NetName=NetR12_1 Pin=U3-1
Added Pin To Net: NetName=NetR12_1 Pin=U3-2
Added Net: Name=NetR12_1
Added Pin To Net: NetName=NetR14_2 Pin=R14-2
Added Pin To Net: NetName=NetR14_2 Pin=U5-2
Added Net: Name=NetR14_2
Added Pin To Net: NetName=NetR15_2 Pin=R15-2
Added Pin To Net: NetName=NetR15_2 Pin=U6-2
Added Net: Name=NetR15_2
Added Pin To Net: NetName=NetR19_2 Pin=R19-2
Added Pin To Net: NetName=NetR19_2 Pin=R21-1
Added Pin To Net: NetName=NetR19_2 Pin=U9-2
Added Net: Name=NetR19_2
Added Pin To Net: NetName=NetR20_2 Pin=R20-2
Added Pin To Net: NetName=NetR20_2 Pin=R22-1
Added Pin To Net: NetName=NetR20_2 Pin=U10-2
Added Net: Name=NetR20_2
Added Pin To Net: NetName=NetR21_2 Pin=R21-2
Added Pin To Net: NetName=NetR21_2 Pin=R23-1
Added Pin To Net: NetName=NetR21_2 Pin=U9-1
Added Net: Name=NetR21_2
Added Pin To Net: NetName=NetR22_2 Pin=R22-2
Added Pin To Net: NetName=NetR22_2 Pin=R24-1
Added Pin To Net: NetName=NetR22_2 Pin=U10-1
Added Net: Name=NetR22_2
Added Pin To Net: NetName=NetR25_2 Pin=R25-2
Added Pin To Net: NetName=NetR25_2 Pin=U11-2
Added Net: Name=NetR25_2
Added Pin To Net: NetName=NetR26_2 Pin=R26-2
Added Pin To Net: NetName=NetR26_2 Pin=U12-2
Added Net: Name=NetR26_2
Added Pin To Net: NetName=NetR33_2 Pin=R33-2
Added Pin To Net: NetName=NetR33_2 Pin=U14-1
Added Net: Name=NetR33_2
Added Pin To Net: NetName=NetR34_2 Pin=R34-2
Added Pin To Net: NetName=NetR34_2 Pin=U15-1
Added Net: Name=NetR34_2
Added Pin To Net: NetName=NetR37_1 Pin=R37-1
Added Pin To Net: NetName=NetR37_1 Pin=U14-4
Added Net: Name=NetR37_1
Added Pin To Net: NetName=NetR38_1 Pin=R38-1
Added Pin To Net: NetName=NetR38_1 Pin=U15-4
Added Net: Name=NetR38_1
Added Pin To Net: NetName=NetR47_1 Pin=R47-1
Added Pin To Net: NetName=NetR47_1 Pin=R48-1
Added Pin To Net: NetName=NetR47_1 Pin=U18-4
Added Net: Name=NetR47_1
Added Pin To Net: NetName=NetR49_1 Pin=R49-1
Added Pin To Net: NetName=NetR49_1 Pin=R50-1
Added Pin To Net: NetName=NetR49_1 Pin=U19-4
Added Net: Name=NetR49_1
Added Pin To Net: NetName=NetR51_1 Pin=R51-1
Added Pin To Net: NetName=NetR51_1 Pin=R52-1
Added Pin To Net: NetName=NetR51_1 Pin=U20-4
Added Net: Name=NetR51_1
Added Pin To Net: NetName=NetR53_1 Pin=R53-1
Added Pin To Net: NetName=NetR53_1 Pin=R54-1
Added Pin To Net: NetName=NetR53_1 Pin=U21-4
Added Net: Name=NetR53_1
Added Pin To Net: NetName=NetR62_1 Pin=R62-1
Added Pin To Net: NetName=NetR62_1 Pin=R65-1
Added Pin To Net: NetName=NetR62_1 Pin=U24-6
Added Net: Name=NetR62_1
Added Pin To Net: NetName=NetR63_1 Pin=R63-1
Added Pin To Net: NetName=NetR63_1 Pin=R66-1
Added Pin To Net: NetName=NetR63_1 Pin=U25-6
Added Net: Name=NetR63_1
Added Pin To Net: NetName=NetR64_1 Pin=R64-1
Added Pin To Net: NetName=NetR64_1 Pin=R67-1
Added Pin To Net: NetName=NetR64_1 Pin=U26-6
Added Net: Name=NetR64_1
Added Pin To Net: NetName=NetR87_2 Pin=R87-2
Added Pin To Net: NetName=NetR87_2 Pin=U48-2
Added Net: Name=NetR87_2
Added Pin To Net: NetName=NetR88_2 Pin=R88-2
Added Pin To Net: NetName=NetR88_2 Pin=U49-2
Added Net: Name=NetR88_2
Added Pin To Net: NetName=NetR89_2 Pin=R89-2
Added Pin To Net: NetName=NetR89_2 Pin=U50-2
Added Net: Name=NetR89_2
Added Pin To Net: NetName=NetR90_2 Pin=R90-2
Added Pin To Net: NetName=NetR90_2 Pin=U51-2
Added Net: Name=NetR90_2
Added Pin To Net: NetName=NetR91_2 Pin=R91-2
Added Pin To Net: NetName=NetR91_2 Pin=U52-2
Added Net: Name=NetR91_2
Added Pin To Net: NetName=NetR92_2 Pin=R92-2
Added Pin To Net: NetName=NetR92_2 Pin=U53-2
Added Net: Name=NetR92_2
Added Pin To Net: NetName=NetR93_2 Pin=R93-2
Added Pin To Net: NetName=NetR93_2 Pin=U54-2
Added Net: Name=NetR93_2
Added Pin To Net: NetName=NetR94_2 Pin=R94-2
Added Pin To Net: NetName=NetR94_2 Pin=U37-2
Added Net: Name=NetR94_2
Added Pin To Net: NetName=NetR95_2 Pin=R95-2
Added Pin To Net: NetName=NetR95_2 Pin=U38-2
Added Net: Name=NetR95_2
Added Pin To Net: NetName=NetR96_2 Pin=R96-2
Added Pin To Net: NetName=NetR96_2 Pin=U39-2
Added Net: Name=NetR96_2
Added Pin To Net: NetName=NetR98_1 Pin=R98-1
Added Pin To Net: NetName=NetR98_1 Pin=U37-6
Added Pin To Net: NetName=NetR98_1 Pin=U41-2
Added Net: Name=NetR98_1
Added Pin To Net: NetName=NetR99_1 Pin=R99-1
Added Pin To Net: NetName=NetR99_1 Pin=U38-6
Added Pin To Net: NetName=NetR99_1 Pin=U41-3
Added Net: Name=NetR99_1
Added Pin To Net: NetName=NetR100_1 Pin=R100-1
Added Pin To Net: NetName=NetR100_1 Pin=U39-6
Added Pin To Net: NetName=NetR100_1 Pin=U41-4
Added Net: Name=NetR100_1
Added Pin To Net: NetName=NetR101_2 Pin=R101-2
Added Pin To Net: NetName=NetR101_2 Pin=U40-2
Added Net: Name=NetR101_2
Added Pin To Net: NetName=NetR104_2 Pin=R104-2
Added Pin To Net: NetName=NetR104_2 Pin=U35-2
Added Net: Name=NetR104_2
Added Pin To Net: NetName=NetR105_1 Pin=R105-1
Added Pin To Net: NetName=NetR105_1 Pin=U34-6
Added Net: Name=NetR105_1
Added Pin To Net: NetName=NetR106_2 Pin=R106-2
Added Pin To Net: NetName=NetR106_2 Pin=U34-2
Added Net: Name=NetR106_2
Added Pin To Net: NetName=NetR107_1 Pin=R107-1
Added Pin To Net: NetName=NetR107_1 Pin=U35-6
Added Pin To Net: NetName=NetR107_1 Pin=U36-1
Added Net: Name=NetR107_1
Added Pin To Net: NetName=NetR108_1 Pin=R108-1
Added Pin To Net: NetName=NetR108_1 Pin=U36-8
Added Net: Name=NetR108_1
Added Pin To Net: NetName=NetR109_1 Pin=R109-1
Added Pin To Net: NetName=NetR109_1 Pin=U36-7
Added Net: Name=NetR109_1
Added Pin To Net: NetName=NetR109_2 Pin=R109-2
Added Pin To Net: NetName=NetR109_2 Pin=R111-2
Added Pin To Net: NetName=NetR109_2 Pin=TVS5-1
Added Net: Name=NetR109_2
Added Pin To Net: NetName=NetR110_1 Pin=R110-1
Added Pin To Net: NetName=NetR110_1 Pin=U36-6
Added Net: Name=NetR110_1
Added Pin To Net: NetName=NetR110_2 Pin=R110-2
Added Pin To Net: NetName=NetR110_2 Pin=R111-1
Added Pin To Net: NetName=NetR110_2 Pin=TVS6-2
Added Net: Name=NetR110_2
Added Pin To Net: NetName=NetR115_1 Pin=R115-1
Added Pin To Net: NetName=NetR115_1 Pin=R116-2
Added Pin To Net: NetName=NetR115_1 Pin=U28-4
Added Net: Name=NetR115_1
Added Pin To Net: NetName=NetR118_1 Pin=R118-1
Added Pin To Net: NetName=NetR118_1 Pin=R119-2
Added Pin To Net: NetName=NetR118_1 Pin=U27-4
Added Net: Name=NetR118_1
Added Pin To Net: NetName=NetR120_2 Pin=R120-2
Added Pin To Net: NetName=NetR120_2 Pin=U30-2
Added Net: Name=NetR120_2
Added Pin To Net: NetName=NetR121_2 Pin=R121-2
Added Pin To Net: NetName=NetR121_2 Pin=U32-2
Added Net: Name=NetR121_2
Added Pin To Net: NetName=NetR122_1 Pin=R122-1
Added Pin To Net: NetName=NetR122_1 Pin=U31-6
Added Net: Name=NetR122_1
Added Pin To Net: NetName=NetR123_1 Pin=R123-1
Added Pin To Net: NetName=NetR123_1 Pin=U30-5
Added Pin To Net: NetName=NetR123_1 Pin=U33-2
Added Pin To Net: NetName=NetR123_1 Pin=U33-3
Added Net: Name=NetR123_1
Added Pin To Net: NetName=NetR124_1 Pin=R124-1
Added Pin To Net: NetName=NetR124_1 Pin=U32-6
Added Pin To Net: NetName=NetR124_1 Pin=U33-4
Added Net: Name=NetR124_1
Added Pin To Net: NetName=NetR125_2 Pin=R125-2
Added Pin To Net: NetName=NetR125_2 Pin=U31-2
Added Net: Name=NetR125_2
Added Pin To Net: NetName=NetU8_6 Pin=U8-6
Added Pin To Net: NetName=NetU8_6 Pin=U8-7
Added Net: Name=NetU8_6
Added Pin To Net: NetName=NetU9_3 Pin=U9-3
Added Net: Name=NetU9_3
Added Pin To Net: NetName=NetU10_3 Pin=U10-3
Added Net: Name=NetU10_3
Added Pin To Net: NetName=NetU30_3 Pin=U30-3
Added Net: Name=NetU30_3
Added Pin To Net: NetName=NetU31_3 Pin=U31-3
Added Pin To Net: NetName=NetU31_3 Pin=U33-1
Added Net: Name=NetU31_3
Added Pin To Net: NetName=NetU32_3 Pin=U32-3
Added Net: Name=NetU32_3
Added Pin To Net: NetName=NetU34_3 Pin=U34-3
Added Pin To Net: NetName=NetU34_3 Pin=U36-4
Added Net: Name=NetU34_3
Added Pin To Net: NetName=NetU35_3 Pin=U35-3
Added Net: Name=NetU35_3
Added Pin To Net: NetName=NetU40_3 Pin=U40-3
Added Pin To Net: NetName=NetU40_3 Pin=U41-15
Added Net: Name=NetU40_3
Added Pin To Net: NetName=NetU42_1 Pin=U42-1
Added Pin To Net: NetName=NetU42_1 Pin=U42-2
Added Net: Name=NetU42_1
Added Pin To Net: NetName=NetU42_6 Pin=U42-6
Added Pin To Net: NetName=NetU42_6 Pin=U42-7
Added Net: Name=NetU42_6
Added Pin To Net: NetName=NetU43_1 Pin=U43-1
Added Pin To Net: NetName=NetU43_1 Pin=U43-2
Added Net: Name=NetU43_1
Added Pin To Net: NetName=NetU48_6 Pin=U48-6
Added Net: Name=NetU48_6
Added Pin To Net: NetName=NetU49_6 Pin=U49-6
Added Net: Name=NetU49_6
Added Pin To Net: NetName=NetU50_6 Pin=U50-6
Added Net: Name=NetU50_6
Added Pin To Net: NetName=NetU51_6 Pin=U51-6
Added Net: Name=NetU51_6
Added Pin To Net: NetName=NetU52_6 Pin=U52-6
Added Net: Name=NetU52_6
Added Pin To Net: NetName=NetU53_6 Pin=U53-6
Added Net: Name=NetU53_6
Added Pin To Net: NetName=NetU54_6 Pin=U54-6
Added Net: Name=NetU54_6
Added Pin To Net: NetName=PA_OC Pin=R141-2
Added Net: Name=PA_OC
Added Pin To Net: NetName=PB_OC Pin=R142-2
Added Net: Name=PB_OC
Added Pin To Net: NetName=PC_DN_CTL_EX Pin=R84-1
Added Pin To Net: NetName=PC_DN_CTL_EX Pin=R85-1
Added Pin To Net: NetName=PC_DN_CTL_EX Pin=R86-1
Added Net: Name=PC_DN_CTL_EX
Added Pin To Net: NetName=PC_OC Pin=R143-2
Added Net: Name=PC_OC
Added Pin To Net: NetName=PC_UP_CTL_EX Pin=U48-3
Added Pin To Net: NetName=PC_UP_CTL_EX Pin=U50-3
Added Pin To Net: NetName=PC_UP_CTL_EX Pin=U52-3
Added Net: Name=PC_UP_CTL_EX
Added Pin To Net: NetName=POS_A Pin=C62-2
Added Pin To Net: NetName=POS_A Pin=R65-2
Added Net: Name=POS_A
Added Pin To Net: NetName=POS_B Pin=C63-2
Added Pin To Net: NetName=POS_B Pin=R66-2
Added Net: Name=POS_B
Added Pin To Net: NetName=POS_C Pin=C64-2
Added Pin To Net: NetName=POS_C Pin=R67-2
Added Net: Name=POS_C
Added Pin To Net: NetName=RS232_RX_OUT Pin=CON12-3
Added Pin To Net: NetName=RS232_RX_OUT Pin=TVS1-1
Added Net: Name=RS232_RX_OUT
Added Pin To Net: NetName=RS232_TX_OUT Pin=CON12-2
Added Pin To Net: NetName=RS232_TX_OUT Pin=TVS2-1
Added Net: Name=RS232_TX_OUT
Added Pin To Net: NetName=SGND Pin=C90-2
Added Pin To Net: NetName=SGND Pin=C91-2
Added Pin To Net: NetName=SGND Pin=C92-1
Added Pin To Net: NetName=SGND Pin=C94-1
Added Pin To Net: NetName=SGND Pin=C95-1
Added Pin To Net: NetName=SGND Pin=C96-2
Added Pin To Net: NetName=SGND Pin=C117-2
Added Pin To Net: NetName=SGND Pin=C118-1
Added Net: Name=SGND
Added Class: Name=AIAO
Added Class: Name=DIDO
Added Class: Name=DRIVE
Added Class: Name=PERIPHERAL
Added Class: Name=POWER
Added Room: Name=AIAO
Added Room: Name=DIDO
Added Room: Name=DRIVE
Added Room: Name=PERIPHERAL
Added Room: Name=POWER
