Added Component: Designator=C1(1206)
Added Component: Designator=C2(1206)
Added Component: Designator=C3(1206)
Added Component: Designator=C4(7343)
Added Component: Designator=C5(1206)
Added Component: Designator=C6(1206)
Added Component: Designator=C7(1206)
Added Component: Designator=C8(1206)
Added Component: Designator=C9(1206)
Added Component: Designator=C10(1206)
Added Component: Designator=C11(7343)
Added Component: Designator=C12(1206)
Added Component: Designator=C13(1206)
Added Component: Designator=C14(1206)
Added Component: Designator=C15(1206)
Added Component: Designator=C16(1206)
Added Component: Designator=C17(7343)
Added Component: Designator=C18(1206)
Added Component: Designator=C19(1206)
Added Component: Designator=C20(1206)
Added Component: Designator=C21(1206)
Added Component: Designator=C22(1206)
Added Component: Designator=C23(1206)
Added Component: Designator=C24(1206)
Added Component: Designator=C25(1206)
Added Component: Designator=C26(7343)
Added Component: Designator=C27(1206)
Added Component: Designator=C28(1206)
Added Component: Designator=C29(1206)
Added Component: Designator=C30(1206)
Added Component: Designator=C31(1206)
Added Component: Designator=C32(1206)
Added Component: Designator=C33(1206)
Added Component: Designator=C34(7343)
Added Component: Designator=C35(1206)
Added Component: Designator=C36(1206)
Added Component: Designator=C37(1206)
Added Component: Designator=C38(1206)
Added Component: Designator=C39(1206)
Added Component: Designator=C40(1206)
Added Component: Designator=C41(1206)
Added Component: Designator=C42(1206)
Added Component: Designator=C43(7343)
Added Component: Designator=C44(1206)
Added Component: Designator=C45(1206)
Added Component: Designator=C46(1206)
Added Component: Designator=C47(1206)
Added Component: Designator=C48(1206)
Added Component: Designator=C49(1206)
Added Component: Designator=C50(7343)
Added Component: Designator=C51(1206)
Added Component: Designator=C52(1206)
Added Component: Designator=C53(1206)
Added Component: Designator=C54(1206)
Added Component: Designator=C55(1206)
Added Component: Designator=C56(1206)
Added Component: Designator=C57(1206)
Added Component: Designator=C58(1206)
Added Component: Designator=C59(1206)
Added Component: Designator=C60(1206)
Added Component: Designator=C61(1206)
Added Component: Designator=C62(1206)
Added Component: Designator=C63(1206)
Added Component: Designator=C64(1206)
Added Component: Designator=C65(7343)
Added Component: Designator=C66(1206)
Added Component: Designator=C67(1206)
Added Component: Designator=C68(7343)
Added Component: Designator=C69(1206)
Added Component: Designator=C70(1206)
Added Component: Designator=C71(1206)
Added Component: Designator=C72(1206)
Added Component: Designator=C73(1206)
Added Component: Designator=C74(7343)
Added Component: Designator=C75(1206)
Added Component: Designator=C76(1206)
Added Component: Designator=C77(1206)
Added Component: Designator=C78(7343)
Added Component: Designator=C79(1206)
Added Component: Designator=C80(1206)
Added Component: Designator=C81(1206)
Added Component: Designator=C82(7343)
Added Component: Designator=C83(7343)
Added Component: Designator=C84(1206)
Added Component: Designator=C85(1206)
Added Component: Designator=C86(7343)
Added Component: Designator=C87(1206)
Added Component: Designator=C88(7343)
Added Component: Designator=C89(1206)
Added Component: Designator=C90(1206)
Added Component: Designator=C91(7343)
Added Component: Designator=C92(7343)
Added Component: Designator=C93(1206)
Added Component: Designator=C94(1206)
Added Component: Designator=C95(7343)
Added Component: Designator=C96(1206)
Added Component: Designator=C97(7343)
Added Component: Designator=C98(1206)
Added Component: Designator=C99(7343)
Added Component: Designator=C100(7343)
Added Component: Designator=C101(1206)
Added Component: Designator=C102(1206)
Added Component: Designator=C103(7343)
Added Component: Designator=C104(1206)
Added Component: Designator=C105(1206)
Added Component: Designator=C106(7343)
Added Component: Designator=C107(7343)
Added Component: Designator=C108(1206)
Added Component: Designator=C109(1206)
Added Component: Designator=C110(7343)
Added Component: Designator=C111(7343)
Added Component: Designator=C112(1206)
Added Component: Designator=C113(1206)
Added Component: Designator=C114(7343)
Added Component: Designator=C115(7343)
Added Component: Designator=C116(1206)
Added Component: Designator=C117(1206)
Added Component: Designator=C118(7343)
Added Component: Designator=C119(1206)
Added Component: Designator=C120(7343)
Added Component: Designator=C121(1206)
Added Component: Designator=C122(7343)
Added Component: Designator=C123(1206)
Added Component: Designator=C124(7343)
Added Component: Designator=C125(1206)
Added Component: Designator=C126(1206)
Added Component: Designator=C127(1206)
Added Component: Designator=C128(1206)
Added Component: Designator=C129(1206)
Added Component: Designator=C130(1206)
Added Component: Designator=C131(1206)
Added Component: Designator=C132(1206)
Added Component: Designator=C133(1206)
Added Component: Designator=C134(1206)
Added Component: Designator=C135(1206)
Added Component: Designator=C136(1206)
Added Component: Designator=C137(1206)
Added Component: Designator=C138(1206)
Added Component: Designator=C139(1206)
Added Component: Designator=C140(1206)
Added Component: Designator=C141(1206)
Added Component: Designator=C142(1206)
Added Component: Designator=C143(1206)
Added Component: Designator=C144(1206)
Added Component: Designator=C145(1206)
Added Component: Designator=C146(1206)
Added Component: Designator=C147(7343)
Added Component: Designator=C148(7343)
Added Component: Designator=C149(1206)
Added Component: Designator=C150(1206)
Added Component: Designator=C151(1206)
Added Component: Designator=CON1(2SIP3)
Added Component: Designator=CON2(2SIP3)
Added Component: Designator=CON3(2SIP3)
Added Component: Designator=CON4(2SIP4)
Added Component: Designator=CON5(2SIP3)
Added Component: Designator=CON6(2SIP5)
Added Component: Designator=CON7(SIP10)
Added Component: Designator=CON8(2SIP6)
Added Component: Designator=CON9(2SIP5)
Added Component: Designator=CON10(2SIP8)
Added Component: Designator=CON11(2SIP3)
Added Component: Designator=CON12(2SIP4)
Added Component: Designator=CON13(2SIP3)
Added Component: Designator=D1(SOD-80/MLL34)
Added Component: Designator=D2(SOD-80/MLL34)
Added Component: Designator=D3(SOD-80/MLL34)
Added Component: Designator=D4(SOD-80/MLL34)
Added Component: Designator=D5(SOD-80/MLL34)
Added Component: Designator=D6(SOD-80/MLL34)
Added Component: Designator=D7(SOD-80/MLL34)
Added Component: Designator=D8(SOD-80/MLL34)
Added Component: Designator=D9(SOD-80/MLL34)
Added Component: Designator=D10(SOD-80/MLL34)
Added Component: Designator=D11(SMA)
Added Component: Designator=D12(SOD-80/MLL34)
Added Component: Designator=D13(SOD-80/MLL34)
Added Component: Designator=D14(SMA)
Added Component: Designator=D15(SMA)
Added Component: Designator=D16(SOD-80/MLL34)
Added Component: Designator=D17(SMA)
Added Component: Designator=D18(SMA)
Added Component: Designator=D19(SOD-80/MLL34)
Added Component: Designator=D20(SMA)
Added Component: Designator=D21(SOD-80/MLL34)
Added Component: Designator=D22(SMA)
Added Component: Designator=D23(SOD-80/MLL34)
Added Component: Designator=D24(SOD-80/MLL34)
Added Component: Designator=D25(SOD-80/MLL34)
Added Component: Designator=D26(SOD-80/MLL34)
Added Component: Designator=D27(SMA)
Added Component: Designator=D28(SMA)
Added Component: Designator=D29(SMA)
Added Component: Designator=D30(SMA)
Added Component: Designator=F1(PIN-W2/E2.8)
Added Component: Designator=K1(DIP-P4)
Added Component: Designator=K2(DIP-P4)
Added Component: Designator=K3(DIP-P4)
Added Component: Designator=L1(2012)
Added Component: Designator=L2(2012)
Added Component: Designator=L3(2012)
Added Component: Designator=L4(2012)
Added Component: Designator=L5(2012)
Added Component: Designator=L6(2012)
Added Component: Designator=L7(2012)
Added Component: Designator=L9(2012)
Added Component: Designator=L10(2012)
Added Component: Designator=L11(2012)
Added Component: Designator=L12(2012)
Added Component: Designator=L14(2012)
Added Component: Designator=L15(2012)
Added Component: Designator=L16(2012)
Added Component: Designator=L17(2012)
Added Component: Designator=P1(2SIP8)
Added Component: Designator=P2(2SIP3)
Added Component: Designator=P3(2SIP3)
Added Component: Designator=P4(2SIP3)
Added Component: Designator=P5(2SIP6)
Added Component: Designator=P6(2SIP3)
Added Component: Designator=P7(DIP14-2.54)
Added Component: Designator=PS1(NPSIP7)
Added Component: Designator=PS2(DIP24)
Added Component: Designator=PS3(DIP24)
Added Component: Designator=PS4(NPSIP7A)
Added Component: Designator=PS5(NPSIP7)
Added Component: Designator=R1(1206)
Added Component: Designator=R2(1206)
Added Component: Designator=R3(1206)
Added Component: Designator=R4(1206)
Added Component: Designator=R5(1206)
Added Component: Designator=R6(1206)
Added Component: Designator=R7(1206)
Added Component: Designator=R8(1206)
Added Component: Designator=R9(1206)
Added Component: Designator=R10(1206)
Added Component: Designator=R11(1206)
Added Component: Designator=R12(1206)
Added Component: Designator=R13(1206)
Added Component: Designator=R14(1206)
Added Component: Designator=R15(1206)
Added Component: Designator=R16(1206)
Added Component: Designator=R17(1206)
Added Component: Designator=R18(1206)
Added Component: Designator=R19(1206)
Added Component: Designator=R20(1206)
Added Component: Designator=R21(1206)
Added Component: Designator=R22(1206)
Added Component: Designator=R23(1206)
Added Component: Designator=R24(1206)
Added Component: Designator=R25(1206)
Added Component: Designator=R26(1206)
Added Component: Designator=R27(1206)
Added Component: Designator=R28(1206)
Added Component: Designator=R29(1206)
Added Component: Designator=R30(1206)
Added Component: Designator=R31(1206)
Added Component: Designator=R32(1206)
Added Component: Designator=R33(1206)
Added Component: Designator=R34(1206)
Added Component: Designator=R35(1206)
Added Component: Designator=R36(1206)
Added Component: Designator=R37(1206)
Added Component: Designator=R38(1206)
Added Component: Designator=R39(1206)
Added Component: Designator=R40(1206)
Added Component: Designator=R41(1206)
Added Component: Designator=R42(1206)
Added Component: Designator=R43(1206)
Added Component: Designator=R44(1206)
Added Component: Designator=R45(1206)
Added Component: Designator=R46(1206)
Added Component: Designator=R47(1206)
Added Component: Designator=R48(1206)
Added Component: Designator=R49(1206)
Added Component: Designator=R50(1206)
Added Component: Designator=R51(1206)
Added Component: Designator=R52(1206)
Added Component: Designator=R53(1206)
Added Component: Designator=R54(1206)
Added Component: Designator=R55(1206)
Added Component: Designator=R56(1206)
Added Component: Designator=R57(1206)
Added Component: Designator=R58(1206)
Added Component: Designator=R59(1206)
Added Component: Designator=R60(1206)
Added Component: Designator=R61(1206)
Added Component: Designator=R62(1206)
Added Component: Designator=R63(1206)
Added Component: Designator=R64(1206)
Added Component: Designator=R65(1206)
Added Component: Designator=R66(1206)
Added Component: Designator=R67(1206)
Added Component: Designator=R68(1206)
Added Component: Designator=R69(1206)
Added Component: Designator=R70(1206)
Added Component: Designator=R71(1206)
Added Component: Designator=R72(1206)
Added Component: Designator=R73(1206)
Added Component: Designator=R74(1206)
Added Component: Designator=R75(1206)
Added Component: Designator=R76(1206)
Added Component: Designator=R77(1206)
Added Component: Designator=R78(1206)
Added Component: Designator=R79(1206)
Added Component: Designator=R80(1206)
Added Component: Designator=R81(1206)
Added Component: Designator=R82(1206)
Added Component: Designator=R83(1206)
Added Component: Designator=R84(1206)
Added Component: Designator=R85(1206)
Added Component: Designator=R86(1206)
Added Component: Designator=R87(1206)
Added Component: Designator=R88(1206)
Added Component: Designator=R89(1206)
Added Component: Designator=R90(1206)
Added Component: Designator=R91(1206)
Added Component: Designator=R92(1206)
Added Component: Designator=R93(1206)
Added Component: Designator=R94(1206)
Added Component: Designator=R95(1206)
Added Component: Designator=R96(1206)
Added Component: Designator=R97(1206)
Added Component: Designator=R98(1206)
Added Component: Designator=R99(1206)
Added Component: Designator=R100(1206)
Added Component: Designator=R101(1206)
Added Component: Designator=R102(1206)
Added Component: Designator=R103(1206)
Added Component: Designator=R104(1206)
Added Component: Designator=R105(1206)
Added Component: Designator=R106(1206)
Added Component: Designator=R107(1206)
Added Component: Designator=R108(1206)
Added Component: Designator=R109(1206)
Added Component: Designator=R110(1206)
Added Component: Designator=R111(1206)
Added Component: Designator=R112(1206)
Added Component: Designator=R113(1206)
Added Component: Designator=R114(1206)
Added Component: Designator=R115(1206)
Added Component: Designator=R116(1206)
Added Component: Designator=R117(1206)
Added Component: Designator=R118(1206)
Added Component: Designator=R119(1206)
Added Component: Designator=R120(1206)
Added Component: Designator=R121(1206)
Added Component: Designator=R122(1206)
Added Component: Designator=R123(1206)
Added Component: Designator=R124(1206)
Added Component: Designator=R125(1206)
Added Component: Designator=R126(1206)
Added Component: Designator=R127(1206)
Added Component: Designator=R128(1206)
Added Component: Designator=R129(1206)
Added Component: Designator=R130(1206)
Added Component: Designator=RV1(RAD-0.2)
Added Component: Designator=RV2(RAD-0.2)
Added Component: Designator=RV3(RAD-0.2)
Added Component: Designator=S1(SPST-2)
Added Component: Designator=TVS1(SMA)
Added Component: Designator=TVS2(SMA)
Added Component: Designator=TVS3(SMA)
Added Component: Designator=TVS4(SMA)
Added Component: Designator=TVS5(SMA)
Added Component: Designator=TVS6(SMA)
Added Component: Designator=U1(SO-8)
Added Component: Designator=U2(SO-8)
Added Component: Designator=U3(SO-8)
Added Component: Designator=U4(SO-8)
Added Component: Designator=U5(SO-8)
Added Component: Designator=U6(SO-8)
Added Component: Designator=U7(SO-8)
Added Component: Designator=U8(SO-8)
Added Component: Designator=U9(SO-8)
Added Component: Designator=U10(SO-8)
Added Component: Designator=U11(SOP254P1230X400-8N)
Added Component: Designator=U12(SOP254P1230X400-8N)
Added Component: Designator=U13(SOP254P1230X400-8N)
Added Component: Designator=U14(SOP254P1230X400-8N)
Added Component: Designator=U15(SOP254P1230X400-8N)
Added Component: Designator=U16(DIP-8N)
Added Component: Designator=U17(DIP-8N)
Added Component: Designator=U18(DIP4)
Added Component: Designator=U19(DIP-8N)
Added Component: Designator=U20(DIP4)
Added Component: Designator=U21(DIP4)
Added Component: Designator=U22(DIP4)
Added Component: Designator=U23(DIP4)
Added Component: Designator=U24(DIP4)
Added Component: Designator=U25(DIP4)
Added Component: Designator=U26(DIP-8N)
Added Component: Designator=U27(DIP-8N)
Added Component: Designator=U28(DIP-8N)
Added Component: Designator=U29(DIP-8N)
Added Component: Designator=U30(DIP-8N)
Added Component: Designator=U31(DIP-8N)
Added Component: Designator=U32(DIP-8N)
Added Component: Designator=U33(DIP-8N)
Added Component: Designator=U34(DIP-8N)
Added Component: Designator=U35(DIP-8N)
Added Component: Designator=U36(DIP-8N)
Added Component: Designator=U37(DIP-8N)
Added Component: Designator=U38(SO20_M)
Added Component: Designator=U39(DIP4)
Added Component: Designator=U40(DIP-8N)
Added Component: Designator=U41(DIP-8N)
Added Component: Designator=U42(DIP-8N)
Added Component: Designator=U43(DIP4)
Added Component: Designator=U44(DIP-8N)
Added Component: Designator=U45(SO-8)
Added Component: Designator=U46(DIP-8N)
Added Component: Designator=U47(DIP-8N)
Added Component: Designator=U48(DIP-8N)
Added Component: Designator=U49(SO-8)
Added Component: Designator=U50(DIP-8N)
Added Component: Designator=U51(SOT223-4N)
Added Component: Designator=U52(tssop20)
Added Component: Designator=u53(LQFP176_N)
Added Component: Designator=U54(d2pak)
Added Component: Designator=U55(MSOP8)
Added Component: Designator=U56(SOIC8N_N)
Added Component: Designator=VT1(SOT23)
Added Component: Designator=VT2(SOT23)
Added Component: Designator=VT3(SOT23)
Added Component: Designator=Y1(BCY-W2/D3.1)
Added Pin To Net: NetName=+5V_COM Pin=C76-2
Added Pin To Net: NetName=+5V_COM Pin=C81-2
Added Pin To Net: NetName=+5V_COM Pin=C85-2
Added Pin To Net: NetName=+5V_COM Pin=C103-1
Added Pin To Net: NetName=+5V_COM Pin=C105-2
Added Pin To Net: NetName=+5V_COM Pin=L2-1
Added Pin To Net: NetName=+5V_COM Pin=L14-2
Added Pin To Net: NetName=+5V_COM Pin=R94-2
Added Pin To Net: NetName=+5V_COM Pin=R99-2
Added Pin To Net: NetName=+5V_COM Pin=R101-2
Added Pin To Net: NetName=+5V_COM Pin=R104-1
Added Pin To Net: NetName=+5V_COM Pin=R109-1
Added Pin To Net: NetName=+5V_COM Pin=R116-2
Added Pin To Net: NetName=+5V_COM Pin=R119-1
Added Pin To Net: NetName=+5V_COM Pin=R123-2
Added Pin To Net: NetName=+5V_COM Pin=U37-8
Added Pin To Net: NetName=+5V_COM Pin=U38-1
Added Pin To Net: NetName=+5V_COM Pin=U38-20
Added Pin To Net: NetName=+5V_COM Pin=U40-8
Added Pin To Net: NetName=+5V_COM Pin=U41-8
Added Pin To Net: NetName=+5V_COM Pin=U45-3
Added Pin To Net: NetName=+5V_COM Pin=U46-8
Added Pin To Net: NetName=+5V_COM Pin=U47-6
Added Pin To Net: NetName=+5V_COM Pin=U47-8
Added Pin To Net: NetName=+5V_COM Pin=U49-8
Added Pin To Net: NetName=+5V_COM Pin=U50-8
Added Net: Name=+5V_COM
Added Pin To Net: NetName=+5V Pin=C94-2
Added Pin To Net: NetName=+5V Pin=C121-2
Added Pin To Net: NetName=+5V Pin=C126-1
Added Pin To Net: NetName=+5V Pin=C151-1
Added Pin To Net: NetName=+5V Pin=R75-1
Added Pin To Net: NetName=+5V Pin=R76-1
Added Pin To Net: NetName=+5V Pin=R77-1
Added Pin To Net: NetName=+5V Pin=R79-1
Added Pin To Net: NetName=+5V Pin=R82-1
Added Pin To Net: NetName=+5V Pin=R83-1
Added Pin To Net: NetName=+5V Pin=R84-1
Added Pin To Net: NetName=+5V Pin=U52-2
Added Pin To Net: NetName=+5V Pin=U52-3
Added Pin To Net: NetName=+5V Pin=U52-9
Added Pin To Net: NetName=+5V Pin=U52-10
Added Pin To Net: NetName=+5V Pin=U54-2
Added Pin To Net: NetName=+5V Pin=U55-1
Added Net: Name=+5V
Added Pin To Net: NetName=+10V Pin=C115-1
Added Pin To Net: NetName=+10V Pin=C117-2
Added Pin To Net: NetName=+10V Pin=L17-2
Added Pin To Net: NetName=+10V Pin=P1-8
Added Net: Name=+10V
Added Pin To Net: NetName=+12V_POS Pin=C111-1
Added Pin To Net: NetName=+12V_POS Pin=C113-2
Added Pin To Net: NetName=+12V_POS Pin=CON6-5
Added Pin To Net: NetName=+12V_POS Pin=D7-2
Added Pin To Net: NetName=+12V_POS Pin=D9-2
Added Pin To Net: NetName=+12V_POS Pin=D12-2
Added Pin To Net: NetName=+12V_POS Pin=L16-2
Added Pin To Net: NetName=+12V_POS Pin=U16-2
Added Pin To Net: NetName=+12V_POS Pin=U17-2
Added Pin To Net: NetName=+12V_POS Pin=U19-2
Added Net: Name=+12V_POS
Added Pin To Net: NetName=+15_AI Pin=D3-2
Added Net: Name=+15_AI
Added Pin To Net: NetName=+15V_AI Pin=C2-1
Added Pin To Net: NetName=+15V_AI Pin=C15-1
Added Pin To Net: NetName=+15V_AI Pin=C24-1
Added Pin To Net: NetName=+15V_AI Pin=C39-1
Added Pin To Net: NetName=+15V_AI Pin=C90-2
Added Pin To Net: NetName=+15V_AI Pin=C92-1
Added Pin To Net: NetName=+15V_AI Pin=C114-1
Added Pin To Net: NetName=+15V_AI Pin=C116-2
Added Pin To Net: NetName=+15V_AI Pin=D1-2
Added Pin To Net: NetName=+15V_AI Pin=D5-2
Added Pin To Net: NetName=+15V_AI Pin=D29-2
Added Pin To Net: NetName=+15V_AI Pin=L9-2
Added Pin To Net: NetName=+15V_AI Pin=U1-8
Added Pin To Net: NetName=+15V_AI Pin=U2-8
Added Pin To Net: NetName=+15V_AI Pin=U3-8
Added Pin To Net: NetName=+15V_AI Pin=U7-8
Added Pin To Net: NetName=+15V_AI Pin=U51-3
Added Net: Name=+15V_AI
Added Pin To Net: NetName=+15V_CORE_COM Pin=L4-1
Added Net: Name=+15V_CORE_COM
Added Pin To Net: NetName=+15V_C Pin=C3-1
Added Pin To Net: NetName=+15V_C Pin=C22-1
Added Pin To Net: NetName=+15V_C Pin=C25-1
Added Pin To Net: NetName=+15V_C Pin=C26-1
Added Pin To Net: NetName=+15V_C Pin=C28-2
Added Pin To Net: NetName=+15V_C Pin=C34-1
Added Pin To Net: NetName=+15V_C Pin=C35-2
Added Pin To Net: NetName=+15V_C Pin=C38-1
Added Pin To Net: NetName=+15V_C Pin=C41-1
Added Pin To Net: NetName=+15V_C Pin=C43-1
Added Pin To Net: NetName=+15V_C Pin=C46-2
Added Pin To Net: NetName=+15V_C Pin=C50-1
Added Pin To Net: NetName=+15V_C Pin=C51-1
Added Pin To Net: NetName=+15V_C Pin=C52-2
Added Pin To Net: NetName=+15V_C Pin=C89-2
Added Pin To Net: NetName=+15V_C Pin=C98-2
Added Pin To Net: NetName=+15V_C Pin=C100-1
Added Pin To Net: NetName=+15V_C Pin=CON5-3
Added Pin To Net: NetName=+15V_C Pin=L10-2
Added Pin To Net: NetName=+15V_C Pin=P2-3
Added Pin To Net: NetName=+15V_C Pin=P3-3
Added Pin To Net: NetName=+15V_C Pin=P4-3
Added Pin To Net: NetName=+15V_C Pin=U4-8
Added Pin To Net: NetName=+15V_C Pin=U5-8
Added Pin To Net: NetName=+15V_C Pin=U6-8
Added Pin To Net: NetName=+15V_C Pin=U8-8
Added Pin To Net: NetName=+15V_C Pin=U9-8
Added Pin To Net: NetName=+15V_C Pin=U10-8
Added Pin To Net: NetName=+15V_C Pin=U54-1
Added Pin To Net: NetName=+15V_C Pin=U56-2
Added Net: Name=+15V_C
Added Pin To Net: NetName=+15V BR Pin=U32-8
Added Net: Name=+15V BR
Added Pin To Net: NetName=+15V PA Pin=U30-8
Added Pin To Net: NetName=+15V PA Pin=U31-8
Added Net: Name=+15V PA
Added Pin To Net: NetName=+15V PB Pin=U28-8
Added Pin To Net: NetName=+15V PB Pin=U29-8
Added Net: Name=+15V PB
Added Pin To Net: NetName=+15V PC Pin=U26-8
Added Pin To Net: NetName=+15V PC Pin=U27-8
Added Net: Name=+15V PC
Added Pin To Net: NetName=+24V_EX Pin=C65-1
Added Pin To Net: NetName=+24V_EX Pin=C66-2
Added Pin To Net: NetName=+24V_EX Pin=C91-1
Added Pin To Net: NetName=+24V_EX Pin=C93-2
Added Pin To Net: NetName=+24V_EX Pin=C99-1
Added Pin To Net: NetName=+24V_EX Pin=C101-2
Added Pin To Net: NetName=+24V_EX Pin=C107-1
Added Pin To Net: NetName=+24V_EX Pin=C109-2
Added Pin To Net: NetName=+24V_EX Pin=L15-2
Added Pin To Net: NetName=+24V_EX Pin=PS1-1
Added Pin To Net: NetName=+24V_EX Pin=PS5-1
Added Pin To Net: NetName=+24V_EX Pin=R95-2
Added Pin To Net: NetName=+24V_EX Pin=R102-2
Added Net: Name=+24V_EX
Added Pin To Net: NetName=+24V_F Pin=C67-2
Added Pin To Net: NetName=+24V_F Pin=C68-1
Added Pin To Net: NetName=+24V_F Pin=L1-2
Added Pin To Net: NetName=+24V_F Pin=R55-1
Added Pin To Net: NetName=+24V_F Pin=R61-1
Added Pin To Net: NetName=+24V_F Pin=R64-1
Added Pin To Net: NetName=+24V_F Pin=R69-1
Added Net: Name=+24V_F
Added Pin To Net: NetName=+24V Pin=C4-1
Added Pin To Net: NetName=+24V Pin=C6-2
Added Pin To Net: NetName=+24V Pin=C11-1
Added Pin To Net: NetName=+24V Pin=C12-2
Added Pin To Net: NetName=+24V Pin=C17-1
Added Pin To Net: NetName=+24V Pin=C18-2
Added Pin To Net: NetName=+24V Pin=C86-1
Added Pin To Net: NetName=+24V Pin=C87-2
Added Pin To Net: NetName=+24V Pin=C88-1
Added Pin To Net: NetName=+24V Pin=C104-2
Added Pin To Net: NetName=+24V Pin=C106-1
Added Pin To Net: NetName=+24V Pin=C108-2
Added Pin To Net: NetName=+24V Pin=C110-1
Added Pin To Net: NetName=+24V Pin=C112-2
Added Pin To Net: NetName=+24V Pin=CON1-3
Added Pin To Net: NetName=+24V Pin=CON2-3
Added Pin To Net: NetName=+24V Pin=CON3-3
Added Pin To Net: NetName=+24V Pin=F1-2
Added Pin To Net: NetName=+24V Pin=PS2-22
Added Pin To Net: NetName=+24V Pin=PS2-23
Added Pin To Net: NetName=+24V Pin=PS3-22
Added Pin To Net: NetName=+24V Pin=PS3-23
Added Pin To Net: NetName=+24V Pin=PS4-1
Added Net: Name=+24V
Added Pin To Net: NetName=-15V_AI Pin=C9-1
Added Pin To Net: NetName=-15V_AI Pin=C21-1
Added Pin To Net: NetName=-15V_AI Pin=C32-1
Added Pin To Net: NetName=-15V_AI Pin=C45-1
Added Pin To Net: NetName=-15V_AI Pin=C96-1
Added Pin To Net: NetName=-15V_AI Pin=C97-2
Added Pin To Net: NetName=-15V_AI Pin=L11-2
Added Pin To Net: NetName=-15V_AI Pin=U1-4
Added Pin To Net: NetName=-15V_AI Pin=U2-4
Added Pin To Net: NetName=-15V_AI Pin=U3-4
Added Pin To Net: NetName=-15V_AI Pin=U7-4
Added Net: Name=-15V_AI
Added Pin To Net: NetName=-15V_C Pin=C10-1
Added Pin To Net: NetName=-15V_C Pin=C30-1
Added Pin To Net: NetName=-15V_C Pin=C33-1
Added Pin To Net: NetName=-15V_C Pin=C44-1
Added Pin To Net: NetName=-15V_C Pin=C48-1
Added Pin To Net: NetName=-15V_C Pin=C56-1
Added Pin To Net: NetName=-15V_C Pin=C119-1
Added Pin To Net: NetName=-15V_C Pin=C120-2
Added Pin To Net: NetName=-15V_C Pin=L12-2
Added Pin To Net: NetName=-15V_C Pin=U4-4
Added Pin To Net: NetName=-15V_C Pin=U5-4
Added Pin To Net: NetName=-15V_C Pin=U6-4
Added Pin To Net: NetName=-15V_C Pin=U8-4
Added Pin To Net: NetName=-15V_C Pin=U9-4
Added Pin To Net: NetName=-15V_C Pin=U10-4
Added Net: Name=-15V_C
Added Pin To Net: NetName=1.8V_D Pin=C124-1
Added Pin To Net: NetName=1.8V_D Pin=C125-1
Added Pin To Net: NetName=1.8V_D Pin=C127-1
Added Pin To Net: NetName=1.8V_D Pin=C129-1
Added Pin To Net: NetName=1.8V_D Pin=C130-1
Added Pin To Net: NetName=1.8V_D Pin=C134-1
Added Pin To Net: NetName=1.8V_D Pin=C136-1
Added Pin To Net: NetName=1.8V_D Pin=C138-1
Added Pin To Net: NetName=1.8V_D Pin=C140-2
Added Pin To Net: NetName=1.8V_D Pin=C141-1
Added Pin To Net: NetName=1.8V_D Pin=C144-1
Added Pin To Net: NetName=1.8V_D Pin=C145-1
Added Pin To Net: NetName=1.8V_D Pin=U52-12
Added Pin To Net: NetName=1.8V_D Pin=U52-13
Added Pin To Net: NetName=1.8V_D Pin=U52-14
Added Pin To Net: NetName=1.8V_D Pin=u53-23
Added Pin To Net: NetName=1.8V_D Pin=u53-37
Added Pin To Net: NetName=1.8V_D Pin=u53-56
Added Pin To Net: NetName=1.8V_D Pin=u53-75
Added Pin To Net: NetName=1.8V_D Pin=u53-100
Added Pin To Net: NetName=1.8V_D Pin=u53-112
Added Pin To Net: NetName=1.8V_D Pin=u53-128
Added Pin To Net: NetName=1.8V_D Pin=u53-143
Added Pin To Net: NetName=1.8V_D Pin=u53-154
Added Pin To Net: NetName=1.8V_D Pin=u53-162
Added Net: Name=1.8V_D
Added Pin To Net: NetName=3.3V Pin=C122-1
Added Pin To Net: NetName=3.3V Pin=C123-2
Added Pin To Net: NetName=3.3V Pin=C128-1
Added Pin To Net: NetName=3.3V Pin=C131-1
Added Pin To Net: NetName=3.3V Pin=C135-1
Added Pin To Net: NetName=3.3V Pin=C137-1
Added Pin To Net: NetName=3.3V Pin=C139-1
Added Pin To Net: NetName=3.3V Pin=C142-2
Added Pin To Net: NetName=3.3V Pin=C143-2
Added Pin To Net: NetName=3.3V Pin=C146-1
Added Pin To Net: NetName=3.3V Pin=C149-2
Added Pin To Net: NetName=3.3V Pin=C150-2
Added Pin To Net: NetName=3.3V Pin=L3-1
Added Pin To Net: NetName=3.3V Pin=R48-2
Added Pin To Net: NetName=3.3V Pin=R51-2
Added Pin To Net: NetName=3.3V Pin=R54-2
Added Pin To Net: NetName=3.3V Pin=R57-2
Added Pin To Net: NetName=3.3V Pin=R60-2
Added Pin To Net: NetName=3.3V Pin=R63-2
Added Pin To Net: NetName=3.3V Pin=R66-1
Added Pin To Net: NetName=3.3V Pin=R68-2
Added Pin To Net: NetName=3.3V Pin=R71-1
Added Pin To Net: NetName=3.3V Pin=R73-1
Added Pin To Net: NetName=3.3V Pin=R86-2
Added Pin To Net: NetName=3.3V Pin=R88-2
Added Pin To Net: NetName=3.3V Pin=R90-2
Added Pin To Net: NetName=3.3V Pin=R92-2
Added Pin To Net: NetName=3.3V Pin=R93-1
Added Pin To Net: NetName=3.3V Pin=R96-2
Added Pin To Net: NetName=3.3V Pin=R98-1
Added Pin To Net: NetName=3.3V Pin=R100-1
Added Pin To Net: NetName=3.3V Pin=R103-2
Added Pin To Net: NetName=3.3V Pin=R106-2
Added Pin To Net: NetName=3.3V Pin=R107-2
Added Pin To Net: NetName=3.3V Pin=R108-2
Added Pin To Net: NetName=3.3V Pin=R110-2
Added Pin To Net: NetName=3.3V Pin=R115-1
Added Pin To Net: NetName=3.3V Pin=R117-1
Added Pin To Net: NetName=3.3V Pin=R120-2
Added Pin To Net: NetName=3.3V Pin=R122-1
Added Pin To Net: NetName=3.3V Pin=R127-2
Added Pin To Net: NetName=3.3V Pin=R128-1
Added Pin To Net: NetName=3.3V Pin=R129-1
Added Pin To Net: NetName=3.3V Pin=U16-8
Added Pin To Net: NetName=3.3V Pin=U17-8
Added Pin To Net: NetName=3.3V Pin=U19-8
Added Pin To Net: NetName=3.3V Pin=U33-8
Added Pin To Net: NetName=3.3V Pin=U34-8
Added Pin To Net: NetName=3.3V Pin=U35-8
Added Pin To Net: NetName=3.3V Pin=U36-8
Added Pin To Net: NetName=3.3V Pin=U42-8
Added Pin To Net: NetName=3.3V Pin=U44-8
Added Pin To Net: NetName=3.3V Pin=U48-8
Added Pin To Net: NetName=3.3V Pin=U52-17
Added Pin To Net: NetName=3.3V Pin=U52-18
Added Pin To Net: NetName=3.3V Pin=U52-19
Added Pin To Net: NetName=3.3V Pin=u53-1
Added Pin To Net: NetName=3.3V Pin=u53-13
Added Pin To Net: NetName=3.3V Pin=u53-14
Added Pin To Net: NetName=3.3V Pin=u53-31
Added Pin To Net: NetName=3.3V Pin=u53-64
Added Pin To Net: NetName=3.3V Pin=u53-69
Added Pin To Net: NetName=3.3V Pin=u53-81
Added Pin To Net: NetName=3.3V Pin=u53-114
Added Pin To Net: NetName=3.3V Pin=u53-145
Added Pin To Net: NetName=3.3V Pin=u53-166
Added Net: Name=3.3V
Added Pin To Net: NetName=AI0 Pin=C5-2
Added Pin To Net: NetName=AI0 Pin=R1-2
Added Pin To Net: NetName=AI0 Pin=U4-1
Added Pin To Net: NetName=AI0 Pin=u53-169
Added Net: Name=AI0
Added Pin To Net: NetName=AI1 Pin=C16-2
Added Pin To Net: NetName=AI1 Pin=R11-2
Added Pin To Net: NetName=AI1 Pin=U4-7
Added Pin To Net: NetName=AI1 Pin=u53-170
Added Net: Name=AI1
Added Pin To Net: NetName=AI2 Pin=C27-2
Added Pin To Net: NetName=AI2 Pin=R19-2
Added Pin To Net: NetName=AI2 Pin=U8-1
Added Pin To Net: NetName=AI2 Pin=u53-171
Added Net: Name=AI2
Added Pin To Net: NetName=BRAKE_CTL_EX Pin=U32-3
Added Pin To Net: NetName=BRAKE_CTL_EX Pin=u53-92
Added Net: Name=BRAKE_CTL_EX
Added Pin To Net: NetName=BRAKE_OC Pin=R85-2
Added Net: Name=BRAKE_OC
Added Pin To Net: NetName=CONTACT_AUX Pin=C77-2
Added Pin To Net: NetName=CONTACT_AUX Pin=R97-1
Added Pin To Net: NetName=CONTACT_AUX Pin=u53-89
Added Net: Name=CONTACT_AUX
Added Pin To Net: NetName=CURRENT_SEN_A Pin=C20-2
Added Pin To Net: NetName=CURRENT_SEN_A Pin=R15-2
Added Pin To Net: NetName=CURRENT_SEN_A Pin=u53-174
Added Net: Name=CURRENT_SEN_A
Added Pin To Net: NetName=CURRENT_SEN_B Pin=C13-2
Added Pin To Net: NetName=CURRENT_SEN_B Pin=R9-2
Added Pin To Net: NetName=CURRENT_SEN_B Pin=u53-173
Added Net: Name=CURRENT_SEN_B
Added Pin To Net: NetName=CURRENT_SEN_C Pin=C7-2
Added Pin To Net: NetName=CURRENT_SEN_C Pin=R2-2
Added Pin To Net: NetName=CURRENT_SEN_C Pin=u53-172
Added Net: Name=CURRENT_SEN_C
Added Pin To Net: NetName=D\I\S\P\_\S\P\I\_\C\S\ Pin=U41-3
Added Pin To Net: NetName=D\I\S\P\_\S\P\I\_\C\S\ Pin=u53-35
Added Net: Name=D\I\S\P\_\S\P\I\_\C\S\
Added Pin To Net: NetName=D\I\S\P\L\A\Y\_\C\S\ Pin=CON8-5
Added Pin To Net: NetName=D\I\S\P\L\A\Y\_\C\S\ Pin=U38-16
Added Net: Name=D\I\S\P\L\A\Y\_\C\S\
Added Pin To Net: NetName=D\S\P\_\O\V\E\R\_\T\ Pin=C80-2
Added Pin To Net: NetName=D\S\P\_\O\V\E\R\_\T\ Pin=R105-1
Added Pin To Net: NetName=D\S\P\_\O\V\E\R\_\T\ Pin=u53-87
Added Net: Name=D\S\P\_\O\V\E\R\_\T\
Added Pin To Net: NetName=DGND Pin=C4-2
Added Pin To Net: NetName=DGND Pin=C6-1
Added Pin To Net: NetName=DGND Pin=C7-1
Added Pin To Net: NetName=DGND Pin=C11-2
Added Pin To Net: NetName=DGND Pin=C12-1
Added Pin To Net: NetName=DGND Pin=C13-1
Added Pin To Net: NetName=DGND Pin=C17-2
Added Pin To Net: NetName=DGND Pin=C18-1
Added Pin To Net: NetName=DGND Pin=C20-1
Added Pin To Net: NetName=DGND Pin=C86-2
Added Pin To Net: NetName=DGND Pin=C87-1
Added Pin To Net: NetName=DGND Pin=C88-2
Added Pin To Net: NetName=DGND Pin=C104-1
Added Pin To Net: NetName=DGND Pin=C106-2
Added Pin To Net: NetName=DGND Pin=C108-1
Added Pin To Net: NetName=DGND Pin=C110-2
Added Pin To Net: NetName=DGND Pin=C112-1
Added Pin To Net: NetName=DGND Pin=CON1-1
Added Pin To Net: NetName=DGND Pin=CON2-1
Added Pin To Net: NetName=DGND Pin=CON3-1
Added Pin To Net: NetName=DGND Pin=P6-3
Added Pin To Net: NetName=DGND Pin=PS2-2
Added Pin To Net: NetName=DGND Pin=PS2-3
Added Pin To Net: NetName=DGND Pin=PS3-2
Added Pin To Net: NetName=DGND Pin=PS3-3
Added Pin To Net: NetName=DGND Pin=PS4-2
Added Pin To Net: NetName=DGND Pin=R5-1
Added Pin To Net: NetName=DGND Pin=R10-1
Added Pin To Net: NetName=DGND Pin=R18-1
Added Net: Name=DGND
Added Pin To Net: NetName=DISP_SPI_SCLK Pin=CON10-2
Added Pin To Net: NetName=DISP_SPI_SCLK Pin=U37-3
Added Pin To Net: NetName=DISP_SPI_SCLK Pin=u53-34
Added Net: Name=DISP_SPI_SCLK
Added Pin To Net: NetName=DISP_SPI_SIMO Pin=CON10-3
Added Pin To Net: NetName=DISP_SPI_SIMO Pin=U40-3
Added Pin To Net: NetName=DISP_SPI_SIMO Pin=u53-40
Added Net: Name=DISP_SPI_SIMO
Added Pin To Net: NetName=DISP_SPI_SOMI Pin=CON10-4
Added Pin To Net: NetName=DISP_SPI_SOMI Pin=R106-1
Added Pin To Net: NetName=DISP_SPI_SOMI Pin=U42-6
Added Pin To Net: NetName=DISP_SPI_SOMI Pin=u53-41
Added Net: Name=DISP_SPI_SOMI
Added Pin To Net: NetName=DISPLAY_CLK Pin=CON8-2
Added Pin To Net: NetName=DISPLAY_CLK Pin=U38-18
Added Net: Name=DISPLAY_CLK
Added Pin To Net: NetName=DISPLAY_IN Pin=CON8-4
Added Pin To Net: NetName=DISPLAY_IN Pin=U38-5
Added Net: Name=DISPLAY_IN
Added Pin To Net: NetName=DISPLAY_OUT Pin=CON8-3
Added Pin To Net: NetName=DISPLAY_OUT Pin=U38-17
Added Net: Name=DISPLAY_OUT
Added Pin To Net: NetName=DSP_BRAKE_OC Pin=R86-1
Added Pin To Net: NetName=DSP_BRAKE_OC Pin=U33-6
Added Pin To Net: NetName=DSP_BRAKE_OC Pin=u53-98
Added Net: Name=DSP_BRAKE_OC
Added Pin To Net: NetName=DSP_DO0 Pin=U22-2
Added Pin To Net: NetName=DSP_DO0 Pin=u53-101
Added Net: Name=DSP_DO0
Added Pin To Net: NetName=DSP_DO1 Pin=U24-2
Added Pin To Net: NetName=DSP_DO1 Pin=u53-104
Added Net: Name=DSP_DO1
Added Pin To Net: NetName=DSP_DO2 Pin=U25-2
Added Pin To Net: NetName=DSP_DO2 Pin=u53-102
Added Net: Name=DSP_DO2
Added Pin To Net: NetName=DSP_PA_OC Pin=R88-1
Added Pin To Net: NetName=DSP_PA_OC Pin=U34-6
Added Pin To Net: NetName=DSP_PA_OC Pin=u53-93
Added Net: Name=DSP_PA_OC
Added Pin To Net: NetName=DSP_PB_OC Pin=R90-1
Added Pin To Net: NetName=DSP_PB_OC Pin=U35-6
Added Pin To Net: NetName=DSP_PB_OC Pin=u53-94
Added Net: Name=DSP_PB_OC
Added Pin To Net: NetName=DSP_PC_OC Pin=R92-1
Added Pin To Net: NetName=DSP_PC_OC Pin=U36-6
Added Pin To Net: NetName=DSP_PC_OC Pin=u53-95
Added Net: Name=DSP_PC_OC
Added Pin To Net: NetName=E\X\_\I\O\_\C\S\1\ Pin=CON10-6
Added Pin To Net: NetName=E\X\_\I\O\_\C\S\1\ Pin=R107-1
Added Pin To Net: NetName=E\X\_\I\O\_\C\S\1\ Pin=u53-115
Added Net: Name=E\X\_\I\O\_\C\S\1\
Added Pin To Net: NetName=E\X\_\I\O\_\C\S\2\ Pin=CON10-5
Added Pin To Net: NetName=E\X\_\I\O\_\C\S\2\ Pin=R108-1
Added Pin To Net: NetName=E\X\_\I\O\_\C\S\2\ Pin=u53-110
Added Net: Name=E\X\_\I\O\_\C\S\2\
Added Pin To Net: NetName=EMU0 Pin=P7-13
Added Pin To Net: NetName=EMU0 Pin=R128-2
Added Pin To Net: NetName=EMU0 Pin=u53-137
Added Net: Name=EMU0
Added Pin To Net: NetName=EMU1 Pin=P7-14
Added Pin To Net: NetName=EMU1 Pin=R129-2
Added Pin To Net: NetName=EMU1 Pin=u53-146
Added Net: Name=EMU1
Added Pin To Net: NetName=GND_AI Pin=C2-2
Added Pin To Net: NetName=GND_AI Pin=C8-1
Added Pin To Net: NetName=GND_AI Pin=C9-2
Added Pin To Net: NetName=GND_AI Pin=C15-2
Added Pin To Net: NetName=GND_AI Pin=C19-1
Added Pin To Net: NetName=GND_AI Pin=C21-2
Added Pin To Net: NetName=GND_AI Pin=C24-2
Added Pin To Net: NetName=GND_AI Pin=C31-1
Added Pin To Net: NetName=GND_AI Pin=C32-2
Added Pin To Net: NetName=GND_AI Pin=C39-2
Added Pin To Net: NetName=GND_AI Pin=C42-1
Added Pin To Net: NetName=GND_AI Pin=C45-2
Added Pin To Net: NetName=GND_AI Pin=C55-1
Added Pin To Net: NetName=GND_AI Pin=C90-1
Added Pin To Net: NetName=GND_AI Pin=C92-2
Added Pin To Net: NetName=GND_AI Pin=C96-2
Added Pin To Net: NetName=GND_AI Pin=C97-1
Added Pin To Net: NetName=GND_AI Pin=C114-2
Added Pin To Net: NetName=GND_AI Pin=C115-2
Added Pin To Net: NetName=GND_AI Pin=C116-1
Added Pin To Net: NetName=GND_AI Pin=C117-1
Added Pin To Net: NetName=GND_AI Pin=C118-2
Added Pin To Net: NetName=GND_AI Pin=CON4-1
Added Pin To Net: NetName=GND_AI Pin=CON4-3
Added Pin To Net: NetName=GND_AI Pin=D2-1
Added Pin To Net: NetName=GND_AI Pin=D4-1
Added Pin To Net: NetName=GND_AI Pin=D6-1
Added Pin To Net: NetName=GND_AI Pin=P1-1
Added Pin To Net: NetName=GND_AI Pin=P1-3
Added Pin To Net: NetName=GND_AI Pin=P1-5
Added Pin To Net: NetName=GND_AI Pin=P1-7
Added Pin To Net: NetName=GND_AI Pin=PS1-5
Added Pin To Net: NetName=GND_AI Pin=R7-1
Added Pin To Net: NetName=GND_AI Pin=R8-1
Added Pin To Net: NetName=GND_AI Pin=R16-1
Added Pin To Net: NetName=GND_AI Pin=R17-1
Added Pin To Net: NetName=GND_AI Pin=R26-1
Added Pin To Net: NetName=GND_AI Pin=R27-1
Added Pin To Net: NetName=GND_AI Pin=R125-1
Added Pin To Net: NetName=GND_AI Pin=R126-1
Added Pin To Net: NetName=GND_AI Pin=U1-5
Added Pin To Net: NetName=GND_AI Pin=U2-5
Added Pin To Net: NetName=GND_AI Pin=U3-5
Added Pin To Net: NetName=GND_AI Pin=U7-3
Added Pin To Net: NetName=GND_AI Pin=U7-5
Added Pin To Net: NetName=GND_AI Pin=U11-2
Added Pin To Net: NetName=GND_AI Pin=U11-4
Added Pin To Net: NetName=GND_AI Pin=U12-2
Added Pin To Net: NetName=GND_AI Pin=U12-4
Added Pin To Net: NetName=GND_AI Pin=U13-2
Added Pin To Net: NetName=GND_AI Pin=U13-4
Added Pin To Net: NetName=GND_AI Pin=U14-5
Added Pin To Net: NetName=GND_AI Pin=U15-5
Added Net: Name=GND_AI
Added Pin To Net: NetName=GND_BR Pin=D23-1
Added Pin To Net: NetName=GND_BR Pin=U32-5
Added Pin To Net: NetName=GND_BR Pin=U33-3
Added Net: Name=GND_BR
Added Pin To Net: NetName=GND_COM Pin=C74-2
Added Pin To Net: NetName=GND_COM Pin=C75-1
Added Pin To Net: NetName=GND_COM Pin=C76-1
Added Pin To Net: NetName=GND_COM Pin=C81-1
Added Pin To Net: NetName=GND_COM Pin=C85-1
Added Pin To Net: NetName=GND_COM Pin=C103-2
Added Pin To Net: NetName=GND_COM Pin=C105-1
Added Pin To Net: NetName=GND_COM Pin=CON8-1
Added Pin To Net: NetName=GND_COM Pin=CON11-1
Added Pin To Net: NetName=GND_COM Pin=CON11-3
Added Pin To Net: NetName=GND_COM Pin=PS2-16
Added Pin To Net: NetName=GND_COM Pin=R112-2
Added Pin To Net: NetName=GND_COM Pin=R118-2
Added Pin To Net: NetName=GND_COM Pin=TVS1-2
Added Pin To Net: NetName=GND_COM Pin=TVS2-1
Added Pin To Net: NetName=GND_COM Pin=TVS5-1
Added Pin To Net: NetName=GND_COM Pin=TVS6-2
Added Pin To Net: NetName=GND_COM Pin=U37-5
Added Pin To Net: NetName=GND_COM Pin=U38-6
Added Pin To Net: NetName=GND_COM Pin=U38-7
Added Pin To Net: NetName=GND_COM Pin=U38-8
Added Pin To Net: NetName=GND_COM Pin=U38-9
Added Pin To Net: NetName=GND_COM Pin=U38-10
Added Pin To Net: NetName=GND_COM Pin=U38-19
Added Pin To Net: NetName=GND_COM Pin=U40-5
Added Pin To Net: NetName=GND_COM Pin=U41-5
Added Pin To Net: NetName=GND_COM Pin=U45-2
Added Pin To Net: NetName=GND_COM Pin=U46-5
Added Pin To Net: NetName=GND_COM Pin=U49-5
Added Pin To Net: NetName=GND_COM Pin=U50-5
Added Net: Name=GND_COM
Added Pin To Net: NetName=GND_CORE_COM Pin=CON12-1
Added Pin To Net: NetName=GND_CORE_COM Pin=TVS3-2
Added Pin To Net: NetName=GND_CORE_COM Pin=TVS4-2
Added Net: Name=GND_CORE_COM
Added Pin To Net: NetName=GND_EX Pin=C65-2
Added Pin To Net: NetName=GND_EX Pin=C66-1
Added Pin To Net: NetName=GND_EX Pin=C91-2
Added Pin To Net: NetName=GND_EX Pin=C93-1
Added Pin To Net: NetName=GND_EX Pin=C99-2
Added Pin To Net: NetName=GND_EX Pin=C101-1
Added Pin To Net: NetName=GND_EX Pin=C107-2
Added Pin To Net: NetName=GND_EX Pin=C109-1
Added Pin To Net: NetName=GND_EX Pin=CON9-1
Added Pin To Net: NetName=GND_EX Pin=CON9-4
Added Pin To Net: NetName=GND_EX Pin=D17-1
Added Pin To Net: NetName=GND_EX Pin=D20-1
Added Pin To Net: NetName=GND_EX Pin=D22-1
Added Pin To Net: NetName=GND_EX Pin=K1-1
Added Pin To Net: NetName=GND_EX Pin=K2-1
Added Pin To Net: NetName=GND_EX Pin=K3-1
Added Pin To Net: NetName=GND_EX Pin=PS1-2
Added Pin To Net: NetName=GND_EX Pin=PS3-16
Added Pin To Net: NetName=GND_EX Pin=PS5-2
Added Pin To Net: NetName=GND_EX Pin=U22-3
Added Pin To Net: NetName=GND_EX Pin=U24-3
Added Pin To Net: NetName=GND_EX Pin=U25-3
Added Net: Name=GND_EX
Added Pin To Net: NetName=GND_F Pin=C67-1
Added Pin To Net: NetName=GND_F Pin=C68-2
Added Pin To Net: NetName=GND_F Pin=CON7-1
Added Pin To Net: NetName=GND_F Pin=CON7-3
Added Pin To Net: NetName=GND_F Pin=CON7-5
Added Pin To Net: NetName=GND_F Pin=CON7-7
Added Pin To Net: NetName=GND_F Pin=CON7-9
Added Net: Name=GND_F
Added Pin To Net: NetName=GND_PA Pin=D24-1
Added Pin To Net: NetName=GND_PA Pin=U30-5
Added Pin To Net: NetName=GND_PA Pin=U31-5
Added Pin To Net: NetName=GND_PA Pin=U34-3
Added Net: Name=GND_PA
Added Pin To Net: NetName=GND_PB Pin=D25-1
Added Pin To Net: NetName=GND_PB Pin=U28-5
Added Pin To Net: NetName=GND_PB Pin=U29-5
Added Pin To Net: NetName=GND_PB Pin=U35-3
Added Net: Name=GND_PB
Added Pin To Net: NetName=GND_PC Pin=D26-1
Added Pin To Net: NetName=GND_PC Pin=U26-5
Added Pin To Net: NetName=GND_PC Pin=U27-5
Added Pin To Net: NetName=GND_PC Pin=U36-3
Added Net: Name=GND_PC
Added Pin To Net: NetName=GND_POS Pin=C58-1
Added Pin To Net: NetName=GND_POS Pin=C60-1
Added Pin To Net: NetName=GND_POS Pin=C63-1
Added Pin To Net: NetName=GND_POS Pin=C111-2
Added Pin To Net: NetName=GND_POS Pin=C113-1
Added Pin To Net: NetName=GND_POS Pin=CON6-1
Added Pin To Net: NetName=GND_POS Pin=D8-1
Added Pin To Net: NetName=GND_POS Pin=D10-1
Added Pin To Net: NetName=GND_POS Pin=D13-1
Added Pin To Net: NetName=GND_POS Pin=PS4-4
Added Net: Name=GND_POS
Added Pin To Net: NetName=GND Pin=C3-2
Added Pin To Net: NetName=GND Pin=C10-2
Added Pin To Net: NetName=GND Pin=C22-2
Added Pin To Net: NetName=GND Pin=C25-2
Added Pin To Net: NetName=GND Pin=C26-2
Added Pin To Net: NetName=GND Pin=C28-1
Added Pin To Net: NetName=GND Pin=C29-1
Added Pin To Net: NetName=GND Pin=C30-2
Added Pin To Net: NetName=GND Pin=C33-2
Added Pin To Net: NetName=GND Pin=C34-2
Added Pin To Net: NetName=GND Pin=C35-1
Added Pin To Net: NetName=GND Pin=C36-1
Added Pin To Net: NetName=GND Pin=C38-2
Added Pin To Net: NetName=GND Pin=C41-2
Added Pin To Net: NetName=GND Pin=C43-2
Added Pin To Net: NetName=GND Pin=C44-2
Added Pin To Net: NetName=GND Pin=C46-1
Added Pin To Net: NetName=GND Pin=C47-1
Added Pin To Net: NetName=GND Pin=C48-2
Added Pin To Net: NetName=GND Pin=C50-2
Added Pin To Net: NetName=GND Pin=C51-2
Added Pin To Net: NetName=GND Pin=C52-1
Added Pin To Net: NetName=GND Pin=C53-1
Added Pin To Net: NetName=GND Pin=C56-2
Added Pin To Net: NetName=GND Pin=C57-1
Added Pin To Net: NetName=GND Pin=C59-1
Added Pin To Net: NetName=GND Pin=C61-1
Added Pin To Net: NetName=GND Pin=C62-1
Added Pin To Net: NetName=GND Pin=C64-1
Added Pin To Net: NetName=GND Pin=C69-1
Added Pin To Net: NetName=GND Pin=C70-1
Added Pin To Net: NetName=GND Pin=C71-1
Added Pin To Net: NetName=GND Pin=C72-1
Added Pin To Net: NetName=GND Pin=C73-1
Added Pin To Net: NetName=GND Pin=C77-1
Added Pin To Net: NetName=GND Pin=C78-2
Added Pin To Net: NetName=GND Pin=C79-1
Added Pin To Net: NetName=GND Pin=C80-1
Added Pin To Net: NetName=GND Pin=C89-1
Added Pin To Net: NetName=GND Pin=C94-1
Added Pin To Net: NetName=GND Pin=C95-2
Added Pin To Net: NetName=GND Pin=C98-1
Added Pin To Net: NetName=GND Pin=C100-2
Added Pin To Net: NetName=GND Pin=C102-2
Added Pin To Net: NetName=GND Pin=C119-2
Added Pin To Net: NetName=GND Pin=C120-1
Added Pin To Net: NetName=GND Pin=C121-1
Added Pin To Net: NetName=GND Pin=C122-2
Added Pin To Net: NetName=GND Pin=C123-1
Added Pin To Net: NetName=GND Pin=C124-2
Added Pin To Net: NetName=GND Pin=C125-2
Added Pin To Net: NetName=GND Pin=C126-2
Added Pin To Net: NetName=GND Pin=C127-2
Added Pin To Net: NetName=GND Pin=C128-2
Added Pin To Net: NetName=GND Pin=C129-2
Added Pin To Net: NetName=GND Pin=C130-2
Added Pin To Net: NetName=GND Pin=C131-2
Added Pin To Net: NetName=GND Pin=C132-2
Added Pin To Net: NetName=GND Pin=C133-2
Added Pin To Net: NetName=GND Pin=C134-2
Added Pin To Net: NetName=GND Pin=C135-2
Added Pin To Net: NetName=GND Pin=C136-2
Added Pin To Net: NetName=GND Pin=C137-2
Added Pin To Net: NetName=GND Pin=C138-2
Added Pin To Net: NetName=GND Pin=C139-2
Added Pin To Net: NetName=GND Pin=C140-1
Added Pin To Net: NetName=GND Pin=C141-2
Added Pin To Net: NetName=GND Pin=C142-1
Added Pin To Net: NetName=GND Pin=C143-1
Added Pin To Net: NetName=GND Pin=C144-2
Added Pin To Net: NetName=GND Pin=C145-2
Added Pin To Net: NetName=GND Pin=C146-2
Added Pin To Net: NetName=GND Pin=C147-2
Added Pin To Net: NetName=GND Pin=C148-2
Added Pin To Net: NetName=GND Pin=C149-1
Added Pin To Net: NetName=GND Pin=C150-1
Added Pin To Net: NetName=GND Pin=C151-2
Added Pin To Net: NetName=GND Pin=CON5-1
Added Pin To Net: NetName=GND Pin=CON10-1
Added Pin To Net: NetName=GND Pin=CON10-8
Added Pin To Net: NetName=GND Pin=P2-1
Added Pin To Net: NetName=GND Pin=P3-1
Added Pin To Net: NetName=GND Pin=P4-1
Added Pin To Net: NetName=GND Pin=P7-4
Added Pin To Net: NetName=GND Pin=P7-8
Added Pin To Net: NetName=GND Pin=P7-10
Added Pin To Net: NetName=GND Pin=P7-12
Added Pin To Net: NetName=GND Pin=PS5-5
Added Pin To Net: NetName=GND Pin=R21-1
Added Pin To Net: NetName=GND Pin=R25-1
Added Pin To Net: NetName=GND Pin=R29-1
Added Pin To Net: NetName=GND Pin=R30-1
Added Pin To Net: NetName=GND Pin=R33-1
Added Pin To Net: NetName=GND Pin=R38-1
Added Pin To Net: NetName=GND Pin=R39-1
Added Pin To Net: NetName=GND Pin=R43-1
Added Pin To Net: NetName=GND Pin=R44-1
Added Pin To Net: NetName=GND Pin=R130-1
Added Pin To Net: NetName=GND Pin=S1-1
Added Pin To Net: NetName=GND Pin=U4-3
Added Pin To Net: NetName=GND Pin=U4-5
Added Pin To Net: NetName=GND Pin=U5-5
Added Pin To Net: NetName=GND Pin=U6-5
Added Pin To Net: NetName=GND Pin=U8-3
Added Pin To Net: NetName=GND Pin=U11-5
Added Pin To Net: NetName=GND Pin=U12-5
Added Pin To Net: NetName=GND Pin=U13-5
Added Pin To Net: NetName=GND Pin=U14-2
Added Pin To Net: NetName=GND Pin=U14-4
Added Pin To Net: NetName=GND Pin=U15-2
Added Pin To Net: NetName=GND Pin=U15-4
Added Pin To Net: NetName=GND Pin=U16-5
Added Pin To Net: NetName=GND Pin=U17-5
Added Pin To Net: NetName=GND Pin=U18-3
Added Pin To Net: NetName=GND Pin=U19-5
Added Pin To Net: NetName=GND Pin=U20-3
Added Pin To Net: NetName=GND Pin=U21-3
Added Pin To Net: NetName=GND Pin=U23-3
Added Pin To Net: NetName=GND Pin=U33-5
Added Pin To Net: NetName=GND Pin=U34-5
Added Pin To Net: NetName=GND Pin=U35-5
Added Pin To Net: NetName=GND Pin=U36-5
Added Pin To Net: NetName=GND Pin=U39-3
Added Pin To Net: NetName=GND Pin=U42-5
Added Pin To Net: NetName=GND Pin=U43-3
Added Pin To Net: NetName=GND Pin=U44-5
Added Pin To Net: NetName=GND Pin=U48-5
Added Pin To Net: NetName=GND Pin=U52-6
Added Pin To Net: NetName=GND Pin=U52-7
Added Pin To Net: NetName=GND Pin=U52-8
Added Pin To Net: NetName=GND Pin=u53-12
Added Pin To Net: NetName=GND Pin=u53-15
Added Pin To Net: NetName=GND Pin=u53-19
Added Pin To Net: NetName=GND Pin=u53-32
Added Pin To Net: NetName=GND Pin=u53-38
Added Pin To Net: NetName=GND Pin=u53-52
Added Pin To Net: NetName=GND Pin=u53-58
Added Pin To Net: NetName=GND Pin=u53-70
Added Pin To Net: NetName=GND Pin=u53-78
Added Pin To Net: NetName=GND Pin=u53-86
Added Pin To Net: NetName=GND Pin=u53-99
Added Pin To Net: NetName=GND Pin=u53-105
Added Pin To Net: NetName=GND Pin=u53-113
Added Pin To Net: NetName=GND Pin=u53-120
Added Pin To Net: NetName=GND Pin=u53-129
Added Pin To Net: NetName=GND Pin=u53-134
Added Pin To Net: NetName=GND Pin=u53-142
Added Pin To Net: NetName=GND Pin=u53-153
Added Pin To Net: NetName=GND Pin=u53-163
Added Pin To Net: NetName=GND Pin=u53-165
Added Pin To Net: NetName=GND Pin=u53-175
Added Pin To Net: NetName=GND Pin=u53-176
Added Pin To Net: NetName=GND Pin=U54-3
Added Pin To Net: NetName=GND Pin=U55-8
Added Pin To Net: NetName=GND Pin=U56-4
Added Net: Name=GND
Added Pin To Net: NetName=M\R\2\ Pin=U52-5
Added Pin To Net: NetName=M\R\2\ Pin=U52-16
Added Net: Name=M\R\2\
Added Pin To Net: NetName=NetC1_1 Pin=C1-1
Added Pin To Net: NetName=NetC1_1 Pin=R3-2
Added Pin To Net: NetName=NetC1_1 Pin=U1-6
Added Pin To Net: NetName=NetC1_1 Pin=U11-3
Added Net: Name=NetC1_1
Added Pin To Net: NetName=NetC1_2 Pin=C1-2
Added Pin To Net: NetName=NetC1_2 Pin=R4-1
Added Pin To Net: NetName=NetC1_2 Pin=U1-7
Added Net: Name=NetC1_2
Added Pin To Net: NetName=NetC5_1 Pin=C5-1
Added Pin To Net: NetName=NetC5_1 Pin=R1-1
Added Pin To Net: NetName=NetC5_1 Pin=U4-2
Added Pin To Net: NetName=NetC5_1 Pin=U11-6
Added Net: Name=NetC5_1
Added Pin To Net: NetName=NetC8_2 Pin=C8-2
Added Pin To Net: NetName=NetC8_2 Pin=R6-2
Added Pin To Net: NetName=NetC8_2 Pin=R8-2
Added Pin To Net: NetName=NetC8_2 Pin=U1-3
Added Net: Name=NetC8_2
Added Pin To Net: NetName=NetC14_1 Pin=C14-1
Added Pin To Net: NetName=NetC14_1 Pin=R12-2
Added Pin To Net: NetName=NetC14_1 Pin=U2-6
Added Pin To Net: NetName=NetC14_1 Pin=U12-3
Added Net: Name=NetC14_1
Added Pin To Net: NetName=NetC14_2 Pin=C14-2
Added Pin To Net: NetName=NetC14_2 Pin=R13-1
Added Pin To Net: NetName=NetC14_2 Pin=U2-7
Added Net: Name=NetC14_2
Added Pin To Net: NetName=NetC16_1 Pin=C16-1
Added Pin To Net: NetName=NetC16_1 Pin=R11-1
Added Pin To Net: NetName=NetC16_1 Pin=U4-6
Added Pin To Net: NetName=NetC16_1 Pin=U12-6
Added Net: Name=NetC16_1
Added Pin To Net: NetName=NetC19_2 Pin=C19-2
Added Pin To Net: NetName=NetC19_2 Pin=R14-2
Added Pin To Net: NetName=NetC19_2 Pin=R17-2
Added Pin To Net: NetName=NetC19_2 Pin=U2-3
Added Net: Name=NetC19_2
Added Pin To Net: NetName=NetC23_1 Pin=C23-1
Added Pin To Net: NetName=NetC23_1 Pin=R22-2
Added Pin To Net: NetName=NetC23_1 Pin=U3-6
Added Pin To Net: NetName=NetC23_1 Pin=U13-3
Added Net: Name=NetC23_1
Added Pin To Net: NetName=NetC23_2 Pin=C23-2
Added Pin To Net: NetName=NetC23_2 Pin=R23-1
Added Pin To Net: NetName=NetC23_2 Pin=U3-7
Added Net: Name=NetC23_2
Added Pin To Net: NetName=NetC27_1 Pin=C27-1
Added Pin To Net: NetName=NetC27_1 Pin=R19-1
Added Pin To Net: NetName=NetC27_1 Pin=U8-2
Added Pin To Net: NetName=NetC27_1 Pin=U13-6
Added Net: Name=NetC27_1
Added Pin To Net: NetName=NetC29_2 Pin=C29-2
Added Pin To Net: NetName=NetC29_2 Pin=R20-2
Added Pin To Net: NetName=NetC29_2 Pin=R21-2
Added Pin To Net: NetName=NetC29_2 Pin=U9-3
Added Net: Name=NetC29_2
Added Pin To Net: NetName=NetC31_2 Pin=C31-2
Added Pin To Net: NetName=NetC31_2 Pin=R24-2
Added Pin To Net: NetName=NetC31_2 Pin=R27-2
Added Pin To Net: NetName=NetC31_2 Pin=U3-3
Added Net: Name=NetC31_2
Added Pin To Net: NetName=NetC36_2 Pin=C36-2
Added Pin To Net: NetName=NetC36_2 Pin=R28-2
Added Pin To Net: NetName=NetC36_2 Pin=R30-2
Added Pin To Net: NetName=NetC36_2 Pin=U9-5
Added Net: Name=NetC36_2
Added Pin To Net: NetName=NetC37_1 Pin=C37-1
Added Pin To Net: NetName=NetC37_1 Pin=R34-2
Added Pin To Net: NetName=NetC37_1 Pin=U5-6
Added Pin To Net: NetName=NetC37_1 Pin=U14-3
Added Net: Name=NetC37_1
Added Pin To Net: NetName=NetC37_2 Pin=C37-2
Added Pin To Net: NetName=NetC37_2 Pin=R35-1
Added Pin To Net: NetName=NetC37_2 Pin=U5-7
Added Net: Name=NetC37_2
Added Pin To Net: NetName=NetC40_1 Pin=C40-1
Added Pin To Net: NetName=NetC40_1 Pin=R32-1
Added Pin To Net: NetName=NetC40_1 Pin=U7-2
Added Pin To Net: NetName=NetC40_1 Pin=U14-6
Added Net: Name=NetC40_1
Added Pin To Net: NetName=NetC40_2 Pin=C40-2
Added Pin To Net: NetName=NetC40_2 Pin=R32-2
Added Pin To Net: NetName=NetC40_2 Pin=R36-1
Added Pin To Net: NetName=NetC40_2 Pin=U7-1
Added Net: Name=NetC40_2
Added Pin To Net: NetName=NetC42_2 Pin=C42-2
Added Pin To Net: NetName=NetC42_2 Pin=CON4-4
Added Pin To Net: NetName=NetC42_2 Pin=R36-2
Added Net: Name=NetC42_2
Added Pin To Net: NetName=NetC47_2 Pin=C47-2
Added Pin To Net: NetName=NetC47_2 Pin=R37-2
Added Pin To Net: NetName=NetC47_2 Pin=R39-2
Added Pin To Net: NetName=NetC47_2 Pin=U10-3
Added Net: Name=NetC47_2
Added Pin To Net: NetName=NetC49_1 Pin=C49-1
Added Pin To Net: NetName=NetC49_1 Pin=R45-2
Added Pin To Net: NetName=NetC49_1 Pin=U6-6
Added Pin To Net: NetName=NetC49_1 Pin=U15-3
Added Net: Name=NetC49_1
Added Pin To Net: NetName=NetC49_2 Pin=C49-2
Added Pin To Net: NetName=NetC49_2 Pin=R46-1
Added Pin To Net: NetName=NetC49_2 Pin=U6-7
Added Net: Name=NetC49_2
Added Pin To Net: NetName=NetC53_2 Pin=C53-2
Added Pin To Net: NetName=NetC53_2 Pin=R41-2
Added Pin To Net: NetName=NetC53_2 Pin=U10-5
Added Net: Name=NetC53_2
Added Pin To Net: NetName=NetC54_1 Pin=C54-1
Added Pin To Net: NetName=NetC54_1 Pin=R42-1
Added Pin To Net: NetName=NetC54_1 Pin=U7-6
Added Pin To Net: NetName=NetC54_1 Pin=U15-6
Added Net: Name=NetC54_1
Added Pin To Net: NetName=NetC54_2 Pin=C54-2
Added Pin To Net: NetName=NetC54_2 Pin=R42-2
Added Pin To Net: NetName=NetC54_2 Pin=R47-1
Added Pin To Net: NetName=NetC54_2 Pin=U7-7
Added Net: Name=NetC54_2
Added Pin To Net: NetName=NetC55_2 Pin=C55-2
Added Pin To Net: NetName=NetC55_2 Pin=CON4-2
Added Pin To Net: NetName=NetC55_2 Pin=R47-2
Added Net: Name=NetC55_2
Added Pin To Net: NetName=NetC58_2 Pin=C58-2
Added Pin To Net: NetName=NetC58_2 Pin=D7-1
Added Pin To Net: NetName=NetC58_2 Pin=D8-2
Added Pin To Net: NetName=NetC58_2 Pin=R50-2
Added Pin To Net: NetName=NetC58_2 Pin=U16-3
Added Net: Name=NetC58_2
Added Pin To Net: NetName=NetC60_2 Pin=C60-2
Added Pin To Net: NetName=NetC60_2 Pin=D9-1
Added Pin To Net: NetName=NetC60_2 Pin=D10-2
Added Pin To Net: NetName=NetC60_2 Pin=R53-2
Added Pin To Net: NetName=NetC60_2 Pin=U17-3
Added Net: Name=NetC60_2
Added Pin To Net: NetName=NetC61_2 Pin=C61-2
Added Pin To Net: NetName=NetC61_2 Pin=R56-2
Added Pin To Net: NetName=NetC61_2 Pin=u53-116
Added Net: Name=NetC61_2
Added Pin To Net: NetName=NetC63_2 Pin=C63-2
Added Pin To Net: NetName=NetC63_2 Pin=D12-1
Added Pin To Net: NetName=NetC63_2 Pin=D13-2
Added Pin To Net: NetName=NetC63_2 Pin=R59-2
Added Pin To Net: NetName=NetC63_2 Pin=U19-3
Added Net: Name=NetC63_2
Added Pin To Net: NetName=NetC64_2 Pin=C64-2
Added Pin To Net: NetName=NetC64_2 Pin=R62-2
Added Pin To Net: NetName=NetC64_2 Pin=u53-117
Added Net: Name=NetC64_2
Added Pin To Net: NetName=NetC69_2 Pin=C69-2
Added Pin To Net: NetName=NetC69_2 Pin=R65-2
Added Pin To Net: NetName=NetC69_2 Pin=u53-122
Added Net: Name=NetC69_2
Added Pin To Net: NetName=NetC70_2 Pin=C70-2
Added Pin To Net: NetName=NetC70_2 Pin=R70-2
Added Pin To Net: NetName=NetC70_2 Pin=u53-123
Added Net: Name=NetC70_2
Added Pin To Net: NetName=NetC71_2 Pin=C71-2
Added Pin To Net: NetName=NetC71_2 Pin=R78-2
Added Pin To Net: NetName=NetC71_2 Pin=U27-3
Added Net: Name=NetC71_2
Added Pin To Net: NetName=NetC72_2 Pin=C72-2
Added Pin To Net: NetName=NetC72_2 Pin=R80-2
Added Pin To Net: NetName=NetC72_2 Pin=U29-3
Added Net: Name=NetC72_2
Added Pin To Net: NetName=NetC73_2 Pin=C73-2
Added Pin To Net: NetName=NetC73_2 Pin=R81-2
Added Pin To Net: NetName=NetC73_2 Pin=U31-3
Added Net: Name=NetC73_2
Added Pin To Net: NetName=NetC74_1 Pin=C74-1
Added Pin To Net: NetName=NetC74_1 Pin=C75-2
Added Pin To Net: NetName=NetC74_1 Pin=CON8-6
Added Pin To Net: NetName=NetC74_1 Pin=L2-2
Added Net: Name=NetC74_1
Added Pin To Net: NetName=NetC78_1 Pin=C78-1
Added Pin To Net: NetName=NetC78_1 Pin=C79-2
Added Pin To Net: NetName=NetC78_1 Pin=CON10-7
Added Pin To Net: NetName=NetC78_1 Pin=L3-2
Added Net: Name=NetC78_1
Added Pin To Net: NetName=NetC82_1 Pin=C82-1
Added Pin To Net: NetName=NetC82_1 Pin=C83-1
Added Pin To Net: NetName=NetC82_1 Pin=C84-2
Added Pin To Net: NetName=NetC82_1 Pin=CON12-4
Added Pin To Net: NetName=NetC82_1 Pin=L4-2
Added Net: Name=NetC82_1
Added Pin To Net: NetName=NetC82_2 Pin=C82-2
Added Pin To Net: NetName=NetC82_2 Pin=C83-2
Added Pin To Net: NetName=NetC82_2 Pin=C84-1
Added Net: Name=NetC82_2
Added Pin To Net: NetName=NetC95_1 Pin=C95-1
Added Pin To Net: NetName=NetC95_1 Pin=C102-1
Added Pin To Net: NetName=NetC95_1 Pin=U55-2
Added Pin To Net: NetName=NetC95_1 Pin=U56-6
Added Net: Name=NetC95_1
Added Pin To Net: NetName=NetC118_1 Pin=C118-1
Added Pin To Net: NetName=NetC118_1 Pin=D30-1
Added Pin To Net: NetName=NetC118_1 Pin=R124-1
Added Pin To Net: NetName=NetC118_1 Pin=R125-2
Added Pin To Net: NetName=NetC118_1 Pin=R126-2
Added Pin To Net: NetName=NetC118_1 Pin=U51-1
Added Net: Name=NetC118_1
Added Pin To Net: NetName=NetC132_1 Pin=C132-1
Added Pin To Net: NetName=NetC132_1 Pin=u53-77
Added Pin To Net: NetName=NetC132_1 Pin=Y1-1
Added Net: Name=NetC132_1
Added Pin To Net: NetName=NetC133_1 Pin=C133-1
Added Pin To Net: NetName=NetC133_1 Pin=u53-76
Added Pin To Net: NetName=NetC133_1 Pin=Y1-2
Added Net: Name=NetC133_1
Added Pin To Net: NetName=NetC147_1 Pin=C147-1
Added Pin To Net: NetName=NetC147_1 Pin=u53-10
Added Net: Name=NetC147_1
Added Pin To Net: NetName=NetC148_1 Pin=C148-1
Added Pin To Net: NetName=NetC148_1 Pin=u53-11
Added Net: Name=NetC148_1
Added Pin To Net: NetName=NetCON1_2 Pin=CON1-2
Added Pin To Net: NetName=NetCON1_2 Pin=R2-1
Added Pin To Net: NetName=NetCON1_2 Pin=R5-2
Added Net: Name=NetCON1_2
Added Pin To Net: NetName=NetCON2_2 Pin=CON2-2
Added Pin To Net: NetName=NetCON2_2 Pin=R9-1
Added Pin To Net: NetName=NetCON2_2 Pin=R10-2
Added Net: Name=NetCON2_2
Added Pin To Net: NetName=NetCON3_2 Pin=CON3-2
Added Pin To Net: NetName=NetCON3_2 Pin=R15-1
Added Pin To Net: NetName=NetCON3_2 Pin=R18-2
Added Net: Name=NetCON3_2
Added Pin To Net: NetName=NetCON5_2 Pin=CON5-2
Added Pin To Net: NetName=NetCON5_2 Pin=R41-1
Added Pin To Net: NetName=NetCON5_2 Pin=R43-2
Added Net: Name=NetCON5_2
Added Pin To Net: NetName=NetCON6_2 Pin=CON6-2
Added Pin To Net: NetName=NetCON6_2 Pin=R59-1
Added Net: Name=NetCON6_2
Added Pin To Net: NetName=NetCON6_3 Pin=CON6-3
Added Pin To Net: NetName=NetCON6_3 Pin=R53-1
Added Net: Name=NetCON6_3
Added Pin To Net: NetName=NetCON6_4 Pin=CON6-4
Added Pin To Net: NetName=NetCON6_4 Pin=R50-1
Added Net: Name=NetCON6_4
Added Pin To Net: NetName=NetCON7_2 Pin=CON7-2
Added Pin To Net: NetName=NetCON7_2 Pin=D11-1
Added Pin To Net: NetName=NetCON7_2 Pin=U18-2
Added Net: Name=NetCON7_2
Added Pin To Net: NetName=NetCON7_4 Pin=CON7-4
Added Pin To Net: NetName=NetCON7_4 Pin=D14-1
Added Pin To Net: NetName=NetCON7_4 Pin=U20-2
Added Net: Name=NetCON7_4
Added Pin To Net: NetName=NetCON7_6 Pin=CON7-6
Added Pin To Net: NetName=NetCON7_6 Pin=D15-1
Added Pin To Net: NetName=NetCON7_6 Pin=U21-2
Added Net: Name=NetCON7_6
Added Pin To Net: NetName=NetCON7_8 Pin=CON7-8
Added Pin To Net: NetName=NetCON7_8 Pin=D18-1
Added Pin To Net: NetName=NetCON7_8 Pin=U23-2
Added Net: Name=NetCON7_8
Added Pin To Net: NetName=NetCON7_10 Pin=CON7-10
Added Pin To Net: NetName=NetCON7_10 Pin=L1-1
Added Net: Name=NetCON7_10
Added Pin To Net: NetName=NetCON9_2 Pin=CON9-2
Added Pin To Net: NetName=NetCON9_2 Pin=D28-1
Added Pin To Net: NetName=NetCON9_2 Pin=U43-2
Added Net: Name=NetCON9_2
Added Pin To Net: NetName=NetCON9_5 Pin=CON9-5
Added Pin To Net: NetName=NetCON9_5 Pin=D27-1
Added Pin To Net: NetName=NetCON9_5 Pin=U39-2
Added Net: Name=NetCON9_5
Added Pin To Net: NetName=NetCON13_1 Pin=CON13-1
Added Pin To Net: NetName=NetCON13_1 Pin=L5-2
Added Pin To Net: NetName=NetCON13_1 Pin=R121-2
Added Pin To Net: NetName=NetCON13_1 Pin=TVS5-2
Added Net: Name=NetCON13_1
Added Pin To Net: NetName=NetCON13_3 Pin=CON13-3
Added Pin To Net: NetName=NetCON13_3 Pin=L6-2
Added Pin To Net: NetName=NetCON13_3 Pin=R121-1
Added Pin To Net: NetName=NetCON13_3 Pin=TVS6-1
Added Net: Name=NetCON13_3
Added Pin To Net: NetName=NetD1_1 Pin=D1-1
Added Pin To Net: NetName=NetD1_1 Pin=D2-2
Added Pin To Net: NetName=NetD1_1 Pin=P1-6
Added Pin To Net: NetName=NetD1_1 Pin=R6-1
Added Pin To Net: NetName=NetD1_1 Pin=R7-2
Added Net: Name=NetD1_1
Added Pin To Net: NetName=NetD3_1 Pin=D3-1
Added Pin To Net: NetName=NetD3_1 Pin=D4-2
Added Pin To Net: NetName=NetD3_1 Pin=P1-4
Added Pin To Net: NetName=NetD3_1 Pin=R14-1
Added Pin To Net: NetName=NetD3_1 Pin=R16-2
Added Net: Name=NetD3_1
Added Pin To Net: NetName=NetD5_1 Pin=D5-1
Added Pin To Net: NetName=NetD5_1 Pin=D6-2
Added Pin To Net: NetName=NetD5_1 Pin=P1-2
Added Pin To Net: NetName=NetD5_1 Pin=R24-1
Added Pin To Net: NetName=NetD5_1 Pin=R26-2
Added Net: Name=NetD5_1
Added Pin To Net: NetName=NetD11_2 Pin=D11-2
Added Pin To Net: NetName=NetD11_2 Pin=R55-2
Added Pin To Net: NetName=NetD11_2 Pin=U18-1
Added Net: Name=NetD11_2
Added Pin To Net: NetName=NetD14_2 Pin=D14-2
Added Pin To Net: NetName=NetD14_2 Pin=R61-2
Added Pin To Net: NetName=NetD14_2 Pin=U20-1
Added Net: Name=NetD14_2
Added Pin To Net: NetName=NetD15_2 Pin=D15-2
Added Pin To Net: NetName=NetD15_2 Pin=R64-2
Added Pin To Net: NetName=NetD15_2 Pin=U21-1
Added Net: Name=NetD15_2
Added Pin To Net: NetName=NetD16_1 Pin=D16-1
Added Net: Name=NetD16_1
Added Pin To Net: NetName=NetD16_2 Pin=D16-2
Added Pin To Net: NetName=NetD16_2 Pin=R67-2
Added Net: Name=NetD16_2
Added Pin To Net: NetName=NetD17_2 Pin=D17-2
Added Net: Name=NetD17_2
Added Pin To Net: NetName=NetD18_2 Pin=D18-2
Added Pin To Net: NetName=NetD18_2 Pin=R69-2
Added Pin To Net: NetName=NetD18_2 Pin=U23-1
Added Net: Name=NetD18_2
Added Pin To Net: NetName=NetD19_1 Pin=D19-1
Added Net: Name=NetD19_1
Added Pin To Net: NetName=NetD19_2 Pin=D19-2
Added Pin To Net: NetName=NetD19_2 Pin=R72-2
Added Net: Name=NetD19_2
Added Pin To Net: NetName=NetD20_2 Pin=D20-2
Added Net: Name=NetD20_2
Added Pin To Net: NetName=NetD21_1 Pin=D21-1
Added Net: Name=NetD21_1
Added Pin To Net: NetName=NetD21_2 Pin=D21-2
Added Pin To Net: NetName=NetD21_2 Pin=R74-2
Added Net: Name=NetD21_2
Added Pin To Net: NetName=NetD22_2 Pin=D22-2
Added Net: Name=NetD22_2
Added Pin To Net: NetName=NetD23_2 Pin=D23-2
Added Pin To Net: NetName=NetD23_2 Pin=R85-1
Added Pin To Net: NetName=NetD23_2 Pin=U33-2
Added Net: Name=NetD23_2
Added Pin To Net: NetName=NetD24_2 Pin=D24-2
Added Pin To Net: NetName=NetD24_2 Pin=R87-1
Added Pin To Net: NetName=NetD24_2 Pin=U34-2
Added Net: Name=NetD24_2
Added Pin To Net: NetName=NetD25_2 Pin=D25-2
Added Pin To Net: NetName=NetD25_2 Pin=R89-1
Added Pin To Net: NetName=NetD25_2 Pin=U35-2
Added Net: Name=NetD25_2
Added Pin To Net: NetName=NetD26_2 Pin=D26-2
Added Pin To Net: NetName=NetD26_2 Pin=R91-1
Added Pin To Net: NetName=NetD26_2 Pin=U36-2
Added Net: Name=NetD26_2
Added Pin To Net: NetName=NetD27_2 Pin=D27-2
Added Pin To Net: NetName=NetD27_2 Pin=R95-1
Added Pin To Net: NetName=NetD27_2 Pin=U39-1
Added Net: Name=NetD27_2
Added Pin To Net: NetName=NetD28_2 Pin=D28-2
Added Pin To Net: NetName=NetD28_2 Pin=R102-1
Added Pin To Net: NetName=NetD28_2 Pin=U43-1
Added Net: Name=NetD28_2
Added Pin To Net: NetName=NetD29_1 Pin=D29-1
Added Pin To Net: NetName=NetD29_1 Pin=D30-2
Added Pin To Net: NetName=NetD29_1 Pin=L17-1
Added Pin To Net: NetName=NetD29_1 Pin=R124-2
Added Pin To Net: NetName=NetD29_1 Pin=U51-2
Added Pin To Net: NetName=NetD29_1 Pin=U51-4
Added Net: Name=NetD29_1
Added Pin To Net: NetName=NetF1_1 Pin=F1-1
Added Pin To Net: NetName=NetF1_1 Pin=L7-2
Added Net: Name=NetF1_1
Added Pin To Net: NetName=NetK1_3 Pin=K1-3
Added Pin To Net: NetName=NetK1_3 Pin=P5-5
Added Pin To Net: NetName=NetK1_3 Pin=RV1-2
Added Net: Name=NetK1_3
Added Pin To Net: NetName=NetK1_4 Pin=K1-4
Added Pin To Net: NetName=NetK1_4 Pin=P5-6
Added Pin To Net: NetName=NetK1_4 Pin=RV1-1
Added Net: Name=NetK1_4
Added Pin To Net: NetName=NetK2_3 Pin=K2-3
Added Pin To Net: NetName=NetK2_3 Pin=P5-3
Added Pin To Net: NetName=NetK2_3 Pin=RV2-2
Added Net: Name=NetK2_3
Added Pin To Net: NetName=NetK2_4 Pin=K2-4
Added Pin To Net: NetName=NetK2_4 Pin=P5-4
Added Pin To Net: NetName=NetK2_4 Pin=RV2-1
Added Net: Name=NetK2_4
Added Pin To Net: NetName=NetK3_3 Pin=K3-3
Added Pin To Net: NetName=NetK3_3 Pin=P5-1
Added Pin To Net: NetName=NetK3_3 Pin=RV3-2
Added Net: Name=NetK3_3
Added Pin To Net: NetName=NetK3_4 Pin=K3-4
Added Pin To Net: NetName=NetK3_4 Pin=P5-2
Added Pin To Net: NetName=NetK3_4 Pin=RV3-1
Added Net: Name=NetK3_4
Added Pin To Net: NetName=NetL5_1 Pin=L5-1
Added Pin To Net: NetName=NetL5_1 Pin=U49-6
Added Net: Name=NetL5_1
Added Pin To Net: NetName=NetL6_1 Pin=L6-1
Added Pin To Net: NetName=NetL6_1 Pin=U49-7
Added Net: Name=NetL6_1
Added Pin To Net: NetName=NetL7_1 Pin=L7-1
Added Pin To Net: NetName=NetL7_1 Pin=P6-1
Added Net: Name=NetL7_1
Added Pin To Net: NetName=NetL9_1 Pin=L9-1
Added Pin To Net: NetName=NetL9_1 Pin=PS1-6
Added Net: Name=NetL9_1
Added Pin To Net: NetName=NetL10_1 Pin=L10-1
Added Pin To Net: NetName=NetL10_1 Pin=PS5-6
Added Net: Name=NetL10_1
Added Pin To Net: NetName=NetL11_1 Pin=L11-1
Added Pin To Net: NetName=NetL11_1 Pin=PS1-4
Added Net: Name=NetL11_1
Added Pin To Net: NetName=NetL12_1 Pin=L12-1
Added Pin To Net: NetName=NetL12_1 Pin=PS5-4
Added Net: Name=NetL12_1
Added Pin To Net: NetName=NetL14_1 Pin=L14-1
Added Pin To Net: NetName=NetL14_1 Pin=PS2-14
Added Net: Name=NetL14_1
Added Pin To Net: NetName=NetL15_1 Pin=L15-1
Added Pin To Net: NetName=NetL15_1 Pin=PS3-14
Added Net: Name=NetL15_1
Added Pin To Net: NetName=NetL16_1 Pin=L16-1
Added Pin To Net: NetName=NetL16_1 Pin=PS4-6
Added Net: Name=NetL16_1
Added Pin To Net: NetName=NetP2_2 Pin=P2-2
Added Pin To Net: NetName=NetP2_2 Pin=R20-1
Added Pin To Net: NetName=NetP2_2 Pin=R25-2
Added Net: Name=NetP2_2
Added Pin To Net: NetName=NetP3_2 Pin=P3-2
Added Pin To Net: NetName=NetP3_2 Pin=R28-1
Added Pin To Net: NetName=NetP3_2 Pin=R29-2
Added Net: Name=NetP3_2
Added Pin To Net: NetName=NetP4_2 Pin=P4-2
Added Pin To Net: NetName=NetP4_2 Pin=R37-1
Added Pin To Net: NetName=NetP4_2 Pin=R38-2
Added Net: Name=NetP4_2
Added Pin To Net: NetName=NetR3_1 Pin=R3-1
Added Pin To Net: NetName=NetR3_1 Pin=U1-1
Added Pin To Net: NetName=NetR3_1 Pin=U1-2
Added Net: Name=NetR3_1
Added Pin To Net: NetName=NetR4_2 Pin=R4-2
Added Pin To Net: NetName=NetR4_2 Pin=U11-1
Added Net: Name=NetR4_2
Added Pin To Net: NetName=NetR12_1 Pin=R12-1
Added Pin To Net: NetName=NetR12_1 Pin=U2-1
Added Pin To Net: NetName=NetR12_1 Pin=U2-2
Added Net: Name=NetR12_1
Added Pin To Net: NetName=NetR13_2 Pin=R13-2
Added Pin To Net: NetName=NetR13_2 Pin=U12-1
Added Net: Name=NetR13_2
Added Pin To Net: NetName=NetR22_1 Pin=R22-1
Added Pin To Net: NetName=NetR22_1 Pin=U3-1
Added Pin To Net: NetName=NetR22_1 Pin=U3-2
Added Net: Name=NetR22_1
Added Pin To Net: NetName=NetR23_2 Pin=R23-2
Added Pin To Net: NetName=NetR23_2 Pin=U13-1
Added Net: Name=NetR23_2
Added Pin To Net: NetName=NetR31_1 Pin=R31-1
Added Pin To Net: NetName=NetR31_1 Pin=R33-2
Added Pin To Net: NetName=NetR31_1 Pin=U5-2
Added Net: Name=NetR31_1
Added Pin To Net: NetName=NetR31_2 Pin=R31-2
Added Pin To Net: NetName=NetR31_2 Pin=R34-1
Added Pin To Net: NetName=NetR31_2 Pin=U5-1
Added Net: Name=NetR31_2
Added Pin To Net: NetName=NetR35_2 Pin=R35-2
Added Pin To Net: NetName=NetR35_2 Pin=U14-1
Added Net: Name=NetR35_2
Added Pin To Net: NetName=NetR40_1 Pin=R40-1
Added Pin To Net: NetName=NetR40_1 Pin=R44-2
Added Pin To Net: NetName=NetR40_1 Pin=U6-2
Added Net: Name=NetR40_1
Added Pin To Net: NetName=NetR40_2 Pin=R40-2
Added Pin To Net: NetName=NetR40_2 Pin=R45-1
Added Pin To Net: NetName=NetR40_2 Pin=U6-1
Added Net: Name=NetR40_2
Added Pin To Net: NetName=NetR46_2 Pin=R46-2
Added Pin To Net: NetName=NetR46_2 Pin=U15-1
Added Net: Name=NetR46_2
Added Pin To Net: NetName=NetR48_1 Pin=R48-1
Added Pin To Net: NetName=NetR48_1 Pin=R49-1
Added Pin To Net: NetName=NetR48_1 Pin=U16-6
Added Net: Name=NetR48_1
Added Pin To Net: NetName=NetR51_1 Pin=R51-1
Added Pin To Net: NetName=NetR51_1 Pin=R52-1
Added Pin To Net: NetName=NetR51_1 Pin=U17-6
Added Net: Name=NetR51_1
Added Pin To Net: NetName=NetR54_1 Pin=R54-1
Added Pin To Net: NetName=NetR54_1 Pin=R56-1
Added Pin To Net: NetName=NetR54_1 Pin=U18-4
Added Net: Name=NetR54_1
Added Pin To Net: NetName=NetR57_1 Pin=R57-1
Added Pin To Net: NetName=NetR57_1 Pin=R58-1
Added Pin To Net: NetName=NetR57_1 Pin=U19-6
Added Net: Name=NetR57_1
Added Pin To Net: NetName=NetR60_1 Pin=R60-1
Added Pin To Net: NetName=NetR60_1 Pin=R62-1
Added Pin To Net: NetName=NetR60_1 Pin=U20-4
Added Net: Name=NetR60_1
Added Pin To Net: NetName=NetR63_1 Pin=R63-1
Added Pin To Net: NetName=NetR63_1 Pin=R65-1
Added Pin To Net: NetName=NetR63_1 Pin=U21-4
Added Net: Name=NetR63_1
Added Pin To Net: NetName=NetR66_2 Pin=R66-2
Added Pin To Net: NetName=NetR66_2 Pin=U22-1
Added Net: Name=NetR66_2
Added Pin To Net: NetName=NetR67_1 Pin=R67-1
Added Pin To Net: NetName=NetR67_1 Pin=U22-4
Added Net: Name=NetR67_1
Added Pin To Net: NetName=NetR68_1 Pin=R68-1
Added Pin To Net: NetName=NetR68_1 Pin=R70-1
Added Pin To Net: NetName=NetR68_1 Pin=U23-4
Added Net: Name=NetR68_1
Added Pin To Net: NetName=NetR71_2 Pin=R71-2
Added Pin To Net: NetName=NetR71_2 Pin=U24-1
Added Net: Name=NetR71_2
Added Pin To Net: NetName=NetR72_1 Pin=R72-1
Added Pin To Net: NetName=NetR72_1 Pin=U24-4
Added Net: Name=NetR72_1
Added Pin To Net: NetName=NetR73_2 Pin=R73-2
Added Pin To Net: NetName=NetR73_2 Pin=U25-1
Added Net: Name=NetR73_2
Added Pin To Net: NetName=NetR74_1 Pin=R74-1
Added Pin To Net: NetName=NetR74_1 Pin=U25-4
Added Net: Name=NetR74_1
Added Pin To Net: NetName=NetR75_2 Pin=R75-2
Added Pin To Net: NetName=NetR75_2 Pin=U26-2
Added Net: Name=NetR75_2
Added Pin To Net: NetName=NetR76_2 Pin=R76-2
Added Pin To Net: NetName=NetR76_2 Pin=U27-2
Added Net: Name=NetR76_2
Added Pin To Net: NetName=NetR77_2 Pin=R77-2
Added Pin To Net: NetName=NetR77_2 Pin=U28-2
Added Net: Name=NetR77_2
Added Pin To Net: NetName=NetR79_2 Pin=R79-2
Added Pin To Net: NetName=NetR79_2 Pin=U29-2
Added Net: Name=NetR79_2
Added Pin To Net: NetName=NetR82_2 Pin=R82-2
Added Pin To Net: NetName=NetR82_2 Pin=U30-2
Added Net: Name=NetR82_2
Added Pin To Net: NetName=NetR83_2 Pin=R83-2
Added Pin To Net: NetName=NetR83_2 Pin=U31-2
Added Net: Name=NetR83_2
Added Pin To Net: NetName=NetR84_2 Pin=R84-2
Added Pin To Net: NetName=NetR84_2 Pin=U32-2
Added Net: Name=NetR84_2
Added Pin To Net: NetName=NetR93_2 Pin=R93-2
Added Pin To Net: NetName=NetR93_2 Pin=U37-2
Added Net: Name=NetR93_2
Added Pin To Net: NetName=NetR94_1 Pin=R94-1
Added Pin To Net: NetName=NetR94_1 Pin=U37-6
Added Pin To Net: NetName=NetR94_1 Pin=U38-2
Added Net: Name=NetR94_1
Added Pin To Net: NetName=NetR96_1 Pin=R96-1
Added Pin To Net: NetName=NetR96_1 Pin=R97-2
Added Pin To Net: NetName=NetR96_1 Pin=U39-4
Added Net: Name=NetR96_1
Added Pin To Net: NetName=NetR98_2 Pin=R98-2
Added Pin To Net: NetName=NetR98_2 Pin=U40-2
Added Net: Name=NetR98_2
Added Pin To Net: NetName=NetR99_1 Pin=R99-1
Added Pin To Net: NetName=NetR99_1 Pin=U38-3
Added Pin To Net: NetName=NetR99_1 Pin=U40-6
Added Net: Name=NetR99_1
Added Pin To Net: NetName=NetR100_2 Pin=R100-2
Added Pin To Net: NetName=NetR100_2 Pin=U41-2
Added Net: Name=NetR100_2
Added Pin To Net: NetName=NetR101_1 Pin=R101-1
Added Pin To Net: NetName=NetR101_1 Pin=U38-4
Added Pin To Net: NetName=NetR101_1 Pin=U41-6
Added Net: Name=NetR101_1
Added Pin To Net: NetName=NetR103_1 Pin=R103-1
Added Pin To Net: NetName=NetR103_1 Pin=R105-2
Added Pin To Net: NetName=NetR103_1 Pin=U43-4
Added Net: Name=NetR103_1
Added Pin To Net: NetName=NetR104_2 Pin=R104-2
Added Pin To Net: NetName=NetR104_2 Pin=U42-2
Added Net: Name=NetR104_2
Added Pin To Net: NetName=NetR109_2 Pin=R109-2
Added Pin To Net: NetName=NetR109_2 Pin=U44-2
Added Net: Name=NetR109_2
Added Pin To Net: NetName=NetR110_1 Pin=R110-1
Added Pin To Net: NetName=NetR110_1 Pin=U44-6
Added Pin To Net: NetName=NetR110_1 Pin=u53-149
Added Net: Name=NetR110_1
Added Pin To Net: NetName=NetR111_1 Pin=R111-1
Added Pin To Net: NetName=NetR111_1 Pin=U45-7
Added Net: Name=NetR111_1
Added Pin To Net: NetName=NetR111_2 Pin=R111-2
Added Pin To Net: NetName=NetR111_2 Pin=R113-2
Added Pin To Net: NetName=NetR111_2 Pin=TVS1-1
Added Net: Name=NetR111_2
Added Pin To Net: NetName=NetR112_1 Pin=R112-1
Added Pin To Net: NetName=NetR112_1 Pin=U45-8
Added Net: Name=NetR112_1
Added Pin To Net: NetName=NetR113_1 Pin=R113-1
Added Pin To Net: NetName=NetR113_1 Pin=R114-2
Added Pin To Net: NetName=NetR113_1 Pin=TVS2-2
Added Net: Name=NetR113_1
Added Pin To Net: NetName=NetR114_1 Pin=R114-1
Added Pin To Net: NetName=NetR114_1 Pin=U45-6
Added Net: Name=NetR114_1
Added Pin To Net: NetName=NetR115_2 Pin=R115-2
Added Pin To Net: NetName=NetR115_2 Pin=U46-2
Added Net: Name=NetR115_2
Added Pin To Net: NetName=NetR116_1 Pin=R116-1
Added Pin To Net: NetName=NetR116_1 Pin=U45-1
Added Pin To Net: NetName=NetR116_1 Pin=U46-6
Added Net: Name=NetR116_1
Added Pin To Net: NetName=NetR117_2 Pin=R117-2
Added Pin To Net: NetName=NetR117_2 Pin=U47-2
Added Net: Name=NetR117_2
Added Pin To Net: NetName=NetR118_1 Pin=R118-1
Added Pin To Net: NetName=NetR118_1 Pin=U47-5
Added Pin To Net: NetName=NetR118_1 Pin=U49-2
Added Pin To Net: NetName=NetR118_1 Pin=U49-3
Added Net: Name=NetR118_1
Added Pin To Net: NetName=NetR119_2 Pin=R119-2
Added Pin To Net: NetName=NetR119_2 Pin=U48-2
Added Net: Name=NetR119_2
Added Pin To Net: NetName=NetR120_1 Pin=R120-1
Added Pin To Net: NetName=NetR120_1 Pin=U48-6
Added Pin To Net: NetName=NetR120_1 Pin=u53-155
Added Net: Name=NetR120_1
Added Pin To Net: NetName=NetR122_2 Pin=R122-2
Added Pin To Net: NetName=NetR122_2 Pin=U50-2
Added Net: Name=NetR122_2
Added Pin To Net: NetName=NetR123_1 Pin=R123-1
Added Pin To Net: NetName=NetR123_1 Pin=U49-4
Added Pin To Net: NetName=NetR123_1 Pin=U50-6
Added Net: Name=NetR123_1
Added Pin To Net: NetName=NetR127_1 Pin=R127-1
Added Pin To Net: NetName=NetR127_1 Pin=U52-15
Added Pin To Net: NetName=NetR127_1 Pin=u53-160
Added Net: Name=NetR127_1
Added Pin To Net: NetName=NetR130_2 Pin=R130-2
Added Pin To Net: NetName=NetR130_2 Pin=u53-16
Added Net: Name=NetR130_2
Added Pin To Net: NetName=NetS1_2 Pin=S1-2
Added Pin To Net: NetName=NetS1_2 Pin=U52-4
Added Net: Name=NetS1_2
Added Pin To Net: NetName=NetU5_3 Pin=U5-3
Added Pin To Net: NetName=NetU5_3 Pin=U55-3
Added Net: Name=NetU5_3
Added Pin To Net: NetName=NetU6_3 Pin=U6-3
Added Pin To Net: NetName=NetU6_3 Pin=U55-4
Added Net: Name=NetU6_3
Added Pin To Net: NetName=NetU9_1 Pin=U9-1
Added Pin To Net: NetName=NetU9_1 Pin=U9-2
Added Pin To Net: NetName=NetU9_1 Pin=u53-5
Added Net: Name=NetU9_1
Added Pin To Net: NetName=NetU9_6 Pin=U9-6
Added Pin To Net: NetName=NetU9_6 Pin=U9-7
Added Pin To Net: NetName=NetU9_6 Pin=u53-4
Added Net: Name=NetU9_6
Added Pin To Net: NetName=NetU10_1 Pin=U10-1
Added Pin To Net: NetName=NetU10_1 Pin=U10-2
Added Pin To Net: NetName=NetU10_1 Pin=u53-3
Added Net: Name=NetU10_1
Added Pin To Net: NetName=NetU10_6 Pin=U10-6
Added Pin To Net: NetName=NetU10_6 Pin=U10-7
Added Pin To Net: NetName=NetU10_6 Pin=u53-2
Added Net: Name=NetU10_6
Added Pin To Net: NetName=NetU26_6 Pin=U26-6
Added Net: Name=NetU26_6
Added Pin To Net: NetName=NetU27_6 Pin=U27-6
Added Net: Name=NetU27_6
Added Pin To Net: NetName=NetU28_6 Pin=U28-6
Added Net: Name=NetU28_6
Added Pin To Net: NetName=NetU29_6 Pin=U29-6
Added Net: Name=NetU29_6
Added Pin To Net: NetName=NetU30_6 Pin=U30-6
Added Net: Name=NetU30_6
Added Pin To Net: NetName=NetU31_6 Pin=U31-6
Added Net: Name=NetU31_6
Added Pin To Net: NetName=NetU32_6 Pin=U32-6
Added Net: Name=NetU32_6
Added Pin To Net: NetName=NetU38_15 Pin=U38-15
Added Pin To Net: NetName=NetU38_15 Pin=U42-3
Added Net: Name=NetU38_15
Added Pin To Net: NetName=NetU44_3 Pin=U44-3
Added Pin To Net: NetName=NetU44_3 Pin=U45-4
Added Net: Name=NetU44_3
Added Pin To Net: NetName=NetU46_3 Pin=U46-3
Added Pin To Net: NetName=NetU46_3 Pin=u53-150
Added Net: Name=NetU46_3
Added Pin To Net: NetName=NetU47_3 Pin=U47-3
Added Pin To Net: NetName=NetU47_3 Pin=u53-151
Added Net: Name=NetU47_3
Added Pin To Net: NetName=NetU48_3 Pin=U48-3
Added Pin To Net: NetName=NetU48_3 Pin=U49-1
Added Net: Name=NetU48_3
Added Pin To Net: NetName=NetU50_3 Pin=U50-3
Added Pin To Net: NetName=NetU50_3 Pin=u53-157
Added Net: Name=NetU50_3
Added Pin To Net: NetName=PA_DN_CTL_EX Pin=R81-1
Added Pin To Net: NetName=PA_DN_CTL_EX Pin=u53-45
Added Net: Name=PA_DN_CTL_EX
Added Pin To Net: NetName=PA_OC Pin=R87-2
Added Net: Name=PA_OC
Added Pin To Net: NetName=PA_UP_CTL_EX Pin=U30-3
Added Pin To Net: NetName=PA_UP_CTL_EX Pin=u53-46
Added Net: Name=PA_UP_CTL_EX
Added Pin To Net: NetName=PB_DN_CTL_EX Pin=R80-1
Added Pin To Net: NetName=PB_DN_CTL_EX Pin=u53-47
Added Net: Name=PB_DN_CTL_EX
Added Pin To Net: NetName=PB_OC Pin=R89-2
Added Net: Name=PB_OC
Added Pin To Net: NetName=PB_UP_CTL_EX Pin=U28-3
Added Pin To Net: NetName=PB_UP_CTL_EX Pin=u53-48
Added Net: Name=PB_UP_CTL_EX
Added Pin To Net: NetName=PC_DN_CTL_EX Pin=R78-1
Added Pin To Net: NetName=PC_DN_CTL_EX Pin=u53-49
Added Net: Name=PC_DN_CTL_EX
Added Pin To Net: NetName=PC_OC Pin=R91-2
Added Net: Name=PC_OC
Added Pin To Net: NetName=PC_UP_CTL_EX Pin=U26-3
Added Pin To Net: NetName=PC_UP_CTL_EX Pin=u53-50
Added Net: Name=PC_UP_CTL_EX
Added Pin To Net: NetName=POS_A Pin=C57-2
Added Pin To Net: NetName=POS_A Pin=R49-2
Added Pin To Net: NetName=POS_A Pin=u53-22
Added Pin To Net: NetName=POS_A Pin=u53-60
Added Net: Name=POS_A
Added Pin To Net: NetName=POS_B Pin=C59-2
Added Pin To Net: NetName=POS_B Pin=R52-2
Added Pin To Net: NetName=POS_B Pin=u53-26
Added Pin To Net: NetName=POS_B Pin=u53-59
Added Net: Name=POS_B
Added Pin To Net: NetName=POS_C Pin=C62-2
Added Pin To Net: NetName=POS_C Pin=R58-2
Added Pin To Net: NetName=POS_C Pin=u53-29
Added Pin To Net: NetName=POS_C Pin=u53-57
Added Net: Name=POS_C
Added Pin To Net: NetName=RS232_RX_OUT Pin=CON12-3
Added Pin To Net: NetName=RS232_RX_OUT Pin=TVS3-1
Added Pin To Net: NetName=RS232_RX_OUT Pin=u53-25
Added Net: Name=RS232_RX_OUT
Added Pin To Net: NetName=RS232_TX_OUT Pin=CON12-2
Added Pin To Net: NetName=RS232_TX_OUT Pin=TVS4-1
Added Pin To Net: NetName=RS232_TX_OUT Pin=u53-28
Added Net: Name=RS232_TX_OUT
Added Pin To Net: NetName=T\E\S\T\ Pin=P7-2
Added Pin To Net: NetName=T\E\S\T\ Pin=u53-135
Added Net: Name=T\E\S\T\
Added Pin To Net: NetName=TCK Pin=P7-9
Added Pin To Net: NetName=TCK Pin=P7-11
Added Pin To Net: NetName=TCK Pin=u53-136
Added Net: Name=TCK
Added Pin To Net: NetName=TDI Pin=P7-3
Added Pin To Net: NetName=TDI Pin=u53-131
Added Net: Name=TDI
Added Pin To Net: NetName=TDO Pin=P7-7
Added Pin To Net: NetName=TDO Pin=u53-127
Added Net: Name=TDO
Added Pin To Net: NetName=TMS Pin=P7-1
Added Pin To Net: NetName=TMS Pin=u53-126
Added Net: Name=TMS
Added Pin To Net: NetName=VCC5V Pin=P7-5
Added Net: Name=VCC5V
Added Class: Name=AIAO
Added Class: Name=DIDO
Added Class: Name=DRIVE
Added Class: Name=dsp
Added Class: Name=PERIPHERAL
Added Class: Name=POWER
Added Room: Name=AIAO
Added Room: Name=DIDO
Added Room: Name=DRIVE
Added Room: Name=dsp
Added Room: Name=PERIPHERAL
Added Room: Name=POWER
