Removed Pin From Net: NetName=GND Pin=C3-2
Removed Pin From Net: NetName=GND Pin=C10-2
Removed Pin From Net: NetName=+15V_C Pin=C29-1
Removed Pin From Net: NetName=GND Pin=C29-2
Removed Pin From Net: NetName=+15V_C Pin=C31-1
Removed Pin From Net: NetName=GND Pin=C31-2
Removed Pin From Net: NetName=GND Pin=C34-1
Removed Pin From Net: NetName=+15V_C Pin=C34-2
Removed Pin From Net: NetName=GND Pin=C35-1
Removed Pin From Net: NetName=-15V_C Pin=C37-1
Removed Pin From Net: NetName=GND Pin=C37-2
Removed Pin From Net: NetName=+15V_C Pin=C41-1
Removed Pin From Net: NetName=GND Pin=C41-2
Removed Pin From Net: NetName=GND Pin=C42-1
Removed Pin From Net: NetName=+15V_C Pin=C42-2
Removed Pin From Net: NetName=GND Pin=C43-1
Removed Pin From Net: NetName=+5V Pin=C66-1
Removed Pin From Net: NetName=+5V Pin=C67-2
Removed Pin From Net: NetName=GND Pin=C88-1
Removed Pin From Net: NetName=GND Pin=C90-2
Removed Pin From Net: NetName=GND Pin=C92-2
Removed Pin From Net: NetName=GND Pin=C93-1
Removed Pin From Net: NetName=+15V_C Pin=C96-1
Removed Pin From Net: NetName=+5V Pin=C97-1
Removed Pin From Net: NetName=+15V_C Pin=C100-2
Removed Pin From Net: NetName=+5V Pin=C101-2
Removed Pin From Net: NetName=+5V Pin=CON1-32
Removed Pin From Net: NetName=+5V Pin=D32-2
Removed Pin From Net: NetName=GND Pin=DCDC2-5
Removed Pin From Net: NetName=+15V_C Pin=L4-1
Removed Pin From Net: NetName=+15V_C Pin=P5-1
Removed Pin From Net: NetName=GND Pin=P5-3
Removed Pin From Net: NetName=+15V_C Pin=P6-1
Removed Pin From Net: NetName=GND Pin=P6-3
Removed Pin From Net: NetName=NetP18_1 Pin=P18-1
Removed Pin From Net: NetName=3.3V Pin=P18-2
Removed Pin From Net: NetName=GND Pin=R28-1
Removed Pin From Net: NetName=GND Pin=R29-1
Removed Pin From Net: NetName=GND Pin=R35-1
Removed Pin From Net: NetName=+5V Pin=R122-2
Removed Pin From Net: NetName=GND Pin=R132-1
Removed Pin From Net: NetName=GND Pin=R135-1
Removed Pin From Net: NetName=GND Pin=U4-3
Removed Pin From Net: NetName=GND Pin=U4-5
Removed Pin From Net: NetName=-15V_C Pin=U8-4
Removed Pin From Net: NetName=+15V_C Pin=U8-8
Removed Pin From Net: NetName=GND Pin=U10-5
Removed Pin From Net: NetName=GND Pin=U11-5
Removed Pin From Net: NetName=GND Pin=U43-5
Removed Pin From Net: NetName=GND Pin=U45-5
Removed Pin From Net: NetName=GND Pin=U50-5
Removed Pin From Net: NetName=+15V_C Pin=U53-1
Removed Pin From Net: NetName=+5V Pin=U53-2
Removed Pin From Net: NetName=GND Pin=U53-3
Removed Member From Class: ClassName=AIAO Member=C29
Removed Member From Class: ClassName=AIAO Member=C31
Removed Member From Class: ClassName=AIAO Member=C34
Removed Member From Class: ClassName=AIAO Member=C35
Removed Member From Class: ClassName=AIAO Member=C37
Removed Member From Class: ClassName=AIAO Member=C41
Removed Member From Class: ClassName=AIAO Member=C42
Removed Member From Class: ClassName=AIAO Member=C43
Removed Member From Class: ClassName=POWER Member=C96
Removed Member From Class: ClassName=POWER Member=C97
Removed Member From Class: ClassName=POWER Member=C100
Removed Member From Class: ClassName=POWER Member=C101
Removed Member From Class: ClassName=POWER Member=D32
Removed Member From Class: ClassName=AIAO Member=P5
Removed Member From Class: ClassName=AIAO Member=P6
Removed Member From Class: ClassName=AIAO Member=R26
Removed Member From Class: ClassName=AIAO Member=R28
Removed Member From Class: ClassName=AIAO Member=R29
Removed Member From Class: ClassName=AIAO Member=R34
Removed Member From Class: ClassName=AIAO Member=R35
Removed Member From Class: ClassName=POWER Member=R122
Removed Member From Class: ClassName=AIAO Member=U8
Removed Member From Class: ClassName=POWER Member=U53
Added Component: Designator=P18(HDR1X2)
Added Pin To Net: NetName=+15V_DRIVE Pin=C66-1
Added Pin To Net: NetName=+15V_DRIVE Pin=C67-2
Added Pin To Net: NetName=GND Pin=C68-2
Added Pin To Net: NetName=GND Pin=C69-1
Added Pin To Net: NetName=GND Pin=C70-1
Added Pin To Net: NetName=GND Pin=C75-1
Added Pin To Net: NetName=GND Pin=C79-1
Added Pin To Net: NetName=GND Pin=C95-2
Added Pin To Net: NetName=GND Pin=C99-1
Added Pin To Net: NetName=GND Pin=C163-2
Added Pin To Net: NetName=+15V_DRIVE Pin=CON1-32
Added Pin To Net: NetName=GND Pin=DCDC3-16
Added Pin To Net: NetName=+5V_C Pin=L4-1
Added Pin To Net: NetName=GND Pin=P10-1
Added Pin To Net: NetName=NetP18_1 Pin=P18-1
Added Pin To Net: NetName=3.3V Pin=P18-2
Added Pin To Net: NetName=GND Pin=R108-2
Added Pin To Net: NetName=GND Pin=R116-2
Added Pin To Net: NetName=GND Pin=R122-1
Added Pin To Net: NetName=GND Pin=R139-1
Added Pin To Net: NetName=GND Pin=TVS1-2
Added Pin To Net: NetName=GND Pin=TVS2-1
Added Pin To Net: NetName=GND Pin=TVS3-1
Added Pin To Net: NetName=GND Pin=TVS6-2
Added Pin To Net: NetName=GND Pin=U38-5
Added Pin To Net: NetName=GND Pin=U39-6
Added Pin To Net: NetName=GND Pin=U39-7
Added Pin To Net: NetName=GND Pin=U39-8
Added Pin To Net: NetName=GND Pin=U39-9
Added Pin To Net: NetName=GND Pin=U39-10
Added Pin To Net: NetName=GND Pin=U39-19
Added Pin To Net: NetName=GND Pin=U41-5
Added Pin To Net: NetName=GND Pin=U42-5
Added Pin To Net: NetName=GND Pin=U47-2
Added Pin To Net: NetName=GND Pin=U48-5
Added Pin To Net: NetName=GND Pin=U51-5
Added Pin To Net: NetName=GND Pin=U52-5
Change Net Name : Old Net Name=+15V_DRIVE New Net Name=5V_DRIVE
Change Net Name : Old Net Name=GND New Net Name=GND_C
Added Pin To Net: NetName=GND Pin=C3-2
Added Pin To Net: NetName=GND Pin=C10-2
Added Pin To Net: NetName=GND Pin=C88-1
Added Pin To Net: NetName=GND Pin=C90-2
Added Pin To Net: NetName=GND Pin=C92-2
Added Pin To Net: NetName=GND Pin=C93-1
Added Pin To Net: NetName=GND Pin=DCDC2-5
Added Pin To Net: NetName=GND Pin=R122-2
Added Pin To Net: NetName=GND Pin=R132-1
Added Pin To Net: NetName=GND Pin=R135-1
Added Pin To Net: NetName=GND Pin=U4-3
Added Pin To Net: NetName=GND Pin=U4-5
Added Pin To Net: NetName=GND Pin=U10-5
Added Pin To Net: NetName=GND Pin=U11-5
Added Pin To Net: NetName=GND Pin=U43-5
Added Pin To Net: NetName=GND Pin=U45-5
Added Pin To Net: NetName=GND Pin=U50-5
Added Net: Name=GND
Added Pin To Net: NetName=NetU57_2 Pin=U57-2
Added Net: Name=NetU57_2
Added Pin To Net: NetName=NetU57_3 Pin=U57-3
Added Net: Name=NetU57_3
Added Member To Class: ClassName=AIAO Member=Component R122 Res2
