Removed Pin From Net: NetName=DGND Pin=CON6-1
Removed Pin From Net: NetName=DGND Pin=CON6-4
Removed Pin From Net: NetName=GND_C Pin=CON7-1
Removed Pin From Net: NetName=GND_C Pin=CON7-3
Removed Pin From Net: NetName=3.3V Pin=P11-2
Removed Member From Class: ClassName=PERIPHERAL Member=CON6
Change Component DesignItemId : Designator=P11 Old DesignItemId=Header 2 New DesignItemId=Header 4
Change Component Footprint: Designator=P6 Old Footprint=2SIP2 New Footprint=phenox-2
Change Component Footprint: Designator=CON1 Old Footprint=2SIP3 New Footprint=PHENOX-3
Change Component Footprint: Designator=CON2 Old Footprint=2SIP3 New Footprint=PHENOX-3
Change Component Footprint: Designator=CON3 Old Footprint=2SIP3 New Footprint=PHENOX-3
Change Component Footprint: Designator=CON4 Old Footprint=2SIP3 New Footprint=PHENOX-3
Change Component Footprint: Designator=CON7 Old Footprint=2SIP3 New Footprint=PHENOX-3
Change Component Footprint: Designator=CON9 Old Footprint=2SIP3 New Footprint=PHENOX-3
Change Component Footprint: Designator=P2 Old Footprint=2SIP3 New Footprint=PHENOX-3
Change Component Footprint: Designator=P8 Old Footprint=2SIP3 New Footprint=PHENOX-3
Change Component Footprint: Designator=CON8 Old Footprint=2SIP4 New Footprint=PHONEX-4
Change Component Footprint: Designator=CON10 Old Footprint=2SIP4 New Footprint=PHONEX-4
Change Component Footprint: Designator=P4 Old Footprint=2SIP5 New Footprint=phenox-5
Change Component Footprint: Designator=P1 Old Footprint=2SIP6 New Footprint=phenox-6
Change Component Footprint: Designator=Y1 Old Footprint=BCY-W2/D3.1 New Footprint=HC-49S
Change Component Footprint: Designator=P11 Old Footprint=HDR1X2 New Footprint=PHONEX-4
Change Component Footprint: Designator=P7 Old Footprint=SIP6 New Footprint=phenox-6
Change Component Footprint: Designator=P5 Old Footprint=SIP8 New Footprint=phenox-8
Change Component Comment : Designator=P11 Old Comment=Header 2 New Comment=TR
Change Component Designator: OldDesignator=CON1 NewDesignator=P2
Change Component Designator: OldDesignator=CON2 NewDesignator=P3
Change Component Designator: OldDesignator=CON3 NewDesignator=P4
Change Component Designator: OldDesignator=CON4 NewDesignator=P6
Change Component Designator: OldDesignator=CON5 NewDesignator=CON1
Change Component Designator: OldDesignator=CON7 NewDesignator=P12
Change Component Designator: OldDesignator=CON8 NewDesignator=P14
Change Component Designator: OldDesignator=CON9 NewDesignator=P13
Change Component Designator: OldDesignator=CON10 NewDesignator=P15
Change Component Designator: OldDesignator=P2 NewDesignator=P5
Change Component Designator: OldDesignator=P4 NewDesignator=P7
Change Component Designator: OldDesignator=P5 NewDesignator=P8
Change Component Designator: OldDesignator=P6 NewDesignator=P9
Change Component Designator: OldDesignator=P7 NewDesignator=P10
Change Component Designator: OldDesignator=P8 NewDesignator=P16
Change Component Designator: OldDesignator=P10 NewDesignator=P17
Added Component: Designator=P18(HDR1X2)
Added Pin To Net: NetName=DGND Pin=P11-1
Added Pin To Net: NetName=DGND Pin=P11-3
Added Pin To Net: NetName=NetR111_1 Pin=P12-1
Added Pin To Net: NetName=NetR107_2 Pin=P12-3
Added Pin To Net: NetName=3.3V Pin=P18-2
Change Net Name : Old Net Name=NetCON1_2 New Net Name=NetP2_2
Change Net Name : Old Net Name=NetCON2_2 New Net Name=NetP3_2
Change Net Name : Old Net Name=NetCON3_2 New Net Name=NetP4_2
Change Net Name : Old Net Name=NetCON4_2 New Net Name=NetP6_2
Change Net Name : Old Net Name=NetCON5_2 New Net Name=NetCON1_2
Change Net Name : Old Net Name=NetCON5_10 New Net Name=NetCON1_10
Change Net Name : Old Net Name=NetCON5_16 New Net Name=NetCON1_16
Change Net Name : Old Net Name=NetCON5_18 New Net Name=NetCON1_18
Change Net Name : Old Net Name=NetCON5_24 New Net Name=NetCON1_24
Change Net Name : Old Net Name=NetCON5_26 New Net Name=NetCON1_26
Change Net Name : Old Net Name=NetCON5_28 New Net Name=NetCON1_28
Change Net Name : Old Net Name=NetCON8_1 New Net Name=NetK3_3
Change Net Name : Old Net Name=NetCON8_2 New Net Name=NetK3_4
Change Net Name : Old Net Name=NetCON9_1 New Net Name=NetL6_2
Change Net Name : Old Net Name=NetCON9_3 New Net Name=NetL5_2
Change Net Name : Old Net Name=NetP2_2 New Net Name=NetP5_2
Change Net Name : Old Net Name=NetP4_2 New Net Name=NetP7_2
Change Net Name : Old Net Name=NetP4_3 New Net Name=NetP7_3
Change Net Name : Old Net Name=NetP4_4 New Net Name=NetP7_4
Change Net Name : Old Net Name=NetP10_1 New Net Name=NetP17_1
Change Net Name : Old Net Name=NetP10_3 New Net Name=NetP17_3
Change Net Name : Old Net Name=NetR107_2 New Net Name=NetP12_3
Change Net Name : Old Net Name=NetR111_1 New Net Name=NetP12_1
Added Pin To Net: NetName=NetD28_1 Pin=D28-1
Added Pin To Net: NetName=NetD28_1 Pin=P11-4
Added Pin To Net: NetName=NetD28_1 Pin=U40-2
Added Net: Name=NetD28_1
Added Pin To Net: NetName=NetD29_1 Pin=D29-1
Added Pin To Net: NetName=NetD29_1 Pin=P11-2
Added Pin To Net: NetName=NetD29_1 Pin=U44-2
Added Net: Name=NetD29_1
Added Pin To Net: NetName=NetP18_1 Pin=P18-1
Added Pin To Net: NetName=NetP18_1 Pin=R133-2
Added Pin To Net: NetName=NetP18_1 Pin=U57-17
Added Net: Name=NetP18_1
Added Member To Class: ClassName=PERIPHERAL Member=Component P11 TR
