Removed Pin From Net: NetName=NetP18_1 Pin=P18-1
Removed Pin From Net: NetName=3.3V Pin=P18-2
Change Component Designator: OldDesignator=3.3V NewDesignator=LED4
Change Component Designator: OldDesignator=15V_C NewDesignator=LED2
Change Component Designator: OldDesignator=24V_IN NewDesignator=LED1
Added Component: Designator=LED5(0805D)
Added Component: Designator=LED6(0805D)
Added Component: Designator=P18(HDR1X2)
Added Component: Designator=R138(1206)
Added Component: Designator=R139(1206)
Added Pin To Net: NetName=+12V_P Pin=LED5-A
Added Pin To Net: NetName=+5V_C Pin=LED6-A
Added Pin To Net: NetName=NetP18_1 Pin=P18-1
Added Pin To Net: NetName=3.3V Pin=P18-2
Added Pin To Net: NetName=GND_P Pin=R138-1
Added Pin To Net: NetName=GND_C Pin=R139-1
Added Pin To Net: NetName=NetLED5_K Pin=LED5-K
Added Pin To Net: NetName=NetLED5_K Pin=R138-2
Added Net: Name=NetLED5_K
Added Pin To Net: NetName=NetLED6_K Pin=LED6-K
Added Pin To Net: NetName=NetLED6_K Pin=R139-2
Added Net: Name=NetLED6_K
Added Member To Class: ClassName=POWER Member=Component LED5 LED
Added Member To Class: ClassName=POWER Member=Component LED6 LED
Added Member To Class: ClassName=POWER Member=Component R138 Res2
Added Member To Class: ClassName=POWER Member=Component R139 Res2
