Removed Pin From Net: NetName=DGND Pin=CON1-1
Removed Pin From Net: NetName=+24V Pin=CON1-3
Removed Pin From Net: NetName=DGND Pin=CON2-1
Removed Pin From Net: NetName=+24V Pin=CON2-3
Removed Pin From Net: NetName=DGND Pin=CON3-1
Removed Pin From Net: NetName=+24V Pin=CON3-3
Removed Pin From Net: NetName=NetCON9_1 Pin=CON9-1
Removed Pin From Net: NetName=NetCON9_3 Pin=CON9-3
Removed Pin From Net: NetName=GND Pin=CON10-1
Removed Pin From Net: NetName=RS232_TX_OUT Pin=CON10-2
Removed Pin From Net: NetName=RS232_RX_OUT Pin=CON10-3
Removed Pin From Net: NetName=NetC76_1 Pin=CON10-4
Removed Pin From Net: NetName=GND Pin=P2-1
Removed Pin From Net: NetName=+15V_C Pin=P2-3
Removed Pin From Net: NetName=GND_P Pin=P4-1
Removed Pin From Net: NetName=+12V_P Pin=P4-5
Removed Pin From Net: NetName=NetL8_1 Pin=P8-1
Removed Pin From Net: NetName=DGND Pin=P8-3
Removed Pin From Net: NetName=NetP4_4 Pin=R44-1
Removed Pin From Net: NetName=NetP4_2 Pin=R53-1
Added Pin To Net: NetName=+24V Pin=CON1-1
Added Pin To Net: NetName=DGND Pin=CON1-3
Added Pin To Net: NetName=+24V Pin=CON2-1
Added Pin To Net: NetName=DGND Pin=CON2-3
Added Pin To Net: NetName=+24V Pin=CON3-1
Added Pin To Net: NetName=DGND Pin=CON3-3
Added Pin To Net: NetName=NetCON9_3 Pin=CON9-1
Added Pin To Net: NetName=NetCON9_1 Pin=CON9-3
Added Pin To Net: NetName=NetC76_1 Pin=CON10-1
Added Pin To Net: NetName=RS232_RX_OUT Pin=CON10-2
Added Pin To Net: NetName=RS232_TX_OUT Pin=CON10-3
Added Pin To Net: NetName=GND Pin=CON10-4
Added Pin To Net: NetName=+15V_C Pin=P2-1
Added Pin To Net: NetName=GND Pin=P2-3
Added Pin To Net: NetName=+12V_P Pin=P4-1
Added Pin To Net: NetName=GND_P Pin=P4-5
Added Pin To Net: NetName=DGND Pin=P8-1
Added Pin To Net: NetName=NetL8_1 Pin=P8-3
Added Pin To Net: NetName=NetP4_2 Pin=R44-1
Added Pin To Net: NetName=NetP4_4 Pin=R53-1
Change Net Name : Old Net Name=NetCON9_1 New Net Name=NetCON9_3
Change Net Name : Old Net Name=NetCON9_3 New Net Name=NetCON9_1
