Removed Pin From Net: NetName=+5V Pin=C122-1
Removed Pin From Net: NetName=+5V Pin=C129-2
Removed Pin From Net: NetName=+5V Pin=C142-2
Removed Pin From Net: NetName=+5V Pin=C146-2
Removed Pin From Net: NetName=+5V Pin=R67-1
Removed Pin From Net: NetName=+5V Pin=R68-1
Removed Pin From Net: NetName=+5V Pin=R69-1
Removed Pin From Net: NetName=+5V Pin=R71-1
Removed Pin From Net: NetName=+5V Pin=R75-1
Removed Pin From Net: NetName=+5V Pin=R76-1
Removed Pin From Net: NetName=+5V Pin=U56-16
Removed Pin From Net: NetName=+5V Pin=U60-1
Removed Pin From Net: NetName=+5V Pin=U60-20
Removed Pin From Net: NetName=+5V Pin=U61-1
Removed Pin From Net: NetName=+5V Pin=U61-20
Added Pin To Net: NetName=+5V_C Pin=C122-1
Added Pin To Net: NetName=+5V_C Pin=C129-2
Added Pin To Net: NetName=+5V_C Pin=C142-2
Added Pin To Net: NetName=+5V_C Pin=C146-2
Added Pin To Net: NetName=+5V_C Pin=R67-1
Added Pin To Net: NetName=+5V_C Pin=R68-1
Added Pin To Net: NetName=+5V_C Pin=R69-1
Added Pin To Net: NetName=+5V_C Pin=R71-1
Added Pin To Net: NetName=+5V_C Pin=R75-1
Added Pin To Net: NetName=+5V_C Pin=R76-1
Added Pin To Net: NetName=+5V_C Pin=U56-16
Added Pin To Net: NetName=+5V_C Pin=U60-1
Added Pin To Net: NetName=+5V_C Pin=U60-20
Added Pin To Net: NetName=+5V_C Pin=U61-1
Added Pin To Net: NetName=+5V_C Pin=U61-20
