Added Component: Designator=C1(1206)
Added Component: Designator=C2(1206)
Added Component: Designator=C3(1206)
Added Component: Designator=C4(7343)
Added Component: Designator=C5(1206)
Added Component: Designator=C6(1206)
Added Component: Designator=C7(1206)
Added Component: Designator=C8(1206)
Added Component: Designator=C9(1206)
Added Component: Designator=C10(1206)
Added Component: Designator=C11(7343)
Added Component: Designator=C12(1206)
Added Component: Designator=C13(1206)
Added Component: Designator=C14(1206)
Added Component: Designator=C15(1206)
Added Component: Designator=C16(1206)
Added Component: Designator=C17(7343)
Added Component: Designator=C18(1206)
Added Component: Designator=C19(1206)
Added Component: Designator=C20(1206)
Added Component: Designator=C21(1206)
Added Component: Designator=C29(1206)
Added Component: Designator=C31(7343)
Added Component: Designator=C34(1206)
Added Component: Designator=C35(1206)
Added Component: Designator=C37(1206)
Added Component: Designator=C41(7343)
Added Component: Designator=C42(1206)
Added Component: Designator=C43(1206)
Added Component: Designator=C49(1206)
Added Component: Designator=C50(1206)
Added Component: Designator=C51(1206)
Added Component: Designator=C52(1206)
Added Component: Designator=C54(1206)
Added Component: Designator=C55(1206)
Added Component: Designator=C56(1206)
Added Component: Designator=C57(1206)
Added Component: Designator=C58(7343)
Added Component: Designator=C59(1206)
Added Component: Designator=C60(7343)
Added Component: Designator=C61(1206)
Added Component: Designator=C62(1206)
Added Component: Designator=C63(1206)
Added Component: Designator=C64(1206)
Added Component: Designator=C65(1206)
Added Component: Designator=C66(7343)
Added Component: Designator=C67(1206)
Added Component: Designator=C68(7343)
Added Component: Designator=C69(1206)
Added Component: Designator=C70(1206)
Added Component: Designator=C71(1206)
Added Component: Designator=C72(1206)
Added Component: Designator=C73(7343)
Added Component: Designator=C74(1206)
Added Component: Designator=C75(1206)
Added Component: Designator=C76(7343)
Added Component: Designator=C77(7343)
Added Component: Designator=C78(1206)
Added Component: Designator=C79(1206)
Added Component: Designator=C80(1206)
Added Component: Designator=C81(7343)
Added Component: Designator=C82(7343)
Added Component: Designator=C83(1206)
Added Component: Designator=C84(7343)
Added Component: Designator=C85(1206)
Added Component: Designator=C86(1206)
Added Component: Designator=C87(7343)
Added Component: Designator=C88(1206)
Added Component: Designator=C89(7343)
Added Component: Designator=C90(7343)
Added Component: Designator=C91(1206)
Added Component: Designator=C92(1206)
Added Component: Designator=C93(7343)
Added Component: Designator=C94(7343)
Added Component: Designator=C95(7343)
Added Component: Designator=C96(7343)
Added Component: Designator=C97(7343)
Added Component: Designator=C98(1206)
Added Component: Designator=C99(1206)
Added Component: Designator=C100(1206)
Added Component: Designator=C101(1206)
Added Component: Designator=C106(1206)
Added Component: Designator=C107(7343)
Added Component: Designator=C108(1206)
Added Component: Designator=C109(7343)
Added Component: Designator=C110(1206)
Added Component: Designator=C111(1206)
Added Component: Designator=C112(7343)
Added Component: Designator=C113(7343)
Added Component: Designator=C114(1206)
Added Component: Designator=C115(1206)
Added Component: Designator=C116(7343)
Added Component: Designator=C117(7343)
Added Component: Designator=C118(7343)
Added Component: Designator=C119(1206)
Added Component: Designator=C120(1206)
Added Component: Designator=C121(7343)
Added Component: Designator=C122(7343)
Added Component: Designator=C123(7343)
Added Component: Designator=C124(7343)
Added Component: Designator=C125(1206)
Added Component: Designator=C126(1206)
Added Component: Designator=C127(1206)
Added Component: Designator=C128(1206)
Added Component: Designator=C129(1206)
Added Component: Designator=C130(1206)
Added Component: Designator=C134(1206)
Added Component: Designator=C135(1206)
Added Component: Designator=C136(1206)
Added Component: Designator=C137(1206)
Added Component: Designator=C138(1206)
Added Component: Designator=C139(1206)
Added Component: Designator=C140(1206)
Added Component: Designator=C141(1206)
Added Component: Designator=C142(1206)
Added Component: Designator=C143(1206)
Added Component: Designator=C144(1206)
Added Component: Designator=C145(1206)
Added Component: Designator=C146(1206)
Added Component: Designator=C147(1206)
Added Component: Designator=C148(1206)
Added Component: Designator=C149(1206)
Added Component: Designator=C150(1206)
Added Component: Designator=C151(7343)
Added Component: Designator=C152(7343)
Added Component: Designator=C153(1206)
Added Component: Designator=C154(1206)
Added Component: Designator=C155(1206)
Added Component: Designator=C156(1206)
Added Component: Designator=CON1(2SIP3)
Added Component: Designator=CON2(2SIP3)
Added Component: Designator=CON3(2SIP3)
Added Component: Designator=CON4(2SIP3)
Added Component: Designator=CON5(HDR2X18)
Added Component: Designator=CON6(2SIP5)
Added Component: Designator=CON7(2SIP3)
Added Component: Designator=CON8(2SIP4)
Added Component: Designator=CON9(2SIP3)
Added Component: Designator=CON10(2SIP4)
Added Component: Designator=D1(SOD-80/MLL34)
Added Component: Designator=D2(SOD-80/MLL34)
Added Component: Designator=D3(SOD-80/MLL34)
Added Component: Designator=D4(SOD-80/MLL34)
Added Component: Designator=D7(SOD-80/MLL34)
Added Component: Designator=D8(SOD-80/MLL34)
Added Component: Designator=D9(SOD-80/MLL34)
Added Component: Designator=D10(SOD-80/MLL34)
Added Component: Designator=D12(SOD-80/MLL34)
Added Component: Designator=D13(SOD-80/MLL34)
Added Component: Designator=D14(SMA)
Added Component: Designator=D15(SMA)
Added Component: Designator=D16(SOD-80/MLL34)
Added Component: Designator=D17(SMA)
Added Component: Designator=D18(SMA)
Added Component: Designator=D21(SOD-80/MLL34)
Added Component: Designator=D22(SOD-80/MLL34)
Added Component: Designator=D23(SOD-80/MLL34)
Added Component: Designator=D24(SOD-80/MLL34)
Added Component: Designator=D25(SOD-80/MLL34)
Added Component: Designator=D26(SOD-80/MLL34)
Added Component: Designator=D27(SOD-80/MLL34)
Added Component: Designator=D28(SMA)
Added Component: Designator=D29(SMA)
Added Component: Designator=D30(SOD-80/MLL34)
Added Component: Designator=D31(SMA)
Added Component: Designator=D32(SOD-80/MLL34)
Added Component: Designator=D33(SOD-80/MLL34)
Added Component: Designator=D34(SMA)
Added Component: Designator=D35(SMA)
Added Component: Designator=F1(PIN-W2/E2.8)
Added Component: Designator=K1(DIP-P4)
Added Component: Designator=K3(DIP-P4)
Added Component: Designator=L1(2012)
Added Component: Designator=L2(2012)
Added Component: Designator=L3(2012)
Added Component: Designator=L4(2012)
Added Component: Designator=L5(2012)
Added Component: Designator=L6(2012)
Added Component: Designator=L7(2012)
Added Component: Designator=L8(2012)
Added Component: Designator=L9(2012)
Added Component: Designator=L10(2012)
Added Component: Designator=L11(2012)
Added Component: Designator=L12(2012)
Added Component: Designator=L14(2012)
Added Component: Designator=L15(2012)
Added Component: Designator=P1(HDR1X6)
Added Component: Designator=P2(2SIP3)
Added Component: Designator=P4(2SIP5)
Added Component: Designator=P5(HDR1X8)
Added Component: Designator=P6(HDR1X2)
Added Component: Designator=P7(SIP6)
Added Component: Designator=P8(2SIP3)
Added Component: Designator=P9(DIP14-2.54)
Added Component: Designator=P10(HDR1X3)
Added Component: Designator=P11(HDR1X2)
Added Component: Designator=PS1(NPSIP7)
Added Component: Designator=PS2(NPSIP7)
Added Component: Designator=PS3(DIP24)
Added Component: Designator=PS5(NPSIP7A)
Added Component: Designator=R1(1206)
Added Component: Designator=R2(1206)
Added Component: Designator=R3(1206)
Added Component: Designator=R4(1206)
Added Component: Designator=R5(1206)
Added Component: Designator=R6(1206)
Added Component: Designator=R7(1206)
Added Component: Designator=R8(1206)
Added Component: Designator=R9(1206)
Added Component: Designator=R10(1206)
Added Component: Designator=R11(1206)
Added Component: Designator=R12(1206)
Added Component: Designator=R13(1206)
Added Component: Designator=R14(1206)
Added Component: Designator=R15(1206)
Added Component: Designator=R16(1206)
Added Component: Designator=R17(1206)
Added Component: Designator=R18(1206)
Added Component: Designator=R26(1206)
Added Component: Designator=R28(1206)
Added Component: Designator=R29(1206)
Added Component: Designator=R34(1206)
Added Component: Designator=R35(1206)
Added Component: Designator=R42(1206)
Added Component: Designator=R43(1206)
Added Component: Designator=R44(1206)
Added Component: Designator=R45(1206)
Added Component: Designator=R46(1206)
Added Component: Designator=R47(1206)
Added Component: Designator=R51(1206)
Added Component: Designator=R52(1206)
Added Component: Designator=R53(1206)
Added Component: Designator=R54(1206)
Added Component: Designator=R55(1206)
Added Component: Designator=R56(1206)
Added Component: Designator=R57(1206)
Added Component: Designator=R58(1206)
Added Component: Designator=R59(1206)
Added Component: Designator=R60(1206)
Added Component: Designator=R61(1206)
Added Component: Designator=R62(1206)
Added Component: Designator=R63(1206)
Added Component: Designator=R64(1206)
Added Component: Designator=R67(1206)
Added Component: Designator=R68(1206)
Added Component: Designator=R69(1206)
Added Component: Designator=R70(1206)
Added Component: Designator=R71(1206)
Added Component: Designator=R72(1206)
Added Component: Designator=R73(1206)
Added Component: Designator=R74(1206)
Added Component: Designator=R75(1206)
Added Component: Designator=R76(1206)
Added Component: Designator=R77(1206)
Added Component: Designator=R78(1206)
Added Component: Designator=R79(1206)
Added Component: Designator=R80(1206)
Added Component: Designator=R81(1206)
Added Component: Designator=R82(1206)
Added Component: Designator=R83(1206)
Added Component: Designator=R84(1206)
Added Component: Designator=R85(1206)
Added Component: Designator=R86(1206)
Added Component: Designator=R87(1206)
Added Component: Designator=R88(1206)
Added Component: Designator=R89(1206)
Added Component: Designator=R90(1206)
Added Component: Designator=R91(1206)
Added Component: Designator=R92(1206)
Added Component: Designator=R93(1206)
Added Component: Designator=R94(1206)
Added Component: Designator=R95(1206)
Added Component: Designator=R96(1206)
Added Component: Designator=R97(1206)
Added Component: Designator=R98(1206)
Added Component: Designator=R99(1206)
Added Component: Designator=R100(1206)
Added Component: Designator=R101(1206)
Added Component: Designator=R102(1206)
Added Component: Designator=R103(1206)
Added Component: Designator=R104(1206)
Added Component: Designator=R105(1206)
Added Component: Designator=R106(1206)
Added Component: Designator=R107(1206)
Added Component: Designator=R108(1206)
Added Component: Designator=R109(1206)
Added Component: Designator=R110(1206)
Added Component: Designator=R111(1206)
Added Component: Designator=R112(1206)
Added Component: Designator=R113(1206)
Added Component: Designator=R114(1206)
Added Component: Designator=R115(1206)
Added Component: Designator=R116(1206)
Added Component: Designator=R117(1206)
Added Component: Designator=R118(1206)
Added Component: Designator=R119(1206)
Added Component: Designator=R120(1206)
Added Component: Designator=R121(1206)
Added Component: Designator=R122(1206)
Added Component: Designator=R123(1206)
Added Component: Designator=R124(1206)
Added Component: Designator=R125(1206)
Added Component: Designator=R126(1206)
Added Component: Designator=R127(1206)
Added Component: Designator=R128(1206)
Added Component: Designator=R129(1206)
Added Component: Designator=R130(1206)
Added Component: Designator=R131(1206)
Added Component: Designator=R132(1206)
Added Component: Designator=R133(1206)
Added Component: Designator=RV1(RAD-0.2)
Added Component: Designator=RV3(RAD-0.2)
Added Component: Designator=S1(B3F4050)
Added Component: Designator=TVS1(SMA)
Added Component: Designator=TVS2(SMA)
Added Component: Designator=TVS3(SMA)
Added Component: Designator=TVS4(SMA)
Added Component: Designator=TVS5(SMA)
Added Component: Designator=TVS6(SMA)
Added Component: Designator=U1(SO-8)
Added Component: Designator=U2(SO-8)
Added Component: Designator=U4(SO-8)
Added Component: Designator=U8(SO-8)
Added Component: Designator=U10(SOP254P1230X400-8N)
Added Component: Designator=U11(SOP254P1230X400-8N)
Added Component: Designator=U15(DIP-8N)
Added Component: Designator=U16(DIP-8N)
Added Component: Designator=U18(DIP-8N)
Added Component: Designator=U19(DIP4)
Added Component: Designator=U20(DIP4)
Added Component: Designator=U21(DIP4)
Added Component: Designator=U22(DIP4)
Added Component: Designator=U24(DIP-8N)
Added Component: Designator=U25(DIP-8N)
Added Component: Designator=U26(DIP-8N)
Added Component: Designator=U27(DIP-8N)
Added Component: Designator=U28(DIP-8N)
Added Component: Designator=U29(DIP-8N)
Added Component: Designator=U30(DIP-8N)
Added Component: Designator=U31(DIP-8N)
Added Component: Designator=U32(DIP-8N)
Added Component: Designator=U33(DIP-8N)
Added Component: Designator=U34(DIP-8N)
Added Component: Designator=U35(DIP-8N)
Added Component: Designator=U36(DIP-8N)
Added Component: Designator=U37(DIP-8N)
Added Component: Designator=U38(DIP-8N)
Added Component: Designator=U39(SO20_M)
Added Component: Designator=U40(DIP4)
Added Component: Designator=U41(DIP-8N)
Added Component: Designator=U42(DIP-8N)
Added Component: Designator=U43(DIP-8N)
Added Component: Designator=U44(DIP4)
Added Component: Designator=U45(DIP-8N)
Added Component: Designator=U46(DIP4)
Added Component: Designator=U47(SO-8)
Added Component: Designator=U48(DIP-8N)
Added Component: Designator=U49(DIP-8N)
Added Component: Designator=U50(DIP-8N)
Added Component: Designator=U51(SO-8)
Added Component: Designator=U52(DIP-8N)
Added Component: Designator=U53(d2pak)
Added Component: Designator=U54(tssop20)
Added Component: Designator=U55(SOT223-4N)
Added Component: Designator=U56(SO16_M)
Added Component: Designator=u57(LQFP176_N)
Added Component: Designator=U60(SO20_M)
Added Component: Designator=U61(SO20_M)
Added Component: Designator=U62(TSOP44)
Added Component: Designator=VT1(SOT23)
Added Component: Designator=VT3(SOT23)
Added Component: Designator=Y1(BCY-W2/D3.1)
Added Pin To Net: NetName=+5V_C Pin=C70-2
Added Pin To Net: NetName=+5V_C Pin=C75-2
Added Pin To Net: NetName=+5V_C Pin=C79-2
Added Pin To Net: NetName=+5V_C Pin=C95-1
Added Pin To Net: NetName=+5V_C Pin=C99-2
Added Pin To Net: NetName=+5V_C Pin=L2-1
Added Pin To Net: NetName=+5V_C Pin=L12-2
Added Pin To Net: NetName=+5V_C Pin=R92-2
Added Pin To Net: NetName=+5V_C Pin=R97-2
Added Pin To Net: NetName=+5V_C Pin=R99-2
Added Pin To Net: NetName=+5V_C Pin=R102-1
Added Pin To Net: NetName=+5V_C Pin=R105-1
Added Pin To Net: NetName=+5V_C Pin=R114-2
Added Pin To Net: NetName=+5V_C Pin=R117-1
Added Pin To Net: NetName=+5V_C Pin=R121-2
Added Pin To Net: NetName=+5V_C Pin=U38-8
Added Pin To Net: NetName=+5V_C Pin=U39-1
Added Pin To Net: NetName=+5V_C Pin=U39-20
Added Pin To Net: NetName=+5V_C Pin=U41-8
Added Pin To Net: NetName=+5V_C Pin=U42-8
Added Pin To Net: NetName=+5V_C Pin=U47-3
Added Pin To Net: NetName=+5V_C Pin=U48-8
Added Pin To Net: NetName=+5V_C Pin=U49-6
Added Pin To Net: NetName=+5V_C Pin=U49-8
Added Pin To Net: NetName=+5V_C Pin=U51-8
Added Pin To Net: NetName=+5V_C Pin=U52-8
Added Net: Name=+5V_C
Added Pin To Net: NetName=+5V Pin=C66-1
Added Pin To Net: NetName=+5V Pin=C67-2
Added Pin To Net: NetName=+5V Pin=C97-1
Added Pin To Net: NetName=+5V Pin=C101-2
Added Pin To Net: NetName=+5V Pin=C106-2
Added Pin To Net: NetName=+5V Pin=C111-1
Added Pin To Net: NetName=+5V Pin=C122-1
Added Pin To Net: NetName=+5V Pin=C129-2
Added Pin To Net: NetName=+5V Pin=C142-2
Added Pin To Net: NetName=+5V Pin=C146-2
Added Pin To Net: NetName=+5V Pin=CON5-31
Added Pin To Net: NetName=+5V Pin=D32-2
Added Pin To Net: NetName=+5V Pin=D33-2
Added Pin To Net: NetName=+5V Pin=R67-1
Added Pin To Net: NetName=+5V Pin=R68-1
Added Pin To Net: NetName=+5V Pin=R69-1
Added Pin To Net: NetName=+5V Pin=R71-1
Added Pin To Net: NetName=+5V Pin=R74-1
Added Pin To Net: NetName=+5V Pin=R75-1
Added Pin To Net: NetName=+5V Pin=R76-1
Added Pin To Net: NetName=+5V Pin=R122-2
Added Pin To Net: NetName=+5V Pin=R123-2
Added Pin To Net: NetName=+5V Pin=U53-2
Added Pin To Net: NetName=+5V Pin=U54-2
Added Pin To Net: NetName=+5V Pin=U54-3
Added Pin To Net: NetName=+5V Pin=U54-9
Added Pin To Net: NetName=+5V Pin=U54-10
Added Pin To Net: NetName=+5V Pin=U56-16
Added Pin To Net: NetName=+5V Pin=U60-1
Added Pin To Net: NetName=+5V Pin=U60-20
Added Pin To Net: NetName=+5V Pin=U61-1
Added Pin To Net: NetName=+5V Pin=U61-20
Added Net: Name=+5V
Added Pin To Net: NetName=+10V Pin=C113-1
Added Pin To Net: NetName=+10V Pin=C115-2
Added Pin To Net: NetName=+10V Pin=L14-2
Added Pin To Net: NetName=+10V Pin=P1-6
Added Net: Name=+10V
Added Pin To Net: NetName=+12V_P Pin=C118-1
Added Pin To Net: NetName=+12V_P Pin=C120-2
Added Pin To Net: NetName=+12V_P Pin=D7-2
Added Pin To Net: NetName=+12V_P Pin=D9-2
Added Pin To Net: NetName=+12V_P Pin=D12-2
Added Pin To Net: NetName=+12V_P Pin=L15-2
Added Pin To Net: NetName=+12V_P Pin=P4-5
Added Pin To Net: NetName=+12V_P Pin=U15-2
Added Pin To Net: NetName=+12V_P Pin=U16-2
Added Pin To Net: NetName=+12V_P Pin=U18-2
Added Net: Name=+12V_P
Added Pin To Net: NetName=+15V_A Pin=C2-1
Added Pin To Net: NetName=+15V_A Pin=C15-1
Added Pin To Net: NetName=+15V_A Pin=C80-2
Added Pin To Net: NetName=+15V_A Pin=C82-1
Added Pin To Net: NetName=+15V_A Pin=C112-1
Added Pin To Net: NetName=+15V_A Pin=C114-2
Added Pin To Net: NetName=+15V_A Pin=D1-2
Added Pin To Net: NetName=+15V_A Pin=D3-2
Added Pin To Net: NetName=+15V_A Pin=D34-2
Added Pin To Net: NetName=+15V_A Pin=L7-2
Added Pin To Net: NetName=+15V_A Pin=U1-8
Added Pin To Net: NetName=+15V_A Pin=U2-8
Added Pin To Net: NetName=+15V_A Pin=U55-3
Added Net: Name=+15V_A
Added Pin To Net: NetName=+15V_C Pin=C3-1
Added Pin To Net: NetName=+15V_C Pin=C29-1
Added Pin To Net: NetName=+15V_C Pin=C31-1
Added Pin To Net: NetName=+15V_C Pin=C34-2
Added Pin To Net: NetName=+15V_C Pin=C41-1
Added Pin To Net: NetName=+15V_C Pin=C42-2
Added Pin To Net: NetName=+15V_C Pin=C88-2
Added Pin To Net: NetName=+15V_C Pin=C90-1
Added Pin To Net: NetName=+15V_C Pin=C96-1
Added Pin To Net: NetName=+15V_C Pin=C100-2
Added Pin To Net: NetName=+15V_C Pin=CON4-3
Added Pin To Net: NetName=+15V_C Pin=L4-1
Added Pin To Net: NetName=+15V_C Pin=L10-2
Added Pin To Net: NetName=+15V_C Pin=P2-3
Added Pin To Net: NetName=+15V_C Pin=U4-8
Added Pin To Net: NetName=+15V_C Pin=U8-8
Added Pin To Net: NetName=+15V_C Pin=U53-1
Added Net: Name=+15V_C
Added Pin To Net: NetName=+15V_DRIVE Pin=U24-8
Added Pin To Net: NetName=+15V_DRIVE Pin=U25-8
Added Pin To Net: NetName=+15V_DRIVE Pin=U26-8
Added Pin To Net: NetName=+15V_DRIVE Pin=U27-8
Added Pin To Net: NetName=+15V_DRIVE Pin=U28-8
Added Pin To Net: NetName=+15V_DRIVE Pin=U29-8
Added Pin To Net: NetName=+15V_DRIVE Pin=U30-8
Added Net: Name=+15V_DRIVE
Added Pin To Net: NetName=+24V_EX Pin=C60-1
Added Pin To Net: NetName=+24V_EX Pin=C61-2
Added Net: Name=+24V_EX
Added Pin To Net: NetName=+24V_F Pin=C57-2
Added Pin To Net: NetName=+24V_F Pin=C58-1
Added Pin To Net: NetName=+24V_F Pin=L1-2
Added Pin To Net: NetName=+24V_F Pin=R55-1
Added Pin To Net: NetName=+24V_F Pin=R58-1
Added Pin To Net: NetName=+24V_F Pin=R63-1
Added Net: Name=+24V_F
Added Pin To Net: NetName=+24V Pin=C4-1
Added Pin To Net: NetName=+24V Pin=C6-2
Added Pin To Net: NetName=+24V Pin=C11-1
Added Pin To Net: NetName=+24V Pin=C12-2
Added Pin To Net: NetName=+24V Pin=C17-1
Added Pin To Net: NetName=+24V Pin=C18-2
Added Pin To Net: NetName=+24V Pin=C81-1
Added Pin To Net: NetName=+24V Pin=C83-2
Added Pin To Net: NetName=+24V Pin=C84-1
Added Pin To Net: NetName=+24V Pin=C85-2
Added Pin To Net: NetName=+24V Pin=C89-1
Added Pin To Net: NetName=+24V Pin=C91-2
Added Pin To Net: NetName=+24V Pin=C94-1
Added Pin To Net: NetName=+24V Pin=C98-2
Added Pin To Net: NetName=+24V Pin=C117-1
Added Pin To Net: NetName=+24V Pin=C119-2
Added Pin To Net: NetName=+24V Pin=CON1-3
Added Pin To Net: NetName=+24V Pin=CON2-3
Added Pin To Net: NetName=+24V Pin=CON3-3
Added Pin To Net: NetName=+24V Pin=F1-2
Added Pin To Net: NetName=+24V Pin=L3-1
Added Pin To Net: NetName=+24V Pin=PS1-1
Added Pin To Net: NetName=+24V Pin=PS2-1
Added Pin To Net: NetName=+24V Pin=PS3-22
Added Pin To Net: NetName=+24V Pin=PS3-23
Added Pin To Net: NetName=+24V Pin=PS5-1
Added Pin To Net: NetName=+24V Pin=R93-2
Added Pin To Net: NetName=+24V Pin=R100-2
Added Net: Name=+24V
Added Pin To Net: NetName=-15V_A Pin=C9-1
Added Pin To Net: NetName=-15V_A Pin=C21-1
Added Pin To Net: NetName=-15V_A Pin=C86-1
Added Pin To Net: NetName=-15V_A Pin=C87-2
Added Pin To Net: NetName=-15V_A Pin=L9-2
Added Pin To Net: NetName=-15V_A Pin=U1-4
Added Pin To Net: NetName=-15V_A Pin=U2-4
Added Net: Name=-15V_A
Added Pin To Net: NetName=-15V_C Pin=C10-1
Added Pin To Net: NetName=-15V_C Pin=C37-1
Added Pin To Net: NetName=-15V_C Pin=C92-1
Added Pin To Net: NetName=-15V_C Pin=C93-2
Added Pin To Net: NetName=-15V_C Pin=L11-2
Added Pin To Net: NetName=-15V_C Pin=U4-4
Added Pin To Net: NetName=-15V_C Pin=U8-4
Added Net: Name=-15V_C
Added Pin To Net: NetName=1.8V Pin=C109-1
Added Pin To Net: NetName=1.8V Pin=C110-1
Added Pin To Net: NetName=1.8V Pin=C125-1
Added Pin To Net: NetName=1.8V Pin=C127-1
Added Pin To Net: NetName=1.8V Pin=C128-1
Added Pin To Net: NetName=1.8V Pin=C136-1
Added Pin To Net: NetName=1.8V Pin=C138-1
Added Pin To Net: NetName=1.8V Pin=C140-1
Added Pin To Net: NetName=1.8V Pin=C143-2
Added Pin To Net: NetName=1.8V Pin=C144-1
Added Pin To Net: NetName=1.8V Pin=C148-1
Added Pin To Net: NetName=1.8V Pin=C149-1
Added Pin To Net: NetName=1.8V Pin=U54-12
Added Pin To Net: NetName=1.8V Pin=U54-13
Added Pin To Net: NetName=1.8V Pin=U54-14
Added Pin To Net: NetName=1.8V Pin=u57-23
Added Pin To Net: NetName=1.8V Pin=u57-37
Added Pin To Net: NetName=1.8V Pin=u57-56
Added Pin To Net: NetName=1.8V Pin=u57-75
Added Pin To Net: NetName=1.8V Pin=u57-100
Added Pin To Net: NetName=1.8V Pin=u57-112
Added Pin To Net: NetName=1.8V Pin=u57-128
Added Pin To Net: NetName=1.8V Pin=u57-143
Added Pin To Net: NetName=1.8V Pin=u57-154
Added Pin To Net: NetName=1.8V Pin=u57-162
Added Net: Name=1.8V
Added Pin To Net: NetName=3.3V Pin=C107-1
Added Pin To Net: NetName=3.3V Pin=C108-2
Added Pin To Net: NetName=3.3V Pin=C126-1
Added Pin To Net: NetName=3.3V Pin=C130-1
Added Pin To Net: NetName=3.3V Pin=C137-1
Added Pin To Net: NetName=3.3V Pin=C139-1
Added Pin To Net: NetName=3.3V Pin=C141-1
Added Pin To Net: NetName=3.3V Pin=C145-2
Added Pin To Net: NetName=3.3V Pin=C147-2
Added Pin To Net: NetName=3.3V Pin=C150-1
Added Pin To Net: NetName=3.3V Pin=C153-2
Added Pin To Net: NetName=3.3V Pin=C154-2
Added Pin To Net: NetName=3.3V Pin=C155-2
Added Pin To Net: NetName=3.3V Pin=C156-2
Added Pin To Net: NetName=3.3V Pin=P9-5
Added Pin To Net: NetName=3.3V Pin=P11-2
Added Pin To Net: NetName=3.3V Pin=R42-2
Added Pin To Net: NetName=3.3V Pin=R45-2
Added Pin To Net: NetName=3.3V Pin=R51-2
Added Pin To Net: NetName=3.3V Pin=R54-2
Added Pin To Net: NetName=3.3V Pin=R57-2
Added Pin To Net: NetName=3.3V Pin=R60-1
Added Pin To Net: NetName=3.3V Pin=R62-2
Added Pin To Net: NetName=3.3V Pin=R78-2
Added Pin To Net: NetName=3.3V Pin=R81-2
Added Pin To Net: NetName=3.3V Pin=R82-2
Added Pin To Net: NetName=3.3V Pin=R85-2
Added Pin To Net: NetName=3.3V Pin=R86-2
Added Pin To Net: NetName=3.3V Pin=R89-2
Added Pin To Net: NetName=3.3V Pin=R90-2
Added Pin To Net: NetName=3.3V Pin=R91-1
Added Pin To Net: NetName=3.3V Pin=R94-2
Added Pin To Net: NetName=3.3V Pin=R96-1
Added Pin To Net: NetName=3.3V Pin=R98-1
Added Pin To Net: NetName=3.3V Pin=R101-2
Added Pin To Net: NetName=3.3V Pin=R104-2
Added Pin To Net: NetName=3.3V Pin=R106-2
Added Pin To Net: NetName=3.3V Pin=R109-1
Added Pin To Net: NetName=3.3V Pin=R113-1
Added Pin To Net: NetName=3.3V Pin=R115-1
Added Pin To Net: NetName=3.3V Pin=R118-2
Added Pin To Net: NetName=3.3V Pin=R120-1
Added Pin To Net: NetName=3.3V Pin=R124-2
Added Pin To Net: NetName=3.3V Pin=R128-1
Added Pin To Net: NetName=3.3V Pin=R129-1
Added Pin To Net: NetName=3.3V Pin=R131-2
Added Pin To Net: NetName=3.3V Pin=U15-8
Added Pin To Net: NetName=3.3V Pin=U16-8
Added Pin To Net: NetName=3.3V Pin=U18-8
Added Pin To Net: NetName=3.3V Pin=U31-8
Added Pin To Net: NetName=3.3V Pin=U32-8
Added Pin To Net: NetName=3.3V Pin=U33-8
Added Pin To Net: NetName=3.3V Pin=U34-8
Added Pin To Net: NetName=3.3V Pin=U35-8
Added Pin To Net: NetName=3.3V Pin=U36-8
Added Pin To Net: NetName=3.3V Pin=U37-8
Added Pin To Net: NetName=3.3V Pin=U43-8
Added Pin To Net: NetName=3.3V Pin=U45-8
Added Pin To Net: NetName=3.3V Pin=U50-8
Added Pin To Net: NetName=3.3V Pin=U54-17
Added Pin To Net: NetName=3.3V Pin=U54-18
Added Pin To Net: NetName=3.3V Pin=U54-19
Added Pin To Net: NetName=3.3V Pin=u57-1
Added Pin To Net: NetName=3.3V Pin=u57-13
Added Pin To Net: NetName=3.3V Pin=u57-14
Added Pin To Net: NetName=3.3V Pin=u57-31
Added Pin To Net: NetName=3.3V Pin=u57-64
Added Pin To Net: NetName=3.3V Pin=u57-69
Added Pin To Net: NetName=3.3V Pin=u57-81
Added Pin To Net: NetName=3.3V Pin=u57-114
Added Pin To Net: NetName=3.3V Pin=u57-145
Added Pin To Net: NetName=3.3V Pin=u57-166
Added Pin To Net: NetName=3.3V Pin=U62-11
Added Pin To Net: NetName=3.3V Pin=U62-33
Added Net: Name=3.3V
Added Pin To Net: NetName=AI0 Pin=C5-2
Added Pin To Net: NetName=AI0 Pin=R1-2
Added Pin To Net: NetName=AI0 Pin=U4-1
Added Pin To Net: NetName=AI0 Pin=u57-169
Added Net: Name=AI0
Added Pin To Net: NetName=AI1 Pin=C16-2
Added Pin To Net: NetName=AI1 Pin=R11-2
Added Pin To Net: NetName=AI1 Pin=U4-7
Added Pin To Net: NetName=AI1 Pin=u57-170
Added Net: Name=AI1
Added Pin To Net: NetName=BRAKE_OC Pin=CON5-30
Added Pin To Net: NetName=BRAKE_OC Pin=R77-2
Added Net: Name=BRAKE_OC
Added Pin To Net: NetName=BRAKE Pin=U30-3
Added Pin To Net: NetName=BRAKE Pin=U60-12
Added Net: Name=BRAKE
Added Pin To Net: NetName=CONTACT_AUX Pin=C71-2
Added Pin To Net: NetName=CONTACT_AUX Pin=R95-1
Added Net: Name=CONTACT_AUX
Added Pin To Net: NetName=CURRENT_SEN_A Pin=C20-2
Added Pin To Net: NetName=CURRENT_SEN_A Pin=R15-2
Added Pin To Net: NetName=CURRENT_SEN_A Pin=u57-174
Added Net: Name=CURRENT_SEN_A
Added Pin To Net: NetName=CURRENT_SEN_B Pin=C13-2
Added Pin To Net: NetName=CURRENT_SEN_B Pin=R9-2
Added Pin To Net: NetName=CURRENT_SEN_B Pin=u57-173
Added Net: Name=CURRENT_SEN_B
Added Pin To Net: NetName=CURRENT_SEN_C Pin=C7-2
Added Pin To Net: NetName=CURRENT_SEN_C Pin=R2-2
Added Pin To Net: NetName=CURRENT_SEN_C Pin=u57-172
Added Net: Name=CURRENT_SEN_C
Added Pin To Net: NetName=D\I\S\P\L\A\Y\_\C\S\ Pin=P7-5
Added Pin To Net: NetName=D\I\S\P\L\A\Y\_\C\S\ Pin=U39-16
Added Net: Name=D\I\S\P\L\A\Y\_\C\S\
Added Pin To Net: NetName=D\S\P\_\O\V\E\R\_\T\ Pin=C72-2
Added Pin To Net: NetName=D\S\P\_\O\V\E\R\_\T\ Pin=R103-1
Added Pin To Net: NetName=D\S\P\_\O\V\E\R\_\T\ Pin=u57-150
Added Net: Name=D\S\P\_\O\V\E\R\_\T\
Added Pin To Net: NetName=DGND Pin=C4-2
Added Pin To Net: NetName=DGND Pin=C6-1
Added Pin To Net: NetName=DGND Pin=C7-1
Added Pin To Net: NetName=DGND Pin=C11-2
Added Pin To Net: NetName=DGND Pin=C12-1
Added Pin To Net: NetName=DGND Pin=C13-1
Added Pin To Net: NetName=DGND Pin=C17-2
Added Pin To Net: NetName=DGND Pin=C18-1
Added Pin To Net: NetName=DGND Pin=C20-1
Added Pin To Net: NetName=DGND Pin=C73-2
Added Pin To Net: NetName=DGND Pin=C74-1
Added Pin To Net: NetName=DGND Pin=C81-2
Added Pin To Net: NetName=DGND Pin=C83-1
Added Pin To Net: NetName=DGND Pin=C84-2
Added Pin To Net: NetName=DGND Pin=C85-1
Added Pin To Net: NetName=DGND Pin=C89-2
Added Pin To Net: NetName=DGND Pin=C91-1
Added Pin To Net: NetName=DGND Pin=C94-2
Added Pin To Net: NetName=DGND Pin=C98-1
Added Pin To Net: NetName=DGND Pin=C117-2
Added Pin To Net: NetName=DGND Pin=C119-1
Added Pin To Net: NetName=DGND Pin=CON1-1
Added Pin To Net: NetName=DGND Pin=CON2-1
Added Pin To Net: NetName=DGND Pin=CON3-1
Added Pin To Net: NetName=DGND Pin=CON6-1
Added Pin To Net: NetName=DGND Pin=CON6-4
Added Pin To Net: NetName=DGND Pin=CON8-3
Added Pin To Net: NetName=DGND Pin=D31-1
Added Pin To Net: NetName=DGND Pin=K3-1
Added Pin To Net: NetName=DGND Pin=P8-3
Added Pin To Net: NetName=DGND Pin=PS1-2
Added Pin To Net: NetName=DGND Pin=PS2-2
Added Pin To Net: NetName=DGND Pin=PS3-2
Added Pin To Net: NetName=DGND Pin=PS3-3
Added Pin To Net: NetName=DGND Pin=PS5-2
Added Pin To Net: NetName=DGND Pin=R5-1
Added Pin To Net: NetName=DGND Pin=R10-1
Added Pin To Net: NetName=DGND Pin=R18-1
Added Pin To Net: NetName=DGND Pin=U46-3
Added Net: Name=DGND
Added Pin To Net: NetName=DISPLAY_CLK Pin=P7-2
Added Pin To Net: NetName=DISPLAY_CLK Pin=U39-18
Added Net: Name=DISPLAY_CLK
Added Pin To Net: NetName=DISPLAY_IN Pin=P7-4
Added Pin To Net: NetName=DISPLAY_IN Pin=U39-5
Added Net: Name=DISPLAY_IN
Added Pin To Net: NetName=DISPLAY_OUT Pin=P7-3
Added Pin To Net: NetName=DISPLAY_OUT Pin=U39-17
Added Net: Name=DISPLAY_OUT
Added Pin To Net: NetName=DO0 Pin=U21-2
Added Pin To Net: NetName=DO0 Pin=U61-18
Added Net: Name=DO0
Added Pin To Net: NetName=EMU0 Pin=P9-13
Added Pin To Net: NetName=EMU0 Pin=R128-2
Added Pin To Net: NetName=EMU0 Pin=u57-137
Added Net: Name=EMU0
Added Pin To Net: NetName=EMU1 Pin=P9-14
Added Pin To Net: NetName=EMU1 Pin=R129-2
Added Pin To Net: NetName=EMU1 Pin=u57-146
Added Net: Name=EMU1
Added Pin To Net: NetName=GND_A Pin=C2-2
Added Pin To Net: NetName=GND_A Pin=C8-1
Added Pin To Net: NetName=GND_A Pin=C9-2
Added Pin To Net: NetName=GND_A Pin=C15-2
Added Pin To Net: NetName=GND_A Pin=C19-1
Added Pin To Net: NetName=GND_A Pin=C21-2
Added Pin To Net: NetName=GND_A Pin=C80-1
Added Pin To Net: NetName=GND_A Pin=C82-2
Added Pin To Net: NetName=GND_A Pin=C86-2
Added Pin To Net: NetName=GND_A Pin=C87-1
Added Pin To Net: NetName=GND_A Pin=C112-2
Added Pin To Net: NetName=GND_A Pin=C113-2
Added Pin To Net: NetName=GND_A Pin=C114-1
Added Pin To Net: NetName=GND_A Pin=C115-1
Added Pin To Net: NetName=GND_A Pin=C116-2
Added Pin To Net: NetName=GND_A Pin=D2-1
Added Pin To Net: NetName=GND_A Pin=D4-1
Added Pin To Net: NetName=GND_A Pin=P1-1
Added Pin To Net: NetName=GND_A Pin=P1-3
Added Pin To Net: NetName=GND_A Pin=P1-5
Added Pin To Net: NetName=GND_A Pin=PS1-5
Added Pin To Net: NetName=GND_A Pin=R7-1
Added Pin To Net: NetName=GND_A Pin=R8-1
Added Pin To Net: NetName=GND_A Pin=R16-1
Added Pin To Net: NetName=GND_A Pin=R17-1
Added Pin To Net: NetName=GND_A Pin=R126-1
Added Pin To Net: NetName=GND_A Pin=R127-1
Added Pin To Net: NetName=GND_A Pin=U1-5
Added Pin To Net: NetName=GND_A Pin=U2-5
Added Pin To Net: NetName=GND_A Pin=U10-2
Added Pin To Net: NetName=GND_A Pin=U10-4
Added Pin To Net: NetName=GND_A Pin=U11-2
Added Pin To Net: NetName=GND_A Pin=U11-4
Added Net: Name=GND_A
Added Pin To Net: NetName=GND_C Pin=C68-2
Added Pin To Net: NetName=GND_C Pin=C69-1
Added Pin To Net: NetName=GND_C Pin=C70-1
Added Pin To Net: NetName=GND_C Pin=C75-1
Added Pin To Net: NetName=GND_C Pin=C79-1
Added Pin To Net: NetName=GND_C Pin=C95-2
Added Pin To Net: NetName=GND_C Pin=C99-1
Added Pin To Net: NetName=GND_C Pin=CON7-1
Added Pin To Net: NetName=GND_C Pin=CON7-3
Added Pin To Net: NetName=GND_C Pin=P7-1
Added Pin To Net: NetName=GND_C Pin=PS3-16
Added Pin To Net: NetName=GND_C Pin=R108-2
Added Pin To Net: NetName=GND_C Pin=R116-2
Added Pin To Net: NetName=GND_C Pin=TVS1-2
Added Pin To Net: NetName=GND_C Pin=TVS2-1
Added Pin To Net: NetName=GND_C Pin=TVS3-1
Added Pin To Net: NetName=GND_C Pin=TVS6-2
Added Pin To Net: NetName=GND_C Pin=U38-5
Added Pin To Net: NetName=GND_C Pin=U39-6
Added Pin To Net: NetName=GND_C Pin=U39-7
Added Pin To Net: NetName=GND_C Pin=U39-8
Added Pin To Net: NetName=GND_C Pin=U39-9
Added Pin To Net: NetName=GND_C Pin=U39-10
Added Pin To Net: NetName=GND_C Pin=U39-19
Added Pin To Net: NetName=GND_C Pin=U41-5
Added Pin To Net: NetName=GND_C Pin=U42-5
Added Pin To Net: NetName=GND_C Pin=U47-2
Added Pin To Net: NetName=GND_C Pin=U48-5
Added Pin To Net: NetName=GND_C Pin=U51-5
Added Pin To Net: NetName=GND_C Pin=U52-5
Added Net: Name=GND_C
Added Pin To Net: NetName=GND_DRIVE Pin=C66-2
Added Pin To Net: NetName=GND_DRIVE Pin=C67-1
Added Pin To Net: NetName=GND_DRIVE Pin=CON5-1
Added Pin To Net: NetName=GND_DRIVE Pin=CON5-2
Added Pin To Net: NetName=GND_DRIVE Pin=CON5-4
Added Pin To Net: NetName=GND_DRIVE Pin=CON5-5
Added Pin To Net: NetName=GND_DRIVE Pin=CON5-8
Added Pin To Net: NetName=GND_DRIVE Pin=CON5-9
Added Pin To Net: NetName=GND_DRIVE Pin=CON5-12
Added Pin To Net: NetName=GND_DRIVE Pin=CON5-13
Added Pin To Net: NetName=GND_DRIVE Pin=CON5-16
Added Pin To Net: NetName=GND_DRIVE Pin=CON5-17
Added Pin To Net: NetName=GND_DRIVE Pin=CON5-20
Added Pin To Net: NetName=GND_DRIVE Pin=CON5-21
Added Pin To Net: NetName=GND_DRIVE Pin=CON5-24
Added Pin To Net: NetName=GND_DRIVE Pin=CON5-25
Added Pin To Net: NetName=GND_DRIVE Pin=CON5-28
Added Pin To Net: NetName=GND_DRIVE Pin=CON5-29
Added Pin To Net: NetName=GND_DRIVE Pin=CON5-32
Added Pin To Net: NetName=GND_DRIVE Pin=CON5-33
Added Pin To Net: NetName=GND_DRIVE Pin=CON5-34
Added Pin To Net: NetName=GND_DRIVE Pin=CON5-35
Added Pin To Net: NetName=GND_DRIVE Pin=CON5-36
Added Pin To Net: NetName=GND_DRIVE Pin=D21-1
Added Pin To Net: NetName=GND_DRIVE Pin=D22-1
Added Pin To Net: NetName=GND_DRIVE Pin=D23-1
Added Pin To Net: NetName=GND_DRIVE Pin=D24-1
Added Pin To Net: NetName=GND_DRIVE Pin=D25-1
Added Pin To Net: NetName=GND_DRIVE Pin=D26-1
Added Pin To Net: NetName=GND_DRIVE Pin=D27-1
Added Pin To Net: NetName=GND_DRIVE Pin=U24-5
Added Pin To Net: NetName=GND_DRIVE Pin=U25-5
Added Pin To Net: NetName=GND_DRIVE Pin=U26-5
Added Pin To Net: NetName=GND_DRIVE Pin=U27-5
Added Pin To Net: NetName=GND_DRIVE Pin=U28-5
Added Pin To Net: NetName=GND_DRIVE Pin=U29-5
Added Pin To Net: NetName=GND_DRIVE Pin=U30-5
Added Pin To Net: NetName=GND_DRIVE Pin=U31-3
Added Pin To Net: NetName=GND_DRIVE Pin=U32-3
Added Pin To Net: NetName=GND_DRIVE Pin=U33-3
Added Pin To Net: NetName=GND_DRIVE Pin=U34-3
Added Pin To Net: NetName=GND_DRIVE Pin=U35-3
Added Pin To Net: NetName=GND_DRIVE Pin=U36-3
Added Pin To Net: NetName=GND_DRIVE Pin=U37-3
Added Net: Name=GND_DRIVE
Added Pin To Net: NetName=GND_EX Pin=C60-2
Added Pin To Net: NetName=GND_EX Pin=C61-1
Added Pin To Net: NetName=GND_EX Pin=D17-1
Added Pin To Net: NetName=GND_EX Pin=K1-1
Added Pin To Net: NetName=GND_EX Pin=U21-3
Added Net: Name=GND_EX
Added Pin To Net: NetName=GND_F Pin=C57-1
Added Pin To Net: NetName=GND_F Pin=C58-2
Added Pin To Net: NetName=GND_F Pin=P5-2
Added Pin To Net: NetName=GND_F Pin=P5-4
Added Pin To Net: NetName=GND_F Pin=P5-6
Added Pin To Net: NetName=GND_F Pin=P5-8
Added Net: Name=GND_F
Added Pin To Net: NetName=GND_P Pin=C50-1
Added Pin To Net: NetName=GND_P Pin=C52-1
Added Pin To Net: NetName=GND_P Pin=C55-1
Added Pin To Net: NetName=GND_P Pin=C118-2
Added Pin To Net: NetName=GND_P Pin=C120-1
Added Pin To Net: NetName=GND_P Pin=D8-1
Added Pin To Net: NetName=GND_P Pin=D10-1
Added Pin To Net: NetName=GND_P Pin=D13-1
Added Pin To Net: NetName=GND_P Pin=P4-1
Added Pin To Net: NetName=GND_P Pin=PS5-4
Added Net: Name=GND_P
Added Pin To Net: NetName=GND Pin=C3-2
Added Pin To Net: NetName=GND Pin=C10-2
Added Pin To Net: NetName=GND Pin=C29-2
Added Pin To Net: NetName=GND Pin=C31-2
Added Pin To Net: NetName=GND Pin=C34-1
Added Pin To Net: NetName=GND Pin=C35-1
Added Pin To Net: NetName=GND Pin=C37-2
Added Pin To Net: NetName=GND Pin=C41-2
Added Pin To Net: NetName=GND Pin=C42-1
Added Pin To Net: NetName=GND Pin=C43-1
Added Pin To Net: NetName=GND Pin=C49-1
Added Pin To Net: NetName=GND Pin=C51-1
Added Pin To Net: NetName=GND Pin=C54-1
Added Pin To Net: NetName=GND Pin=C56-1
Added Pin To Net: NetName=GND Pin=C59-1
Added Pin To Net: NetName=GND Pin=C62-1
Added Pin To Net: NetName=GND Pin=C63-1
Added Pin To Net: NetName=GND Pin=C64-1
Added Pin To Net: NetName=GND Pin=C65-1
Added Pin To Net: NetName=GND Pin=C71-1
Added Pin To Net: NetName=GND Pin=C72-1
Added Pin To Net: NetName=GND Pin=C88-1
Added Pin To Net: NetName=GND Pin=C90-2
Added Pin To Net: NetName=GND Pin=C92-2
Added Pin To Net: NetName=GND Pin=C93-1
Added Pin To Net: NetName=GND Pin=C106-1
Added Pin To Net: NetName=GND Pin=C107-2
Added Pin To Net: NetName=GND Pin=C108-1
Added Pin To Net: NetName=GND Pin=C109-2
Added Pin To Net: NetName=GND Pin=C110-2
Added Pin To Net: NetName=GND Pin=C111-2
Added Pin To Net: NetName=GND Pin=C124-1
Added Pin To Net: NetName=GND Pin=C125-2
Added Pin To Net: NetName=GND Pin=C126-2
Added Pin To Net: NetName=GND Pin=C127-2
Added Pin To Net: NetName=GND Pin=C128-2
Added Pin To Net: NetName=GND Pin=C129-1
Added Pin To Net: NetName=GND Pin=C130-2
Added Pin To Net: NetName=GND Pin=C134-2
Added Pin To Net: NetName=GND Pin=C135-2
Added Pin To Net: NetName=GND Pin=C136-2
Added Pin To Net: NetName=GND Pin=C137-2
Added Pin To Net: NetName=GND Pin=C138-2
Added Pin To Net: NetName=GND Pin=C139-2
Added Pin To Net: NetName=GND Pin=C140-2
Added Pin To Net: NetName=GND Pin=C141-2
Added Pin To Net: NetName=GND Pin=C142-1
Added Pin To Net: NetName=GND Pin=C143-1
Added Pin To Net: NetName=GND Pin=C144-2
Added Pin To Net: NetName=GND Pin=C145-1
Added Pin To Net: NetName=GND Pin=C146-1
Added Pin To Net: NetName=GND Pin=C147-1
Added Pin To Net: NetName=GND Pin=C148-2
Added Pin To Net: NetName=GND Pin=C149-2
Added Pin To Net: NetName=GND Pin=C150-2
Added Pin To Net: NetName=GND Pin=C151-2
Added Pin To Net: NetName=GND Pin=C152-2
Added Pin To Net: NetName=GND Pin=C153-1
Added Pin To Net: NetName=GND Pin=C154-1
Added Pin To Net: NetName=GND Pin=C155-1
Added Pin To Net: NetName=GND Pin=C156-1
Added Pin To Net: NetName=GND Pin=CON4-1
Added Pin To Net: NetName=GND Pin=CON10-1
Added Pin To Net: NetName=GND Pin=P2-1
Added Pin To Net: NetName=GND Pin=P9-4
Added Pin To Net: NetName=GND Pin=P9-8
Added Pin To Net: NetName=GND Pin=P9-10
Added Pin To Net: NetName=GND Pin=P9-12
Added Pin To Net: NetName=GND Pin=PS2-5
Added Pin To Net: NetName=GND Pin=R28-1
Added Pin To Net: NetName=GND Pin=R29-1
Added Pin To Net: NetName=GND Pin=R35-1
Added Pin To Net: NetName=GND Pin=R130-1
Added Pin To Net: NetName=GND Pin=R132-1
Added Pin To Net: NetName=GND Pin=R133-1
Added Pin To Net: NetName=GND Pin=S1-1
Added Pin To Net: NetName=GND Pin=S1-1
Added Pin To Net: NetName=GND Pin=TVS4-2
Added Pin To Net: NetName=GND Pin=TVS5-2
Added Pin To Net: NetName=GND Pin=U4-3
Added Pin To Net: NetName=GND Pin=U4-5
Added Pin To Net: NetName=GND Pin=U10-5
Added Pin To Net: NetName=GND Pin=U11-5
Added Pin To Net: NetName=GND Pin=U15-5
Added Pin To Net: NetName=GND Pin=U16-5
Added Pin To Net: NetName=GND Pin=U18-5
Added Pin To Net: NetName=GND Pin=U19-3
Added Pin To Net: NetName=GND Pin=U20-3
Added Pin To Net: NetName=GND Pin=U22-3
Added Pin To Net: NetName=GND Pin=U31-5
Added Pin To Net: NetName=GND Pin=U32-5
Added Pin To Net: NetName=GND Pin=U33-5
Added Pin To Net: NetName=GND Pin=U34-5
Added Pin To Net: NetName=GND Pin=U35-5
Added Pin To Net: NetName=GND Pin=U36-5
Added Pin To Net: NetName=GND Pin=U37-5
Added Pin To Net: NetName=GND Pin=U40-3
Added Pin To Net: NetName=GND Pin=U43-5
Added Pin To Net: NetName=GND Pin=U44-3
Added Pin To Net: NetName=GND Pin=U45-5
Added Pin To Net: NetName=GND Pin=U50-5
Added Pin To Net: NetName=GND Pin=U53-3
Added Pin To Net: NetName=GND Pin=U54-6
Added Pin To Net: NetName=GND Pin=U54-7
Added Pin To Net: NetName=GND Pin=U54-8
Added Pin To Net: NetName=GND Pin=U56-11
Added Pin To Net: NetName=GND Pin=U56-13
Added Pin To Net: NetName=GND Pin=U56-15
Added Pin To Net: NetName=GND Pin=u57-12
Added Pin To Net: NetName=GND Pin=u57-15
Added Pin To Net: NetName=GND Pin=u57-19
Added Pin To Net: NetName=GND Pin=u57-32
Added Pin To Net: NetName=GND Pin=u57-38
Added Pin To Net: NetName=GND Pin=u57-52
Added Pin To Net: NetName=GND Pin=u57-58
Added Pin To Net: NetName=GND Pin=u57-70
Added Pin To Net: NetName=GND Pin=u57-78
Added Pin To Net: NetName=GND Pin=u57-86
Added Pin To Net: NetName=GND Pin=u57-99
Added Pin To Net: NetName=GND Pin=u57-105
Added Pin To Net: NetName=GND Pin=u57-113
Added Pin To Net: NetName=GND Pin=u57-120
Added Pin To Net: NetName=GND Pin=u57-129
Added Pin To Net: NetName=GND Pin=u57-134
Added Pin To Net: NetName=GND Pin=u57-142
Added Pin To Net: NetName=GND Pin=u57-153
Added Pin To Net: NetName=GND Pin=u57-163
Added Pin To Net: NetName=GND Pin=u57-165
Added Pin To Net: NetName=GND Pin=u57-175
Added Pin To Net: NetName=GND Pin=u57-176
Added Pin To Net: NetName=GND Pin=U60-10
Added Pin To Net: NetName=GND Pin=U60-19
Added Pin To Net: NetName=GND Pin=U61-10
Added Pin To Net: NetName=GND Pin=U61-19
Added Pin To Net: NetName=GND Pin=U62-12
Added Pin To Net: NetName=GND Pin=U62-34
Added Pin To Net: NetName=GND Pin=U62-39
Added Pin To Net: NetName=GND Pin=U62-40
Added Net: Name=GND
Added Pin To Net: NetName=M\R\2\ Pin=U54-5
Added Pin To Net: NetName=M\R\2\ Pin=U54-16
Added Net: Name=M\R\2\
Added Pin To Net: NetName=NetC1_1 Pin=C1-1
Added Pin To Net: NetName=NetC1_1 Pin=R3-2
Added Pin To Net: NetName=NetC1_1 Pin=U1-6
Added Pin To Net: NetName=NetC1_1 Pin=U10-3
Added Net: Name=NetC1_1
Added Pin To Net: NetName=NetC1_2 Pin=C1-2
Added Pin To Net: NetName=NetC1_2 Pin=R4-1
Added Pin To Net: NetName=NetC1_2 Pin=U1-7
Added Net: Name=NetC1_2
Added Pin To Net: NetName=NetC5_1 Pin=C5-1
Added Pin To Net: NetName=NetC5_1 Pin=R1-1
Added Pin To Net: NetName=NetC5_1 Pin=U4-2
Added Pin To Net: NetName=NetC5_1 Pin=U10-6
Added Net: Name=NetC5_1
Added Pin To Net: NetName=NetC8_2 Pin=C8-2
Added Pin To Net: NetName=NetC8_2 Pin=R6-2
Added Pin To Net: NetName=NetC8_2 Pin=R8-2
Added Pin To Net: NetName=NetC8_2 Pin=U1-3
Added Net: Name=NetC8_2
Added Pin To Net: NetName=NetC14_1 Pin=C14-1
Added Pin To Net: NetName=NetC14_1 Pin=R12-2
Added Pin To Net: NetName=NetC14_1 Pin=U2-6
Added Pin To Net: NetName=NetC14_1 Pin=U11-3
Added Net: Name=NetC14_1
Added Pin To Net: NetName=NetC14_2 Pin=C14-2
Added Pin To Net: NetName=NetC14_2 Pin=R13-1
Added Pin To Net: NetName=NetC14_2 Pin=U2-7
Added Net: Name=NetC14_2
Added Pin To Net: NetName=NetC16_1 Pin=C16-1
Added Pin To Net: NetName=NetC16_1 Pin=R11-1
Added Pin To Net: NetName=NetC16_1 Pin=U4-6
Added Pin To Net: NetName=NetC16_1 Pin=U11-6
Added Net: Name=NetC16_1
Added Pin To Net: NetName=NetC19_2 Pin=C19-2
Added Pin To Net: NetName=NetC19_2 Pin=R14-2
Added Pin To Net: NetName=NetC19_2 Pin=R17-2
Added Pin To Net: NetName=NetC19_2 Pin=U2-3
Added Net: Name=NetC19_2
Added Pin To Net: NetName=NetC35_2 Pin=C35-2
Added Pin To Net: NetName=NetC35_2 Pin=R26-2
Added Pin To Net: NetName=NetC35_2 Pin=R29-2
Added Pin To Net: NetName=NetC35_2 Pin=U8-3
Added Net: Name=NetC35_2
Added Pin To Net: NetName=NetC43_2 Pin=C43-2
Added Pin To Net: NetName=NetC43_2 Pin=R34-2
Added Pin To Net: NetName=NetC43_2 Pin=U8-5
Added Net: Name=NetC43_2
Added Pin To Net: NetName=NetC50_2 Pin=C50-2
Added Pin To Net: NetName=NetC50_2 Pin=D7-1
Added Pin To Net: NetName=NetC50_2 Pin=D8-2
Added Pin To Net: NetName=NetC50_2 Pin=R44-2
Added Pin To Net: NetName=NetC50_2 Pin=U15-3
Added Net: Name=NetC50_2
Added Pin To Net: NetName=NetC52_2 Pin=C52-2
Added Pin To Net: NetName=NetC52_2 Pin=D9-1
Added Pin To Net: NetName=NetC52_2 Pin=D10-2
Added Pin To Net: NetName=NetC52_2 Pin=R47-2
Added Pin To Net: NetName=NetC52_2 Pin=U16-3
Added Net: Name=NetC52_2
Added Pin To Net: NetName=NetC55_2 Pin=C55-2
Added Pin To Net: NetName=NetC55_2 Pin=D12-1
Added Pin To Net: NetName=NetC55_2 Pin=D13-2
Added Pin To Net: NetName=NetC55_2 Pin=R53-2
Added Pin To Net: NetName=NetC55_2 Pin=U18-3
Added Net: Name=NetC55_2
Added Pin To Net: NetName=NetC56_2 Pin=C56-2
Added Pin To Net: NetName=NetC56_2 Pin=R56-2
Added Pin To Net: NetName=NetC56_2 Pin=u57-117
Added Net: Name=NetC56_2
Added Pin To Net: NetName=NetC59_2 Pin=C59-2
Added Pin To Net: NetName=NetC59_2 Pin=R59-2
Added Pin To Net: NetName=NetC59_2 Pin=u57-122
Added Net: Name=NetC59_2
Added Pin To Net: NetName=NetC62_2 Pin=C62-2
Added Pin To Net: NetName=NetC62_2 Pin=R64-2
Added Pin To Net: NetName=NetC62_2 Pin=u57-123
Added Net: Name=NetC62_2
Added Pin To Net: NetName=NetC63_2 Pin=C63-2
Added Pin To Net: NetName=NetC63_2 Pin=R70-2
Added Pin To Net: NetName=NetC63_2 Pin=U25-3
Added Net: Name=NetC63_2
Added Pin To Net: NetName=NetC64_2 Pin=C64-2
Added Pin To Net: NetName=NetC64_2 Pin=R72-2
Added Pin To Net: NetName=NetC64_2 Pin=U27-3
Added Net: Name=NetC64_2
Added Pin To Net: NetName=NetC65_2 Pin=C65-2
Added Pin To Net: NetName=NetC65_2 Pin=R73-2
Added Pin To Net: NetName=NetC65_2 Pin=U29-3
Added Net: Name=NetC65_2
Added Pin To Net: NetName=NetC68_1 Pin=C68-1
Added Pin To Net: NetName=NetC68_1 Pin=C69-2
Added Pin To Net: NetName=NetC68_1 Pin=L2-2
Added Pin To Net: NetName=NetC68_1 Pin=P7-6
Added Net: Name=NetC68_1
Added Pin To Net: NetName=NetC73_1 Pin=C73-1
Added Pin To Net: NetName=NetC73_1 Pin=C74-2
Added Pin To Net: NetName=NetC73_1 Pin=CON8-4
Added Pin To Net: NetName=NetC73_1 Pin=L3-2
Added Net: Name=NetC73_1
Added Pin To Net: NetName=NetC76_1 Pin=C76-1
Added Pin To Net: NetName=NetC76_1 Pin=C77-1
Added Pin To Net: NetName=NetC76_1 Pin=C78-2
Added Pin To Net: NetName=NetC76_1 Pin=CON10-4
Added Pin To Net: NetName=NetC76_1 Pin=L4-2
Added Net: Name=NetC76_1
Added Pin To Net: NetName=NetC76_2 Pin=C76-2
Added Pin To Net: NetName=NetC76_2 Pin=C77-2
Added Pin To Net: NetName=NetC76_2 Pin=C78-1
Added Net: Name=NetC76_2
Added Pin To Net: NetName=NetC96_2 Pin=C96-2
Added Pin To Net: NetName=NetC96_2 Pin=C97-2
Added Pin To Net: NetName=NetC96_2 Pin=C100-1
Added Pin To Net: NetName=NetC96_2 Pin=C101-1
Added Pin To Net: NetName=NetC96_2 Pin=D32-1
Added Pin To Net: NetName=NetC96_2 Pin=R122-1
Added Net: Name=NetC96_2
Added Pin To Net: NetName=NetC116_1 Pin=C116-1
Added Pin To Net: NetName=NetC116_1 Pin=D35-1
Added Pin To Net: NetName=NetC116_1 Pin=R125-1
Added Pin To Net: NetName=NetC116_1 Pin=R126-2
Added Pin To Net: NetName=NetC116_1 Pin=R127-2
Added Pin To Net: NetName=NetC116_1 Pin=U55-1
Added Net: Name=NetC116_1
Added Pin To Net: NetName=NetC121_1 Pin=C121-1
Added Pin To Net: NetName=NetC121_1 Pin=U56-1
Added Net: Name=NetC121_1
Added Pin To Net: NetName=NetC121_2 Pin=C121-2
Added Pin To Net: NetName=NetC121_2 Pin=U56-3
Added Net: Name=NetC121_2
Added Pin To Net: NetName=NetC122_2 Pin=C122-2
Added Pin To Net: NetName=NetC122_2 Pin=U56-2
Added Net: Name=NetC122_2
Added Pin To Net: NetName=NetC123_1 Pin=C123-1
Added Pin To Net: NetName=NetC123_1 Pin=U56-4
Added Net: Name=NetC123_1
Added Pin To Net: NetName=NetC123_2 Pin=C123-2
Added Pin To Net: NetName=NetC123_2 Pin=U56-5
Added Net: Name=NetC123_2
Added Pin To Net: NetName=NetC124_2 Pin=C124-2
Added Pin To Net: NetName=NetC124_2 Pin=U56-6
Added Net: Name=NetC124_2
Added Pin To Net: NetName=NetC134_1 Pin=C134-1
Added Pin To Net: NetName=NetC134_1 Pin=u57-77
Added Pin To Net: NetName=NetC134_1 Pin=Y1-1
Added Net: Name=NetC134_1
Added Pin To Net: NetName=NetC135_1 Pin=C135-1
Added Pin To Net: NetName=NetC135_1 Pin=u57-76
Added Pin To Net: NetName=NetC135_1 Pin=Y1-2
Added Net: Name=NetC135_1
Added Pin To Net: NetName=NetC151_1 Pin=C151-1
Added Pin To Net: NetName=NetC151_1 Pin=u57-10
Added Net: Name=NetC151_1
Added Pin To Net: NetName=NetC152_1 Pin=C152-1
Added Pin To Net: NetName=NetC152_1 Pin=u57-11
Added Net: Name=NetC152_1
Added Pin To Net: NetName=NetCON1_2 Pin=CON1-2
Added Pin To Net: NetName=NetCON1_2 Pin=R2-1
Added Pin To Net: NetName=NetCON1_2 Pin=R5-2
Added Net: Name=NetCON1_2
Added Pin To Net: NetName=NetCON2_2 Pin=CON2-2
Added Pin To Net: NetName=NetCON2_2 Pin=R9-1
Added Pin To Net: NetName=NetCON2_2 Pin=R10-2
Added Net: Name=NetCON2_2
Added Pin To Net: NetName=NetCON3_2 Pin=CON3-2
Added Pin To Net: NetName=NetCON3_2 Pin=R15-1
Added Pin To Net: NetName=NetCON3_2 Pin=R18-2
Added Net: Name=NetCON3_2
Added Pin To Net: NetName=NetCON4_2 Pin=CON4-2
Added Pin To Net: NetName=NetCON4_2 Pin=R34-1
Added Pin To Net: NetName=NetCON4_2 Pin=R35-2
Added Net: Name=NetCON4_2
Added Pin To Net: NetName=NetCON5_3 Pin=CON5-3
Added Pin To Net: NetName=NetCON5_3 Pin=U28-6
Added Net: Name=NetCON5_3
Added Pin To Net: NetName=NetCON5_7 Pin=CON5-7
Added Pin To Net: NetName=NetCON5_7 Pin=U29-6
Added Net: Name=NetCON5_7
Added Pin To Net: NetName=NetCON5_11 Pin=CON5-11
Added Pin To Net: NetName=NetCON5_11 Pin=U26-6
Added Net: Name=NetCON5_11
Added Pin To Net: NetName=NetCON5_15 Pin=CON5-15
Added Pin To Net: NetName=NetCON5_15 Pin=U27-6
Added Net: Name=NetCON5_15
Added Pin To Net: NetName=NetCON5_19 Pin=CON5-19
Added Pin To Net: NetName=NetCON5_19 Pin=U24-6
Added Net: Name=NetCON5_19
Added Pin To Net: NetName=NetCON5_23 Pin=CON5-23
Added Pin To Net: NetName=NetCON5_23 Pin=U25-6
Added Net: Name=NetCON5_23
Added Pin To Net: NetName=NetCON5_27 Pin=CON5-27
Added Pin To Net: NetName=NetCON5_27 Pin=U30-6
Added Net: Name=NetCON5_27
Added Pin To Net: NetName=NetCON6_2 Pin=CON6-2
Added Pin To Net: NetName=NetCON6_2 Pin=D29-1
Added Pin To Net: NetName=NetCON6_2 Pin=U44-2
Added Net: Name=NetCON6_2
Added Pin To Net: NetName=NetCON6_5 Pin=CON6-5
Added Pin To Net: NetName=NetCON6_5 Pin=D28-1
Added Pin To Net: NetName=NetCON6_5 Pin=U40-2
Added Net: Name=NetCON6_5
Added Pin To Net: NetName=NetCON8_1 Pin=CON8-1
Added Pin To Net: NetName=NetCON8_1 Pin=K3-3
Added Pin To Net: NetName=NetCON8_1 Pin=RV3-2
Added Net: Name=NetCON8_1
Added Pin To Net: NetName=NetCON8_2 Pin=CON8-2
Added Pin To Net: NetName=NetCON8_2 Pin=K3-4
Added Pin To Net: NetName=NetCON8_2 Pin=RV3-1
Added Net: Name=NetCON8_2
Added Pin To Net: NetName=NetCON9_1 Pin=CON9-1
Added Pin To Net: NetName=NetCON9_1 Pin=L5-2
Added Pin To Net: NetName=NetCON9_1 Pin=R119-2
Added Pin To Net: NetName=NetCON9_1 Pin=TVS3-2
Added Net: Name=NetCON9_1
Added Pin To Net: NetName=NetCON9_3 Pin=CON9-3
Added Pin To Net: NetName=NetCON9_3 Pin=L6-2
Added Pin To Net: NetName=NetCON9_3 Pin=R119-1
Added Pin To Net: NetName=NetCON9_3 Pin=TVS6-1
Added Net: Name=NetCON9_3
Added Pin To Net: NetName=NetD1_1 Pin=D1-1
Added Pin To Net: NetName=NetD1_1 Pin=D2-2
Added Pin To Net: NetName=NetD1_1 Pin=P1-4
Added Pin To Net: NetName=NetD1_1 Pin=R6-1
Added Pin To Net: NetName=NetD1_1 Pin=R7-2
Added Net: Name=NetD1_1
Added Pin To Net: NetName=NetD3_1 Pin=D3-1
Added Pin To Net: NetName=NetD3_1 Pin=D4-2
Added Pin To Net: NetName=NetD3_1 Pin=P1-2
Added Pin To Net: NetName=NetD3_1 Pin=R14-1
Added Pin To Net: NetName=NetD3_1 Pin=R16-2
Added Net: Name=NetD3_1
Added Pin To Net: NetName=NetD14_1 Pin=D14-1
Added Pin To Net: NetName=NetD14_1 Pin=P5-7
Added Pin To Net: NetName=NetD14_1 Pin=U19-2
Added Net: Name=NetD14_1
Added Pin To Net: NetName=NetD14_2 Pin=D14-2
Added Pin To Net: NetName=NetD14_2 Pin=R55-2
Added Pin To Net: NetName=NetD14_2 Pin=U19-1
Added Net: Name=NetD14_2
Added Pin To Net: NetName=NetD15_1 Pin=D15-1
Added Pin To Net: NetName=NetD15_1 Pin=P5-5
Added Pin To Net: NetName=NetD15_1 Pin=U20-2
Added Net: Name=NetD15_1
Added Pin To Net: NetName=NetD15_2 Pin=D15-2
Added Pin To Net: NetName=NetD15_2 Pin=R58-2
Added Pin To Net: NetName=NetD15_2 Pin=U20-1
Added Net: Name=NetD15_2
Added Pin To Net: NetName=NetD16_1 Pin=D16-1
Added Net: Name=NetD16_1
Added Pin To Net: NetName=NetD16_2 Pin=D16-2
Added Pin To Net: NetName=NetD16_2 Pin=R61-2
Added Net: Name=NetD16_2
Added Pin To Net: NetName=NetD17_2 Pin=D17-2
Added Net: Name=NetD17_2
Added Pin To Net: NetName=NetD18_1 Pin=D18-1
Added Pin To Net: NetName=NetD18_1 Pin=P5-3
Added Pin To Net: NetName=NetD18_1 Pin=U22-2
Added Net: Name=NetD18_1
Added Pin To Net: NetName=NetD18_2 Pin=D18-2
Added Pin To Net: NetName=NetD18_2 Pin=R63-2
Added Pin To Net: NetName=NetD18_2 Pin=U22-1
Added Net: Name=NetD18_2
Added Pin To Net: NetName=NetD21_2 Pin=D21-2
Added Pin To Net: NetName=NetD21_2 Pin=R77-1
Added Pin To Net: NetName=NetD21_2 Pin=U31-2
Added Net: Name=NetD21_2
Added Pin To Net: NetName=NetD22_2 Pin=D22-2
Added Pin To Net: NetName=NetD22_2 Pin=R79-1
Added Pin To Net: NetName=NetD22_2 Pin=U32-2
Added Net: Name=NetD22_2
Added Pin To Net: NetName=NetD23_2 Pin=D23-2
Added Pin To Net: NetName=NetD23_2 Pin=R80-1
Added Pin To Net: NetName=NetD23_2 Pin=U33-2
Added Net: Name=NetD23_2
Added Pin To Net: NetName=NetD24_2 Pin=D24-2
Added Pin To Net: NetName=NetD24_2 Pin=R83-1
Added Pin To Net: NetName=NetD24_2 Pin=U34-2
Added Net: Name=NetD24_2
Added Pin To Net: NetName=NetD25_2 Pin=D25-2
Added Pin To Net: NetName=NetD25_2 Pin=R84-1
Added Pin To Net: NetName=NetD25_2 Pin=U35-2
Added Net: Name=NetD25_2
Added Pin To Net: NetName=NetD26_2 Pin=D26-2
Added Pin To Net: NetName=NetD26_2 Pin=R87-1
Added Pin To Net: NetName=NetD26_2 Pin=U36-2
Added Net: Name=NetD26_2
Added Pin To Net: NetName=NetD27_2 Pin=D27-2
Added Pin To Net: NetName=NetD27_2 Pin=R88-1
Added Pin To Net: NetName=NetD27_2 Pin=U37-2
Added Net: Name=NetD27_2
Added Pin To Net: NetName=NetD28_2 Pin=D28-2
Added Pin To Net: NetName=NetD28_2 Pin=R93-1
Added Pin To Net: NetName=NetD28_2 Pin=U40-1
Added Net: Name=NetD28_2
Added Pin To Net: NetName=NetD29_2 Pin=D29-2
Added Pin To Net: NetName=NetD29_2 Pin=R100-1
Added Pin To Net: NetName=NetD29_2 Pin=U44-1
Added Net: Name=NetD29_2
Added Pin To Net: NetName=NetD30_1 Pin=D30-1
Added Net: Name=NetD30_1
Added Pin To Net: NetName=NetD30_2 Pin=D30-2
Added Pin To Net: NetName=NetD30_2 Pin=R110-2
Added Net: Name=NetD30_2
Added Pin To Net: NetName=NetD31_2 Pin=D31-2
Added Net: Name=NetD31_2
Added Pin To Net: NetName=NetD33_1 Pin=D33-1
Added Pin To Net: NetName=NetD33_1 Pin=R123-1
Added Pin To Net: NetName=NetD33_1 Pin=S1-2
Added Pin To Net: NetName=NetD33_1 Pin=S1-2
Added Pin To Net: NetName=NetD33_1 Pin=U54-4
Added Net: Name=NetD33_1
Added Pin To Net: NetName=NetD34_1 Pin=D34-1
Added Pin To Net: NetName=NetD34_1 Pin=D35-2
Added Pin To Net: NetName=NetD34_1 Pin=L14-1
Added Pin To Net: NetName=NetD34_1 Pin=R125-2
Added Pin To Net: NetName=NetD34_1 Pin=U55-2
Added Pin To Net: NetName=NetD34_1 Pin=U55-4
Added Net: Name=NetD34_1
Added Pin To Net: NetName=NetF1_1 Pin=F1-1
Added Pin To Net: NetName=NetF1_1 Pin=L8-2
Added Net: Name=NetF1_1
Added Pin To Net: NetName=NetK1_3 Pin=K1-3
Added Pin To Net: NetName=NetK1_3 Pin=P6-2
Added Pin To Net: NetName=NetK1_3 Pin=RV1-2
Added Net: Name=NetK1_3
Added Pin To Net: NetName=NetK1_4 Pin=K1-4
Added Pin To Net: NetName=NetK1_4 Pin=P6-1
Added Pin To Net: NetName=NetK1_4 Pin=RV1-1
Added Net: Name=NetK1_4
Added Pin To Net: NetName=NetL1_1 Pin=L1-1
Added Pin To Net: NetName=NetL1_1 Pin=P5-1
Added Net: Name=NetL1_1
Added Pin To Net: NetName=NetL5_1 Pin=L5-1
Added Pin To Net: NetName=NetL5_1 Pin=U51-6
Added Net: Name=NetL5_1
Added Pin To Net: NetName=NetL6_1 Pin=L6-1
Added Pin To Net: NetName=NetL6_1 Pin=U51-7
Added Net: Name=NetL6_1
Added Pin To Net: NetName=NetL7_1 Pin=L7-1
Added Pin To Net: NetName=NetL7_1 Pin=PS1-6
Added Net: Name=NetL7_1
Added Pin To Net: NetName=NetL8_1 Pin=L8-1
Added Pin To Net: NetName=NetL8_1 Pin=P8-1
Added Net: Name=NetL8_1
Added Pin To Net: NetName=NetL9_1 Pin=L9-1
Added Pin To Net: NetName=NetL9_1 Pin=PS1-4
Added Net: Name=NetL9_1
Added Pin To Net: NetName=NetL10_1 Pin=L10-1
Added Pin To Net: NetName=NetL10_1 Pin=PS2-6
Added Net: Name=NetL10_1
Added Pin To Net: NetName=NetL11_1 Pin=L11-1
Added Pin To Net: NetName=NetL11_1 Pin=PS2-4
Added Net: Name=NetL11_1
Added Pin To Net: NetName=NetL12_1 Pin=L12-1
Added Pin To Net: NetName=NetL12_1 Pin=PS3-14
Added Net: Name=NetL12_1
Added Pin To Net: NetName=NetL15_1 Pin=L15-1
Added Pin To Net: NetName=NetL15_1 Pin=PS5-6
Added Net: Name=NetL15_1
Added Pin To Net: NetName=NetP2_2 Pin=P2-2
Added Pin To Net: NetName=NetP2_2 Pin=R26-1
Added Pin To Net: NetName=NetP2_2 Pin=R28-2
Added Net: Name=NetP2_2
Added Pin To Net: NetName=NetP4_2 Pin=P4-2
Added Pin To Net: NetName=NetP4_2 Pin=R53-1
Added Net: Name=NetP4_2
Added Pin To Net: NetName=NetP4_3 Pin=P4-3
Added Pin To Net: NetName=NetP4_3 Pin=R47-1
Added Net: Name=NetP4_3
Added Pin To Net: NetName=NetP4_4 Pin=P4-4
Added Pin To Net: NetName=NetP4_4 Pin=R44-1
Added Net: Name=NetP4_4
Added Pin To Net: NetName=NetP10_1 Pin=P10-1
Added Pin To Net: NetName=NetP10_1 Pin=R132-2
Added Net: Name=NetP10_1
Added Pin To Net: NetName=NetP10_3 Pin=P10-3
Added Pin To Net: NetName=NetP10_3 Pin=R131-1
Added Net: Name=NetP10_3
Added Pin To Net: NetName=NetP11_1 Pin=P11-1
Added Pin To Net: NetName=NetP11_1 Pin=R133-2
Added Pin To Net: NetName=NetP11_1 Pin=u57-17
Added Net: Name=NetP11_1
Added Pin To Net: NetName=NetR3_1 Pin=R3-1
Added Pin To Net: NetName=NetR3_1 Pin=U1-1
Added Pin To Net: NetName=NetR3_1 Pin=U1-2
Added Net: Name=NetR3_1
Added Pin To Net: NetName=NetR4_2 Pin=R4-2
Added Pin To Net: NetName=NetR4_2 Pin=U10-1
Added Net: Name=NetR4_2
Added Pin To Net: NetName=NetR12_1 Pin=R12-1
Added Pin To Net: NetName=NetR12_1 Pin=U2-1
Added Pin To Net: NetName=NetR12_1 Pin=U2-2
Added Net: Name=NetR12_1
Added Pin To Net: NetName=NetR13_2 Pin=R13-2
Added Pin To Net: NetName=NetR13_2 Pin=U11-1
Added Net: Name=NetR13_2
Added Pin To Net: NetName=NetR42_1 Pin=R42-1
Added Pin To Net: NetName=NetR42_1 Pin=R43-1
Added Pin To Net: NetName=NetR42_1 Pin=U15-6
Added Net: Name=NetR42_1
Added Pin To Net: NetName=NetR45_1 Pin=R45-1
Added Pin To Net: NetName=NetR45_1 Pin=R46-1
Added Pin To Net: NetName=NetR45_1 Pin=U16-6
Added Net: Name=NetR45_1
Added Pin To Net: NetName=NetR51_1 Pin=R51-1
Added Pin To Net: NetName=NetR51_1 Pin=R52-1
Added Pin To Net: NetName=NetR51_1 Pin=U18-6
Added Net: Name=NetR51_1
Added Pin To Net: NetName=NetR54_1 Pin=R54-1
Added Pin To Net: NetName=NetR54_1 Pin=R56-1
Added Pin To Net: NetName=NetR54_1 Pin=U19-4
Added Net: Name=NetR54_1
Added Pin To Net: NetName=NetR57_1 Pin=R57-1
Added Pin To Net: NetName=NetR57_1 Pin=R59-1
Added Pin To Net: NetName=NetR57_1 Pin=U20-4
Added Net: Name=NetR57_1
Added Pin To Net: NetName=NetR60_2 Pin=R60-2
Added Pin To Net: NetName=NetR60_2 Pin=U21-1
Added Net: Name=NetR60_2
Added Pin To Net: NetName=NetR61_1 Pin=R61-1
Added Pin To Net: NetName=NetR61_1 Pin=U21-4
Added Net: Name=NetR61_1
Added Pin To Net: NetName=NetR62_1 Pin=R62-1
Added Pin To Net: NetName=NetR62_1 Pin=R64-1
Added Pin To Net: NetName=NetR62_1 Pin=U22-4
Added Net: Name=NetR62_1
Added Pin To Net: NetName=NetR67_2 Pin=R67-2
Added Pin To Net: NetName=NetR67_2 Pin=U24-2
Added Net: Name=NetR67_2
Added Pin To Net: NetName=NetR68_2 Pin=R68-2
Added Pin To Net: NetName=NetR68_2 Pin=U25-2
Added Net: Name=NetR68_2
Added Pin To Net: NetName=NetR69_2 Pin=R69-2
Added Pin To Net: NetName=NetR69_2 Pin=U26-2
Added Net: Name=NetR69_2
Added Pin To Net: NetName=NetR71_2 Pin=R71-2
Added Pin To Net: NetName=NetR71_2 Pin=U27-2
Added Net: Name=NetR71_2
Added Pin To Net: NetName=NetR74_2 Pin=R74-2
Added Pin To Net: NetName=NetR74_2 Pin=U28-2
Added Net: Name=NetR74_2
Added Pin To Net: NetName=NetR75_2 Pin=R75-2
Added Pin To Net: NetName=NetR75_2 Pin=U29-2
Added Net: Name=NetR75_2
Added Pin To Net: NetName=NetR76_2 Pin=R76-2
Added Pin To Net: NetName=NetR76_2 Pin=U30-2
Added Net: Name=NetR76_2
Added Pin To Net: NetName=NetR78_1 Pin=R78-1
Added Pin To Net: NetName=NetR78_1 Pin=U31-6
Added Pin To Net: NetName=NetR78_1 Pin=u57-98
Added Net: Name=NetR78_1
Added Pin To Net: NetName=NetR81_1 Pin=R81-1
Added Pin To Net: NetName=NetR81_1 Pin=U32-6
Added Pin To Net: NetName=NetR81_1 Pin=u57-93
Added Net: Name=NetR81_1
Added Pin To Net: NetName=NetR82_1 Pin=R82-1
Added Pin To Net: NetName=NetR82_1 Pin=U33-6
Added Pin To Net: NetName=NetR82_1 Pin=u57-25
Added Net: Name=NetR82_1
Added Pin To Net: NetName=NetR85_1 Pin=R85-1
Added Pin To Net: NetName=NetR85_1 Pin=U34-6
Added Pin To Net: NetName=NetR85_1 Pin=u57-94
Added Net: Name=NetR85_1
Added Pin To Net: NetName=NetR86_1 Pin=R86-1
Added Pin To Net: NetName=NetR86_1 Pin=U35-6
Added Pin To Net: NetName=NetR86_1 Pin=u57-26
Added Net: Name=NetR86_1
Added Pin To Net: NetName=NetR89_1 Pin=R89-1
Added Pin To Net: NetName=NetR89_1 Pin=U36-6
Added Pin To Net: NetName=NetR89_1 Pin=u57-95
Added Net: Name=NetR89_1
Added Pin To Net: NetName=NetR90_1 Pin=R90-1
Added Pin To Net: NetName=NetR90_1 Pin=U37-6
Added Pin To Net: NetName=NetR90_1 Pin=u57-28
Added Net: Name=NetR90_1
Added Pin To Net: NetName=NetR91_2 Pin=R91-2
Added Pin To Net: NetName=NetR91_2 Pin=U38-2
Added Net: Name=NetR91_2
Added Pin To Net: NetName=NetR92_1 Pin=R92-1
Added Pin To Net: NetName=NetR92_1 Pin=U38-6
Added Pin To Net: NetName=NetR92_1 Pin=U39-2
Added Net: Name=NetR92_1
Added Pin To Net: NetName=NetR94_1 Pin=R94-1
Added Pin To Net: NetName=NetR94_1 Pin=R95-2
Added Pin To Net: NetName=NetR94_1 Pin=U40-4
Added Net: Name=NetR94_1
Added Pin To Net: NetName=NetR96_2 Pin=R96-2
Added Pin To Net: NetName=NetR96_2 Pin=U41-2
Added Net: Name=NetR96_2
Added Pin To Net: NetName=NetR97_1 Pin=R97-1
Added Pin To Net: NetName=NetR97_1 Pin=U39-3
Added Pin To Net: NetName=NetR97_1 Pin=U41-6
Added Net: Name=NetR97_1
Added Pin To Net: NetName=NetR98_2 Pin=R98-2
Added Pin To Net: NetName=NetR98_2 Pin=U42-2
Added Net: Name=NetR98_2
Added Pin To Net: NetName=NetR99_1 Pin=R99-1
Added Pin To Net: NetName=NetR99_1 Pin=U39-4
Added Pin To Net: NetName=NetR99_1 Pin=U42-6
Added Net: Name=NetR99_1
Added Pin To Net: NetName=NetR101_1 Pin=R101-1
Added Pin To Net: NetName=NetR101_1 Pin=R103-2
Added Pin To Net: NetName=NetR101_1 Pin=U44-4
Added Net: Name=NetR101_1
Added Pin To Net: NetName=NetR102_2 Pin=R102-2
Added Pin To Net: NetName=NetR102_2 Pin=U43-2
Added Net: Name=NetR102_2
Added Pin To Net: NetName=NetR104_1 Pin=R104-1
Added Pin To Net: NetName=NetR104_1 Pin=U43-6
Added Pin To Net: NetName=NetR104_1 Pin=u57-41
Added Net: Name=NetR104_1
Added Pin To Net: NetName=NetR105_2 Pin=R105-2
Added Pin To Net: NetName=NetR105_2 Pin=U45-2
Added Net: Name=NetR105_2
Added Pin To Net: NetName=NetR106_1 Pin=R106-1
Added Pin To Net: NetName=NetR106_1 Pin=U45-6
Added Pin To Net: NetName=NetR106_1 Pin=u57-88
Added Net: Name=NetR106_1
Added Pin To Net: NetName=NetR107_1 Pin=R107-1
Added Pin To Net: NetName=NetR107_1 Pin=U47-7
Added Net: Name=NetR107_1
Added Pin To Net: NetName=NetR107_2 Pin=R107-2
Added Pin To Net: NetName=NetR107_2 Pin=R111-2
Added Pin To Net: NetName=NetR107_2 Pin=TVS1-1
Added Net: Name=NetR107_2
Added Pin To Net: NetName=NetR108_1 Pin=R108-1
Added Pin To Net: NetName=NetR108_1 Pin=U47-8
Added Net: Name=NetR108_1
Added Pin To Net: NetName=NetR109_2 Pin=R109-2
Added Pin To Net: NetName=NetR109_2 Pin=U46-1
Added Net: Name=NetR109_2
Added Pin To Net: NetName=NetR110_1 Pin=R110-1
Added Pin To Net: NetName=NetR110_1 Pin=U46-4
Added Net: Name=NetR110_1
Added Pin To Net: NetName=NetR111_1 Pin=R111-1
Added Pin To Net: NetName=NetR111_1 Pin=R112-2
Added Pin To Net: NetName=NetR111_1 Pin=TVS2-2
Added Net: Name=NetR111_1
Added Pin To Net: NetName=NetR112_1 Pin=R112-1
Added Pin To Net: NetName=NetR112_1 Pin=U47-6
Added Net: Name=NetR112_1
Added Pin To Net: NetName=NetR113_2 Pin=R113-2
Added Pin To Net: NetName=NetR113_2 Pin=U48-2
Added Net: Name=NetR113_2
Added Pin To Net: NetName=NetR114_1 Pin=R114-1
Added Pin To Net: NetName=NetR114_1 Pin=U47-1
Added Pin To Net: NetName=NetR114_1 Pin=U48-6
Added Net: Name=NetR114_1
Added Pin To Net: NetName=NetR115_2 Pin=R115-2
Added Pin To Net: NetName=NetR115_2 Pin=U49-2
Added Net: Name=NetR115_2
Added Pin To Net: NetName=NetR116_1 Pin=R116-1
Added Pin To Net: NetName=NetR116_1 Pin=U49-5
Added Pin To Net: NetName=NetR116_1 Pin=U51-2
Added Pin To Net: NetName=NetR116_1 Pin=U51-3
Added Net: Name=NetR116_1
Added Pin To Net: NetName=NetR117_2 Pin=R117-2
Added Pin To Net: NetName=NetR117_2 Pin=U50-2
Added Net: Name=NetR117_2
Added Pin To Net: NetName=NetR118_1 Pin=R118-1
Added Pin To Net: NetName=NetR118_1 Pin=U50-6
Added Pin To Net: NetName=NetR118_1 Pin=u57-157
Added Net: Name=NetR118_1
Added Pin To Net: NetName=NetR120_2 Pin=R120-2
Added Pin To Net: NetName=NetR120_2 Pin=U52-2
Added Net: Name=NetR120_2
Added Pin To Net: NetName=NetR121_1 Pin=R121-1
Added Pin To Net: NetName=NetR121_1 Pin=U51-4
Added Pin To Net: NetName=NetR121_1 Pin=U52-6
Added Net: Name=NetR121_1
Added Pin To Net: NetName=NetR124_1 Pin=R124-1
Added Pin To Net: NetName=NetR124_1 Pin=U54-15
Added Pin To Net: NetName=NetR124_1 Pin=u57-160
Added Net: Name=NetR124_1
Added Pin To Net: NetName=NetR130_2 Pin=R130-2
Added Pin To Net: NetName=NetR130_2 Pin=u57-16
Added Net: Name=NetR130_2
Added Pin To Net: NetName=NetU8_1 Pin=U8-1
Added Pin To Net: NetName=NetU8_1 Pin=U8-2
Added Pin To Net: NetName=NetU8_1 Pin=u57-3
Added Net: Name=NetU8_1
Added Pin To Net: NetName=NetU8_6 Pin=U8-6
Added Pin To Net: NetName=NetU8_6 Pin=U8-7
Added Pin To Net: NetName=NetU8_6 Pin=u57-2
Added Net: Name=NetU8_6
Added Pin To Net: NetName=NetU38_3 Pin=U38-3
Added Pin To Net: NetName=NetU38_3 Pin=U61-16
Added Net: Name=NetU38_3
Added Pin To Net: NetName=NetU39_15 Pin=U39-15
Added Pin To Net: NetName=NetU39_15 Pin=U43-3
Added Net: Name=NetU39_15
Added Pin To Net: NetName=NetU41_3 Pin=U41-3
Added Pin To Net: NetName=NetU41_3 Pin=U61-15
Added Net: Name=NetU41_3
Added Pin To Net: NetName=NetU42_3 Pin=U42-3
Added Pin To Net: NetName=NetU42_3 Pin=U61-14
Added Net: Name=NetU42_3
Added Pin To Net: NetName=NetU45_3 Pin=U45-3
Added Pin To Net: NetName=NetU45_3 Pin=U47-4
Added Net: Name=NetU45_3
Added Pin To Net: NetName=NetU46_2 Pin=U46-2
Added Pin To Net: NetName=NetU46_2 Pin=U60-11
Added Net: Name=NetU46_2
Added Pin To Net: NetName=NetU48_3 Pin=U48-3
Added Pin To Net: NetName=NetU48_3 Pin=U61-13
Added Net: Name=NetU48_3
Added Pin To Net: NetName=NetU49_3 Pin=U49-3
Added Pin To Net: NetName=NetU49_3 Pin=U61-12
Added Net: Name=NetU49_3
Added Pin To Net: NetName=NetU50_3 Pin=U50-3
Added Pin To Net: NetName=NetU50_3 Pin=U51-1
Added Net: Name=NetU50_3
Added Pin To Net: NetName=NetU52_3 Pin=U52-3
Added Pin To Net: NetName=NetU52_3 Pin=U61-11
Added Net: Name=NetU52_3
Added Pin To Net: NetName=NetU56_9 Pin=U56-9
Added Pin To Net: NetName=NetU56_9 Pin=u57-90
Added Net: Name=NetU56_9
Added Pin To Net: NetName=NetU56_10 Pin=U56-10
Added Pin To Net: NetName=NetU56_10 Pin=u57-91
Added Net: Name=NetU56_10
Added Pin To Net: NetName=Netu57_18 Pin=u57-18
Added Pin To Net: NetName=Netu57_18 Pin=U62-1
Added Net: Name=Netu57_18
Added Pin To Net: NetName=Netu57_21 Pin=u57-21
Added Pin To Net: NetName=Netu57_21 Pin=U62-7
Added Net: Name=Netu57_21
Added Pin To Net: NetName=Netu57_24 Pin=u57-24
Added Pin To Net: NetName=Netu57_24 Pin=U62-8
Added Net: Name=Netu57_24
Added Pin To Net: NetName=Netu57_27 Pin=u57-27
Added Pin To Net: NetName=Netu57_27 Pin=U62-9
Added Net: Name=Netu57_27
Added Pin To Net: NetName=Netu57_30 Pin=u57-30
Added Pin To Net: NetName=Netu57_30 Pin=U62-10
Added Net: Name=Netu57_30
Added Pin To Net: NetName=Netu57_33 Pin=u57-33
Added Pin To Net: NetName=Netu57_33 Pin=U62-13
Added Net: Name=Netu57_33
Added Pin To Net: NetName=Netu57_34 Pin=u57-34
Added Pin To Net: NetName=Netu57_34 Pin=U61-4
Added Net: Name=Netu57_34
Added Pin To Net: NetName=Netu57_35 Pin=u57-35
Added Pin To Net: NetName=Netu57_35 Pin=U61-6
Added Net: Name=Netu57_35
Added Pin To Net: NetName=Netu57_36 Pin=u57-36
Added Pin To Net: NetName=Netu57_36 Pin=U62-14
Added Net: Name=Netu57_36
Added Pin To Net: NetName=Netu57_39 Pin=u57-39
Added Pin To Net: NetName=Netu57_39 Pin=U62-15
Added Net: Name=Netu57_39
Added Pin To Net: NetName=Netu57_40 Pin=u57-40
Added Pin To Net: NetName=Netu57_40 Pin=U61-5
Added Net: Name=Netu57_40
Added Pin To Net: NetName=Netu57_42 Pin=u57-42
Added Pin To Net: NetName=Netu57_42 Pin=U62-41
Added Net: Name=Netu57_42
Added Pin To Net: NetName=Netu57_43 Pin=u57-43
Added Pin To Net: NetName=Netu57_43 Pin=U62-2
Added Net: Name=Netu57_43
Added Pin To Net: NetName=Netu57_45 Pin=u57-45
Added Pin To Net: NetName=Netu57_45 Pin=U60-7
Added Net: Name=Netu57_45
Added Pin To Net: NetName=Netu57_46 Pin=u57-46
Added Pin To Net: NetName=Netu57_46 Pin=U60-6
Added Net: Name=Netu57_46
Added Pin To Net: NetName=Netu57_47 Pin=u57-47
Added Pin To Net: NetName=Netu57_47 Pin=U60-5
Added Net: Name=Netu57_47
Added Pin To Net: NetName=Netu57_48 Pin=u57-48
Added Pin To Net: NetName=Netu57_48 Pin=U60-4
Added Net: Name=Netu57_48
Added Pin To Net: NetName=Netu57_49 Pin=u57-49
Added Pin To Net: NetName=Netu57_49 Pin=U60-3
Added Net: Name=Netu57_49
Added Pin To Net: NetName=Netu57_50 Pin=u57-50
Added Pin To Net: NetName=Netu57_50 Pin=U60-2
Added Net: Name=Netu57_50
Added Pin To Net: NetName=Netu57_54 Pin=u57-54
Added Pin To Net: NetName=Netu57_54 Pin=U62-16
Added Net: Name=Netu57_54
Added Pin To Net: NetName=Netu57_65 Pin=u57-65
Added Pin To Net: NetName=Netu57_65 Pin=U62-29
Added Net: Name=Netu57_65
Added Pin To Net: NetName=Netu57_68 Pin=u57-68
Added Pin To Net: NetName=Netu57_68 Pin=U62-30
Added Net: Name=Netu57_68
Added Pin To Net: NetName=Netu57_73 Pin=u57-73
Added Pin To Net: NetName=Netu57_73 Pin=U62-31
Added Net: Name=Netu57_73
Added Pin To Net: NetName=Netu57_74 Pin=u57-74
Added Pin To Net: NetName=Netu57_74 Pin=U62-32
Added Net: Name=Netu57_74
Added Pin To Net: NetName=Netu57_80 Pin=u57-80
Added Pin To Net: NetName=Netu57_80 Pin=U62-3
Added Net: Name=Netu57_80
Added Pin To Net: NetName=Netu57_84 Pin=u57-84
Added Pin To Net: NetName=Netu57_84 Pin=U62-17
Added Net: Name=Netu57_84
Added Pin To Net: NetName=Netu57_85 Pin=u57-85
Added Pin To Net: NetName=Netu57_85 Pin=U62-4
Added Net: Name=Netu57_85
Added Pin To Net: NetName=Netu57_87 Pin=u57-87
Added Pin To Net: NetName=Netu57_87 Pin=U61-7
Added Net: Name=Netu57_87
Added Pin To Net: NetName=Netu57_89 Pin=u57-89
Added Pin To Net: NetName=Netu57_89 Pin=U60-9
Added Net: Name=Netu57_89
Added Pin To Net: NetName=Netu57_92 Pin=u57-92
Added Pin To Net: NetName=Netu57_92 Pin=U60-8
Added Net: Name=Netu57_92
Added Pin To Net: NetName=Netu57_96 Pin=u57-96
Added Pin To Net: NetName=Netu57_96 Pin=U62-35
Added Net: Name=Netu57_96
Added Pin To Net: NetName=Netu57_97 Pin=u57-97
Added Pin To Net: NetName=Netu57_97 Pin=U62-36
Added Net: Name=Netu57_97
Added Pin To Net: NetName=Netu57_103 Pin=u57-103
Added Pin To Net: NetName=Netu57_103 Pin=U62-5
Added Net: Name=Netu57_103
Added Pin To Net: NetName=Netu57_108 Pin=u57-108
Added Pin To Net: NetName=Netu57_108 Pin=U62-18
Added Net: Name=Netu57_108
Added Pin To Net: NetName=Netu57_110 Pin=u57-110
Added Pin To Net: NetName=Netu57_110 Pin=U61-2
Added Net: Name=Netu57_110
Added Pin To Net: NetName=Netu57_111 Pin=u57-111
Added Pin To Net: NetName=Netu57_111 Pin=U62-19
Added Net: Name=Netu57_111
Added Pin To Net: NetName=Netu57_115 Pin=u57-115
Added Net: Name=Netu57_115
Added Pin To Net: NetName=Netu57_118 Pin=u57-118
Added Pin To Net: NetName=Netu57_118 Pin=U62-20
Added Net: Name=Netu57_118
Added Pin To Net: NetName=Netu57_121 Pin=u57-121
Added Pin To Net: NetName=Netu57_121 Pin=U62-21
Added Net: Name=Netu57_121
Added Pin To Net: NetName=Netu57_125 Pin=u57-125
Added Pin To Net: NetName=Netu57_125 Pin=U62-22
Added Net: Name=Netu57_125
Added Pin To Net: NetName=Netu57_130 Pin=u57-130
Added Pin To Net: NetName=Netu57_130 Pin=U62-23
Added Net: Name=Netu57_130
Added Pin To Net: NetName=Netu57_132 Pin=u57-132
Added Pin To Net: NetName=Netu57_132 Pin=U62-24
Added Net: Name=Netu57_132
Added Pin To Net: NetName=Netu57_133 Pin=u57-133
Added Pin To Net: NetName=Netu57_133 Pin=U62-6
Added Net: Name=Netu57_133
Added Pin To Net: NetName=Netu57_138 Pin=u57-138
Added Pin To Net: NetName=Netu57_138 Pin=U62-25
Added Net: Name=Netu57_138
Added Pin To Net: NetName=Netu57_139 Pin=u57-139
Added Pin To Net: NetName=Netu57_139 Pin=U62-37
Added Net: Name=Netu57_139
Added Pin To Net: NetName=Netu57_141 Pin=u57-141
Added Pin To Net: NetName=Netu57_141 Pin=U62-26
Added Net: Name=Netu57_141
Added Pin To Net: NetName=Netu57_144 Pin=u57-144
Added Pin To Net: NetName=Netu57_144 Pin=U62-27
Added Net: Name=Netu57_144
Added Pin To Net: NetName=Netu57_147 Pin=u57-147
Added Pin To Net: NetName=Netu57_147 Pin=U62-38
Added Net: Name=Netu57_147
Added Pin To Net: NetName=Netu57_148 Pin=u57-148
Added Pin To Net: NetName=Netu57_148 Pin=U62-42
Added Net: Name=Netu57_148
Added Pin To Net: NetName=Netu57_151 Pin=u57-151
Added Pin To Net: NetName=Netu57_151 Pin=U61-8
Added Net: Name=Netu57_151
Added Pin To Net: NetName=Netu57_152 Pin=u57-152
Added Pin To Net: NetName=Netu57_152 Pin=U62-43
Added Net: Name=Netu57_152
Added Pin To Net: NetName=Netu57_155 Pin=u57-155
Added Pin To Net: NetName=Netu57_155 Pin=U61-9
Added Net: Name=Netu57_155
Added Pin To Net: NetName=Netu57_156 Pin=u57-156
Added Pin To Net: NetName=Netu57_156 Pin=U62-44
Added Net: Name=Netu57_156
Added Pin To Net: NetName=PA_DN Pin=R73-1
Added Pin To Net: NetName=PA_DN Pin=U60-13
Added Net: Name=PA_DN
Added Pin To Net: NetName=PA_OC_DOWN Pin=CON5-18
Added Pin To Net: NetName=PA_OC_DOWN Pin=R80-2
Added Net: Name=PA_OC_DOWN
Added Pin To Net: NetName=PA_OC_UP Pin=CON5-6
Added Pin To Net: NetName=PA_OC_UP Pin=R79-2
Added Net: Name=PA_OC_UP
Added Pin To Net: NetName=PA_UP Pin=U28-3
Added Pin To Net: NetName=PA_UP Pin=U60-14
Added Net: Name=PA_UP
Added Pin To Net: NetName=PB_DN Pin=R72-1
Added Pin To Net: NetName=PB_DN Pin=U60-15
Added Net: Name=PB_DN
Added Pin To Net: NetName=PB_OC_DOWN Pin=CON5-22
Added Pin To Net: NetName=PB_OC_DOWN Pin=R84-2
Added Net: Name=PB_OC_DOWN
Added Pin To Net: NetName=PB_OC_UP Pin=CON5-10
Added Pin To Net: NetName=PB_OC_UP Pin=R83-2
Added Net: Name=PB_OC_UP
Added Pin To Net: NetName=PB_UP Pin=U26-3
Added Pin To Net: NetName=PB_UP Pin=U60-16
Added Net: Name=PB_UP
Added Pin To Net: NetName=PC_DN Pin=R70-1
Added Pin To Net: NetName=PC_DN Pin=U60-17
Added Net: Name=PC_DN
Added Pin To Net: NetName=PC_OC_DOWN Pin=CON5-26
Added Pin To Net: NetName=PC_OC_DOWN Pin=R88-2
Added Net: Name=PC_OC_DOWN
Added Pin To Net: NetName=PC_OC_UP Pin=CON5-14
Added Pin To Net: NetName=PC_OC_UP Pin=R87-2
Added Net: Name=PC_OC_UP
Added Pin To Net: NetName=PC_UP Pin=U24-3
Added Pin To Net: NetName=PC_UP Pin=U60-18
Added Net: Name=PC_UP
Added Pin To Net: NetName=POS_A Pin=C49-2
Added Pin To Net: NetName=POS_A Pin=R43-2
Added Pin To Net: NetName=POS_A Pin=u57-20
Added Pin To Net: NetName=POS_A Pin=u57-60
Added Net: Name=POS_A
Added Pin To Net: NetName=POS_B Pin=C51-2
Added Pin To Net: NetName=POS_B Pin=R46-2
Added Pin To Net: NetName=POS_B Pin=u57-22
Added Pin To Net: NetName=POS_B Pin=u57-59
Added Net: Name=POS_B
Added Pin To Net: NetName=POS_C Pin=C54-2
Added Pin To Net: NetName=POS_C Pin=R52-2
Added Pin To Net: NetName=POS_C Pin=u57-29
Added Pin To Net: NetName=POS_C Pin=u57-57
Added Net: Name=POS_C
Added Pin To Net: NetName=RS232_RX_OUT Pin=CON10-3
Added Pin To Net: NetName=RS232_RX_OUT Pin=TVS4-1
Added Pin To Net: NetName=RS232_RX_OUT Pin=U56-8
Added Net: Name=RS232_RX_OUT
Added Pin To Net: NetName=RS232_TX_OUT Pin=CON10-2
Added Pin To Net: NetName=RS232_TX_OUT Pin=TVS5-1
Added Pin To Net: NetName=RS232_TX_OUT Pin=U56-7
Added Net: Name=RS232_TX_OUT
Added Pin To Net: NetName=T\E\S\T\ Pin=P9-2
Added Pin To Net: NetName=T\E\S\T\ Pin=u57-135
Added Net: Name=T\E\S\T\
Added Pin To Net: NetName=TCK Pin=P9-9
Added Pin To Net: NetName=TCK Pin=P9-11
Added Pin To Net: NetName=TCK Pin=u57-136
Added Net: Name=TCK
Added Pin To Net: NetName=TDI Pin=P9-3
Added Pin To Net: NetName=TDI Pin=u57-131
Added Net: Name=TDI
Added Pin To Net: NetName=TDO Pin=P9-7
Added Pin To Net: NetName=TDO Pin=u57-127
Added Net: Name=TDO
Added Pin To Net: NetName=TMS Pin=P9-1
Added Pin To Net: NetName=TMS Pin=u57-126
Added Net: Name=TMS
Added Pin To Net: NetName=XF_XPLLDIS Pin=P10-2
Added Pin To Net: NetName=XF_XPLLDIS Pin=u57-140
Added Net: Name=XF_XPLLDIS
Added Class: Name=AIAO
Added Class: Name=DIDO
Added Class: Name=DRIVE
Added Class: Name=dsp
Added Class: Name=PERIPHERAL
Added Class: Name=POWER
Added Room: Name=AIAO
Added Room: Name=DIDO
Added Room: Name=DRIVE
Added Room: Name=dsp
Added Room: Name=PERIPHERAL
Added Room: Name=POWER
