Change Component Designator: Old Designator=C74 New Designator=C?
Change Component Designator: Old Designator=C75 New Designator=C?
Change Component Designator: Old Designator=C76 New Designator=C?
Change Component Designator: Old Designator=C77 New Designator=C?
Change Component Designator: Old Designator=C80 New Designator=C?
Change Component Designator: Old Designator=C81 New Designator=C?
Change Component Designator: Old Designator=C82 New Designator=C?
Change Component Designator: Old Designator=C83 New Designator=C?
Change Component Designator: Old Designator=C84 New Designator=C?
Change Component Designator: Old Designator=C85 New Designator=C?
Change Component Designator: Old Designator=C152 New Designator=C?
Change Component Designator: Old Designator=C153 New Designator=C?
Change Component Designator: Old Designator=CON9 New Designator=CON?
Change Component Designator: Old Designator=CON11 New Designator=CON?
Change Component Designator: Old Designator=CON12 New Designator=CON?
Change Component Designator: Old Designator=CON13 New Designator=CON?
Change Component Designator: Old Designator=CON14 New Designator=CON?
Change Component Designator: Old Designator=D27 New Designator=D?
Change Component Designator: Old Designator=D28 New Designator=D?
Change Component Designator: Old Designator=D31 New Designator=D?
Change Component Designator: Old Designator=D32 New Designator=D?
Change Component Designator: Old Designator=K4 New Designator=K?
Change Component Designator: Old Designator=L2 New Designator=L?
Change Component Designator: Old Designator=L4 New Designator=L?
Change Component Designator: Old Designator=L5 New Designator=L?
Change Component Designator: Old Designator=L6 New Designator=L?
Change Component Designator: Old Designator=L8 New Designator=L?
Change Component Designator: Old Designator=P8 New Designator=P?
Change Component Designator: Old Designator=R93 New Designator=R?
Change Component Designator: Old Designator=R94 New Designator=R?
Change Component Designator: Old Designator=R95 New Designator=R?
Change Component Designator: Old Designator=R96 New Designator=R?
Change Component Designator: Old Designator=R97 New Designator=R?
Change Component Designator: Old Designator=R98 New Designator=R?
Change Component Designator: Old Designator=R99 New Designator=R?
Change Component Designator: Old Designator=R100 New Designator=R?
Change Component Designator: Old Designator=R101 New Designator=R?
Change Component Designator: Old Designator=R102 New Designator=R?
Change Component Designator: Old Designator=R103 New Designator=R?
Change Component Designator: Old Designator=R104 New Designator=R?
Change Component Designator: Old Designator=R105 New Designator=R?
Change Component Designator: Old Designator=R106 New Designator=R?
Change Component Designator: Old Designator=R109 New Designator=R?
Change Component Designator: Old Designator=R110 New Designator=R?
Change Component Designator: Old Designator=R111 New Designator=R?
Change Component Designator: Old Designator=R112 New Designator=R?
Change Component Designator: Old Designator=R113 New Designator=R?
Change Component Designator: Old Designator=R114 New Designator=R?
Change Component Designator: Old Designator=R115 New Designator=R?
Change Component Designator: Old Designator=R116 New Designator=R?
Change Component Designator: Old Designator=R117 New Designator=R?
Change Component Designator: Old Designator=R118 New Designator=R?
Change Component Designator: Old Designator=R119 New Designator=R?
Change Component Designator: Old Designator=R120 New Designator=R?
Change Component Designator: Old Designator=R121 New Designator=R?
Change Component Designator: Old Designator=R122 New Designator=R?
Change Component Designator: Old Designator=R123 New Designator=R?
Change Component Designator: Old Designator=R131 New Designator=R?
Change Component Designator: Old Designator=R132 New Designator=R?
Change Component Designator: Old Designator=RV4 New Designator=RV?
Change Component Designator: Old Designator=TVS1 New Designator=TVS?
Change Component Designator: Old Designator=TVS2 New Designator=TVS?
Change Component Designator: Old Designator=TVS3 New Designator=TVS?
Change Component Designator: Old Designator=TVS4 New Designator=TVS?
Change Component Designator: Old Designator=TVS5 New Designator=TVS?
Change Component Designator: Old Designator=TVS6 New Designator=TVS?
Change Component Designator: Old Designator=U37 New Designator=U?
Change Component Designator: Old Designator=U38 New Designator=U?
Change Component Designator: Old Designator=U39 New Designator=U?
Change Component Designator: Old Designator=U40 New Designator=U?
Change Component Designator: Old Designator=U41 New Designator=U?
Change Component Designator: Old Designator=U42 New Designator=U?
Change Component Designator: Old Designator=U43 New Designator=U?
Change Component Designator: Old Designator=U44 New Designator=U?
Change Component Designator: Old Designator=U45 New Designator=U?
Change Component Designator: Old Designator=U46 New Designator=U?
Change Component Designator: Old Designator=U47 New Designator=U?
Change Component Designator: Old Designator=U48 New Designator=U?
Change Component Designator: Old Designator=U49 New Designator=U?
Change Component Designator: Old Designator=U50 New Designator=U?
Change Component Designator: Old Designator=U57 New Designator=U?
Change Component Designator: Old Designator=VT4 New Designator=VT?
