Change Component Designator: Old Designator=C9 New Designator=C48
Change Component Designator: Old Designator=C9 New Designator=C49
Change Component Designator: Old Designator=C9 New Designator=C50
Change Component Designator: Old Designator=C19 New Designator=C51
Change Component Designator: Old Designator=C20 New Designator=C52
Change Component Designator: Old Designator=C21 New Designator=C53
Change Component Designator: Old Designator=C22 New Designator=C54
Change Component Designator: Old Designator=C23 New Designator=C55
Change Component Designator: Old Designator=C24 New Designator=C56
Change Component Designator: Old Designator=C25 New Designator=C57
Change Component Designator: Old Designator=C26 New Designator=C58
Change Component Designator: Old Designator=C27 New Designator=C59
Change Component Designator: Old Designator=C28 New Designator=C45
Change Component Designator: Old Designator=C28 New Designator=C46
Change Component Designator: Old Designator=C28 New Designator=C47
Change Component Designator: Old Designator=C28 New Designator=C60
Change Component Designator: Old Designator=C29 New Designator=C61
Change Component Designator: Old Designator=C30 New Designator=C62
Change Component Designator: Old Designator=D10 New Designator=D18
Change Component Designator: Old Designator=D12 New Designator=D19
Change Component Designator: Old Designator=D13 New Designator=D23
Change Component Designator: Old Designator=D14 New Designator=D24
Change Component Designator: Old Designator=D17 New Designator=D25
Change Component Designator: Old Designator=D18 New Designator=D26
Change Component Designator: Old Designator=D19 New Designator=D27
Change Component Designator: Old Designator=D20 New Designator=D28
Change Component Designator: Old Designator=D21 New Designator=D29
Change Component Designator: Old Designator=D22 New Designator=D30
Change Component Designator: Old Designator=D23 New Designator=D31
Change Component Designator: Old Designator=D24 New Designator=D32
Change Component Designator: Old Designator=D25 New Designator=D33
Change Component Designator: Old Designator=D26 New Designator=D34
Change Component Designator: Old Designator=D27 New Designator=D35
Change Component Designator: Old Designator=D28 New Designator=D36
Change Component Designator: Old Designator=D29 New Designator=D37
Change Component Designator: Old Designator=D30 New Designator=D38
Change Component Designator: Old Designator=D31 New Designator=D39
Change Component Designator: Old Designator=D32 New Designator=D40
Change Component Designator: Old Designator=D33 New Designator=D41
Change Component Designator: Old Designator=D37 New Designator=D42
Change Component Designator: Old Designator=D38 New Designator=D43
Change Component Designator: Old Designator=D39 New Designator=D44
Change Component Designator: Old Designator=D40 New Designator=D45
Change Component Designator: Old Designator=D41 New Designator=D46
Change Component Designator: Old Designator=D42 New Designator=D47
Change Component Designator: Old Designator=D43 New Designator=D48
Change Component Designator: Old Designator=D44 New Designator=D49
Change Component Designator: Old Designator=D45 New Designator=D50
Change Component Designator: Old Designator=D46 New Designator=D51
Change Component Designator: Old Designator=D? New Designator=D20
Change Component Designator: Old Designator=D? New Designator=D21
Change Component Designator: Old Designator=D? New Designator=D22
Change Component Designator: Old Designator=P2 New Designator=P3
Change Component Designator: Old Designator=P3 New Designator=P4
Change Component Designator: Old Designator=R24 New Designator=R44
Change Component Designator: Old Designator=R25 New Designator=R45
Change Component Designator: Old Designator=R26 New Designator=R52
Change Component Designator: Old Designator=R27 New Designator=R53
Change Component Designator: Old Designator=R36 New Designator=R41
Change Component Designator: Old Designator=R36 New Designator=R42
Change Component Designator: Old Designator=R36 New Designator=R43
Change Component Designator: Old Designator=R36 New Designator=R54
Change Component Designator: Old Designator=R37 New Designator=R55
Change Component Designator: Old Designator=R38 New Designator=R56
Change Component Designator: Old Designator=R39 New Designator=R57
Change Component Designator: Old Designator=R40 New Designator=R46
Change Component Designator: Old Designator=R40 New Designator=R47
Change Component Designator: Old Designator=R40 New Designator=R48
Change Component Designator: Old Designator=R40 New Designator=R49
Change Component Designator: Old Designator=R40 New Designator=R50
Change Component Designator: Old Designator=R40 New Designator=R51
Change Component Designator: Old Designator=R40 New Designator=R58
Change Component Designator: Old Designator=R41 New Designator=R59
Change Component Designator: Old Designator=R42 New Designator=R60
Change Component Designator: Old Designator=R43 New Designator=R61
Change Component Designator: Old Designator=R44 New Designator=R62
Change Component Designator: Old Designator=R45 New Designator=R63
Change Component Designator: Old Designator=T9 New Designator=T16
Change Component Designator: Old Designator=T10 New Designator=T17
Change Component Designator: Old Designator=T11 New Designator=T18
Change Component Designator: Old Designator=TP3 New Designator=TP2
Change Component Designator: Old Designator=TP3 New Designator=TP4
Change Component Designator: Old Designator=U3 New Designator=U10
Change Component Designator: Old Designator=U4 New Designator=U11
Change Component Designator: Old Designator=U5 New Designator=U12
Change Component Designator: Old Designator=U? New Designator=U7
Change Component Designator: Old Designator=U? New Designator=U8
Change Component Designator: Old Designator=U? New Designator=U9
