Change Component Designator: Old Designator=C9 New Designator=C95
Change Component Designator: Old Designator=C9 New Designator=C96
Change Component Designator: Old Designator=C9 New Designator=C97
Change Component Designator: Old Designator=C19 New Designator=C98
Change Component Designator: Old Designator=C20 New Designator=C99
Change Component Designator: Old Designator=C21 New Designator=C100
Change Component Designator: Old Designator=C22 New Designator=C101
Change Component Designator: Old Designator=C23 New Designator=C102
Change Component Designator: Old Designator=C24 New Designator=C103
Change Component Designator: Old Designator=C25 New Designator=C104
Change Component Designator: Old Designator=C26 New Designator=C105
Change Component Designator: Old Designator=C27 New Designator=C106
Change Component Designator: Old Designator=C28 New Designator=C92
Change Component Designator: Old Designator=C28 New Designator=C93
Change Component Designator: Old Designator=C28 New Designator=C94
Change Component Designator: Old Designator=C28 New Designator=C107
Change Component Designator: Old Designator=C29 New Designator=C108
Change Component Designator: Old Designator=C30 New Designator=C109
Change Component Designator: Old Designator=D10 New Designator=D66
Change Component Designator: Old Designator=D12 New Designator=D67
Change Component Designator: Old Designator=D13 New Designator=D71
Change Component Designator: Old Designator=D17 New Designator=D72
Change Component Designator: Old Designator=D18 New Designator=D73
Change Component Designator: Old Designator=D19 New Designator=D74
Change Component Designator: Old Designator=D20 New Designator=D75
Change Component Designator: Old Designator=D21 New Designator=D76
Change Component Designator: Old Designator=D22 New Designator=D77
Change Component Designator: Old Designator=D23 New Designator=D78
Change Component Designator: Old Designator=D24 New Designator=D79
Change Component Designator: Old Designator=D25 New Designator=D80
Change Component Designator: Old Designator=D26 New Designator=D81
Change Component Designator: Old Designator=D27 New Designator=D82
Change Component Designator: Old Designator=D28 New Designator=D83
Change Component Designator: Old Designator=D29 New Designator=D84
Change Component Designator: Old Designator=D30 New Designator=D85
Change Component Designator: Old Designator=D31 New Designator=D86
Change Component Designator: Old Designator=D32 New Designator=D87
Change Component Designator: Old Designator=D33 New Designator=D88
Change Component Designator: Old Designator=D37 New Designator=D89
Change Component Designator: Old Designator=D38 New Designator=D90
Change Component Designator: Old Designator=D39 New Designator=D91
Change Component Designator: Old Designator=D40 New Designator=D92
Change Component Designator: Old Designator=D41 New Designator=D93
Change Component Designator: Old Designator=D42 New Designator=D94
Change Component Designator: Old Designator=D43 New Designator=D95
Change Component Designator: Old Designator=D44 New Designator=D96
Change Component Designator: Old Designator=D45 New Designator=D97
Change Component Designator: Old Designator=D46 New Designator=D98
Change Component Designator: Old Designator=D? New Designator=D68
Change Component Designator: Old Designator=D? New Designator=D69
Change Component Designator: Old Designator=D? New Designator=D70
Change Component Designator: Old Designator=P2 New Designator=P8
Change Component Designator: Old Designator=P3 New Designator=P9
Change Component Designator: Old Designator=P5 New Designator=P10
Change Component Designator: Old Designator=R24 New Designator=R98
Change Component Designator: Old Designator=R25 New Designator=R99
Change Component Designator: Old Designator=R26 New Designator=R106
Change Component Designator: Old Designator=R36 New Designator=R95
Change Component Designator: Old Designator=R36 New Designator=R96
Change Component Designator: Old Designator=R36 New Designator=R97
Change Component Designator: Old Designator=R36 New Designator=R107
Change Component Designator: Old Designator=R37 New Designator=R108
Change Component Designator: Old Designator=R38 New Designator=R109
Change Component Designator: Old Designator=R39 New Designator=R110
Change Component Designator: Old Designator=R40 New Designator=R100
Change Component Designator: Old Designator=R40 New Designator=R101
Change Component Designator: Old Designator=R40 New Designator=R102
Change Component Designator: Old Designator=R40 New Designator=R103
Change Component Designator: Old Designator=R40 New Designator=R104
Change Component Designator: Old Designator=R40 New Designator=R105
Change Component Designator: Old Designator=R40 New Designator=R111
Change Component Designator: Old Designator=R41 New Designator=R112
Change Component Designator: Old Designator=R42 New Designator=R113
Change Component Designator: Old Designator=R43 New Designator=R114
Change Component Designator: Old Designator=R44 New Designator=R115
Change Component Designator: Old Designator=R45 New Designator=R116
Change Component Designator: Old Designator=T9 New Designator=T32
Change Component Designator: Old Designator=T10 New Designator=T33
Change Component Designator: Old Designator=T11 New Designator=T34
Change Component Designator: Old Designator=TP3 New Designator=TP6
Change Component Designator: Old Designator=TP3 New Designator=TP7
Change Component Designator: Old Designator=TP3 New Designator=TP8
Change Component Designator: Old Designator=U3 New Designator=U20
Change Component Designator: Old Designator=U4 New Designator=U21
Change Component Designator: Old Designator=U5 New Designator=U22
Change Component Designator: Old Designator=U? New Designator=U17
Change Component Designator: Old Designator=U? New Designator=U18
Change Component Designator: Old Designator=U? New Designator=U19
