Added Component: Designator=C1(C2012-0805)
Added Component: Designator=C2(C2012-0805)
Added Component: Designator=C3(C2012-0805)
Added Component: Designator=C4(C2012-0805)
Added Component: Designator=C5(C2012-0805)
Added Component: Designator=C6(C2012-0805)
Added Component: Designator=C7(C_10UF/25V)
Added Component: Designator=C8(C_10UF/25V)
Added Component: Designator=C9(C2012-0805)
Added Component: Designator=C10(C2012-0805)
Added Component: Designator=C11(C2012-0805)
Added Component: Designator=C12(C2012-0805)
Added Component: Designator=C13(C2012-0805)
Added Component: Designator=C14(C2012-0805)
Added Component: Designator=C15(C_10UF/25V)
Added Component: Designator=C16(C2012-0805)
Added Component: Designator=C17(Rb400mil-450V)
Added Component: Designator=C18(Rb400mil-450V)
Added Component: Designator=C19(Rb400mil-450V)
Added Component: Designator=C20(C2012-0805)
Added Component: Designator=C21(C2012-0805)
Added Component: Designator=C22(Rb400mil-450V)
Added Component: Designator=C23(C_10UF/25V)
Added Component: Designator=C24(C_10UF/25V)
Added Component: Designator=C25(Rb800mil)
Added Component: Designator=C26(C2012-0805)
Added Component: Designator=C27(C2012-0805)
Added Component: Designator=C28(C_10UF/25V)
Added Component: Designator=C29(C2012-0805)
Added Component: Designator=C30(C2012-0805)
Added Component: Designator=C31(C2012-0805)
Added Component: Designator=C32(C2012-0805)
Added Component: Designator=C33(C2012-0805)
Added Component: Designator=C34(C2012-0805)
Added Component: Designator=C35(C2012-0805)
Added Component: Designator=C36(C2012-0805)
Added Component: Designator=C37(C2012-0805)
Added Component: Designator=C38(C2012-0805)
Added Component: Designator=C39(C2012-0805)
Added Component: Designator=C40(C2012-0805)
Added Component: Designator=C41(C2012-0805)
Added Component: Designator=C42(C2012-0805)
Added Component: Designator=C43(C2012-0805)
Added Component: Designator=C44(C2012-0805)
Added Component: Designator=C45(C_10UF/25V)
Added Component: Designator=C46(C_10UF/25V)
Added Component: Designator=C47(C_10UF/25V)
Added Component: Designator=C48(C2012-0805)
Added Component: Designator=C49(C2012-0805)
Added Component: Designator=C50(C2012-0805)
Added Component: Designator=C51(C2012-0805)
Added Component: Designator=C52(C2012-0805)
Added Component: Designator=C53(C2012-0805)
Added Component: Designator=C54(Rad-0.2)
Added Component: Designator=C55(C2012-0805)
Added Component: Designator=C56(Rad-0.2)
Added Component: Designator=C57(C2012-0805)
Added Component: Designator=C58(Rad-0.2)
Added Component: Designator=C59(C2012-0805)
Added Component: Designator=C60(C_10UF/25V)
Added Component: Designator=C61(C_10UF/25V)
Added Component: Designator=C62(C_10UF/25V)
Added Component: Designator=C63(C2012-0805)
Added Component: Designator=C64(C2012-0805)
Added Component: Designator=C65(C_10UF/25V)
Added Component: Designator=C66(C2012-0805)
Added Component: Designator=C67(Rb400mil-450V)
Added Component: Designator=C68(Rb400mil-450V)
Added Component: Designator=C69(Rb400mil-450V)
Added Component: Designator=C70(C2012-0805)
Added Component: Designator=C71(Rb400mil-450V)
Added Component: Designator=C72(C_10UF/25V)
Added Component: Designator=C73(Rb800mil)
Added Component: Designator=C74(C2012-0805)
Added Component: Designator=C75(C_10UF/25V)
Added Component: Designator=C76(C2012-0805)
Added Component: Designator=C77(C2012-0805)
Added Component: Designator=C78(C2012-0805)
Added Component: Designator=C79(C2012-0805)
Added Component: Designator=C80(C2012-0805)
Added Component: Designator=C81(C2012-0805)
Added Component: Designator=C82(C2012-0805)
Added Component: Designator=C83(C2012-0805)
Added Component: Designator=C84(C2012-0805)
Added Component: Designator=C85(C2012-0805)
Added Component: Designator=C86(C2012-0805)
Added Component: Designator=C87(C2012-0805)
Added Component: Designator=C88(C2012-0805)
Added Component: Designator=C89(C2012-0805)
Added Component: Designator=C90(C2012-0805)
Added Component: Designator=C91(C2012-0805)
Added Component: Designator=C92(C_10UF/25V)
Added Component: Designator=C93(C_10UF/25V)
Added Component: Designator=C94(C_10UF/25V)
Added Component: Designator=C95(C2012-0805)
Added Component: Designator=C96(C2012-0805)
Added Component: Designator=C97(C2012-0805)
Added Component: Designator=C98(C2012-0805)
Added Component: Designator=C99(C2012-0805)
Added Component: Designator=C100(C2012-0805)
Added Component: Designator=C101(Rad-0.2)
Added Component: Designator=C102(C2012-0805)
Added Component: Designator=C103(Rad-0.2)
Added Component: Designator=C104(C2012-0805)
Added Component: Designator=C105(Rad-0.2)
Added Component: Designator=C106(C2012-0805)
Added Component: Designator=C107(C_10UF/25V)
Added Component: Designator=C108(C_10UF/25V)
Added Component: Designator=C109(C_10UF/25V)
Added Component: Designator=CT1(ACS758-LCB-050U-PFF)
Added Component: Designator=CT2(ACS758-LCB-050U-PFF)
Added Component: Designator=CT3(ACS758-LCB-050U-PFF)
Added Component: Designator=CT4(ACS758-LCB-050U-PFF)
Added Component: Designator=CT5(ACS758-LCB-050U-PFF)
Added Component: Designator=CT6(ACS758-LCB-050U-PFF)
Added Component: Designator=D1(DIODE4007)
Added Component: Designator=D2(LED-SMD)
Added Component: Designator=D3(LED-SMD)
Added Component: Designator=D4(DIODE4007)
Added Component: Designator=D5(LED-SMD)
Added Component: Designator=D6(DIO40A1200V)
Added Component: Designator=D7(DIO40A1200V)
Added Component: Designator=D8(DIO40A1200V)
Added Component: Designator=D9(DIO40A1200V)
Added Component: Designator=D10(DIO40A1200V)
Added Component: Designator=D11(IN4148)
Added Component: Designator=D12(IN4148)
Added Component: Designator=D13(DIO40A1200V)
Added Component: Designator=D14(LED-SMD)
Added Component: Designator=D15(LED-SMD)
Added Component: Designator=D16(IN4148)
Added Component: Designator=D17(LED-SMD)
Added Component: Designator=D18(LED-SMD)
Added Component: Designator=D19(LED-SMD)
Added Component: Designator=D20(DIODE4007)
Added Component: Designator=D21(DIODE4007)
Added Component: Designator=D22(DIODE4007)
Added Component: Designator=D23(LED-SMD)
Added Component: Designator=D24(LED-SMD)
Added Component: Designator=D25(DIODE4007)
Added Component: Designator=D26(DIODE4007)
Added Component: Designator=D27(DIODE4007)
Added Component: Designator=D28(DIODE4007)
Added Component: Designator=D29(DIODE4007)
Added Component: Designator=D30(DIODE4007)
Added Component: Designator=D31(DIODE4007)
Added Component: Designator=D32(DIODE4007)
Added Component: Designator=D33(DIODE4007)
Added Component: Designator=D34(DIODE4007)
Added Component: Designator=D35(DIODE4007)
Added Component: Designator=D36(DIODE4007)
Added Component: Designator=D37(DIODE4007)
Added Component: Designator=D38(DIODE4007)
Added Component: Designator=D39(DIODE4007)
Added Component: Designator=D40(DIODE4007)
Added Component: Designator=D41(DIODE4007)
Added Component: Designator=D42(DIODE4007)
Added Component: Designator=D43(DIODE4007)
Added Component: Designator=D44(DIODE4007)
Added Component: Designator=D45(DIODE4007)
Added Component: Designator=D46(DIODE4007)
Added Component: Designator=D47(DIODE4007)
Added Component: Designator=D48(DIODE4007)
Added Component: Designator=D49(DIODE4007)
Added Component: Designator=D50(DIODE4007)
Added Component: Designator=D51(DIODE4007)
Added Component: Designator=D52(DIODE4007)
Added Component: Designator=D53(LED-SMD)
Added Component: Designator=D54(DIO40A1200V)
Added Component: Designator=D55(DIO40A1200V)
Added Component: Designator=D56(DIO40A1200V)
Added Component: Designator=D57(DIO40A1200V)
Added Component: Designator=D58(DIO40A1200V)
Added Component: Designator=D59(IN4148)
Added Component: Designator=D60(IN4148)
Added Component: Designator=D61(DIO40A1200V)
Added Component: Designator=D62(LED-SMD)
Added Component: Designator=D63(LED-SMD)
Added Component: Designator=D64(IN4148)
Added Component: Designator=D65(LED-SMD)
Added Component: Designator=D66(LED-SMD)
Added Component: Designator=D67(LED-SMD)
Added Component: Designator=D68(DIODE4007)
Added Component: Designator=D69(DIODE4007)
Added Component: Designator=D70(DIODE4007)
Added Component: Designator=D71(LED-SMD)
Added Component: Designator=D72(DIODE4007)
Added Component: Designator=D73(DIODE4007)
Added Component: Designator=D74(DIODE4007)
Added Component: Designator=D75(DIODE4007)
Added Component: Designator=D76(DIODE4007)
Added Component: Designator=D77(DIODE4007)
Added Component: Designator=D78(DIODE4007)
Added Component: Designator=D79(DIODE4007)
Added Component: Designator=D80(DIODE4007)
Added Component: Designator=D81(DIODE4007)
Added Component: Designator=D82(DIODE4007)
Added Component: Designator=D83(DIODE4007)
Added Component: Designator=D84(DIODE4007)
Added Component: Designator=D85(DIODE4007)
Added Component: Designator=D86(DIODE4007)
Added Component: Designator=D87(DIODE4007)
Added Component: Designator=D88(DIODE4007)
Added Component: Designator=D89(DIODE4007)
Added Component: Designator=D90(DIODE4007)
Added Component: Designator=D91(DIODE4007)
Added Component: Designator=D92(DIODE4007)
Added Component: Designator=D93(DIODE4007)
Added Component: Designator=D94(DIODE4007)
Added Component: Designator=D95(DIODE4007)
Added Component: Designator=D96(DIODE4007)
Added Component: Designator=D97(DIODE4007)
Added Component: Designator=D98(DIODE4007)
Added Component: Designator=F1(FUSE)
Added Component: Designator=F2(FUSE)
Added Component: Designator=K1(Relay(30A))
Added Component: Designator=K2(Relay(30A))
Added Component: Designator=L1(R2012-0805)
Added Component: Designator=L2(R2012-0805)
Added Component: Designator=L3(R2012-0805)
Added Component: Designator=L4(R2012-0805)
Added Component: Designator=P1(HDR1X3)
Added Component: Designator=P2(HDR2X10)
Added Component: Designator=P3(HDR1X2)
Added Component: Designator=P4(HDR1X2)
Added Component: Designator=P5(HDR1X2)
Added Component: Designator=P6(HDR1X2)
Added Component: Designator=P7(HDR2X10)
Added Component: Designator=P8(HDR1X2)
Added Component: Designator=P9(HDR1X2)
Added Component: Designator=P10(HDR1X2)
Added Component: Designator=Q1(NPN8050)
Added Component: Designator=Q2(IGBT TO247 40A 1200V)
Added Component: Designator=Q3(IGBT TO247 40A 1200V)
Added Component: Designator=Q4(IGBT TO247 40A 1200V)
Added Component: Designator=Q5(IGBT TO247 40A 1200V)
Added Component: Designator=Q6(IGBT TO247 40A 1200V)
Added Component: Designator=Q7(IGBT TO247 40A 1200V)
Added Component: Designator=Q8(NPN8050)
Added Component: Designator=Q9(IGBT TO247 40A 1200V)
Added Component: Designator=Q10(IGBT TO247 40A 1200V)
Added Component: Designator=Q11(IGBT TO247 40A 1200V)
Added Component: Designator=Q12(IGBT TO247 40A 1200V)
Added Component: Designator=Q13(IGBT TO247 40A 1200V)
Added Component: Designator=Q14(IGBT TO247 40A 1200V)
Added Component: Designator=R1(R2012-0805)
Added Component: Designator=R2(R2012-0805)
Added Component: Designator=R3(R2012-0805)
Added Component: Designator=R4(R2012-0805)
Added Component: Designator=R5(R2012-0805)
Added Component: Designator=R6(R2012-0805)
Added Component: Designator=R7(AXIAL-1*1.3)
Added Component: Designator=R8(R2012-0805)
Added Component: Designator=R9(R2012-0805)
Added Component: Designator=R10(R2012-0805)
Added Component: Designator=R11(R2012-0805)
Added Component: Designator=R12(R2012-0805)
Added Component: Designator=R13(R2012-0805)
Added Component: Designator=R14(R2012-0805)
Added Component: Designator=R15(R2012-0805)
Added Component: Designator=R16(R2012-0805)
Added Component: Designator=R17(R2012-0805)
Added Component: Designator=R18(R2012-0805)
Added Component: Designator=R19(R2012-0805)
Added Component: Designator=R20(R2012-0805)
Added Component: Designator=R21(R2012-0805)
Added Component: Designator=R22(R2012-0805)
Added Component: Designator=R25(R2012-0805)
Added Component: Designator=R26(R2012-0805)
Added Component: Designator=R27(R2012-0805)
Added Component: Designator=R28(R2012-0805)
Added Component: Designator=R29(R2012-0805)
Added Component: Designator=R30(R2012-0805)
Added Component: Designator=R31(R2012-0805)
Added Component: Designator=R32(R2012-0805)
Added Component: Designator=R33(R2012-0805)
Added Component: Designator=R35(R2012-0805)
Added Component: Designator=R36(R2012-0805)
Added Component: Designator=R37(R2012-0805)
Added Component: Designator=R38(R2012-0805)
Added Component: Designator=R39(R2012-0805)
Added Component: Designator=R40(R2012-0805)
Added Component: Designator=R41(R2012-0805)
Added Component: Designator=R42(R2012-0805)
Added Component: Designator=R43(R2012-0805)
Added Component: Designator=R44(R2012-0805)
Added Component: Designator=R45(R2012-0805)
Added Component: Designator=R46(R2012-0805)
Added Component: Designator=R47(R2012-0805)
Added Component: Designator=R48(R2012-0805)
Added Component: Designator=R49(R2012-0805)
Added Component: Designator=R50(R2012-0805)
Added Component: Designator=R51(R2012-0805)
Added Component: Designator=R52(R2012-0805)
Added Component: Designator=R53(R2012-0805)
Added Component: Designator=R54(R2012-0805)
Added Component: Designator=R55(R2012-0805)
Added Component: Designator=R56(R2012-0805)
Added Component: Designator=R57(R2012-0805)
Added Component: Designator=R58(R2012-0805)
Added Component: Designator=R59(R2012-0805)
Added Component: Designator=R60(R2012-0805)
Added Component: Designator=R61(R2012-0805)
Added Component: Designator=R62(R2012-0805)
Added Component: Designator=R63(R2012-0805)
Added Component: Designator=R64(R2012-0805)
Added Component: Designator=R65(R2012-0805)
Added Component: Designator=R66(R2012-0805)
Added Component: Designator=R67(AXIAL-1*1.3)
Added Component: Designator=R68(R2012-0805)
Added Component: Designator=R69(R2012-0805)
Added Component: Designator=R70(R2012-0805)
Added Component: Designator=R71(R2012-0805)
Added Component: Designator=R72(R2012-0805)
Added Component: Designator=R73(R2012-0805)
Added Component: Designator=R74(R2012-0805)
Added Component: Designator=R75(R2012-0805)
Added Component: Designator=R76(R2012-0805)
Added Component: Designator=R79(R2012-0805)
Added Component: Designator=R80(R2012-0805)
Added Component: Designator=R81(R2012-0805)
Added Component: Designator=R82(R2012-0805)
Added Component: Designator=R83(R2012-0805)
Added Component: Designator=R84(R2012-0805)
Added Component: Designator=R85(R2012-0805)
Added Component: Designator=R86(R2012-0805)
Added Component: Designator=R87(R2012-0805)
Added Component: Designator=R89(R2012-0805)
Added Component: Designator=R90(R2012-0805)
Added Component: Designator=R91(R2012-0805)
Added Component: Designator=R92(R2012-0805)
Added Component: Designator=R93(R2012-0805)
Added Component: Designator=R94(R2012-0805)
Added Component: Designator=R95(R2012-0805)
Added Component: Designator=R96(R2012-0805)
Added Component: Designator=R97(R2012-0805)
Added Component: Designator=R98(R2012-0805)
Added Component: Designator=R99(R2012-0805)
Added Component: Designator=R100(R2012-0805)
Added Component: Designator=R101(R2012-0805)
Added Component: Designator=R102(R2012-0805)
Added Component: Designator=R103(R2012-0805)
Added Component: Designator=R104(R2012-0805)
Added Component: Designator=R105(R2012-0805)
Added Component: Designator=R106(R2012-0805)
Added Component: Designator=R107(R2012-0805)
Added Component: Designator=R108(R2012-0805)
Added Component: Designator=R109(R2012-0805)
Added Component: Designator=R110(R2012-0805)
Added Component: Designator=R111(R2012-0805)
Added Component: Designator=R112(R2012-0805)
Added Component: Designator=R113(R2012-0805)
Added Component: Designator=R114(R2012-0805)
Added Component: Designator=R115(R2012-0805)
Added Component: Designator=R116(R2012-0805)
Added Component: Designator=R200(R2012-0805)
Added Component: Designator=R201(R2012-0805)
Added Component: Designator=R202(R2012-0805)
Added Component: Designator=R203(R2012-0805)
Added Component: Designator=R204(R2012-0805)
Added Component: Designator=R205(R2012-0805)
Added Component: Designator=T1(TEM)
Added Component: Designator=T2(TEM)
Added Component: Designator=T3(PIN1)
Added Component: Designator=T4(PIN1)
Added Component: Designator=T5(TEM)
Added Component: Designator=T6(PIN1)
Added Component: Designator=T7(TEM)
Added Component: Designator=T8(PIN1)
Added Component: Designator=T9(TEM)
Added Component: Designator=T10(TEM)
Added Component: Designator=T11(TEM)
Added Component: Designator=T12(TEM)
Added Component: Designator=T13(PIN1)
Added Component: Designator=T14(PIN1)
Added Component: Designator=T15(PIN1)
Added Component: Designator=T16(PIN1)
Added Component: Designator=T17(PIN1)
Added Component: Designator=T18(PIN1)
Added Component: Designator=T19(TEM)
Added Component: Designator=T20(TEM)
Added Component: Designator=T21(TEM)
Added Component: Designator=T22(PIN1)
Added Component: Designator=T23(TEM)
Added Component: Designator=T24(PIN1)
Added Component: Designator=T25(TEM)
Added Component: Designator=T26(TEM)
Added Component: Designator=T27(TEM)
Added Component: Designator=T28(TEM)
Added Component: Designator=T29(PIN1)
Added Component: Designator=T30(PIN1)
Added Component: Designator=T31(PIN1)
Added Component: Designator=T32(PIN1)
Added Component: Designator=T33(PIN1)
Added Component: Designator=T34(PIN1)
Added Component: Designator=TP1(PIN1)
Added Component: Designator=TP2(PIN1)
Added Component: Designator=TP3(PIN1)
Added Component: Designator=TP4(PIN1)
Added Component: Designator=TP5(PIN1)
Added Component: Designator=TP6(PIN1)
Added Component: Designator=TP7(PIN1)
Added Component: Designator=TP8(PIN1)
Added Component: Designator=U1(TLP181)
Added Component: Designator=U2(HCPL788J)
Added Component: Designator=U3(1117-3.3V)
Added Component: Designator=U4(1117-3.3V)
Added Component: Designator=U5(LM339)
Added Component: Designator=U6(74HC174)
Added Component: Designator=U7(HCPL3120)
Added Component: Designator=U8(HCPL3120)
Added Component: Designator=U9(HCPL3120)
Added Component: Designator=U10(HCPL316J)
Added Component: Designator=U11(HCPL316J)
Added Component: Designator=U12(HCPL316J)
Added Component: Designator=U13(TLP181)
Added Component: Designator=U14(1117-3.3V)
Added Component: Designator=U15(LM339)
Added Component: Designator=U16(74HC174)
Added Component: Designator=U17(HCPL3120)
Added Component: Designator=U18(HCPL3120)
Added Component: Designator=U19(HCPL3120)
Added Component: Designator=U20(HCPL316J)
Added Component: Designator=U21(HCPL316J)
Added Component: Designator=U22(HCPL316J)
Added Component: Designator=VR1(MC78L05)
Added Pin To Net: NetName=+5VA Pin=C16-2
Added Pin To Net: NetName=+5VA Pin=C20-2
Added Pin To Net: NetName=+5VA Pin=C24-1
Added Pin To Net: NetName=+5VA Pin=C51-2
Added Pin To Net: NetName=+5VA Pin=C52-2
Added Pin To Net: NetName=+5VA Pin=C53-2
Added Pin To Net: NetName=+5VA Pin=L1-1
Added Pin To Net: NetName=+5VA Pin=L2-1
Added Pin To Net: NetName=+5VA Pin=P2-19
Added Pin To Net: NetName=+5VA Pin=P2-20
Added Pin To Net: NetName=+5VA Pin=U3-3
Added Pin To Net: NetName=+5VA Pin=U10-3
Added Pin To Net: NetName=+5VA Pin=U11-3
Added Pin To Net: NetName=+5VA Pin=U12-3
Added Net: Name=+5VA
Added Pin To Net: NetName=+5VB Pin=C66-2
Added Pin To Net: NetName=+5VB Pin=C70-2
Added Pin To Net: NetName=+5VB Pin=C72-1
Added Pin To Net: NetName=+5VB Pin=C98-2
Added Pin To Net: NetName=+5VB Pin=C99-2
Added Pin To Net: NetName=+5VB Pin=C100-2
Added Pin To Net: NetName=+5VB Pin=L3-1
Added Pin To Net: NetName=+5VB Pin=L4-1
Added Pin To Net: NetName=+5VB Pin=P7-19
Added Pin To Net: NetName=+5VB Pin=P7-20
Added Pin To Net: NetName=+5VB Pin=U14-3
Added Pin To Net: NetName=+5VB Pin=U20-3
Added Pin To Net: NetName=+5VB Pin=U21-3
Added Pin To Net: NetName=+5VB Pin=U22-3
Added Net: Name=+5VB
Added Pin To Net: NetName=+12 Pin=D4-2
Added Pin To Net: NetName=+12 Pin=D52-2
Added Pin To Net: NetName=+12 Pin=K1-2
Added Pin To Net: NetName=+12 Pin=K2-2
Added Pin To Net: NetName=+12 Pin=U1-6
Added Pin To Net: NetName=+12 Pin=U13-6
Added Net: Name=+12
Added Pin To Net: NetName=+12V Pin=C5-1
Added Pin To Net: NetName=+12V Pin=C7-1
Added Pin To Net: NetName=+12V Pin=D2-1
Added Pin To Net: NetName=+12V Pin=P1-3
Added Net: Name=+12V
Added Pin To Net: NetName=-12V Pin=P1-1
Added Pin To Net: NetName=-12V Pin=R6-1
Added Net: Name=-12V
Added Pin To Net: NetName=/FAULT Pin=P2-3
Added Pin To Net: NetName=/FAULT Pin=R9-1
Added Pin To Net: NetName=/FAULT Pin=T3-1
Added Pin To Net: NetName=/FAULT Pin=U2-14
Added Net: Name=/FAULT
Added Pin To Net: NetName=A+3.3VA Pin=C12-2
Added Pin To Net: NetName=A+3.3VA Pin=C21-2
Added Pin To Net: NetName=A+3.3VA Pin=C23-1
Added Pin To Net: NetName=A+3.3VA Pin=R9-2
Added Pin To Net: NetName=A+3.3VA Pin=U2-11
Added Pin To Net: NetName=A+3.3VA Pin=U4-2
Added Pin To Net: NetName=A+3.3VA Pin=U4-4
Added Net: Name=A+3.3VA
Added Pin To Net: NetName=A+5VA Pin=C10-1
Added Pin To Net: NetName=A+5VA Pin=C11-2
Added Pin To Net: NetName=A+5VA Pin=C26-2
Added Pin To Net: NetName=A+5VA Pin=C27-2
Added Pin To Net: NetName=A+5VA Pin=C28-1
Added Pin To Net: NetName=A+5VA Pin=C39-1
Added Pin To Net: NetName=A+5VA Pin=C41-1
Added Pin To Net: NetName=A+5VA Pin=C43-1
Added Pin To Net: NetName=A+5VA Pin=CT1-1
Added Pin To Net: NetName=A+5VA Pin=CT2-1
Added Pin To Net: NetName=A+5VA Pin=CT3-1
Added Pin To Net: NetName=A+5VA Pin=L1-2
Added Pin To Net: NetName=A+5VA Pin=L2-2
Added Pin To Net: NetName=A+5VA Pin=R100-1
Added Pin To Net: NetName=A+5VA Pin=R102-1
Added Pin To Net: NetName=A+5VA Pin=R104-1
Added Pin To Net: NetName=A+5VA Pin=U2-10
Added Pin To Net: NetName=A+5VA Pin=U2-15
Added Pin To Net: NetName=A+5VA Pin=U4-3
Added Pin To Net: NetName=A+5VA Pin=U5-3
Added Net: Name=A+5VA
Added Pin To Net: NetName=A+5VB Pin=C74-2
Added Pin To Net: NetName=A+5VB Pin=C75-1
Added Pin To Net: NetName=A+5VB Pin=C86-1
Added Pin To Net: NetName=A+5VB Pin=C88-1
Added Pin To Net: NetName=A+5VB Pin=C90-1
Added Pin To Net: NetName=A+5VB Pin=CT4-1
Added Pin To Net: NetName=A+5VB Pin=CT5-1
Added Pin To Net: NetName=A+5VB Pin=CT6-1
Added Pin To Net: NetName=A+5VB Pin=L3-2
Added Pin To Net: NetName=A+5VB Pin=L4-2
Added Pin To Net: NetName=A+5VB Pin=R200-1
Added Pin To Net: NetName=A+5VB Pin=R202-1
Added Pin To Net: NetName=A+5VB Pin=R204-1
Added Pin To Net: NetName=A+5VB Pin=U5-3
Added Pin To Net: NetName=A+5VB Pin=U15-3
Added Net: Name=A+5VB
Added Pin To Net: NetName=A_GNDA Pin=C10-2
Added Pin To Net: NetName=A_GNDA Pin=C11-1
Added Pin To Net: NetName=A_GNDA Pin=C12-1
Added Pin To Net: NetName=A_GNDA Pin=C14-1
Added Pin To Net: NetName=A_GNDA Pin=C21-1
Added Pin To Net: NetName=A_GNDA Pin=C23-2
Added Pin To Net: NetName=A_GNDA Pin=C26-1
Added Pin To Net: NetName=A_GNDA Pin=C27-1
Added Pin To Net: NetName=A_GNDA Pin=C28-2
Added Pin To Net: NetName=A_GNDA Pin=C31-1
Added Pin To Net: NetName=A_GNDA Pin=C32-1
Added Pin To Net: NetName=A_GNDA Pin=C36-1
Added Pin To Net: NetName=A_GNDA Pin=C38-1
Added Pin To Net: NetName=A_GNDA Pin=C39-2
Added Pin To Net: NetName=A_GNDA Pin=C40-1
Added Pin To Net: NetName=A_GNDA Pin=C41-2
Added Pin To Net: NetName=A_GNDA Pin=C42-1
Added Pin To Net: NetName=A_GNDA Pin=C43-2
Added Pin To Net: NetName=A_GNDA Pin=CT1-2
Added Pin To Net: NetName=A_GNDA Pin=CT2-2
Added Pin To Net: NetName=A_GNDA Pin=CT3-2
Added Pin To Net: NetName=A_GNDA Pin=P2-5
Added Pin To Net: NetName=A_GNDA Pin=R101-2
Added Pin To Net: NetName=A_GNDA Pin=R103-2
Added Pin To Net: NetName=A_GNDA Pin=R105-2
Added Pin To Net: NetName=A_GNDA Pin=T6-1
Added Pin To Net: NetName=A_GNDA Pin=U2-9
Added Pin To Net: NetName=A_GNDA Pin=U2-16
Added Pin To Net: NetName=A_GNDA Pin=U4-1
Added Pin To Net: NetName=A_GNDA Pin=U5-12
Added Net: Name=A_GNDA
Added Pin To Net: NetName=A_GNDB Pin=C74-1
Added Pin To Net: NetName=A_GNDB Pin=C75-2
Added Pin To Net: NetName=A_GNDB Pin=C78-1
Added Pin To Net: NetName=A_GNDB Pin=C79-1
Added Pin To Net: NetName=A_GNDB Pin=C83-1
Added Pin To Net: NetName=A_GNDB Pin=C85-1
Added Pin To Net: NetName=A_GNDB Pin=C86-2
Added Pin To Net: NetName=A_GNDB Pin=C87-1
Added Pin To Net: NetName=A_GNDB Pin=C88-2
Added Pin To Net: NetName=A_GNDB Pin=C89-1
Added Pin To Net: NetName=A_GNDB Pin=C90-2
Added Pin To Net: NetName=A_GNDB Pin=CT4-2
Added Pin To Net: NetName=A_GNDB Pin=CT5-2
Added Pin To Net: NetName=A_GNDB Pin=CT6-2
Added Pin To Net: NetName=A_GNDB Pin=P7-5
Added Pin To Net: NetName=A_GNDB Pin=P7-6
Added Pin To Net: NetName=A_GNDB Pin=R201-2
Added Pin To Net: NetName=A_GNDB Pin=R203-2
Added Pin To Net: NetName=A_GNDB Pin=R205-2
Added Pin To Net: NetName=A_GNDB Pin=T22-1
Added Pin To Net: NetName=A_GNDB Pin=U5-12
Added Pin To Net: NetName=A_GNDB Pin=U15-12
Added Net: Name=A_GNDB
Added Pin To Net: NetName=ABSVAL Pin=C14-2
Added Pin To Net: NetName=ABSVAL Pin=P2-1
Added Pin To Net: NetName=ABSVAL Pin=R8-2
Added Pin To Net: NetName=ABSVAL Pin=T4-1
Added Net: Name=ABSVAL
Added Pin To Net: NetName=AN_D Pin=D7-3
Added Pin To Net: NetName=AN_D Pin=D37-2
Added Pin To Net: NetName=AN_D Pin=Q3-2
Added Pin To Net: NetName=AN_D Pin=T5-1
Added Pin To Net: NetName=AN_D Pin=T5-2
Added Net: Name=AN_D
Added Pin To Net: NetName=AN_G Pin=Q3-1
Added Pin To Net: NetName=AN_G Pin=R20-2
Added Pin To Net: NetName=AN_G Pin=R58-1
Added Pin To Net: NetName=AN_G Pin=R59-1
Added Net: Name=AN_G
Added Pin To Net: NetName=AN_S Pin=C2-1
Added Pin To Net: NetName=AN_S Pin=C3-2
Added Pin To Net: NetName=AN_S Pin=C4-2
Added Pin To Net: NetName=AN_S Pin=C8-2
Added Pin To Net: NetName=AN_S Pin=C9-1
Added Pin To Net: NetName=AN_S Pin=C17-2
Added Pin To Net: NetName=AN_S Pin=C18-2
Added Pin To Net: NetName=AN_S Pin=C19-2
Added Pin To Net: NetName=AN_S Pin=C22-2
Added Pin To Net: NetName=AN_S Pin=C25-1
Added Pin To Net: NetName=AN_S Pin=C54-2
Added Pin To Net: NetName=AN_S Pin=C55-1
Added Pin To Net: NetName=AN_S Pin=C56-2
Added Pin To Net: NetName=AN_S Pin=C57-1
Added Pin To Net: NetName=AN_S Pin=C58-2
Added Pin To Net: NetName=AN_S Pin=C59-1
Added Pin To Net: NetName=AN_S Pin=C60-2
Added Pin To Net: NetName=AN_S Pin=C61-2
Added Pin To Net: NetName=AN_S Pin=C62-2
Added Pin To Net: NetName=AN_S Pin=C67-2
Added Pin To Net: NetName=AN_S Pin=C68-2
Added Pin To Net: NetName=AN_S Pin=C69-2
Added Pin To Net: NetName=AN_S Pin=C71-2
Added Pin To Net: NetName=AN_S Pin=C73-1
Added Pin To Net: NetName=AN_S Pin=C101-2
Added Pin To Net: NetName=AN_S Pin=C102-1
Added Pin To Net: NetName=AN_S Pin=C103-2
Added Pin To Net: NetName=AN_S Pin=C104-1
Added Pin To Net: NetName=AN_S Pin=C105-2
Added Pin To Net: NetName=AN_S Pin=C106-1
Added Pin To Net: NetName=AN_S Pin=C107-2
Added Pin To Net: NetName=AN_S Pin=C108-2
Added Pin To Net: NetName=AN_S Pin=C109-2
Added Pin To Net: NetName=AN_S Pin=D5-2
Added Pin To Net: NetName=AN_S Pin=D6-3
Added Pin To Net: NetName=AN_S Pin=D8-3
Added Pin To Net: NetName=AN_S Pin=D10-3
Added Pin To Net: NetName=AN_S Pin=D53-2
Added Pin To Net: NetName=AN_S Pin=D54-3
Added Pin To Net: NetName=AN_S Pin=D56-3
Added Pin To Net: NetName=AN_S Pin=D58-3
Added Pin To Net: NetName=AN_S Pin=P6-1
Added Pin To Net: NetName=AN_S Pin=Q3-3
Added Pin To Net: NetName=AN_S Pin=Q5-3
Added Pin To Net: NetName=AN_S Pin=Q7-3
Added Pin To Net: NetName=AN_S Pin=Q10-3
Added Pin To Net: NetName=AN_S Pin=Q12-3
Added Pin To Net: NetName=AN_S Pin=Q14-3
Added Pin To Net: NetName=AN_S Pin=R13-1
Added Pin To Net: NetName=AN_S Pin=R20-1
Added Pin To Net: NetName=AN_S Pin=R22-1
Added Pin To Net: NetName=AN_S Pin=R28-1
Added Pin To Net: NetName=AN_S Pin=R53-1
Added Pin To Net: NetName=AN_S Pin=R74-1
Added Pin To Net: NetName=AN_S Pin=R76-1
Added Pin To Net: NetName=AN_S Pin=R82-1
Added Pin To Net: NetName=AN_S Pin=T1-1
Added Pin To Net: NetName=AN_S Pin=T1-2
Added Pin To Net: NetName=AN_S Pin=T19-1
Added Pin To Net: NetName=AN_S Pin=T19-2
Added Pin To Net: NetName=AN_S Pin=U2-2
Added Pin To Net: NetName=AN_S Pin=U2-8
Added Pin To Net: NetName=AN_S Pin=U10-9
Added Pin To Net: NetName=AN_S Pin=U10-10
Added Pin To Net: NetName=AN_S Pin=U10-16
Added Pin To Net: NetName=AN_S Pin=U11-9
Added Pin To Net: NetName=AN_S Pin=U11-10
Added Pin To Net: NetName=AN_S Pin=U11-16
Added Pin To Net: NetName=AN_S Pin=U12-9
Added Pin To Net: NetName=AN_S Pin=U12-10
Added Pin To Net: NetName=AN_S Pin=U12-16
Added Pin To Net: NetName=AN_S Pin=U20-9
Added Pin To Net: NetName=AN_S Pin=U20-10
Added Pin To Net: NetName=AN_S Pin=U20-16
Added Pin To Net: NetName=AN_S Pin=U21-9
Added Pin To Net: NetName=AN_S Pin=U21-10
Added Pin To Net: NetName=AN_S Pin=U21-16
Added Pin To Net: NetName=AN_S Pin=U22-9
Added Pin To Net: NetName=AN_S Pin=U22-10
Added Pin To Net: NetName=AN_S Pin=U22-16
Added Pin To Net: NetName=AN_S Pin=VR1-2
Added Net: Name=AN_S
Added Pin To Net: NetName=AP15V+ Pin=D18-1
Added Pin To Net: NetName=AP15V+ Pin=D20-1
Added Pin To Net: NetName=AP15V+ Pin=P3-2
Added Net: Name=AP15V+
Added Pin To Net: NetName=AP_G Pin=Q2-1
Added Pin To Net: NetName=AP_G Pin=R19-2
Added Pin To Net: NetName=AP_G Pin=R46-1
Added Pin To Net: NetName=AP_G Pin=R47-1
Added Net: Name=AP_G
Added Pin To Net: NetName=AP_S Pin=C45-2
Added Pin To Net: NetName=AP_S Pin=C48-2
Added Pin To Net: NetName=AP_S Pin=CT2-4
Added Pin To Net: NetName=AP_S Pin=D6-1
Added Pin To Net: NetName=AP_S Pin=P3-1
Added Pin To Net: NetName=AP_S Pin=Q2-3
Added Pin To Net: NetName=AP_S Pin=R19-1
Added Pin To Net: NetName=AP_S Pin=R44-1
Added Pin To Net: NetName=AP_S Pin=U7-5
Added Net: Name=AP_S
Added Pin To Net: NetName=BN_D Pin=D9-3
Added Pin To Net: NetName=BN_D Pin=D40-2
Added Pin To Net: NetName=BN_D Pin=Q5-2
Added Pin To Net: NetName=BN_D Pin=T7-1
Added Pin To Net: NetName=BN_D Pin=T7-2
Added Net: Name=BN_D
Added Pin To Net: NetName=BN_G Pin=Q5-1
Added Pin To Net: NetName=BN_G Pin=R22-2
Added Pin To Net: NetName=BN_G Pin=R60-1
Added Pin To Net: NetName=BN_G Pin=R61-1
Added Net: Name=BN_G
Added Pin To Net: NetName=BP15V+ Pin=D19-1
Added Pin To Net: NetName=BP15V+ Pin=D21-1
Added Pin To Net: NetName=BP15V+ Pin=P4-2
Added Net: Name=BP15V+
Added Pin To Net: NetName=BP_G Pin=Q4-1
Added Pin To Net: NetName=BP_G Pin=R21-2
Added Pin To Net: NetName=BP_G Pin=R48-1
Added Pin To Net: NetName=BP_G Pin=R49-1
Added Net: Name=BP_G
Added Pin To Net: NetName=BP_S Pin=C46-2
Added Pin To Net: NetName=BP_S Pin=C49-2
Added Pin To Net: NetName=BP_S Pin=CT3-4
Added Pin To Net: NetName=BP_S Pin=D8-1
Added Pin To Net: NetName=BP_S Pin=P4-1
Added Pin To Net: NetName=BP_S Pin=Q4-3
Added Pin To Net: NetName=BP_S Pin=R21-1
Added Pin To Net: NetName=BP_S Pin=R45-1
Added Pin To Net: NetName=BP_S Pin=U8-5
Added Net: Name=BP_S
Added Pin To Net: NetName=CN_D Pin=D13-3
Added Pin To Net: NetName=CN_D Pin=D43-2
Added Pin To Net: NetName=CN_D Pin=Q7-2
Added Pin To Net: NetName=CN_D Pin=T9-1
Added Pin To Net: NetName=CN_D Pin=T9-2
Added Net: Name=CN_D
Added Pin To Net: NetName=CN_G Pin=Q7-1
Added Pin To Net: NetName=CN_G Pin=R28-2
Added Pin To Net: NetName=CN_G Pin=R62-1
Added Pin To Net: NetName=CN_G Pin=R63-1
Added Net: Name=CN_G
Added Pin To Net: NetName=CP1 Pin=P2-12
Added Pin To Net: NetName=CP1 Pin=TP1-1
Added Pin To Net: NetName=CP1 Pin=U6-9
Added Net: Name=CP1
Added Pin To Net: NetName=CP2 Pin=P7-11
Added Pin To Net: NetName=CP2 Pin=TP5-1
Added Pin To Net: NetName=CP2 Pin=U16-9
Added Net: Name=CP2
Added Pin To Net: NetName=CP15V+ Pin=D22-1
Added Pin To Net: NetName=CP15V+ Pin=D23-1
Added Pin To Net: NetName=CP15V+ Pin=P5-2
Added Net: Name=CP15V+
Added Pin To Net: NetName=CP_G Pin=Q6-1
Added Pin To Net: NetName=CP_G Pin=R25-2
Added Pin To Net: NetName=CP_G Pin=R50-1
Added Pin To Net: NetName=CP_G Pin=R51-1
Added Net: Name=CP_G
Added Pin To Net: NetName=CP_S Pin=C47-2
Added Pin To Net: NetName=CP_S Pin=C50-2
Added Pin To Net: NetName=CP_S Pin=CT1-4
Added Pin To Net: NetName=CP_S Pin=D10-1
Added Pin To Net: NetName=CP_S Pin=P5-1
Added Pin To Net: NetName=CP_S Pin=Q6-3
Added Pin To Net: NetName=CP_S Pin=R25-1
Added Pin To Net: NetName=CP_S Pin=R52-1
Added Pin To Net: NetName=CP_S Pin=U9-5
Added Net: Name=CP_S
Added Pin To Net: NetName=D+3.3VA Pin=C13-2
Added Pin To Net: NetName=D+3.3VA Pin=C15-1
Added Pin To Net: NetName=D+3.3VA Pin=C37-2
Added Pin To Net: NetName=D+3.3VA Pin=R29-2
Added Pin To Net: NetName=D+3.3VA Pin=R30-2
Added Pin To Net: NetName=D+3.3VA Pin=R31-2
Added Pin To Net: NetName=D+3.3VA Pin=R32-2
Added Pin To Net: NetName=D+3.3VA Pin=R33-2
Added Pin To Net: NetName=D+3.3VA Pin=R39-2
Added Pin To Net: NetName=D+3.3VA Pin=R40-2
Added Pin To Net: NetName=D+3.3VA Pin=R41-2
Added Pin To Net: NetName=D+3.3VA Pin=R42-2
Added Pin To Net: NetName=D+3.3VA Pin=R43-2
Added Pin To Net: NetName=D+3.3VA Pin=R54-2
Added Pin To Net: NetName=D+3.3VA Pin=U1-1
Added Pin To Net: NetName=D+3.3VA Pin=U3-2
Added Pin To Net: NetName=D+3.3VA Pin=U3-4
Added Pin To Net: NetName=D+3.3VA Pin=U6-16
Added Net: Name=D+3.3VA
Added Pin To Net: NetName=D+3.3VB Pin=C64-2
Added Pin To Net: NetName=D+3.3VB Pin=C65-1
Added Pin To Net: NetName=D+3.3VB Pin=C84-2
Added Pin To Net: NetName=D+3.3VB Pin=R83-2
Added Pin To Net: NetName=D+3.3VB Pin=R84-2
Added Pin To Net: NetName=D+3.3VB Pin=R85-2
Added Pin To Net: NetName=D+3.3VB Pin=R86-2
Added Pin To Net: NetName=D+3.3VB Pin=R87-2
Added Pin To Net: NetName=D+3.3VB Pin=R93-2
Added Pin To Net: NetName=D+3.3VB Pin=R94-2
Added Pin To Net: NetName=D+3.3VB Pin=R95-2
Added Pin To Net: NetName=D+3.3VB Pin=R96-2
Added Pin To Net: NetName=D+3.3VB Pin=R97-2
Added Pin To Net: NetName=D+3.3VB Pin=R107-2
Added Pin To Net: NetName=D+3.3VB Pin=U13-1
Added Pin To Net: NetName=D+3.3VB Pin=U14-2
Added Pin To Net: NetName=D+3.3VB Pin=U14-4
Added Pin To Net: NetName=D+3.3VB Pin=U16-16
Added Net: Name=D+3.3VB
Added Pin To Net: NetName=DA Pin=C34-2
Added Pin To Net: NetName=DA Pin=D12-1
Added Pin To Net: NetName=DA Pin=D15-2
Added Pin To Net: NetName=DA Pin=R30-1
Added Pin To Net: NetName=DA Pin=U5-1
Added Pin To Net: NetName=DA Pin=U6-4
Added Net: Name=DA
Added Pin To Net: NetName=DB Pin=C33-2
Added Pin To Net: NetName=DB Pin=D11-1
Added Pin To Net: NetName=DB Pin=D14-2
Added Pin To Net: NetName=DB Pin=R29-1
Added Pin To Net: NetName=DB Pin=U5-2
Added Pin To Net: NetName=DB Pin=U6-6
Added Net: Name=DB
Added Pin To Net: NetName=DC Pin=C44-2
Added Pin To Net: NetName=DC Pin=D16-1
Added Pin To Net: NetName=DC Pin=D17-2
Added Pin To Net: NetName=DC Pin=R39-1
Added Pin To Net: NetName=DC Pin=U5-14
Added Pin To Net: NetName=DC Pin=U6-11
Added Net: Name=DC
Added Pin To Net: NetName=DU Pin=C81-2
Added Pin To Net: NetName=DU Pin=D60-1
Added Pin To Net: NetName=DU Pin=D63-2
Added Pin To Net: NetName=DU Pin=R84-1
Added Pin To Net: NetName=DU Pin=U15-1
Added Pin To Net: NetName=DU Pin=U16-4
Added Net: Name=DU
Added Pin To Net: NetName=DV Pin=C80-2
Added Pin To Net: NetName=DV Pin=D59-1
Added Pin To Net: NetName=DV Pin=D62-2
Added Pin To Net: NetName=DV Pin=R83-1
Added Pin To Net: NetName=DV Pin=U15-2
Added Pin To Net: NetName=DV Pin=U16-6
Added Net: Name=DV
Added Pin To Net: NetName=DW Pin=C91-2
Added Pin To Net: NetName=DW Pin=D64-1
Added Pin To Net: NetName=DW Pin=D65-2
Added Pin To Net: NetName=DW Pin=R93-1
Added Pin To Net: NetName=DW Pin=U5-13
Added Pin To Net: NetName=DW Pin=U16-11
Added Net: Name=DW
Added Pin To Net: NetName=GND12 Pin=C5-2
Added Pin To Net: NetName=GND12 Pin=C6-1
Added Pin To Net: NetName=GND12 Pin=C7-2
Added Pin To Net: NetName=GND12 Pin=C63-1
Added Pin To Net: NetName=GND12 Pin=D3-1
Added Pin To Net: NetName=GND12 Pin=P1-2
Added Pin To Net: NetName=GND12 Pin=Q1-2
Added Pin To Net: NetName=GND12 Pin=Q8-2
Added Pin To Net: NetName=GND12 Pin=R4-1
Added Pin To Net: NetName=GND12 Pin=R5-1
Added Pin To Net: NetName=GND12 Pin=R66-1
Added Net: Name=GND12
Added Pin To Net: NetName=GNDA Pin=C13-1
Added Pin To Net: NetName=GNDA Pin=C15-2
Added Pin To Net: NetName=GNDA Pin=C16-1
Added Pin To Net: NetName=GNDA Pin=C20-1
Added Pin To Net: NetName=GNDA Pin=C24-2
Added Pin To Net: NetName=GNDA Pin=C33-1
Added Pin To Net: NetName=GNDA Pin=C34-1
Added Pin To Net: NetName=GNDA Pin=C37-1
Added Pin To Net: NetName=GNDA Pin=C44-1
Added Pin To Net: NetName=GNDA Pin=C51-1
Added Pin To Net: NetName=GNDA Pin=C52-1
Added Pin To Net: NetName=GNDA Pin=C53-1
Added Pin To Net: NetName=GNDA Pin=P2-7
Added Pin To Net: NetName=GNDA Pin=P2-8
Added Pin To Net: NetName=GNDA Pin=T8-1
Added Pin To Net: NetName=GNDA Pin=U3-1
Added Pin To Net: NetName=GNDA Pin=U6-8
Added Pin To Net: NetName=GNDA Pin=U10-4
Added Pin To Net: NetName=GNDA Pin=U10-8
Added Pin To Net: NetName=GNDA Pin=U11-4
Added Pin To Net: NetName=GNDA Pin=U11-8
Added Pin To Net: NetName=GNDA Pin=U12-4
Added Pin To Net: NetName=GNDA Pin=U12-8
Added Net: Name=GNDA
Added Pin To Net: NetName=GNDB Pin=C64-1
Added Pin To Net: NetName=GNDB Pin=C65-2
Added Pin To Net: NetName=GNDB Pin=C66-1
Added Pin To Net: NetName=GNDB Pin=C70-1
Added Pin To Net: NetName=GNDB Pin=C72-2
Added Pin To Net: NetName=GNDB Pin=C80-1
Added Pin To Net: NetName=GNDB Pin=C81-1
Added Pin To Net: NetName=GNDB Pin=C84-1
Added Pin To Net: NetName=GNDB Pin=C91-1
Added Pin To Net: NetName=GNDB Pin=C98-1
Added Pin To Net: NetName=GNDB Pin=C99-1
Added Pin To Net: NetName=GNDB Pin=C100-1
Added Pin To Net: NetName=GNDB Pin=P7-7
Added Pin To Net: NetName=GNDB Pin=P7-8
Added Pin To Net: NetName=GNDB Pin=T24-1
Added Pin To Net: NetName=GNDB Pin=U14-1
Added Pin To Net: NetName=GNDB Pin=U16-8
Added Pin To Net: NetName=GNDB Pin=U20-4
Added Pin To Net: NetName=GNDB Pin=U20-8
Added Pin To Net: NetName=GNDB Pin=U21-4
Added Pin To Net: NetName=GNDB Pin=U21-8
Added Pin To Net: NetName=GNDB Pin=U22-4
Added Pin To Net: NetName=GNDB Pin=U22-8
Added Net: Name=GNDB
Added Pin To Net: NetName=IA Pin=C30-1
Added Pin To Net: NetName=IA Pin=C40-2
Added Pin To Net: NetName=IA Pin=P2-2
Added Pin To Net: NetName=IA Pin=R37-2
Added Pin To Net: NetName=IA Pin=T14-1
Added Pin To Net: NetName=IA Pin=U5-6
Added Net: Name=IA
Added Pin To Net: NetName=IB Pin=C29-1
Added Pin To Net: NetName=IB Pin=C42-2
Added Pin To Net: NetName=IB Pin=P2-4
Added Pin To Net: NetName=IB Pin=R38-2
Added Pin To Net: NetName=IB Pin=T15-1
Added Pin To Net: NetName=IB Pin=U5-4
Added Net: Name=IB
Added Pin To Net: NetName=IC Pin=C35-1
Added Pin To Net: NetName=IC Pin=C38-2
Added Pin To Net: NetName=IC Pin=P2-6
Added Pin To Net: NetName=IC Pin=R36-2
Added Pin To Net: NetName=IC Pin=T13-1
Added Pin To Net: NetName=IC Pin=U5-8
Added Net: Name=IC
Added Pin To Net: NetName=IPU+ Pin=C92-2
Added Pin To Net: NetName=IPU+ Pin=C95-2
Added Pin To Net: NetName=IPU+ Pin=CT5-4
Added Pin To Net: NetName=IPU+ Pin=D54-1
Added Pin To Net: NetName=IPU+ Pin=P8-1
Added Pin To Net: NetName=IPU+ Pin=Q9-3
Added Pin To Net: NetName=IPU+ Pin=R73-1
Added Pin To Net: NetName=IPU+ Pin=R98-1
Added Pin To Net: NetName=IPU+ Pin=U17-5
Added Net: Name=IPU+
Added Pin To Net: NetName=IPV+ Pin=C93-2
Added Pin To Net: NetName=IPV+ Pin=C96-2
Added Pin To Net: NetName=IPV+ Pin=CT6-4
Added Pin To Net: NetName=IPV+ Pin=D56-1
Added Pin To Net: NetName=IPV+ Pin=P10-1
Added Pin To Net: NetName=IPV+ Pin=Q11-3
Added Pin To Net: NetName=IPV+ Pin=R75-1
Added Pin To Net: NetName=IPV+ Pin=R106-1
Added Pin To Net: NetName=IPV+ Pin=U18-5
Added Net: Name=IPV+
Added Pin To Net: NetName=IPW+ Pin=C94-2
Added Pin To Net: NetName=IPW+ Pin=C97-2
Added Pin To Net: NetName=IPW+ Pin=CT4-4
Added Pin To Net: NetName=IPW+ Pin=D58-1
Added Pin To Net: NetName=IPW+ Pin=P9-1
Added Pin To Net: NetName=IPW+ Pin=Q13-3
Added Pin To Net: NetName=IPW+ Pin=R79-1
Added Pin To Net: NetName=IPW+ Pin=R99-1
Added Pin To Net: NetName=IPW+ Pin=U19-5
Added Net: Name=IPW+
Added Pin To Net: NetName=IU Pin=C77-1
Added Pin To Net: NetName=IU Pin=C87-2
Added Pin To Net: NetName=IU Pin=P7-1
Added Pin To Net: NetName=IU Pin=R91-2
Added Pin To Net: NetName=IU Pin=T30-1
Added Pin To Net: NetName=IU Pin=U15-6
Added Net: Name=IU
Added Pin To Net: NetName=IV Pin=C76-1
Added Pin To Net: NetName=IV Pin=C89-2
Added Pin To Net: NetName=IV Pin=P7-2
Added Pin To Net: NetName=IV Pin=R92-2
Added Pin To Net: NetName=IV Pin=T31-1
Added Pin To Net: NetName=IV Pin=U15-4
Added Net: Name=IV
Added Pin To Net: NetName=IW Pin=C82-1
Added Pin To Net: NetName=IW Pin=C85-2
Added Pin To Net: NetName=IW Pin=P7-4
Added Pin To Net: NetName=IW Pin=R90-2
Added Pin To Net: NetName=IW Pin=T29-1
Added Pin To Net: NetName=IW Pin=U5-10
Added Net: Name=IW
Added Pin To Net: NetName=N15V+ Pin=D1-1
Added Pin To Net: NetName=N15V+ Pin=D24-1
Added Pin To Net: NetName=N15V+ Pin=D25-1
Added Pin To Net: NetName=N15V+ Pin=D26-1
Added Pin To Net: NetName=N15V+ Pin=D27-1
Added Pin To Net: NetName=N15V+ Pin=D72-1
Added Pin To Net: NetName=N15V+ Pin=D73-1
Added Pin To Net: NetName=N15V+ Pin=D74-1
Added Pin To Net: NetName=N15V+ Pin=P6-2
Added Net: Name=N15V+
Added Pin To Net: NetName=NetC1_1 Pin=C1-1
Added Pin To Net: NetName=NetC1_1 Pin=U2-4
Added Net: Name=NetC1_1
Added Pin To Net: NetName=NetC1_2 Pin=C1-2
Added Pin To Net: NetName=NetC1_2 Pin=U2-3
Added Net: Name=NetC1_2
Added Pin To Net: NetName=NetC2_2 Pin=C2-2
Added Pin To Net: NetName=NetC2_2 Pin=D1-2
Added Pin To Net: NetName=NetC2_2 Pin=VR1-1
Added Net: Name=NetC2_2
Added Pin To Net: NetName=NetC4_1 Pin=C4-1
Added Pin To Net: NetName=NetC4_1 Pin=R2-2
Added Pin To Net: NetName=NetC4_1 Pin=U2-1
Added Net: Name=NetC4_1
Added Pin To Net: NetName=NetC6_2 Pin=C6-2
Added Pin To Net: NetName=NetC6_2 Pin=Q1-1
Added Pin To Net: NetName=NetC6_2 Pin=R3-1
Added Pin To Net: NetName=NetC6_2 Pin=R4-2
Added Net: Name=NetC6_2
Added Pin To Net: NetName=NetC17_1 Pin=C17-1
Added Pin To Net: NetName=NetC17_1 Pin=C18-1
Added Pin To Net: NetName=NetC17_1 Pin=C19-1
Added Pin To Net: NetName=NetC17_1 Pin=C22-1
Added Pin To Net: NetName=NetC17_1 Pin=C25-2
Added Pin To Net: NetName=NetC17_1 Pin=D7-1
Added Pin To Net: NetName=NetC17_1 Pin=D9-1
Added Pin To Net: NetName=NetC17_1 Pin=D13-1
Added Pin To Net: NetName=NetC17_1 Pin=K1-4
Added Pin To Net: NetName=NetC17_1 Pin=Q2-2
Added Pin To Net: NetName=NetC17_1 Pin=Q4-2
Added Pin To Net: NetName=NetC17_1 Pin=Q6-2
Added Pin To Net: NetName=NetC17_1 Pin=R7-1
Added Pin To Net: NetName=NetC17_1 Pin=R10-2
Added Pin To Net: NetName=NetC17_1 Pin=R18-1
Added Net: Name=NetC17_1
Added Pin To Net: NetName=NetC29_2 Pin=C29-2
Added Pin To Net: NetName=NetC29_2 Pin=C31-2
Added Pin To Net: NetName=NetC29_2 Pin=R26-2
Added Pin To Net: NetName=NetC29_2 Pin=R102-2
Added Pin To Net: NetName=NetC29_2 Pin=R103-1
Added Pin To Net: NetName=NetC29_2 Pin=U5-5
Added Net: Name=NetC29_2
Added Pin To Net: NetName=NetC30_2 Pin=C30-2
Added Pin To Net: NetName=NetC30_2 Pin=C32-2
Added Pin To Net: NetName=NetC30_2 Pin=R27-2
Added Pin To Net: NetName=NetC30_2 Pin=R100-2
Added Pin To Net: NetName=NetC30_2 Pin=R101-1
Added Pin To Net: NetName=NetC30_2 Pin=U5-7
Added Net: Name=NetC30_2
Added Pin To Net: NetName=NetC35_2 Pin=C35-2
Added Pin To Net: NetName=NetC35_2 Pin=C36-2
Added Pin To Net: NetName=NetC35_2 Pin=R35-2
Added Pin To Net: NetName=NetC35_2 Pin=R104-2
Added Pin To Net: NetName=NetC35_2 Pin=R105-1
Added Pin To Net: NetName=NetC35_2 Pin=U5-9
Added Net: Name=NetC35_2
Added Pin To Net: NetName=NetC45_1 Pin=C45-1
Added Pin To Net: NetName=NetC45_1 Pin=C48-1
Added Pin To Net: NetName=NetC45_1 Pin=D20-2
Added Pin To Net: NetName=NetC45_1 Pin=U7-8
Added Net: Name=NetC45_1
Added Pin To Net: NetName=NetC46_1 Pin=C46-1
Added Pin To Net: NetName=NetC46_1 Pin=C49-1
Added Pin To Net: NetName=NetC46_1 Pin=D21-2
Added Pin To Net: NetName=NetC46_1 Pin=U8-8
Added Net: Name=NetC46_1
Added Pin To Net: NetName=NetC47_1 Pin=C47-1
Added Pin To Net: NetName=NetC47_1 Pin=C50-1
Added Pin To Net: NetName=NetC47_1 Pin=D22-2
Added Pin To Net: NetName=NetC47_1 Pin=U9-8
Added Net: Name=NetC47_1
Added Pin To Net: NetName=NetC54_1 Pin=C54-1
Added Pin To Net: NetName=NetC54_1 Pin=R55-2
Added Pin To Net: NetName=NetC54_1 Pin=U10-14
Added Net: Name=NetC54_1
Added Pin To Net: NetName=NetC55_2 Pin=C55-2
Added Pin To Net: NetName=NetC55_2 Pin=C60-1
Added Pin To Net: NetName=NetC55_2 Pin=D25-2
Added Pin To Net: NetName=NetC55_2 Pin=U10-12
Added Pin To Net: NetName=NetC55_2 Pin=U10-13
Added Net: Name=NetC55_2
Added Pin To Net: NetName=NetC56_1 Pin=C56-1
Added Pin To Net: NetName=NetC56_1 Pin=R56-2
Added Pin To Net: NetName=NetC56_1 Pin=U11-14
Added Net: Name=NetC56_1
Added Pin To Net: NetName=NetC57_2 Pin=C57-2
Added Pin To Net: NetName=NetC57_2 Pin=C61-1
Added Pin To Net: NetName=NetC57_2 Pin=D26-2
Added Pin To Net: NetName=NetC57_2 Pin=U11-12
Added Pin To Net: NetName=NetC57_2 Pin=U11-13
Added Net: Name=NetC57_2
Added Pin To Net: NetName=NetC58_1 Pin=C58-1
Added Pin To Net: NetName=NetC58_1 Pin=R57-2
Added Pin To Net: NetName=NetC58_1 Pin=U12-14
Added Net: Name=NetC58_1
Added Pin To Net: NetName=NetC59_2 Pin=C59-2
Added Pin To Net: NetName=NetC59_2 Pin=C62-1
Added Pin To Net: NetName=NetC59_2 Pin=D27-2
Added Pin To Net: NetName=NetC59_2 Pin=U12-12
Added Pin To Net: NetName=NetC59_2 Pin=U12-13
Added Net: Name=NetC59_2
Added Pin To Net: NetName=NetC63_2 Pin=C63-2
Added Pin To Net: NetName=NetC63_2 Pin=Q8-1
Added Pin To Net: NetName=NetC63_2 Pin=R65-1
Added Pin To Net: NetName=NetC63_2 Pin=R66-2
Added Net: Name=NetC63_2
Added Pin To Net: NetName=NetC67_1 Pin=C67-1
Added Pin To Net: NetName=NetC67_1 Pin=C68-1
Added Pin To Net: NetName=NetC67_1 Pin=C69-1
Added Pin To Net: NetName=NetC67_1 Pin=C71-1
Added Pin To Net: NetName=NetC67_1 Pin=C73-2
Added Pin To Net: NetName=NetC67_1 Pin=D55-1
Added Pin To Net: NetName=NetC67_1 Pin=D57-1
Added Pin To Net: NetName=NetC67_1 Pin=D61-1
Added Pin To Net: NetName=NetC67_1 Pin=K2-4
Added Pin To Net: NetName=NetC67_1 Pin=Q9-2
Added Pin To Net: NetName=NetC67_1 Pin=Q11-2
Added Pin To Net: NetName=NetC67_1 Pin=Q13-2
Added Pin To Net: NetName=NetC67_1 Pin=R67-1
Added Pin To Net: NetName=NetC67_1 Pin=R72-1
Added Net: Name=NetC67_1
Added Pin To Net: NetName=NetC76_2 Pin=C76-2
Added Pin To Net: NetName=NetC76_2 Pin=C78-2
Added Pin To Net: NetName=NetC76_2 Pin=R80-2
Added Pin To Net: NetName=NetC76_2 Pin=R202-2
Added Pin To Net: NetName=NetC76_2 Pin=R203-1
Added Pin To Net: NetName=NetC76_2 Pin=U15-5
Added Net: Name=NetC76_2
Added Pin To Net: NetName=NetC77_2 Pin=C77-2
Added Pin To Net: NetName=NetC77_2 Pin=C79-2
Added Pin To Net: NetName=NetC77_2 Pin=R81-2
Added Pin To Net: NetName=NetC77_2 Pin=R200-2
Added Pin To Net: NetName=NetC77_2 Pin=R201-1
Added Pin To Net: NetName=NetC77_2 Pin=U15-7
Added Net: Name=NetC77_2
Added Pin To Net: NetName=NetC82_2 Pin=C82-2
Added Pin To Net: NetName=NetC82_2 Pin=C83-2
Added Pin To Net: NetName=NetC82_2 Pin=R89-2
Added Pin To Net: NetName=NetC82_2 Pin=R204-2
Added Pin To Net: NetName=NetC82_2 Pin=R205-1
Added Pin To Net: NetName=NetC82_2 Pin=U5-11
Added Net: Name=NetC82_2
Added Pin To Net: NetName=NetC92_1 Pin=C92-1
Added Pin To Net: NetName=NetC92_1 Pin=C95-1
Added Pin To Net: NetName=NetC92_1 Pin=D68-2
Added Pin To Net: NetName=NetC92_1 Pin=U17-8
Added Net: Name=NetC92_1
Added Pin To Net: NetName=NetC93_1 Pin=C93-1
Added Pin To Net: NetName=NetC93_1 Pin=C96-1
Added Pin To Net: NetName=NetC93_1 Pin=D69-2
Added Pin To Net: NetName=NetC93_1 Pin=U18-8
Added Net: Name=NetC93_1
Added Pin To Net: NetName=NetC94_1 Pin=C94-1
Added Pin To Net: NetName=NetC94_1 Pin=C97-1
Added Pin To Net: NetName=NetC94_1 Pin=D70-2
Added Pin To Net: NetName=NetC94_1 Pin=U19-8
Added Net: Name=NetC94_1
Added Pin To Net: NetName=NetC101_1 Pin=C101-1
Added Pin To Net: NetName=NetC101_1 Pin=R108-2
Added Pin To Net: NetName=NetC101_1 Pin=U20-14
Added Net: Name=NetC101_1
Added Pin To Net: NetName=NetC102_2 Pin=C102-2
Added Pin To Net: NetName=NetC102_2 Pin=C107-1
Added Pin To Net: NetName=NetC102_2 Pin=D72-2
Added Pin To Net: NetName=NetC102_2 Pin=U20-12
Added Pin To Net: NetName=NetC102_2 Pin=U20-13
Added Net: Name=NetC102_2
Added Pin To Net: NetName=NetC103_1 Pin=C103-1
Added Pin To Net: NetName=NetC103_1 Pin=R109-2
Added Pin To Net: NetName=NetC103_1 Pin=U21-14
Added Net: Name=NetC103_1
Added Pin To Net: NetName=NetC104_2 Pin=C104-2
Added Pin To Net: NetName=NetC104_2 Pin=C108-1
Added Pin To Net: NetName=NetC104_2 Pin=D73-2
Added Pin To Net: NetName=NetC104_2 Pin=U21-12
Added Pin To Net: NetName=NetC104_2 Pin=U21-13
Added Net: Name=NetC104_2
Added Pin To Net: NetName=NetC105_1 Pin=C105-1
Added Pin To Net: NetName=NetC105_1 Pin=R110-2
Added Pin To Net: NetName=NetC105_1 Pin=U22-14
Added Net: Name=NetC105_1
Added Pin To Net: NetName=NetC106_2 Pin=C106-2
Added Pin To Net: NetName=NetC106_2 Pin=C109-1
Added Pin To Net: NetName=NetC106_2 Pin=D74-2
Added Pin To Net: NetName=NetC106_2 Pin=U22-12
Added Pin To Net: NetName=NetC106_2 Pin=U22-13
Added Net: Name=NetC106_2
Added Pin To Net: NetName=NetCT1_3 Pin=CT1-3
Added Pin To Net: NetName=NetCT1_3 Pin=R36-1
Added Net: Name=NetCT1_3
Added Pin To Net: NetName=NetCT1_5 Pin=CT1-5
Added Pin To Net: NetName=NetCT1_5 Pin=T10-1
Added Pin To Net: NetName=NetCT1_5 Pin=T10-2
Added Net: Name=NetCT1_5
Added Pin To Net: NetName=NetCT2_3 Pin=CT2-3
Added Pin To Net: NetName=NetCT2_3 Pin=R37-1
Added Net: Name=NetCT2_3
Added Pin To Net: NetName=NetCT2_5 Pin=CT2-5
Added Pin To Net: NetName=NetCT2_5 Pin=T11-1
Added Pin To Net: NetName=NetCT2_5 Pin=T11-2
Added Net: Name=NetCT2_5
Added Pin To Net: NetName=NetCT3_3 Pin=CT3-3
Added Pin To Net: NetName=NetCT3_3 Pin=R38-1
Added Net: Name=NetCT3_3
Added Pin To Net: NetName=NetCT3_5 Pin=CT3-5
Added Pin To Net: NetName=NetCT3_5 Pin=T12-1
Added Pin To Net: NetName=NetCT3_5 Pin=T12-2
Added Net: Name=NetCT3_5
Added Pin To Net: NetName=NetCT4_3 Pin=CT4-3
Added Pin To Net: NetName=NetCT4_3 Pin=R90-1
Added Net: Name=NetCT4_3
Added Pin To Net: NetName=NetCT4_5 Pin=CT4-5
Added Pin To Net: NetName=NetCT4_5 Pin=T26-1
Added Pin To Net: NetName=NetCT4_5 Pin=T26-2
Added Net: Name=NetCT4_5
Added Pin To Net: NetName=NetCT5_3 Pin=CT5-3
Added Pin To Net: NetName=NetCT5_3 Pin=R91-1
Added Net: Name=NetCT5_3
Added Pin To Net: NetName=NetCT5_5 Pin=CT5-5
Added Pin To Net: NetName=NetCT5_5 Pin=T27-1
Added Pin To Net: NetName=NetCT5_5 Pin=T27-2
Added Net: Name=NetCT5_5
Added Pin To Net: NetName=NetCT6_3 Pin=CT6-3
Added Pin To Net: NetName=NetCT6_3 Pin=R92-1
Added Net: Name=NetCT6_3
Added Pin To Net: NetName=NetCT6_5 Pin=CT6-5
Added Pin To Net: NetName=NetCT6_5 Pin=T28-1
Added Pin To Net: NetName=NetCT6_5 Pin=T28-2
Added Net: Name=NetCT6_5
Added Pin To Net: NetName=NetD2_2 Pin=D2-2
Added Pin To Net: NetName=NetD2_2 Pin=R5-2
Added Net: Name=NetD2_2
Added Pin To Net: NetName=NetD3_2 Pin=D3-2
Added Pin To Net: NetName=NetD3_2 Pin=R6-2
Added Net: Name=NetD3_2
Added Pin To Net: NetName=NetD4_1 Pin=D4-1
Added Pin To Net: NetName=NetD4_1 Pin=K1-3
Added Pin To Net: NetName=NetD4_1 Pin=Q1-3
Added Net: Name=NetD4_1
Added Pin To Net: NetName=NetD5_1 Pin=D5-1
Added Pin To Net: NetName=NetD5_1 Pin=R15-1
Added Net: Name=NetD5_1
Added Pin To Net: NetName=NetD11_2 Pin=D11-2
Added Pin To Net: NetName=NetD11_2 Pin=R26-1
Added Net: Name=NetD11_2
Added Pin To Net: NetName=NetD12_2 Pin=D12-2
Added Pin To Net: NetName=NetD12_2 Pin=R27-1
Added Net: Name=NetD12_2
Added Pin To Net: NetName=NetD14_1 Pin=D14-1
Added Pin To Net: NetName=NetD14_1 Pin=R31-1
Added Net: Name=NetD14_1
Added Pin To Net: NetName=NetD15_1 Pin=D15-1
Added Pin To Net: NetName=NetD15_1 Pin=R32-1
Added Net: Name=NetD15_1
Added Pin To Net: NetName=NetD16_2 Pin=D16-2
Added Pin To Net: NetName=NetD16_2 Pin=R35-1
Added Net: Name=NetD16_2
Added Pin To Net: NetName=NetD17_1 Pin=D17-1
Added Pin To Net: NetName=NetD17_1 Pin=R40-1
Added Net: Name=NetD17_1
Added Pin To Net: NetName=NetD18_2 Pin=D18-2
Added Pin To Net: NetName=NetD18_2 Pin=R44-2
Added Net: Name=NetD18_2
Added Pin To Net: NetName=NetD19_2 Pin=D19-2
Added Pin To Net: NetName=NetD19_2 Pin=R45-2
Added Net: Name=NetD19_2
Added Pin To Net: NetName=NetD23_2 Pin=D23-2
Added Pin To Net: NetName=NetD23_2 Pin=R52-2
Added Net: Name=NetD23_2
Added Pin To Net: NetName=NetD24_2 Pin=D24-2
Added Pin To Net: NetName=NetD24_2 Pin=R53-2
Added Net: Name=NetD24_2
Added Pin To Net: NetName=NetD28_1 Pin=D28-1
Added Pin To Net: NetName=NetD28_1 Pin=D29-2
Added Net: Name=NetD28_1
Added Pin To Net: NetName=NetD28_2 Pin=D28-2
Added Pin To Net: NetName=NetD28_2 Pin=D37-1
Added Net: Name=NetD28_2
Added Pin To Net: NetName=NetD29_1 Pin=D29-1
Added Pin To Net: NetName=NetD29_1 Pin=D38-2
Added Net: Name=NetD29_1
Added Pin To Net: NetName=NetD30_1 Pin=D30-1
Added Pin To Net: NetName=NetD30_1 Pin=R55-1
Added Net: Name=NetD30_1
Added Pin To Net: NetName=NetD30_2 Pin=D30-2
Added Pin To Net: NetName=NetD30_2 Pin=D39-1
Added Net: Name=NetD30_2
Added Pin To Net: NetName=NetD31_1 Pin=D31-1
Added Pin To Net: NetName=NetD31_1 Pin=D32-2
Added Net: Name=NetD31_1
Added Pin To Net: NetName=NetD31_2 Pin=D31-2
Added Pin To Net: NetName=NetD31_2 Pin=D40-1
Added Net: Name=NetD31_2
Added Pin To Net: NetName=NetD32_1 Pin=D32-1
Added Pin To Net: NetName=NetD32_1 Pin=D41-2
Added Net: Name=NetD32_1
Added Pin To Net: NetName=NetD33_1 Pin=D33-1
Added Pin To Net: NetName=NetD33_1 Pin=R56-1
Added Net: Name=NetD33_1
Added Pin To Net: NetName=NetD33_2 Pin=D33-2
Added Pin To Net: NetName=NetD33_2 Pin=D42-1
Added Net: Name=NetD33_2
Added Pin To Net: NetName=NetD34_1 Pin=D34-1
Added Pin To Net: NetName=NetD34_1 Pin=D35-2
Added Net: Name=NetD34_1
Added Pin To Net: NetName=NetD34_2 Pin=D34-2
Added Pin To Net: NetName=NetD34_2 Pin=D43-1
Added Net: Name=NetD34_2
Added Pin To Net: NetName=NetD35_1 Pin=D35-1
Added Pin To Net: NetName=NetD35_1 Pin=D44-2
Added Net: Name=NetD35_1
Added Pin To Net: NetName=NetD36_1 Pin=D36-1
Added Pin To Net: NetName=NetD36_1 Pin=R57-1
Added Net: Name=NetD36_1
Added Pin To Net: NetName=NetD36_2 Pin=D36-2
Added Pin To Net: NetName=NetD36_2 Pin=D45-1
Added Net: Name=NetD36_2
Added Pin To Net: NetName=NetD38_1 Pin=D38-1
Added Pin To Net: NetName=NetD38_1 Pin=D46-2
Added Net: Name=NetD38_1
Added Pin To Net: NetName=NetD39_2 Pin=D39-2
Added Pin To Net: NetName=NetD39_2 Pin=D47-1
Added Net: Name=NetD39_2
Added Pin To Net: NetName=NetD41_1 Pin=D41-1
Added Pin To Net: NetName=NetD41_1 Pin=D48-2
Added Net: Name=NetD41_1
Added Pin To Net: NetName=NetD42_2 Pin=D42-2
Added Pin To Net: NetName=NetD42_2 Pin=D49-1
Added Net: Name=NetD42_2
Added Pin To Net: NetName=NetD44_1 Pin=D44-1
Added Pin To Net: NetName=NetD44_1 Pin=D50-2
Added Net: Name=NetD44_1
Added Pin To Net: NetName=NetD45_2 Pin=D45-2
Added Pin To Net: NetName=NetD45_2 Pin=D51-1
Added Net: Name=NetD45_2
Added Pin To Net: NetName=NetD46_1 Pin=D46-1
Added Pin To Net: NetName=NetD46_1 Pin=D47-2
Added Net: Name=NetD46_1
Added Pin To Net: NetName=NetD48_1 Pin=D48-1
Added Pin To Net: NetName=NetD48_1 Pin=D49-2
Added Net: Name=NetD48_1
Added Pin To Net: NetName=NetD50_1 Pin=D50-1
Added Pin To Net: NetName=NetD50_1 Pin=D51-2
Added Net: Name=NetD50_1
Added Pin To Net: NetName=NetD52_1 Pin=D52-1
Added Pin To Net: NetName=NetD52_1 Pin=K2-3
Added Pin To Net: NetName=NetD52_1 Pin=Q8-3
Added Net: Name=NetD52_1
Added Pin To Net: NetName=NetD53_1 Pin=D53-1
Added Pin To Net: NetName=NetD53_1 Pin=R69-1
Added Net: Name=NetD53_1
Added Pin To Net: NetName=NetD59_2 Pin=D59-2
Added Pin To Net: NetName=NetD59_2 Pin=R80-1
Added Net: Name=NetD59_2
Added Pin To Net: NetName=NetD60_2 Pin=D60-2
Added Pin To Net: NetName=NetD60_2 Pin=R81-1
Added Net: Name=NetD60_2
Added Pin To Net: NetName=NetD62_1 Pin=D62-1
Added Pin To Net: NetName=NetD62_1 Pin=R85-1
Added Net: Name=NetD62_1
Added Pin To Net: NetName=NetD63_1 Pin=D63-1
Added Pin To Net: NetName=NetD63_1 Pin=R86-1
Added Net: Name=NetD63_1
Added Pin To Net: NetName=NetD64_2 Pin=D64-2
Added Pin To Net: NetName=NetD64_2 Pin=R89-1
Added Net: Name=NetD64_2
Added Pin To Net: NetName=NetD65_1 Pin=D65-1
Added Pin To Net: NetName=NetD65_1 Pin=R94-1
Added Net: Name=NetD65_1
Added Pin To Net: NetName=NetD66_2 Pin=D66-2
Added Pin To Net: NetName=NetD66_2 Pin=R98-2
Added Net: Name=NetD66_2
Added Pin To Net: NetName=NetD67_2 Pin=D67-2
Added Pin To Net: NetName=NetD67_2 Pin=R99-2
Added Net: Name=NetD67_2
Added Pin To Net: NetName=NetD71_2 Pin=D71-2
Added Pin To Net: NetName=NetD71_2 Pin=R106-2
Added Net: Name=NetD71_2
Added Pin To Net: NetName=NetD75_1 Pin=D75-1
Added Pin To Net: NetName=NetD75_1 Pin=D76-2
Added Net: Name=NetD75_1
Added Pin To Net: NetName=NetD75_2 Pin=D75-2
Added Pin To Net: NetName=NetD75_2 Pin=D84-1
Added Net: Name=NetD75_2
Added Pin To Net: NetName=NetD76_1 Pin=D76-1
Added Pin To Net: NetName=NetD76_1 Pin=D85-2
Added Net: Name=NetD76_1
Added Pin To Net: NetName=NetD77_1 Pin=D77-1
Added Pin To Net: NetName=NetD77_1 Pin=R108-1
Added Net: Name=NetD77_1
Added Pin To Net: NetName=NetD77_2 Pin=D77-2
Added Pin To Net: NetName=NetD77_2 Pin=D86-1
Added Net: Name=NetD77_2
Added Pin To Net: NetName=NetD78_1 Pin=D78-1
Added Pin To Net: NetName=NetD78_1 Pin=D79-2
Added Net: Name=NetD78_1
Added Pin To Net: NetName=NetD78_2 Pin=D78-2
Added Pin To Net: NetName=NetD78_2 Pin=D87-1
Added Net: Name=NetD78_2
Added Pin To Net: NetName=NetD79_1 Pin=D79-1
Added Pin To Net: NetName=NetD79_1 Pin=D88-2
Added Net: Name=NetD79_1
Added Pin To Net: NetName=NetD80_1 Pin=D80-1
Added Pin To Net: NetName=NetD80_1 Pin=R109-1
Added Net: Name=NetD80_1
Added Pin To Net: NetName=NetD80_2 Pin=D80-2
Added Pin To Net: NetName=NetD80_2 Pin=D89-1
Added Net: Name=NetD80_2
Added Pin To Net: NetName=NetD81_1 Pin=D81-1
Added Pin To Net: NetName=NetD81_1 Pin=D82-2
Added Net: Name=NetD81_1
Added Pin To Net: NetName=NetD81_2 Pin=D81-2
Added Pin To Net: NetName=NetD81_2 Pin=D90-1
Added Net: Name=NetD81_2
Added Pin To Net: NetName=NetD82_1 Pin=D82-1
Added Pin To Net: NetName=NetD82_1 Pin=D91-2
Added Net: Name=NetD82_1
Added Pin To Net: NetName=NetD83_1 Pin=D83-1
Added Pin To Net: NetName=NetD83_1 Pin=R110-1
Added Net: Name=NetD83_1
Added Pin To Net: NetName=NetD83_2 Pin=D83-2
Added Pin To Net: NetName=NetD83_2 Pin=D92-1
Added Net: Name=NetD83_2
Added Pin To Net: NetName=NetD85_1 Pin=D85-1
Added Pin To Net: NetName=NetD85_1 Pin=D93-2
Added Net: Name=NetD85_1
Added Pin To Net: NetName=NetD86_2 Pin=D86-2
Added Pin To Net: NetName=NetD86_2 Pin=D94-1
Added Net: Name=NetD86_2
Added Pin To Net: NetName=NetD88_1 Pin=D88-1
Added Pin To Net: NetName=NetD88_1 Pin=D95-2
Added Net: Name=NetD88_1
Added Pin To Net: NetName=NetD89_2 Pin=D89-2
Added Pin To Net: NetName=NetD89_2 Pin=D96-1
Added Net: Name=NetD89_2
Added Pin To Net: NetName=NetD91_1 Pin=D91-1
Added Pin To Net: NetName=NetD91_1 Pin=D97-2
Added Net: Name=NetD91_1
Added Pin To Net: NetName=NetD92_2 Pin=D92-2
Added Pin To Net: NetName=NetD92_2 Pin=D98-1
Added Net: Name=NetD92_2
Added Pin To Net: NetName=NetD93_1 Pin=D93-1
Added Pin To Net: NetName=NetD93_1 Pin=D94-2
Added Net: Name=NetD93_1
Added Pin To Net: NetName=NetD95_1 Pin=D95-1
Added Pin To Net: NetName=NetD95_1 Pin=D96-2
Added Net: Name=NetD95_1
Added Pin To Net: NetName=NetD97_1 Pin=D97-1
Added Pin To Net: NetName=NetD97_1 Pin=D98-2
Added Net: Name=NetD97_1
Added Pin To Net: NetName=NetF1_1 Pin=F1-1
Added Pin To Net: NetName=NetF1_1 Pin=T2-1
Added Pin To Net: NetName=NetF1_1 Pin=T2-2
Added Net: Name=NetF1_1
Added Pin To Net: NetName=NetF1_2 Pin=F1-2
Added Pin To Net: NetName=NetF1_2 Pin=K1-1
Added Pin To Net: NetName=NetF1_2 Pin=R7-2
Added Net: Name=NetF1_2
Added Pin To Net: NetName=NetF2_1 Pin=F2-1
Added Pin To Net: NetName=NetF2_1 Pin=T20-1
Added Pin To Net: NetName=NetF2_1 Pin=T20-2
Added Net: Name=NetF2_1
Added Pin To Net: NetName=NetF2_2 Pin=F2-2
Added Pin To Net: NetName=NetF2_2 Pin=K2-1
Added Pin To Net: NetName=NetF2_2 Pin=R67-2
Added Net: Name=NetF2_2
Added Pin To Net: NetName=NetR1_1 Pin=R1-1
Added Pin To Net: NetName=NetR1_1 Pin=U1-3
Added Net: Name=NetR1_1
Added Pin To Net: NetName=NetR3_2 Pin=R3-2
Added Pin To Net: NetName=NetR3_2 Pin=U1-4
Added Net: Name=NetR3_2
Added Pin To Net: NetName=NetR8_1 Pin=R8-1
Added Pin To Net: NetName=NetR8_1 Pin=U2-13
Added Net: Name=NetR8_1
Added Pin To Net: NetName=NetR10_1 Pin=R10-1
Added Pin To Net: NetName=NetR10_1 Pin=R11-2
Added Net: Name=NetR10_1
Added Pin To Net: NetName=NetR11_1 Pin=R11-1
Added Pin To Net: NetName=NetR11_1 Pin=R12-2
Added Net: Name=NetR11_1
Added Pin To Net: NetName=NetR14_1 Pin=R14-1
Added Pin To Net: NetName=NetR14_1 Pin=R15-2
Added Net: Name=NetR14_1
Added Pin To Net: NetName=NetR14_2 Pin=R14-2
Added Pin To Net: NetName=NetR14_2 Pin=R16-2
Added Net: Name=NetR14_2
Added Pin To Net: NetName=NetR16_1 Pin=R16-1
Added Pin To Net: NetName=NetR16_1 Pin=R17-2
Added Net: Name=NetR16_1
Added Pin To Net: NetName=NetR17_1 Pin=R17-1
Added Pin To Net: NetName=NetR17_1 Pin=R18-2
Added Net: Name=NetR17_1
Added Pin To Net: NetName=NetR33_1 Pin=R33-1
Added Pin To Net: NetName=NetR33_1 Pin=U6-1
Added Net: Name=NetR33_1
Added Pin To Net: NetName=NetR41_1 Pin=R41-1
Added Pin To Net: NetName=NetR41_1 Pin=U7-2
Added Net: Name=NetR41_1
Added Pin To Net: NetName=NetR42_1 Pin=R42-1
Added Pin To Net: NetName=NetR42_1 Pin=U8-2
Added Net: Name=NetR42_1
Added Pin To Net: NetName=NetR43_1 Pin=R43-1
Added Pin To Net: NetName=NetR43_1 Pin=U9-2
Added Net: Name=NetR43_1
Added Pin To Net: NetName=NetR46_2 Pin=R46-2
Added Pin To Net: NetName=NetR46_2 Pin=R47-2
Added Pin To Net: NetName=NetR46_2 Pin=U7-6
Added Pin To Net: NetName=NetR46_2 Pin=U7-7
Added Net: Name=NetR46_2
Added Pin To Net: NetName=NetR48_2 Pin=R48-2
Added Pin To Net: NetName=NetR48_2 Pin=R49-2
Added Pin To Net: NetName=NetR48_2 Pin=U8-6
Added Pin To Net: NetName=NetR48_2 Pin=U8-7
Added Net: Name=NetR48_2
Added Pin To Net: NetName=NetR50_2 Pin=R50-2
Added Pin To Net: NetName=NetR50_2 Pin=R51-2
Added Pin To Net: NetName=NetR50_2 Pin=U9-6
Added Pin To Net: NetName=NetR50_2 Pin=U9-7
Added Net: Name=NetR50_2
Added Pin To Net: NetName=NetR58_2 Pin=R58-2
Added Pin To Net: NetName=NetR58_2 Pin=R59-2
Added Pin To Net: NetName=NetR58_2 Pin=U10-11
Added Net: Name=NetR58_2
Added Pin To Net: NetName=NetR60_2 Pin=R60-2
Added Pin To Net: NetName=NetR60_2 Pin=R61-2
Added Pin To Net: NetName=NetR60_2 Pin=U11-11
Added Net: Name=NetR60_2
Added Pin To Net: NetName=NetR62_2 Pin=R62-2
Added Pin To Net: NetName=NetR62_2 Pin=R63-2
Added Pin To Net: NetName=NetR62_2 Pin=U12-11
Added Net: Name=NetR62_2
Added Pin To Net: NetName=NetR64_1 Pin=R64-1
Added Pin To Net: NetName=NetR64_1 Pin=U13-3
Added Net: Name=NetR64_1
Added Pin To Net: NetName=NetR65_2 Pin=R65-2
Added Pin To Net: NetName=NetR65_2 Pin=U13-4
Added Net: Name=NetR65_2
Added Pin To Net: NetName=NetR68_1 Pin=R68-1
Added Pin To Net: NetName=NetR68_1 Pin=R69-2
Added Net: Name=NetR68_1
Added Pin To Net: NetName=NetR68_2 Pin=R68-2
Added Pin To Net: NetName=NetR68_2 Pin=R70-2
Added Net: Name=NetR68_2
Added Pin To Net: NetName=NetR70_1 Pin=R70-1
Added Pin To Net: NetName=NetR70_1 Pin=R71-2
Added Net: Name=NetR70_1
Added Pin To Net: NetName=NetR71_1 Pin=R71-1
Added Pin To Net: NetName=NetR71_1 Pin=R72-2
Added Net: Name=NetR71_1
Added Pin To Net: NetName=NetR87_1 Pin=R87-1
Added Pin To Net: NetName=NetR87_1 Pin=U16-1
Added Net: Name=NetR87_1
Added Pin To Net: NetName=NetR95_1 Pin=R95-1
Added Pin To Net: NetName=NetR95_1 Pin=U17-2
Added Net: Name=NetR95_1
Added Pin To Net: NetName=NetR96_1 Pin=R96-1
Added Pin To Net: NetName=NetR96_1 Pin=U18-2
Added Net: Name=NetR96_1
Added Pin To Net: NetName=NetR97_1 Pin=R97-1
Added Pin To Net: NetName=NetR97_1 Pin=U19-2
Added Net: Name=NetR97_1
Added Pin To Net: NetName=NetR100_2 Pin=R100-2
Added Pin To Net: NetName=NetR100_2 Pin=R101-2
Added Pin To Net: NetName=NetR100_2 Pin=U17-6
Added Pin To Net: NetName=NetR100_2 Pin=U17-7
Added Net: Name=NetR100_2
Added Pin To Net: NetName=NetR102_2 Pin=R102-2
Added Pin To Net: NetName=NetR102_2 Pin=R103-2
Added Pin To Net: NetName=NetR102_2 Pin=U18-6
Added Pin To Net: NetName=NetR102_2 Pin=U18-7
Added Net: Name=NetR102_2
Added Pin To Net: NetName=NetR104_2 Pin=R104-2
Added Pin To Net: NetName=NetR104_2 Pin=R105-2
Added Pin To Net: NetName=NetR104_2 Pin=U19-6
Added Pin To Net: NetName=NetR104_2 Pin=U19-7
Added Net: Name=NetR104_2
Added Pin To Net: NetName=NetR111_2 Pin=R111-2
Added Pin To Net: NetName=NetR111_2 Pin=R112-2
Added Pin To Net: NetName=NetR111_2 Pin=U20-11
Added Net: Name=NetR111_2
Added Pin To Net: NetName=NetR113_2 Pin=R113-2
Added Pin To Net: NetName=NetR113_2 Pin=R114-2
Added Pin To Net: NetName=NetR113_2 Pin=U21-11
Added Net: Name=NetR113_2
Added Pin To Net: NetName=NetR115_2 Pin=R115-2
Added Pin To Net: NetName=NetR115_2 Pin=R116-2
Added Pin To Net: NetName=NetR115_2 Pin=U22-11
Added Net: Name=NetR115_2
Added Pin To Net: NetName=OCA Pin=U6-5
Added Pin To Net: NetName=OCA Pin=U10-1
Added Net: Name=OCA
Added Pin To Net: NetName=OCB Pin=U6-7
Added Pin To Net: NetName=OCB Pin=U11-1
Added Net: Name=OCB
Added Pin To Net: NetName=OCC Pin=U6-10
Added Pin To Net: NetName=OCC Pin=U12-1
Added Net: Name=OCC
Added Pin To Net: NetName=OCU Pin=U16-5
Added Pin To Net: NetName=OCU Pin=U20-1
Added Net: Name=OCU
Added Pin To Net: NetName=OCV Pin=U16-7
Added Pin To Net: NetName=OCV Pin=U21-1
Added Net: Name=OCV
Added Pin To Net: NetName=OCW Pin=U16-10
Added Pin To Net: NetName=OCW Pin=U22-1
Added Net: Name=OCW
Added Pin To Net: NetName=P_5V Pin=C3-1
Added Pin To Net: NetName=P_5V Pin=C8-1
Added Pin To Net: NetName=P_5V Pin=C9-2
Added Pin To Net: NetName=P_5V Pin=U2-5
Added Pin To Net: NetName=P_5V Pin=U2-7
Added Pin To Net: NetName=P_5V Pin=VR1-3
Added Net: Name=P_5V
Added Pin To Net: NetName=PDPINTA Pin=P2-10
Added Pin To Net: NetName=PDPINTA Pin=R54-1
Added Pin To Net: NetName=PDPINTA Pin=U10-6
Added Pin To Net: NetName=PDPINTA Pin=U11-6
Added Pin To Net: NetName=PDPINTA Pin=U12-6
Added Net: Name=PDPINTA
Added Pin To Net: NetName=PDPINTB Pin=P7-10
Added Pin To Net: NetName=PDPINTB Pin=R107-1
Added Pin To Net: NetName=PDPINTB Pin=U20-6
Added Pin To Net: NetName=PDPINTB Pin=U21-6
Added Pin To Net: NetName=PDPINTB Pin=U22-6
Added Net: Name=PDPINTB
Added Pin To Net: NetName=PWM1 Pin=P2-17
Added Pin To Net: NetName=PWM1 Pin=TP2-1
Added Pin To Net: NetName=PWM1 Pin=U7-3
Added Net: Name=PWM1
Added Pin To Net: NetName=PWM2 Pin=P2-18
Added Pin To Net: NetName=PWM2 Pin=T16-1
Added Pin To Net: NetName=PWM2 Pin=U10-2
Added Net: Name=PWM2
Added Pin To Net: NetName=PWM3 Pin=P2-15
Added Pin To Net: NetName=PWM3 Pin=TP3-1
Added Pin To Net: NetName=PWM3 Pin=U8-3
Added Net: Name=PWM3
Added Pin To Net: NetName=PWM4 Pin=P2-16
Added Pin To Net: NetName=PWM4 Pin=T17-1
Added Pin To Net: NetName=PWM4 Pin=U11-2
Added Net: Name=PWM4
Added Pin To Net: NetName=PWM5 Pin=P2-13
Added Pin To Net: NetName=PWM5 Pin=TP4-1
Added Pin To Net: NetName=PWM5 Pin=U9-3
Added Net: Name=PWM5
Added Pin To Net: NetName=PWM6 Pin=P2-14
Added Pin To Net: NetName=PWM6 Pin=T18-1
Added Pin To Net: NetName=PWM6 Pin=U12-2
Added Net: Name=PWM6
Added Pin To Net: NetName=PWM7 Pin=P7-17
Added Pin To Net: NetName=PWM7 Pin=TP6-1
Added Pin To Net: NetName=PWM7 Pin=U17-3
Added Net: Name=PWM7
Added Pin To Net: NetName=PWM8 Pin=P7-18
Added Pin To Net: NetName=PWM8 Pin=T32-1
Added Pin To Net: NetName=PWM8 Pin=U20-2
Added Net: Name=PWM8
Added Pin To Net: NetName=PWM9 Pin=P7-15
Added Pin To Net: NetName=PWM9 Pin=TP7-1
Added Pin To Net: NetName=PWM9 Pin=U18-3
Added Net: Name=PWM9
Added Pin To Net: NetName=PWM10 Pin=P7-16
Added Pin To Net: NetName=PWM10 Pin=T33-1
Added Pin To Net: NetName=PWM10 Pin=U21-2
Added Net: Name=PWM10
Added Pin To Net: NetName=PWM11 Pin=P7-13
Added Pin To Net: NetName=PWM11 Pin=TP8-1
Added Pin To Net: NetName=PWM11 Pin=U19-3
Added Net: Name=PWM11
Added Pin To Net: NetName=PWM12 Pin=P7-14
Added Pin To Net: NetName=PWM12 Pin=T34-1
Added Pin To Net: NetName=PWM12 Pin=U22-2
Added Net: Name=PWM12
Added Pin To Net: NetName=RELAY1 Pin=P2-9
Added Pin To Net: NetName=RELAY1 Pin=R1-2
Added Net: Name=RELAY1
Added Pin To Net: NetName=RELAY2 Pin=P7-9
Added Pin To Net: NetName=RELAY2 Pin=R64-2
Added Net: Name=RELAY2
Added Pin To Net: NetName=RST1 Pin=P2-11
Added Pin To Net: NetName=RST1 Pin=U10-5
Added Pin To Net: NetName=RST1 Pin=U11-5
Added Pin To Net: NetName=RST1 Pin=U12-5
Added Net: Name=RST1
Added Pin To Net: NetName=RST2 Pin=P7-12
Added Pin To Net: NetName=RST2 Pin=U20-5
Added Pin To Net: NetName=RST2 Pin=U21-5
Added Pin To Net: NetName=RST2 Pin=U22-5
Added Net: Name=RST2
Added Pin To Net: NetName=UN_D Pin=D55-3
Added Pin To Net: NetName=UN_D Pin=D84-2
Added Pin To Net: NetName=UN_D Pin=Q10-2
Added Pin To Net: NetName=UN_D Pin=T21-1
Added Pin To Net: NetName=UN_D Pin=T21-2
Added Net: Name=UN_D
Added Pin To Net: NetName=UN_G Pin=Q10-1
Added Pin To Net: NetName=UN_G Pin=R74-2
Added Pin To Net: NetName=UN_G Pin=R111-1
Added Pin To Net: NetName=UN_G Pin=R112-1
Added Net: Name=UN_G
Added Pin To Net: NetName=UP15V+ Pin=D66-1
Added Pin To Net: NetName=UP15V+ Pin=D68-1
Added Pin To Net: NetName=UP15V+ Pin=P8-2
Added Net: Name=UP15V+
Added Pin To Net: NetName=UP_G Pin=Q9-1
Added Pin To Net: NetName=UP_G Pin=R73-2
Added Pin To Net: NetName=UP_G Pin=R100-1
Added Pin To Net: NetName=UP_G Pin=R101-1
Added Net: Name=UP_G
Added Pin To Net: NetName=VDC Pin=R2-1
Added Pin To Net: NetName=VDC Pin=R12-1
Added Pin To Net: NetName=VDC Pin=R13-2
Added Net: Name=VDC
Added Pin To Net: NetName=VN_D Pin=D57-3
Added Pin To Net: NetName=VN_D Pin=D87-2
Added Pin To Net: NetName=VN_D Pin=Q12-2
Added Pin To Net: NetName=VN_D Pin=T23-1
Added Pin To Net: NetName=VN_D Pin=T23-2
Added Net: Name=VN_D
Added Pin To Net: NetName=VN_G Pin=Q12-1
Added Pin To Net: NetName=VN_G Pin=R76-2
Added Pin To Net: NetName=VN_G Pin=R113-1
Added Pin To Net: NetName=VN_G Pin=R114-1
Added Net: Name=VN_G
Added Pin To Net: NetName=VP15V+ Pin=D69-1
Added Pin To Net: NetName=VP15V+ Pin=D71-1
Added Pin To Net: NetName=VP15V+ Pin=P10-2
Added Net: Name=VP15V+
Added Pin To Net: NetName=VP_G Pin=Q11-1
Added Pin To Net: NetName=VP_G Pin=R75-2
Added Pin To Net: NetName=VP_G Pin=R102-1
Added Pin To Net: NetName=VP_G Pin=R103-1
Added Net: Name=VP_G
Added Pin To Net: NetName=WN_D Pin=D61-3
Added Pin To Net: NetName=WN_D Pin=D90-2
Added Pin To Net: NetName=WN_D Pin=Q14-2
Added Pin To Net: NetName=WN_D Pin=T25-1
Added Pin To Net: NetName=WN_D Pin=T25-2
Added Net: Name=WN_D
Added Pin To Net: NetName=WN_G Pin=Q14-1
Added Pin To Net: NetName=WN_G Pin=R82-2
Added Pin To Net: NetName=WN_G Pin=R115-1
Added Pin To Net: NetName=WN_G Pin=R116-1
Added Net: Name=WN_G
Added Pin To Net: NetName=WP15V+ Pin=D67-1
Added Pin To Net: NetName=WP15V+ Pin=D70-1
Added Pin To Net: NetName=WP15V+ Pin=P9-2
Added Net: Name=WP15V+
Added Pin To Net: NetName=WP_G Pin=Q13-1
Added Pin To Net: NetName=WP_G Pin=R79-2
Added Pin To Net: NetName=WP_G Pin=R104-1
Added Pin To Net: NetName=WP_G Pin=R105-1
Added Net: Name=WP_G
Added Class: Name=POWER_1.1
Added Class: Name=POWER_1.2
Added Class: Name=POWER_2.1
Added Class: Name=POWER_2.2
Added Room: Name=POWER_1.1
Added Room: Name=POWER_1.2
Added Room: Name=POWER_2.1
Added Room: Name=POWER_2.2
