--------------------------  CCSSRM2812e.pjt - Debug  --------------------------
[DSP28_Adc.c] "C:\Program Files (x86)\CCStudio_v3.3PLA\C2000\cgtools\bin\cl2000" -g -pdsw225 -fr"F:/CCSSRM2812Tst/CCSSRM2812e1tst2/Debug" -d"_DEBUG" -d"LARGE_MODEL" -ml -v28 -@"../Debug.lkf" "DSP28_Adc.c"

[DSP28_CpuTimers.c] "C:\Program Files (x86)\CCStudio_v3.3PLA\C2000\cgtools\bin\cl2000" -g -pdsw225 -fr"F:/CCSSRM2812Tst/CCSSRM2812e1tst2/Debug" -d"_DEBUG" -d"LARGE_MODEL" -ml -v28 -@"../Debug.lkf" "DSP28_CpuTimers.c"

[DSP28_DefaultIsr.c] "C:\Program Files (x86)\CCStudio_v3.3PLA\C2000\cgtools\bin\cl2000" -g -pdsw225 -fr"F:/CCSSRM2812Tst/CCSSRM2812e1tst2/Debug" -d"_DEBUG" -d"LARGE_MODEL" -ml -v28 -@"../Debug.lkf" "DSP28_DefaultIsr.c"

[DSP28_ECan.c] "C:\Program Files (x86)\CCStudio_v3.3PLA\C2000\cgtools\bin\cl2000" -g -pdsw225 -fr"F:/CCSSRM2812Tst/CCSSRM2812e1tst2/Debug" -d"_DEBUG" -d"LARGE_MODEL" -ml -v28 -@"../Debug.lkf" "DSP28_ECan.c"

[DSP28_Ev.c] "C:\Program Files (x86)\CCStudio_v3.3PLA\C2000\cgtools\bin\cl2000" -g -pdsw225 -fr"F:/CCSSRM2812Tst/CCSSRM2812e1tst2/Debug" -d"_DEBUG" -d"LARGE_MODEL" -ml -v28 -@"../Debug.lkf" "DSP28_Ev.c"

[DSP28_GlobalVariableDefs.c] "C:\Program Files (x86)\CCStudio_v3.3PLA\C2000\cgtools\bin\cl2000" -g -pdsw225 -fr"F:/CCSSRM2812Tst/CCSSRM2812e1tst2/Debug" -d"_DEBUG" -d"LARGE_MODEL" -ml -v28 -@"../Debug.lkf" "DSP28_GlobalVariableDefs.c"

[DSP28_Gpio.c] "C:\Program Files (x86)\CCStudio_v3.3PLA\C2000\cgtools\bin\cl2000" -g -pdsw225 -fr"F:/CCSSRM2812Tst/CCSSRM2812e1tst2/Debug" -d"_DEBUG" -d"LARGE_MODEL" -ml -v28 -@"../Debug.lkf" "DSP28_Gpio.c"

[DSP28_InitPeripherals.c] "C:\Program Files (x86)\CCStudio_v3.3PLA\C2000\cgtools\bin\cl2000" -g -pdsw225 -fr"F:/CCSSRM2812Tst/CCSSRM2812e1tst2/Debug" -d"_DEBUG" -d"LARGE_MODEL" -ml -v28 -@"../Debug.lkf" "DSP28_InitPeripherals.c"

[DSP28_Mcbsp.c] "C:\Program Files (x86)\CCStudio_v3.3PLA\C2000\cgtools\bin\cl2000" -g -pdsw225 -fr"F:/CCSSRM2812Tst/CCSSRM2812e1tst2/Debug" -d"_DEBUG" -d"LARGE_MODEL" -ml -v28 -@"../Debug.lkf" "DSP28_Mcbsp.c"

[DSP28_PieCtrl.c] "C:\Program Files (x86)\CCStudio_v3.3PLA\C2000\cgtools\bin\cl2000" -g -pdsw225 -fr"F:/CCSSRM2812Tst/CCSSRM2812e1tst2/Debug" -d"_DEBUG" -d"LARGE_MODEL" -ml -v28 -@"../Debug.lkf" "DSP28_PieCtrl.c"

[DSP28_PieVect.c] "C:\Program Files (x86)\CCStudio_v3.3PLA\C2000\cgtools\bin\cl2000" -g -pdsw225 -fr"F:/CCSSRM2812Tst/CCSSRM2812e1tst2/Debug" -d"_DEBUG" -d"LARGE_MODEL" -ml -v28 -@"../Debug.lkf" "DSP28_PieVect.c"

[DSP28_Sci.c] "C:\Program Files (x86)\CCStudio_v3.3PLA\C2000\cgtools\bin\cl2000" -g -pdsw225 -fr"F:/CCSSRM2812Tst/CCSSRM2812e1tst2/Debug" -d"_DEBUG" -d"LARGE_MODEL" -ml -v28 -@"../Debug.lkf" "DSP28_Sci.c"

[DSP28_Spi.c] "C:\Program Files (x86)\CCStudio_v3.3PLA\C2000\cgtools\bin\cl2000" -g -pdsw225 -fr"F:/CCSSRM2812Tst/CCSSRM2812e1tst2/Debug" -d"_DEBUG" -d"LARGE_MODEL" -ml -v28 -@"../Debug.lkf" "DSP28_Spi.c"

[DSP28_SysCtrl.c] "C:\Program Files (x86)\CCStudio_v3.3PLA\C2000\cgtools\bin\cl2000" -g -pdsw225 -fr"F:/CCSSRM2812Tst/CCSSRM2812e1tst2/Debug" -d"_DEBUG" -d"LARGE_MODEL" -ml -v28 -@"../Debug.lkf" "DSP28_SysCtrl.c"

[DSP28_Xintf.c] "C:\Program Files (x86)\CCStudio_v3.3PLA\C2000\cgtools\bin\cl2000" -g -pdsw225 -fr"F:/CCSSRM2812Tst/CCSSRM2812e1tst2/Debug" -d"_DEBUG" -d"LARGE_MODEL" -ml -v28 -@"../Debug.lkf" "DSP28_Xintf.c"

[DSP28_XIntrupt.c] "C:\Program Files (x86)\CCStudio_v3.3PLA\C2000\cgtools\bin\cl2000" -g -pdsw225 -fr"F:/CCSSRM2812Tst/CCSSRM2812e1tst2/Debug" -d"_DEBUG" -d"LARGE_MODEL" -ml -v28 -@"../Debug.lkf" "DSP28_XIntrupt.c"

[Evmgr.c] "C:\Program Files (x86)\CCStudio_v3.3PLA\C2000\cgtools\bin\cl2000" -g -pdsw225 -fr"F:/CCSSRM2812Tst/CCSSRM2812e1tst2/Debug" -d"_DEBUG" -d"LARGE_MODEL" -ml -v28 -@"../Debug.lkf" "Evmgr.c"

[main.c] "C:\Program Files (x86)\CCStudio_v3.3PLA\C2000\cgtools\bin\cl2000" -g -pdsw225 -fr"F:/CCSSRM2812Tst/CCSSRM2812e1tst2/Debug" -d"_DEBUG" -d"LARGE_MODEL" -ml -v28 -@"../Debug.lkf" "main.c"

[srm.c] "C:\Program Files (x86)\CCStudio_v3.3PLA\C2000\cgtools\bin\cl2000" -g -pdsw225 -fr"F:/CCSSRM2812Tst/CCSSRM2812e1tst2/Debug" -d"_DEBUG" -d"LARGE_MODEL" -ml -v28 -@"../Debug.lkf" "srm.c"

[Linking...] "C:\Program Files (x86)\CCStudio_v3.3PLA\C2000\cgtools\bin\cl2000" -@"Debug.lkf"
<Linking>

Build Complete,
  0 Errors, 0 Warnings, 0 Remarks.
