Added Component: Designator=C1(0805)
Added Component: Designator=C2(7343)
Added Component: Designator=C3(7343)
Added Component: Designator=C4(7343)
Added Component: Designator=C5(7343)
Added Component: Designator=C6(7343)
Added Component: Designator=C7(0805)
Added Component: Designator=C8(7343)
Added Component: Designator=C9(0805)
Added Component: Designator=C10(0805)
Added Component: Designator=C11(0805)
Added Component: Designator=C12(0805)
Added Component: Designator=C13(0805)
Added Component: Designator=C14(0805)
Added Component: Designator=C15(0805)
Added Component: Designator=C16(0805)
Added Component: Designator=C17(0805)
Added Component: Designator=C18(0805)
Added Component: Designator=C19(7343)
Added Component: Designator=C20(1206)
Added Component: Designator=C21(0805)
Added Component: Designator=C22(0805)
Added Component: Designator=CON1(HDR2X5)
Added Component: Designator=D1(DIO7.1-3.9x1.9)
Added Component: Designator=L2(0805)
Added Component: Designator=led1(F-10)
Added Component: Designator=led2(F-10)
Added Component: Designator=led3(F-10)
Added Component: Designator=led4(F-10)
Added Component: Designator=led5(F-10)
Added Component: Designator=R1(0805)
Added Component: Designator=R2(0805)
Added Component: Designator=R3(0805)
Added Component: Designator=R4(0805)
Added Component: Designator=R5(0805)
Added Component: Designator=R6(0805)
Added Component: Designator=R7(0805)
Added Component: Designator=RP1(SIP5-2.0)
Added Component: Designator=RP2(SIP5-2.0)
Added Component: Designator=RP3(SIP5-2.0)
Added Component: Designator=S1(reset)
Added Component: Designator=S2(DPST-4)
Added Component: Designator=S3(DPST-4)
Added Component: Designator=S4(DPST-4)
Added Component: Designator=S5(DPST-4)
Added Component: Designator=S6(DPST-4)
Added Component: Designator=S7(DPST-4)
Added Component: Designator=S8(DPST-4)
Added Component: Designator=S9(DPST-4)
Added Component: Designator=S10(DPST-4)
Added Component: Designator=U1(SO28_L)
Added Component: Designator=U3(SO16_M)
Added Component: Designator=U4(DIP16)
Added Component: Designator=U5(smd7050)
Added Component: Designator=XS1(2SIP4)
Added Component: Designator=XS2(2SIP6)
Added Component: Designator=Y1(BCY-W2/D3.1)
Added Pin To Net: NetName=+5V Pin=C1-2
Added Pin To Net: NetName=+5V Pin=C1-2
Added Pin To Net: NetName=+5V Pin=C2-1
Added Pin To Net: NetName=+5V Pin=C2-1
Added Pin To Net: NetName=+5V Pin=C3-1
Added Pin To Net: NetName=+5V Pin=C5-1
Added Pin To Net: NetName=+5V Pin=C6-2
Added Pin To Net: NetName=+5V Pin=C7-2
Added Pin To Net: NetName=+5V Pin=C8-1
Added Pin To Net: NetName=+5V Pin=C9-2
Added Pin To Net: NetName=+5V Pin=C10-2
Added Pin To Net: NetName=+5V Pin=C11-2
Added Pin To Net: NetName=+5V Pin=C12-2
Added Pin To Net: NetName=+5V Pin=C13-2
Added Pin To Net: NetName=+5V Pin=C14-2
Added Pin To Net: NetName=+5V Pin=C18-2
Added Pin To Net: NetName=+5V Pin=C19-1
Added Pin To Net: NetName=+5V Pin=C20-1
Added Pin To Net: NetName=+5V Pin=C21-2
Added Pin To Net: NetName=+5V Pin=C22-2
Added Pin To Net: NetName=+5V Pin=CON1-4
Added Pin To Net: NetName=+5V Pin=L2-1
Added Pin To Net: NetName=+5V Pin=R6-1
Added Pin To Net: NetName=+5V Pin=RP1-1
Added Pin To Net: NetName=+5V Pin=RP1-1
Added Pin To Net: NetName=+5V Pin=RP2-1
Added Pin To Net: NetName=+5V Pin=RP3-1
Added Pin To Net: NetName=+5V Pin=S1-2
Added Pin To Net: NetName=+5V Pin=S1-2
Added Pin To Net: NetName=+5V Pin=S1-2
Added Pin To Net: NetName=+5V Pin=S1-2
Added Pin To Net: NetName=+5V Pin=U1-19
Added Pin To Net: NetName=+5V Pin=U1-19
Added Pin To Net: NetName=+5V Pin=U3-1
Added Pin To Net: NetName=+5V Pin=U3-16
Added Pin To Net: NetName=+5V Pin=U4-1
Added Pin To Net: NetName=+5V Pin=U5-4
Added Net: Name=+5V
Added Pin To Net: NetName=BACKWARD Pin=S8-1
Added Net: Name=BACKWARD
Added Pin To Net: NetName=CS Pin=RP1-2
Added Pin To Net: NetName=CS Pin=RP1-5
Added Pin To Net: NetName=CS Pin=U3-9
Added Pin To Net: NetName=CS Pin=U4-3
Added Net: Name=CS
Added Pin To Net: NetName=DOWN Pin=S4-1
Added Net: Name=DOWN
Added Pin To Net: NetName=ENTER Pin=S5-1
Added Net: Name=ENTER
Added Pin To Net: NetName=FORWARD Pin=S9-1
Added Net: Name=FORWARD
Added Pin To Net: NetName=GND Pin=C1-1
Added Pin To Net: NetName=GND Pin=C1-1
Added Pin To Net: NetName=GND Pin=C2-2
Added Pin To Net: NetName=GND Pin=C2-2
Added Pin To Net: NetName=GND Pin=C4-1
Added Pin To Net: NetName=GND Pin=C5-2
Added Pin To Net: NetName=GND Pin=C6-1
Added Pin To Net: NetName=GND Pin=C6-1
Added Pin To Net: NetName=GND Pin=C7-1
Added Pin To Net: NetName=GND Pin=C8-2
Added Pin To Net: NetName=GND Pin=C9-1
Added Pin To Net: NetName=GND Pin=C10-1
Added Pin To Net: NetName=GND Pin=C11-1
Added Pin To Net: NetName=GND Pin=C12-1
Added Pin To Net: NetName=GND Pin=C13-1
Added Pin To Net: NetName=GND Pin=C14-1
Added Pin To Net: NetName=GND Pin=C15-1
Added Pin To Net: NetName=GND Pin=C16-1
Added Pin To Net: NetName=GND Pin=C17-1
Added Pin To Net: NetName=GND Pin=C18-1
Added Pin To Net: NetName=GND Pin=C19-2
Added Pin To Net: NetName=GND Pin=C21-1
Added Pin To Net: NetName=GND Pin=C22-1
Added Pin To Net: NetName=GND Pin=CON1-2
Added Pin To Net: NetName=GND Pin=CON1-10
Added Pin To Net: NetName=GND Pin=D1-1
Added Pin To Net: NetName=GND Pin=D1-1
Added Pin To Net: NetName=GND Pin=R1-1
Added Pin To Net: NetName=GND Pin=R4-1
Added Pin To Net: NetName=GND Pin=R7-2
Added Pin To Net: NetName=GND Pin=U1-28
Added Pin To Net: NetName=GND Pin=U1-28
Added Pin To Net: NetName=GND Pin=U3-8
Added Pin To Net: NetName=GND Pin=U3-11
Added Pin To Net: NetName=GND Pin=U3-13
Added Pin To Net: NetName=GND Pin=U3-15
Added Pin To Net: NetName=GND Pin=U4-8
Added Pin To Net: NetName=GND Pin=U5-2
Added Pin To Net: NetName=GND Pin=XS1-4
Added Pin To Net: NetName=GND Pin=XS2-6
Added Net: Name=GND
Added Pin To Net: NetName=MOVL Pin=S10-2
Added Net: Name=MOVL
Added Pin To Net: NetName=MOVR Pin=S2-1
Added Net: Name=MOVR
Added Pin To Net: NetName=Net*_2 Pin=XS1-1
Added Net: Name=Net*_2
Added Pin To Net: NetName=NetC3_1 Pin=C3-1
Added Pin To Net: NetName=NetC3_1 Pin=U3-1
Added Net: Name=NetC3_1
Added Pin To Net: NetName=NetC3_2 Pin=C3-2
Added Pin To Net: NetName=NetC3_2 Pin=U3-3
Added Net: Name=NetC3_2
Added Pin To Net: NetName=NetC4_1 Pin=C4-1
Added Pin To Net: NetName=NetC4_1 Pin=U3-4
Added Net: Name=NetC4_1
Added Pin To Net: NetName=NetC4_2 Pin=C4-2
Added Pin To Net: NetName=NetC4_2 Pin=U3-5
Added Net: Name=NetC4_2
Added Pin To Net: NetName=NetC5_1 Pin=C5-1
Added Pin To Net: NetName=NetC5_1 Pin=Y1-1
Added Net: Name=NetC5_1
Added Pin To Net: NetName=NetC5_2 Pin=C5-2
Added Pin To Net: NetName=NetC5_2 Pin=U3-2
Added Net: Name=NetC5_2
Added Pin To Net: NetName=NetC6_2 Pin=C6-2
Added Pin To Net: NetName=NetC6_2 Pin=U3-6
Added Net: Name=NetC6_2
Added Pin To Net: NetName=NetC15_2 Pin=C15-2
Added Pin To Net: NetName=NetC15_2 Pin=R1-1
Added Pin To Net: NetName=NetC15_2 Pin=U4-2
Added Net: Name=NetC15_2
Added Pin To Net: NetName=NetC16_2 Pin=C16-2
Added Pin To Net: NetName=NetC16_2 Pin=R2-1
Added Pin To Net: NetName=NetC16_2 Pin=U4-4
Added Net: Name=NetC16_2
Added Pin To Net: NetName=NetC17_2 Pin=C17-2
Added Pin To Net: NetName=NetC17_2 Pin=R3-1
Added Pin To Net: NetName=NetC17_2 Pin=U4-6
Added Net: Name=NetC17_2
Added Pin To Net: NetName=NetCON1_1 Pin=CON1-1
Added Pin To Net: NetName=NetCON1_1 Pin=R7-1
Added Net: Name=NetCON1_1
Added Pin To Net: NetName=NetCON1_3 Pin=CON1-3
Added Net: Name=NetCON1_3
Added Pin To Net: NetName=NetCON1_5 Pin=CON1-5
Added Pin To Net: NetName=NetCON1_5 Pin=R6-2
Added Net: Name=NetCON1_5
Added Pin To Net: NetName=NetCON1_9 Pin=CON1-9
Added Net: Name=NetCON1_9
Added Pin To Net: NetName=NetL2_2 Pin=L2-2
Added Pin To Net: NetName=NetL2_2 Pin=XS2-1
Added Net: Name=NetL2_2
Added Pin To Net: NetName=Netled1_a Pin=U1-27
Added Net: Name=Netled1_a
Added Pin To Net: NetName=Netled1_b Pin=U1-3
Added Net: Name=Netled1_b
Added Pin To Net: NetName=Netled1_c Pin=U1-1
Added Net: Name=Netled1_c
Added Pin To Net: NetName=Netled1_d Pin=U1-25
Added Net: Name=Netled1_d
Added Pin To Net: NetName=Netled1_e Pin=U1-2
Added Net: Name=Netled1_e
Added Pin To Net: NetName=Netled1_f Pin=U1-24
Added Net: Name=Netled1_f
Added Pin To Net: NetName=Netled1_g Pin=U1-26
Added Net: Name=Netled1_g
Added Pin To Net: NetName=Netled1_h Pin=U1-4
Added Net: Name=Netled1_h
Added Pin To Net: NetName=Netled1_M1 Pin=U1-15
Added Net: Name=Netled1_M1
Added Pin To Net: NetName=Netled2_M1 Pin=U1-16
Added Net: Name=Netled2_M1
Added Pin To Net: NetName=Netled3_M1 Pin=U1-23
Added Net: Name=Netled3_M1
Added Pin To Net: NetName=Netled4_M1 Pin=U1-20
Added Net: Name=Netled4_M1
Added Pin To Net: NetName=Netled5_M1 Pin=U1-17
Added Net: Name=Netled5_M1
Added Pin To Net: NetName=NetR1_2 Pin=R1-2
Added Pin To Net: NetName=NetR1_2 Pin=XS2-2
Added Net: Name=NetR1_2
Added Pin To Net: NetName=NetR2_2 Pin=R2-2
Added Pin To Net: NetName=NetR2_2 Pin=XS2-4
Added Net: Name=NetR2_2
Added Pin To Net: NetName=NetR3_2 Pin=R3-2
Added Pin To Net: NetName=NetR3_2 Pin=XS2-5
Added Net: Name=NetR3_2
Added Pin To Net: NetName=NetR5_1 Pin=R5-1
Added Net: Name=NetR5_1
Added Pin To Net: NetName=NetR5_2 Pin=R5-2
Added Pin To Net: NetName=NetR5_2 Pin=U5-3
Added Net: Name=NetR5_2
Added Pin To Net: NetName=NetRP1_5 Pin=RP1-5
Added Pin To Net: NetName=NetRP1_5 Pin=S10-1
Added Net: Name=NetRP1_5
Added Pin To Net: NetName=NetRP2_2 Pin=RP2-2
Added Pin To Net: NetName=NetRP2_2 Pin=S5-2
Added Net: Name=NetRP2_2
Added Pin To Net: NetName=NetRP2_3 Pin=RP2-3
Added Pin To Net: NetName=NetRP2_3 Pin=S4-2
Added Net: Name=NetRP2_3
Added Pin To Net: NetName=NetRP2_4 Pin=RP2-4
Added Pin To Net: NetName=NetRP2_4 Pin=S3-2
Added Net: Name=NetRP2_4
Added Pin To Net: NetName=NetRP2_5 Pin=RP2-5
Added Pin To Net: NetName=NetRP2_5 Pin=S2-2
Added Net: Name=NetRP2_5
Added Pin To Net: NetName=NetRP3_2 Pin=RP3-2
Added Pin To Net: NetName=NetRP3_2 Pin=S9-2
Added Net: Name=NetRP3_2
Added Pin To Net: NetName=NetRP3_3 Pin=RP3-3
Added Pin To Net: NetName=NetRP3_3 Pin=S8-2
Added Net: Name=NetRP3_3
Added Pin To Net: NetName=NetRP3_4 Pin=RP3-4
Added Pin To Net: NetName=NetRP3_4 Pin=S7-2
Added Net: Name=NetRP3_4
Added Pin To Net: NetName=NetRP3_5 Pin=RP3-5
Added Pin To Net: NetName=NetRP3_5 Pin=S6-2
Added Net: Name=NetRP3_5
Added Pin To Net: NetName=NetU1_5 Pin=U1-5
Added Net: Name=NetU1_5
Added Pin To Net: NetName=NetU1_6 Pin=U1-6
Added Net: Name=NetU1_6
Added Pin To Net: NetName=NetU1_7 Pin=U1-7
Added Net: Name=NetU1_7
Added Pin To Net: NetName=NetU1_8 Pin=U1-8
Added Net: Name=NetU1_8
Added Pin To Net: NetName=NetU1_9 Pin=U1-9
Added Net: Name=NetU1_9
Added Pin To Net: NetName=NetU1_10 Pin=U1-10
Added Net: Name=NetU1_10
Added Pin To Net: NetName=NetU1_11 Pin=U1-11
Added Net: Name=NetU1_11
Added Pin To Net: NetName=NetU1_12 Pin=U1-12
Added Net: Name=NetU1_12
Added Pin To Net: NetName=NetU1_13 Pin=U1-13
Added Net: Name=NetU1_13
Added Pin To Net: NetName=NetU1_14 Pin=U1-14
Added Net: Name=NetU1_14
Added Pin To Net: NetName=RESET Pin=C3-2
Added Pin To Net: NetName=RESET Pin=C20-2
Added Pin To Net: NetName=RESET Pin=D1-2
Added Pin To Net: NetName=RESET Pin=D1-2
Added Pin To Net: NetName=RESET Pin=R1-2
Added Pin To Net: NetName=RESET Pin=R4-2
Added Pin To Net: NetName=RESET Pin=S1-1
Added Pin To Net: NetName=RESET Pin=S1-1
Added Pin To Net: NetName=RESET Pin=S1-1
Added Pin To Net: NetName=RESET Pin=S1-1
Added Net: Name=RESET
Added Pin To Net: NetName=RS232_R Pin=U3-8
Added Pin To Net: NetName=RS232_R Pin=XS1-2
Added Net: Name=RS232_R
Added Pin To Net: NetName=RS232_T Pin=U3-7
Added Pin To Net: NetName=RS232_T Pin=XS1-3
Added Net: Name=RS232_T
Added Pin To Net: NetName=RXD Pin=U3-9
Added Net: Name=RXD
Added Pin To Net: NetName=SCLK Pin=RP1-3
Added Pin To Net: NetName=SCLK Pin=RP1-4
Added Pin To Net: NetName=SCLK Pin=U3-5
Added Pin To Net: NetName=SCLK Pin=U4-7
Added Net: Name=SCLK
Added Pin To Net: NetName=SET Pin=S6-1
Added Net: Name=SET
Added Pin To Net: NetName=SI Pin=RP1-2
Added Pin To Net: NetName=SI Pin=RP1-3
Added Pin To Net: NetName=SI Pin=U3-3
Added Pin To Net: NetName=SI Pin=U4-5
Added Net: Name=SI
Added Pin To Net: NetName=SO Pin=RP1-4
Added Pin To Net: NetName=SO Pin=U3-7
Added Pin To Net: NetName=SO Pin=U4-14
Added Pin To Net: NetName=SO Pin=XS2-3
Added Net: Name=SO
Added Pin To Net: NetName=STOP Pin=S7-1
Added Net: Name=STOP
Added Pin To Net: NetName=TXD Pin=U3-10
Added Net: Name=TXD
Added Pin To Net: NetName=UP Pin=S3-1
Added Net: Name=UP
Added Net: Name=VCC
Added Class: Name=display
Added Class: Name=icm+cpld
Added Room: Name=display
Added Room: Name=icm+cpld
